<?xml version="1.0" encoding="UTF-8"?>
<!-- Generated by org.testng.reporters.JUnitReportReporter -->
<<<<<<< HEAD
<testsuite hostname="DESKTOP-3CKMDVP" failures="0" tests="24" name="com.Runner.runnerTestNG" time="3075.098" errors="3" timestamp="2025-05-05T22:55:36 IST" skipped="0">
  <testcase classname="com.Runner.runnerTestNG" name="runScenario" time="196.074"/>
  <testcase classname="com.Runner.runnerTestNG" name="runScenario" time="80.945"/>
  <testcase classname="com.Runner.runnerTestNG" name="runScenario" time="85.389"/>
  <testcase classname="com.Runner.runnerTestNG" name="runScenario" time="124.163"/>
  <testcase classname="com.Runner.runnerTestNG" name="runScenario" time="205.669"/>
  <testcase classname="com.Runner.runnerTestNG" name="runScenario" time="167.415"/>
  <testcase classname="com.Runner.runnerTestNG" name="runScenario" time="35.162"/>
  <testcase classname="com.Runner.runnerTestNG" name="runScenario" time="124.546">
    <error message="no such element: Unable to locate element: {&quot;method&quot;:&quot;xpath&quot;,&quot;selector&quot;:&quot;(//h2[@class=&quot;product-title&quot;]//child::a)[4]&quot;}
  (Session info: chrome=136.0.7103.49)
For documentation on this error, please visit: https://www.selenium.dev/documentation/webdriver/troubleshooting/errors#no-such-element-exception
Build info: version: &#039;4.31.0&#039;, revision: &#039;1ef9f18787*&#039;
System info: os.name: &#039;Windows 10&#039;, os.arch: &#039;amd64&#039;, os.version: &#039;10.0&#039;, java.version: &#039;17.0.6&#039;
Driver info: org.openqa.selenium.chrome.ChromeDriver
Command: [b91fade2de40d52828d5f1c926df20d2, findElement {value=(//h2[@class=&quot;product-title&quot;]//child::a)[4], using=xpath}]
Capabilities {acceptInsecureCerts: false, browserName: chrome, browserVersion: 136.0.7103.49, chrome: {chromedriverVersion: 136.0.7103.49 (031848bc6ad0..., userDataDir: C:\Users\ADMIN\AppData\Loca...}, fedcm:accounts: true, goog:chromeOptions: {debuggerAddress: localhost:53477}, networkConnectionEnabled: false, pageLoadStrategy: normal, platformName: windows, proxy: Proxy(), se:cdp: ws://localhost:53477/devtoo..., se:cdpVersion: 136.0.7103.49, setWindowRect: true, strictFileInteractability: false, timeouts: {implicit: 0, pageLoad: 300000, script: 30000}, unhandledPromptBehavior: dismiss and notify, webauthn:extension:credBlob: true, webauthn:extension:largeBlob: true, webauthn:extension:minPinLength: true, webauthn:extension:prf: true, webauthn:virtualAuthenticators: true}
Session ID: b91fade2de40d52828d5f1c926df20d2" type="org.openqa.selenium.NoSuchElementException">
      <![CDATA[org.openqa.selenium.NoSuchElementException: no such element: Unable to locate element: {"method":"xpath","selector":"(//h2[@class="product-title"]//child::a)[4]"}
  (Session info: chrome=136.0.7103.49)
For documentation on this error, please visit: https://www.selenium.dev/documentation/webdriver/troubleshooting/errors#no-such-element-exception
Build info: version: '4.31.0', revision: '1ef9f18787*'
System info: os.name: 'Windows 10', os.arch: 'amd64', os.version: '10.0', java.version: '17.0.6'
Driver info: org.openqa.selenium.chrome.ChromeDriver
Command: [b91fade2de40d52828d5f1c926df20d2, findElement {value=(//h2[@class="product-title"]//child::a)[4], using=xpath}]
Capabilities {acceptInsecureCerts: false, browserName: chrome, browserVersion: 136.0.7103.49, chrome: {chromedriverVersion: 136.0.7103.49 (031848bc6ad0..., userDataDir: C:\Users\ADMIN\AppData\Loca...}, fedcm:accounts: true, goog:chromeOptions: {debuggerAddress: localhost:53477}, networkConnectionEnabled: false, pageLoadStrategy: normal, platformName: windows, proxy: Proxy(), se:cdp: ws://localhost:53477/devtoo..., se:cdpVersion: 136.0.7103.49, setWindowRect: true, strictFileInteractability: false, timeouts: {implicit: 0, pageLoad: 300000, script: 30000}, unhandledPromptBehavior: dismiss and notify, webauthn:extension:credBlob: true, webauthn:extension:largeBlob: true, webauthn:extension:minPinLength: true, webauthn:extension:prf: true, webauthn:virtualAuthenticators: true}
Session ID: b91fade2de40d52828d5f1c926df20d2
at java.base/jdk.internal.reflect.NativeConstructorAccessorImpl.newInstance0(Native Method)
at java.base/jdk.internal.reflect.NativeConstructorAccessorImpl.newInstance(NativeConstructorAccessorImpl.java:77)
at java.base/jdk.internal.reflect.DelegatingConstructorAccessorImpl.newInstance(DelegatingConstructorAccessorImpl.java:45)
at java.base/java.lang.reflect.Constructor.newInstanceWithCaller(Constructor.java:499)
at java.base/java.lang.reflect.Constructor.newInstance(Constructor.java:480)
at org.openqa.selenium.remote.ErrorCodec.decode(ErrorCodec.java:167)
at org.openqa.selenium.remote.codec.w3c.W3CHttpResponseCodec.decode(W3CHttpResponseCodec.java:138)
at org.openqa.selenium.remote.codec.w3c.W3CHttpResponseCodec.decode(W3CHttpResponseCodec.java:50)
at org.openqa.selenium.remote.HttpCommandExecutor.execute(HttpCommandExecutor.java:215)
at org.openqa.selenium.remote.service.DriverCommandExecutor.invokeExecute(DriverCommandExecutor.java:216)
at org.openqa.selenium.remote.service.DriverCommandExecutor.execute(DriverCommandExecutor.java:174)
at org.openqa.selenium.remote.RemoteWebDriver.execute(RemoteWebDriver.java:545)
at org.openqa.selenium.remote.ElementLocation$ElementFinder$2.findElement(ElementLocation.java:165)
at org.openqa.selenium.remote.ElementLocation.findElement(ElementLocation.java:59)
at org.openqa.selenium.remote.RemoteWebDriver.findElement(RemoteWebDriver.java:368)
at org.openqa.selenium.remote.RemoteWebDriver.findElement(RemoteWebDriver.java:362)
at org.openqa.selenium.support.pagefactory.DefaultElementLocator.findElement(DefaultElementLocator.java:68)
at org.openqa.selenium.support.pagefactory.internal.LocatingElementHandler.invoke(LocatingElementHandler.java:38)
at jdk.proxy2/jdk.proxy2.$Proxy27.click(Unknown Source)
at com.Actions.BookPageAction.clickFictionBook(BookPageAction.java:44)
at com.Definitions.HomeStepDefinition.click_the_product_link(HomeStepDefinition.java:150)
at âœ½.click the product link(file:///C:/Users/ADMIN/git/DemoWebShop-Cucumber/src/test/resources/Features/HomePage.feature:43)
]]>
    </error>
  </testcase> <!-- runScenario -->
  <testcase classname="com.Runner.runnerTestNG" name="runScenario" time="165.234"/>
  <testcase classname="com.Runner.runnerTestNG" name="runScenario" time="211.992"/>
  <testcase classname="com.Runner.runnerTestNG" name="runScenario" time="68.272"/>
  <testcase classname="com.Runner.runnerTestNG" name="runScenario" time="41.075"/>
  <testcase classname="com.Runner.runnerTestNG" name="runScenario" time="64.100"/>
  <testcase classname="com.Runner.runnerTestNG" name="runScenario" time="83.795"/>
  <testcase classname="com.Runner.runnerTestNG" name="runScenario" time="90.948"/>
  <testcase classname="com.Runner.runnerTestNG" name="runScenario" time="115.376"/>
  <testcase classname="com.Runner.runnerTestNG" name="runScenario" time="167.736"/>
  <testcase classname="com.Runner.runnerTestNG" name="runScenario" time="106.357"/>
  <testcase classname="com.Runner.runnerTestNG" name="runScenario" time="81.458"/>
  <testcase classname="com.Runner.runnerTestNG" name="runScenario" time="233.426">
    <error message="Expected condition failed: waiting for visibility of element located by By.xpath: //div[@class=&quot;page-body&quot;]//child::div[@class=&quot;result&quot;] (tried for 30 second(s) with 500 milliseconds interval)
Build info: version: &#039;4.31.0&#039;, revision: &#039;1ef9f18787*&#039;
System info: os.name: &#039;Windows 10&#039;, os.arch: &#039;amd64&#039;, os.version: &#039;10.0&#039;, java.version: &#039;17.0.6&#039;
Driver info: org.openqa.selenium.chrome.ChromeDriver
Capabilities {acceptInsecureCerts: false, browserName: chrome, browserVersion: 136.0.7103.49, chrome: {chromedriverVersion: 136.0.7103.49 (031848bc6ad0..., userDataDir: C:\Users\ADMIN\AppData\Loca...}, fedcm:accounts: true, goog:chromeOptions: {debuggerAddress: localhost:61912}, networkConnectionEnabled: false, pageLoadStrategy: normal, platformName: windows, proxy: Proxy(), se:cdp: ws://localhost:61912/devtoo..., se:cdpVersion: 136.0.7103.49, setWindowRect: true, strictFileInteractability: false, timeouts: {implicit: 0, pageLoad: 300000, script: 30000}, unhandledPromptBehavior: dismiss and notify, webauthn:extension:credBlob: true, webauthn:extension:largeBlob: true, webauthn:extension:minPinLength: true, webauthn:extension:prf: true, webauthn:virtualAuthenticators: true}
Session ID: 1e362328bdcad2d23540cc17153716aa" type="org.openqa.selenium.TimeoutException">
      <![CDATA[org.openqa.selenium.TimeoutException: Expected condition failed: waiting for visibility of element located by By.xpath: //div[@class="page-body"]//child::div[@class="result"] (tried for 30 second(s) with 500 milliseconds interval)
Build info: version: '4.31.0', revision: '1ef9f18787*'
System info: os.name: 'Windows 10', os.arch: 'amd64', os.version: '10.0', java.version: '17.0.6'
Driver info: org.openqa.selenium.chrome.ChromeDriver
Capabilities {acceptInsecureCerts: false, browserName: chrome, browserVersion: 136.0.7103.49, chrome: {chromedriverVersion: 136.0.7103.49 (031848bc6ad0..., userDataDir: C:\Users\ADMIN\AppData\Loca...}, fedcm:accounts: true, goog:chromeOptions: {debuggerAddress: localhost:61912}, networkConnectionEnabled: false, pageLoadStrategy: normal, platformName: windows, proxy: Proxy(), se:cdp: ws://localhost:61912/devtoo..., se:cdpVersion: 136.0.7103.49, setWindowRect: true, strictFileInteractability: false, timeouts: {implicit: 0, pageLoad: 300000, script: 30000}, unhandledPromptBehavior: dismiss and notify, webauthn:extension:credBlob: true, webauthn:extension:largeBlob: true, webauthn:extension:minPinLength: true, webauthn:extension:prf: true, webauthn:virtualAuthenticators: true}
Session ID: 1e362328bdcad2d23540cc17153716aa
at org.openqa.selenium.support.ui.WebDriverWait.timeoutException(WebDriverWait.java:84)
at org.openqa.selenium.support.ui.FluentWait.until(FluentWait.java:228)
at com.Actions.FooterAction.getConfirmation(FooterAction.java:55)
at com.Definitions.FooterDefinition.the_confirmation_should_be_displayed(FooterDefinition.java:86)
at âœ½.the confirmation should be displayed(file:///C:/Users/ADMIN/git/DemoWebShop-Cucumber/src/test/resources/Features/Footer.feature:26)
]]>
    </error>
  </testcase> <!-- runScenario -->
  <testcase classname="com.Runner.runnerTestNG" name="runScenario" time="100.143"/>
  <testcase classname="com.Runner.runnerTestNG" name="runScenario" time="167.074"/>
  <testcase classname="com.Runner.runnerTestNG" name="runScenario" time="193.113">
    <error message="Expected condition failed: waiting for visibility of element located by By.xpath:  //div[@class=&quot;home-banner-text-section&quot;]//h1 (tried for 30 second(s) with 500 milliseconds interval)
Build info: version: &#039;4.31.0&#039;, revision: &#039;1ef9f18787*&#039;
System info: os.name: &#039;Windows 10&#039;, os.arch: &#039;amd64&#039;, os.version: &#039;10.0&#039;, java.version: &#039;17.0.6&#039;
Driver info: org.openqa.selenium.chrome.ChromeDriver
Capabilities {acceptInsecureCerts: false, browserName: chrome, browserVersion: 136.0.7103.49, chrome: {chromedriverVersion: 136.0.7103.49 (031848bc6ad0..., userDataDir: C:\Users\ADMIN\AppData\Loca...}, fedcm:accounts: true, goog:chromeOptions: {debuggerAddress: localhost:61914}, networkConnectionEnabled: false, pageLoadStrategy: normal, platformName: windows, proxy: Proxy(), se:cdp: ws://localhost:61914/devtoo..., se:cdpVersion: 136.0.7103.49, setWindowRect: true, strictFileInteractability: false, timeouts: {implicit: 0, pageLoad: 300000, script: 30000}, unhandledPromptBehavior: dismiss and notify, webauthn:extension:credBlob: true, webauthn:extension:largeBlob: true, webauthn:extension:minPinLength: true, webauthn:extension:prf: true, webauthn:virtualAuthenticators: true}
Session ID: 535f5d150509a406329e2a4f0384eaa6" type="org.openqa.selenium.TimeoutException">
      <![CDATA[org.openqa.selenium.TimeoutException: Expected condition failed: waiting for visibility of element located by By.xpath:  //div[@class="home-banner-text-section"]//h1 (tried for 30 second(s) with 500 milliseconds interval)
Build info: version: '4.31.0', revision: '1ef9f18787*'
System info: os.name: 'Windows 10', os.arch: 'amd64', os.version: '10.0', java.version: '17.0.6'
Driver info: org.openqa.selenium.chrome.ChromeDriver
Capabilities {acceptInsecureCerts: false, browserName: chrome, browserVersion: 136.0.7103.49, chrome: {chromedriverVersion: 136.0.7103.49 (031848bc6ad0..., userDataDir: C:\Users\ADMIN\AppData\Loca...}, fedcm:accounts: true, goog:chromeOptions: {debuggerAddress: localhost:61914}, networkConnectionEnabled: false, pageLoadStrategy: normal, platformName: windows, proxy: Proxy(), se:cdp: ws://localhost:61914/devtoo..., se:cdpVersion: 136.0.7103.49, setWindowRect: true, strictFileInteractability: false, timeouts: {implicit: 0, pageLoad: 300000, script: 30000}, unhandledPromptBehavior: dismiss and notify, webauthn:extension:credBlob: true, webauthn:extension:largeBlob: true, webauthn:extension:minPinLength: true, webauthn:extension:prf: true, webauthn:virtualAuthenticators: true}
Session ID: 535f5d150509a406329e2a4f0384eaa6
at org.openqa.selenium.support.ui.WebDriverWait.timeoutException(WebDriverWait.java:84)
at org.openqa.selenium.support.ui.FluentWait.until(FluentWait.java:228)
at com.Actions.FooterAction.getNOPText(FooterAction.java:28)
at com.Definitions.FooterDefinition.user_should_be_navigated_to_the_nop_commerce_official_website(FooterDefinition.java:34)
at âœ½.User should be navigated to the nopCommerce official website(file:///C:/Users/ADMIN/git/DemoWebShop-Cucumber/src/test/resources/Features/Footer.feature:10)
]]>
    </error>
  </testcase> <!-- runScenario -->
  <testcase classname="com.Runner.runnerTestNG" name="runScenario" time="165.636"/>
=======
<<<<<<< HEAD
<testsuite hostname="DIVRAJ-2004" failures="1" tests="70" name="com.Runner.runnerTestNG" time="1093.703" errors="0" timestamp="2025-05-05T21:55:35 IST" skipped="0">
  <testcase classname="com.Runner.runnerTestNG" name="runScenario" time="13.114"/>
  <testcase classname="com.Runner.runnerTestNG" name="runScenario" time="14.753"/>
  <testcase classname="com.Runner.runnerTestNG" name="runScenario" time="13.695"/>
  <testcase classname="com.Runner.runnerTestNG" name="runScenario" time="9.455"/>
  <testcase classname="com.Runner.runnerTestNG" name="runScenario" time="8.709"/>
  <testcase classname="com.Runner.runnerTestNG" name="runScenario" time="18.150"/>
  <testcase classname="com.Runner.runnerTestNG" name="runScenario" time="24.127"/>
  <testcase classname="com.Runner.runnerTestNG" name="runScenario" time="16.829"/>
  <testcase classname="com.Runner.runnerTestNG" name="runScenario" time="22.100"/>
  <testcase classname="com.Runner.runnerTestNG" name="runScenario" time="53.349"/>
  <testcase classname="com.Runner.runnerTestNG" name="runScenario" time="8.911"/>
  <testcase classname="com.Runner.runnerTestNG" name="runScenario" time="16.893"/>
  <testcase classname="com.Runner.runnerTestNG" name="runScenario" time="10.677"/>
  <testcase classname="com.Runner.runnerTestNG" name="runScenario" time="7.636"/>
  <testcase classname="com.Runner.runnerTestNG" name="runScenario" time="6.541"/>
  <testcase classname="com.Runner.runnerTestNG" name="runScenario" time="9.426"/>
  <testcase classname="com.Runner.runnerTestNG" name="runScenario" time="9.057"/>
  <testcase classname="com.Runner.runnerTestNG" name="runScenario" time="6.659"/>
  <testcase classname="com.Runner.runnerTestNG" name="runScenario" time="13.274"/>
  <testcase classname="com.Runner.runnerTestNG" name="runScenario" time="11.425"/>
  <testcase classname="com.Runner.runnerTestNG" name="runScenario" time="12.408"/>
  <testcase classname="com.Runner.runnerTestNG" name="runScenario" time="21.817"/>
  <testcase classname="com.Runner.runnerTestNG" name="runScenario" time="7.356"/>
  <testcase classname="com.Runner.runnerTestNG" name="runScenario" time="24.100"/>
  <testcase classname="com.Runner.runnerTestNG" name="runScenario" time="23.739"/>
  <testcase classname="com.Runner.runnerTestNG" name="runScenario" time="9.835"/>
  <testcase classname="com.Runner.runnerTestNG" name="runScenario" time="11.658"/>
  <testcase classname="com.Runner.runnerTestNG" name="runScenario" time="13.153"/>
  <testcase classname="com.Runner.runnerTestNG" name="runScenario" time="11.932"/>
  <testcase classname="com.Runner.runnerTestNG" name="runScenario" time="9.566"/>
  <testcase classname="com.Runner.runnerTestNG" name="runScenario" time="7.600"/>
  <testcase classname="com.Runner.runnerTestNG" name="runScenario" time="17.167"/>
  <testcase classname="com.Runner.runnerTestNG" name="runScenario" time="13.351"/>
  <testcase classname="com.Runner.runnerTestNG" name="runScenario" time="14.650"/>
  <testcase classname="com.Runner.runnerTestNG" name="runScenario" time="9.984"/>
  <testcase classname="com.Runner.runnerTestNG" name="runScenario" time="18.879"/>
  <testcase classname="com.Runner.runnerTestNG" name="runScenario" time="18.392"/>
  <testcase classname="com.Runner.runnerTestNG" name="runScenario" time="13.441"/>
  <testcase classname="com.Runner.runnerTestNG" name="runScenario" time="9.377"/>
  <testcase classname="com.Runner.runnerTestNG" name="runScenario" time="7.087"/>
  <testcase classname="com.Runner.runnerTestNG" name="runScenario" time="13.295"/>
  <testcase classname="com.Runner.runnerTestNG" name="runScenario" time="7.851"/>
  <testcase classname="com.Runner.runnerTestNG" name="runScenario" time="25.683"/>
  <testcase classname="com.Runner.runnerTestNG" name="runScenario" time="15.615"/>
  <testcase classname="com.Runner.runnerTestNG" name="runScenario" time="33.921"/>
  <testcase classname="com.Runner.runnerTestNG" name="runScenario" time="24.634"/>
  <testcase classname="com.Runner.runnerTestNG" name="runScenario" time="8.535"/>
  <testcase classname="com.Runner.runnerTestNG" name="runScenario" time="19.817"/>
  <testcase classname="com.Runner.runnerTestNG" name="runScenario" time="11.258"/>
  <testcase classname="com.Runner.runnerTestNG" name="runScenario" time="13.766"/>
  <testcase classname="com.Runner.runnerTestNG" name="runScenario" time="12.366"/>
  <testcase classname="com.Runner.runnerTestNG" name="runScenario" time="18.322"/>
  <testcase classname="com.Runner.runnerTestNG" name="runScenario" time="12.452"/>
  <testcase classname="com.Runner.runnerTestNG" name="runScenario" time="18.905"/>
  <testcase classname="com.Runner.runnerTestNG" name="runScenario" time="13.838"/>
  <testcase classname="com.Runner.runnerTestNG" name="runScenario" time="23.320">
    <failure message="expected [Order information] but found [Checkout]" type="java.lang.AssertionError">
      <![CDATA[java.lang.AssertionError: expected [Order information] but found [Checkout]
at org.testng.Assert.fail(Assert.java:111)
at org.testng.Assert.failNotEquals(Assert.java:1590)
at org.testng.Assert.assertEqualsImpl(Assert.java:150)
at org.testng.Assert.assertEquals(Assert.java:132)
at org.testng.Assert.assertEquals(Assert.java:656)
at org.testng.Assert.assertEquals(Assert.java:666)
at com.Actions.CheckoutAction.detailsinvoice(CheckoutAction.java:191)
at com.Definitions.CheckoutStepDefinition.the_user_should_see_the_entire_order_details(CheckoutStepDefinition.java:173)
at âœ½.the user should see the entire order details(file:///C:/Users/Lenovo/git/DemoWebShop-Cucumber/src/test/resources/Features/CheckOut.feature:51)
]]>
    </failure>
  </testcase> <!-- runScenario -->
  <testcase classname="com.Runner.runnerTestNG" name="runScenario" time="9.328"/>
  <testcase classname="com.Runner.runnerTestNG" name="runScenario" time="8.324"/>
  <testcase classname="com.Runner.runnerTestNG" name="runScenario" time="8.738"/>
  <testcase classname="com.Runner.runnerTestNG" name="runScenario" time="14.090"/>
  <testcase classname="com.Runner.runnerTestNG" name="runScenario" time="7.361"/>
  <testcase classname="com.Runner.runnerTestNG" name="runScenario" time="82.132"/>
  <testcase classname="com.Runner.runnerTestNG" name="runScenario" time="8.987"/>
  <testcase classname="com.Runner.runnerTestNG" name="runScenario" time="10.873"/>
  <testcase classname="com.Runner.runnerTestNG" name="runScenario" time="13.186"/>
  <testcase classname="com.Runner.runnerTestNG" name="runScenario" time="13.322"/>
  <testcase classname="com.Runner.runnerTestNG" name="runScenario" time="13.610"/>
  <testcase classname="com.Runner.runnerTestNG" name="runScenario" time="16.628"/>
  <testcase classname="com.Runner.runnerTestNG" name="runScenario" time="9.317"/>
  <testcase classname="com.Runner.runnerTestNG" name="runScenario" time="33.957"/>
=======
<testsuite hostname="YUVARAJ_UV" failures="0" tests="7" name="com.Runner.runnerTestNG" time="150.351" errors="0" timestamp="2025-05-05T17:00:43 IST" skipped="0">
  <testcase classname="com.Runner.runnerTestNG" name="runScenario" time="20.406"/>
  <testcase classname="com.Runner.runnerTestNG" name="runScenario" time="19.403"/>
  <testcase classname="com.Runner.runnerTestNG" name="runScenario" time="23.302"/>
  <testcase classname="com.Runner.runnerTestNG" name="runScenario" time="23.041"/>
  <testcase classname="com.Runner.runnerTestNG" name="runScenario" time="19.321"/>
  <testcase classname="com.Runner.runnerTestNG" name="runScenario" time="22.870"/>
  <testcase classname="com.Runner.runnerTestNG" name="runScenario" time="22.008"/>
>>>>>>> branch 'master' of https://github.com/yuvarajry20/DemoWebShop-Cucumber
>>>>>>> branch 'master' of https://github.com/yuvarajry20/DemoWebShop-Cucumber.git
</testsuite> <!-- com.Runner.runnerTestNG -->
