<?xml version="1.0" encoding="UTF-8"?>
<!-- Generated by org.testng.reporters.JUnitReportReporter -->
<testsuite hostname="DIVRAJ-2004" failures="0" tests="74" name="com.Runner.runnerTestNG" time="1382.311" errors="0" timestamp="2025-05-26T11:49:16 IST" skipped="0">
  <testcase classname="com.Runner.runnerTestNG" name="runScenario" time="7.628"/>
  <testcase classname="com.Runner.runnerTestNG" name="runScenario" time="6.935"/>
  <testcase classname="com.Runner.runnerTestNG" name="runScenario" time="17.277"/>
  <testcase classname="com.Runner.runnerTestNG" name="runScenario" time="15.144"/>
  <testcase classname="com.Runner.runnerTestNG" name="runScenario" time="10.391"/>
  <testcase classname="com.Runner.runnerTestNG" name="runScenario" time="15.493"/>
  <testcase classname="com.Runner.runnerTestNG" name="runScenario" time="9.810"/>
  <testcase classname="com.Runner.runnerTestNG" name="runScenario" time="7.437"/>
  <testcase classname="com.Runner.runnerTestNG" name="runScenario" time="7.721"/>
  <testcase classname="com.Runner.runnerTestNG" name="runScenario" time="9.990"/>
  <testcase classname="com.Runner.runnerTestNG" name="runScenario" time="13.689"/>
  <testcase classname="com.Runner.runnerTestNG" name="runScenario" time="12.460"/>
  <testcase classname="com.Runner.runnerTestNG" name="runScenario" time="7.577"/>
  <testcase classname="com.Runner.runnerTestNG" name="runScenario" time="14.753"/>
  <testcase classname="com.Runner.runnerTestNG" name="runScenario" time="11.882"/>
  <testcase classname="com.Runner.runnerTestNG" name="runScenario" time="6.080"/>
  <testcase classname="com.Runner.runnerTestNG" name="runScenario" time="12.404"/>
  <testcase classname="com.Runner.runnerTestNG" name="runScenario" time="10.109"/>
  <testcase classname="com.Runner.runnerTestNG" name="runScenario" time="11.919"/>
  <testcase classname="com.Runner.runnerTestNG" name="runScenario" time="37.584"/>
  <testcase classname="com.Runner.runnerTestNG" name="runScenario" time="47.323"/>
  <testcase classname="com.Runner.runnerTestNG" name="runScenario" time="9.280"/>
  <testcase classname="com.Runner.runnerTestNG" name="runScenario" time="14.386"/>
  <testcase classname="com.Runner.runnerTestNG" name="runScenario" time="8.483"/>
  <testcase classname="com.Runner.runnerTestNG" name="runScenario" time="7.539"/>
  <testcase classname="com.Runner.runnerTestNG" name="runScenario" time="22.151"/>
  <testcase classname="com.Runner.runnerTestNG" name="runScenario" time="7.550"/>
  <testcase classname="com.Runner.runnerTestNG" name="runScenario" time="15.839"/>
  <testcase classname="com.Runner.runnerTestNG" name="runScenario" time="21.744"/>
  <testcase classname="com.Runner.runnerTestNG" name="runScenario" time="52.482"/>
  <testcase classname="com.Runner.runnerTestNG" name="runScenario" time="30.420"/>
  <testcase classname="com.Runner.runnerTestNG" name="runScenario" time="17.420"/>
  <testcase classname="com.Runner.runnerTestNG" name="runScenario" time="11.789"/>
  <testcase classname="com.Runner.runnerTestNG" name="runScenario" time="14.238"/>
  <testcase classname="com.Runner.runnerTestNG" name="runScenario" time="5.958"/>
  <testcase classname="com.Runner.runnerTestNG" name="runScenario" time="12.293"/>
  <testcase classname="com.Runner.runnerTestNG" name="runScenario" time="10.575"/>
  <testcase classname="com.Runner.runnerTestNG" name="runScenario" time="8.464"/>
  <testcase classname="com.Runner.runnerTestNG" name="runScenario" time="7.544"/>
  <testcase classname="com.Runner.runnerTestNG" name="runScenario" time="14.628"/>
  <testcase classname="com.Runner.runnerTestNG" name="runScenario" time="18.530"/>
  <testcase classname="com.Runner.runnerTestNG" name="runScenario" time="10.482"/>
  <testcase classname="com.Runner.runnerTestNG" name="runScenario" time="7.395"/>
  <testcase classname="com.Runner.runnerTestNG" name="runScenario" time="34.437"/>
  <testcase classname="com.Runner.runnerTestNG" name="runScenario" time="5.700"/>
  <testcase classname="com.Runner.runnerTestNG" name="runScenario" time="9.502"/>
  <testcase classname="com.Runner.runnerTestNG" name="runScenario" time="17.271"/>
  <testcase classname="com.Runner.runnerTestNG" name="runScenario" time="15.389"/>
  <testcase classname="com.Runner.runnerTestNG" name="runScenario" time="12.434"/>
  <testcase classname="com.Runner.runnerTestNG" name="runScenario" time="17.692"/>
  <testcase classname="com.Runner.runnerTestNG" name="runScenario" time="18.777"/>
  <testcase classname="com.Runner.runnerTestNG" name="runScenario" time="9.271"/>
  <testcase classname="com.Runner.runnerTestNG" name="runScenario" time="14.615"/>
  <testcase classname="com.Runner.runnerTestNG" name="runScenario" time="14.983"/>
  <testcase classname="com.Runner.runnerTestNG" name="runScenario" time="17.972"/>
  <testcase classname="com.Runner.runnerTestNG" name="runScenario" time="10.623"/>
  <testcase classname="com.Runner.runnerTestNG" name="runScenario" time="7.396"/>
  <testcase classname="com.Runner.runnerTestNG" name="runScenario" time="11.473"/>
  <testcase classname="com.Runner.runnerTestNG" name="runScenario" time="10.207"/>
  <testcase classname="com.Runner.runnerTestNG" name="runScenario" time="63.651"/>
  <testcase classname="com.Runner.runnerTestNG" name="runScenario" time="39.944"/>
  <testcase classname="com.Runner.runnerTestNG" name="runScenario" time="13.248"/>
  <testcase classname="com.Runner.runnerTestNG" name="runScenario" time="10.707"/>
  <testcase classname="com.Runner.runnerTestNG" name="runScenario" time="82.632"/>
  <testcase classname="com.Runner.runnerTestNG" name="runScenario" time="39.282"/>
  <testcase classname="com.Runner.runnerTestNG" name="runScenario" time="16.108"/>
  <testcase classname="com.Runner.runnerTestNG" name="runScenario" time="10.618"/>
  <testcase classname="com.Runner.runnerTestNG" name="runScenario" time="6.798"/>
  <testcase classname="com.Runner.runnerTestNG" name="runScenario" time="82.676"/>
  <testcase classname="com.Runner.runnerTestNG" name="runScenario" time="33.959"/>
  <testcase classname="com.Runner.runnerTestNG" name="runScenario" time="20.056"/>
  <testcase classname="com.Runner.runnerTestNG" name="runScenario" time="14.905"/>
  <testcase classname="com.Runner.runnerTestNG" name="runScenario" time="38.069"/>
  <testcase classname="com.Runner.runnerTestNG" name="runScenario" time="59.120"/>
</testsuite> <!-- com.Runner.runnerTestNG -->
