<?xml version="1.0" encoding="UTF-8"?>
<!-- Generated by org.testng.reporters.JUnitReportReporter -->
<testsuite hostname="DESKTOP-3CKMDVP" failures="0" tests="4" name="com.Runner.runnerTestNG" time="66.905" errors="0" timestamp="2025-05-26T16:23:38 IST" skipped="0">
  <testcase classname="com.Runner.runnerTestNG" name="runScenario" time="16.817"/>
  <testcase classname="com.Runner.runnerTestNG" name="runScenario" time="16.488"/>
  <testcase classname="com.Runner.runnerTestNG" name="runScenario" time="16.783"/>
  <testcase classname="com.Runner.runnerTestNG" name="runScenario" time="16.817"/>
</testsuite> <!-- com.Runner.runnerTestNG -->
