<?xml version="1.0" encoding="UTF-8"?>
<!-- Generated by org.testng.reporters.JUnitReportReporter -->
<<<<<<< HEAD
<testsuite hostname="YUVARAJ_UV" failures="0" tests="70" name="com.Runner.runnerTestNG" time="1875.854" errors="0" timestamp="2025-05-05T21:09:46 IST" skipped="0">
  <testcase classname="com.Runner.runnerTestNG" name="runScenario" time="96.110"/>
  <testcase classname="com.Runner.runnerTestNG" name="runScenario" time="43.302"/>
  <testcase classname="com.Runner.runnerTestNG" name="runScenario" time="18.732"/>
  <testcase classname="com.Runner.runnerTestNG" name="runScenario" time="34.450"/>
  <testcase classname="com.Runner.runnerTestNG" name="runScenario" time="39.367"/>
  <testcase classname="com.Runner.runnerTestNG" name="runScenario" time="53.834"/>
  <testcase classname="com.Runner.runnerTestNG" name="runScenario" time="19.127"/>
  <testcase classname="com.Runner.runnerTestNG" name="runScenario" time="20.779"/>
  <testcase classname="com.Runner.runnerTestNG" name="runScenario" time="15.276"/>
  <testcase classname="com.Runner.runnerTestNG" name="runScenario" time="24.945"/>
  <testcase classname="com.Runner.runnerTestNG" name="runScenario" time="35.643"/>
  <testcase classname="com.Runner.runnerTestNG" name="runScenario" time="15.942"/>
  <testcase classname="com.Runner.runnerTestNG" name="runScenario" time="13.418"/>
  <testcase classname="com.Runner.runnerTestNG" name="runScenario" time="15.833"/>
  <testcase classname="com.Runner.runnerTestNG" name="runScenario" time="14.391"/>
  <testcase classname="com.Runner.runnerTestNG" name="runScenario" time="17.895"/>
  <testcase classname="com.Runner.runnerTestNG" name="runScenario" time="21.941"/>
  <testcase classname="com.Runner.runnerTestNG" name="runScenario" time="17.799"/>
  <testcase classname="com.Runner.runnerTestNG" name="runScenario" time="15.823"/>
  <testcase classname="com.Runner.runnerTestNG" name="runScenario" time="35.760"/>
  <testcase classname="com.Runner.runnerTestNG" name="runScenario" time="31.852"/>
  <testcase classname="com.Runner.runnerTestNG" name="runScenario" time="15.379"/>
  <testcase classname="com.Runner.runnerTestNG" name="runScenario" time="68.090"/>
  <testcase classname="com.Runner.runnerTestNG" name="runScenario" time="35.784"/>
  <testcase classname="com.Runner.runnerTestNG" name="runScenario" time="18.828"/>
  <testcase classname="com.Runner.runnerTestNG" name="runScenario" time="13.905"/>
  <testcase classname="com.Runner.runnerTestNG" name="runScenario" time="22.340"/>
  <testcase classname="com.Runner.runnerTestNG" name="runScenario" time="16.116"/>
  <testcase classname="com.Runner.runnerTestNG" name="runScenario" time="21.402"/>
  <testcase classname="com.Runner.runnerTestNG" name="runScenario" time="34.490"/>
  <testcase classname="com.Runner.runnerTestNG" name="runScenario" time="20.899"/>
  <testcase classname="com.Runner.runnerTestNG" name="runScenario" time="57.127"/>
  <testcase classname="com.Runner.runnerTestNG" name="runScenario" time="32.297"/>
  <testcase classname="com.Runner.runnerTestNG" name="runScenario" time="53.875"/>
  <testcase classname="com.Runner.runnerTestNG" name="runScenario" time="26.177"/>
  <testcase classname="com.Runner.runnerTestNG" name="runScenario" time="35.232"/>
  <testcase classname="com.Runner.runnerTestNG" name="runScenario" time="34.922"/>
  <testcase classname="com.Runner.runnerTestNG" name="runScenario" time="14.543"/>
  <testcase classname="com.Runner.runnerTestNG" name="runScenario" time="18.346"/>
  <testcase classname="com.Runner.runnerTestNG" name="runScenario" time="34.335"/>
  <testcase classname="com.Runner.runnerTestNG" name="runScenario" time="34.820"/>
  <testcase classname="com.Runner.runnerTestNG" name="runScenario" time="36.085"/>
  <testcase classname="com.Runner.runnerTestNG" name="runScenario" time="15.264"/>
  <testcase classname="com.Runner.runnerTestNG" name="runScenario" time="13.207"/>
  <testcase classname="com.Runner.runnerTestNG" name="runScenario" time="15.624"/>
  <testcase classname="com.Runner.runnerTestNG" name="runScenario" time="34.042"/>
  <testcase classname="com.Runner.runnerTestNG" name="runScenario" time="39.142"/>
  <testcase classname="com.Runner.runnerTestNG" name="runScenario" time="14.562"/>
  <testcase classname="com.Runner.runnerTestNG" name="runScenario" time="12.241"/>
  <testcase classname="com.Runner.runnerTestNG" name="runScenario" time="8.779"/>
  <testcase classname="com.Runner.runnerTestNG" name="runScenario" time="13.694"/>
  <testcase classname="com.Runner.runnerTestNG" name="runScenario" time="46.524"/>
  <testcase classname="com.Runner.runnerTestNG" name="runScenario" time="19.217"/>
  <testcase classname="com.Runner.runnerTestNG" name="runScenario" time="33.076"/>
  <testcase classname="com.Runner.runnerTestNG" name="runScenario" time="36.374"/>
  <testcase classname="com.Runner.runnerTestNG" name="runScenario" time="17.293"/>
  <testcase classname="com.Runner.runnerTestNG" name="runScenario" time="35.496"/>
  <testcase classname="com.Runner.runnerTestNG" name="runScenario" time="16.245"/>
  <testcase classname="com.Runner.runnerTestNG" name="runScenario" time="17.826"/>
  <testcase classname="com.Runner.runnerTestNG" name="runScenario" time="11.321"/>
  <testcase classname="com.Runner.runnerTestNG" name="runScenario" time="29.510"/>
  <testcase classname="com.Runner.runnerTestNG" name="runScenario" time="26.635"/>
  <testcase classname="com.Runner.runnerTestNG" name="runScenario" time="19.549"/>
  <testcase classname="com.Runner.runnerTestNG" name="runScenario" time="9.080"/>
  <testcase classname="com.Runner.runnerTestNG" name="runScenario" time="18.818"/>
  <testcase classname="com.Runner.runnerTestNG" name="runScenario" time="20.107"/>
  <testcase classname="com.Runner.runnerTestNG" name="runScenario" time="37.090"/>
  <testcase classname="com.Runner.runnerTestNG" name="runScenario" time="29.471"/>
  <testcase classname="com.Runner.runnerTestNG" name="runScenario" time="17.313"/>
  <testcase classname="com.Runner.runnerTestNG" name="runScenario" time="21.143"/>
=======
<<<<<<< HEAD
<testsuite hostname="DIVRAJ-2004" failures="0" tests="23" name="com.Runner.runnerTestNG" time="374.767" errors="2" timestamp="2025-05-05T22:11:47 IST" skipped="0">
  <testcase classname="com.Runner.runnerTestNG" name="runScenario" time="11.952"/>
  <testcase classname="com.Runner.runnerTestNG" name="runScenario" time="15.824"/>
  <testcase classname="com.Runner.runnerTestNG" name="runScenario" time="24.811"/>
  <testcase classname="com.Runner.runnerTestNG" name="runScenario" time="25.335"/>
  <testcase classname="com.Runner.runnerTestNG" name="runScenario" time="8.767"/>
  <testcase classname="com.Runner.runnerTestNG" name="runScenario" time="10.341">
    <error message="stale element reference: stale element not found
  (Session info: chrome=136.0.7103.49)
For documentation on this error, please visit: https://www.selenium.dev/documentation/webdriver/troubleshooting/errors#stale-element-reference-exception
Build info: version: &#039;4.31.0&#039;, revision: &#039;1ef9f18787*&#039;
System info: os.name: &#039;Windows 11&#039;, os.arch: &#039;amd64&#039;, os.version: &#039;10.0&#039;, java.version: &#039;21.0.6&#039;
Driver info: org.openqa.selenium.chrome.ChromeDriver
Command: [4eb35f7fafe13a78036dc491a098570a, clickElement {id=f.3DF8FE89EEAC9921B7D858BE005D2580.d.3D6FABE0AEDC9645E444C428FFCEC2A4.e.107}]
Capabilities {acceptInsecureCerts: false, browserName: chrome, browserVersion: 136.0.7103.49, chrome: {chromedriverVersion: 136.0.7103.49 (031848bc6ad0..., userDataDir: C:\Users\Lenovo\AppData\Loc...}, fedcm:accounts: true, goog:chromeOptions: {debuggerAddress: localhost:58628}, networkConnectionEnabled: false, pageLoadStrategy: normal, platformName: windows, proxy: Proxy(), se:cdp: ws://localhost:58628/devtoo..., se:cdpVersion: 136.0.7103.49, setWindowRect: true, strictFileInteractability: false, timeouts: {implicit: 0, pageLoad: 300000, script: 30000}, unhandledPromptBehavior: dismiss and notify, webauthn:extension:credBlob: true, webauthn:extension:largeBlob: true, webauthn:extension:minPinLength: true, webauthn:extension:prf: true, webauthn:virtualAuthenticators: true}
Element: [[ChromeDriver: chrome on windows (4eb35f7fafe13a78036dc491a098570a)] -&gt; xpath: //input[@class=&quot;button-2 product-box-add-to-cart-button&quot;]]
Session ID: 4eb35f7fafe13a78036dc491a098570a" type="org.openqa.selenium.StaleElementReferenceException">
      <![CDATA[org.openqa.selenium.StaleElementReferenceException: stale element reference: stale element not found
  (Session info: chrome=136.0.7103.49)
For documentation on this error, please visit: https://www.selenium.dev/documentation/webdriver/troubleshooting/errors#stale-element-reference-exception
Build info: version: '4.31.0', revision: '1ef9f18787*'
System info: os.name: 'Windows 11', os.arch: 'amd64', os.version: '10.0', java.version: '21.0.6'
Driver info: org.openqa.selenium.chrome.ChromeDriver
Command: [4eb35f7fafe13a78036dc491a098570a, clickElement {id=f.3DF8FE89EEAC9921B7D858BE005D2580.d.3D6FABE0AEDC9645E444C428FFCEC2A4.e.107}]
Capabilities {acceptInsecureCerts: false, browserName: chrome, browserVersion: 136.0.7103.49, chrome: {chromedriverVersion: 136.0.7103.49 (031848bc6ad0..., userDataDir: C:\Users\Lenovo\AppData\Loc...}, fedcm:accounts: true, goog:chromeOptions: {debuggerAddress: localhost:58628}, networkConnectionEnabled: false, pageLoadStrategy: normal, platformName: windows, proxy: Proxy(), se:cdp: ws://localhost:58628/devtoo..., se:cdpVersion: 136.0.7103.49, setWindowRect: true, strictFileInteractability: false, timeouts: {implicit: 0, pageLoad: 300000, script: 30000}, unhandledPromptBehavior: dismiss and notify, webauthn:extension:credBlob: true, webauthn:extension:largeBlob: true, webauthn:extension:minPinLength: true, webauthn:extension:prf: true, webauthn:virtualAuthenticators: true}
Element: [[ChromeDriver: chrome on windows (4eb35f7fafe13a78036dc491a098570a)] -> xpath: //input[@class="button-2 product-box-add-to-cart-button"]]
Session ID: 4eb35f7fafe13a78036dc491a098570a
at java.base/jdk.internal.reflect.DirectConstructorHandleAccessor.newInstance(DirectConstructorHandleAccessor.java:62)
at java.base/java.lang.reflect.Constructor.newInstanceWithCaller(Constructor.java:502)
at java.base/java.lang.reflect.Constructor.newInstance(Constructor.java:486)
at org.openqa.selenium.remote.ErrorCodec.decode(ErrorCodec.java:167)
at org.openqa.selenium.remote.codec.w3c.W3CHttpResponseCodec.decode(W3CHttpResponseCodec.java:138)
at org.openqa.selenium.remote.codec.w3c.W3CHttpResponseCodec.decode(W3CHttpResponseCodec.java:50)
at org.openqa.selenium.remote.HttpCommandExecutor.execute(HttpCommandExecutor.java:215)
at org.openqa.selenium.remote.service.DriverCommandExecutor.invokeExecute(DriverCommandExecutor.java:216)
at org.openqa.selenium.remote.service.DriverCommandExecutor.execute(DriverCommandExecutor.java:174)
at org.openqa.selenium.remote.RemoteWebDriver.execute(RemoteWebDriver.java:545)
at org.openqa.selenium.remote.RemoteWebElement.execute(RemoteWebElement.java:223)
at org.openqa.selenium.remote.RemoteWebElement.click(RemoteWebElement.java:76)
at java.base/jdk.internal.reflect.DirectMethodHandleAccessor.invoke(DirectMethodHandleAccessor.java:103)
at java.base/java.lang.reflect.Method.invoke(Method.java:580)
at org.openqa.selenium.support.pagefactory.internal.LocatingElementHandler.invoke(LocatingElementHandler.java:51)
at jdk.proxy2/jdk.proxy2.$Proxy27.click(Unknown Source)
at com.Actions.ProductAction.addLaptopCart(ProductAction.java:185)
at com.Definitions.ProductStepDefinition.i_add_to_cart_the_laptop(ProductStepDefinition.java:230)
at ✽.I add to cart the laptop(file:///C:/Users/Lenovo/git/DemoWebShop-Cucumber/src/test/resources/Features/Product.feature:66)
]]>
    </error>
  </testcase> <!-- runScenario -->
  <testcase classname="com.Runner.runnerTestNG" name="runScenario" time="12.394"/>
  <testcase classname="com.Runner.runnerTestNG" name="runScenario" time="12.184"/>
  <testcase classname="com.Runner.runnerTestNG" name="runScenario" time="6.506"/>
  <testcase classname="com.Runner.runnerTestNG" name="runScenario" time="14.944"/>
  <testcase classname="com.Runner.runnerTestNG" name="runScenario" time="28.109"/>
  <testcase classname="com.Runner.runnerTestNG" name="runScenario" time="15.144"/>
  <testcase classname="com.Runner.runnerTestNG" name="runScenario" time="18.881"/>
  <testcase classname="com.Runner.runnerTestNG" name="runScenario" time="27.840"/>
  <testcase classname="com.Runner.runnerTestNG" name="runScenario" time="12.214"/>
  <testcase classname="com.Runner.runnerTestNG" name="runScenario" time="12.744"/>
  <testcase classname="com.Runner.runnerTestNG" name="runScenario" time="11.876"/>
  <testcase classname="com.Runner.runnerTestNG" name="runScenario" time="12.225"/>
  <testcase classname="com.Runner.runnerTestNG" name="runScenario" time="27.820"/>
  <testcase classname="com.Runner.runnerTestNG" name="runScenario" time="10.102"/>
  <testcase classname="com.Runner.runnerTestNG" name="runScenario" time="30.235"/>
  <testcase classname="com.Runner.runnerTestNG" name="runScenario" time="12.599"/>
  <testcase classname="com.Runner.runnerTestNG" name="runScenario" time="11.920">
    <error message="stale element reference: stale element not found
  (Session info: chrome=136.0.7103.49)
For documentation on this error, please visit: https://www.selenium.dev/documentation/webdriver/troubleshooting/errors#stale-element-reference-exception
Build info: version: &#039;4.31.0&#039;, revision: &#039;1ef9f18787*&#039;
System info: os.name: &#039;Windows 11&#039;, os.arch: &#039;amd64&#039;, os.version: &#039;10.0&#039;, java.version: &#039;21.0.6&#039;
Driver info: org.openqa.selenium.chrome.ChromeDriver
Command: [ba10ff31128b8043ef68050cf2f0ce7b, getElementText {id=f.F47524D43D11ECFCD3A365A1CBAF93D1.d.5C231DA941A7AC09BF8DB1C8E54F8F64.e.150}]
Capabilities {acceptInsecureCerts: false, browserName: chrome, browserVersion: 136.0.7103.49, chrome: {chromedriverVersion: 136.0.7103.49 (031848bc6ad0..., userDataDir: C:\Users\Lenovo\AppData\Loc...}, fedcm:accounts: true, goog:chromeOptions: {debuggerAddress: localhost:58586}, networkConnectionEnabled: false, pageLoadStrategy: normal, platformName: windows, proxy: Proxy(), se:cdp: ws://localhost:58586/devtoo..., se:cdpVersion: 136.0.7103.49, setWindowRect: true, strictFileInteractability: false, timeouts: {implicit: 0, pageLoad: 300000, script: 30000}, unhandledPromptBehavior: dismiss and notify, webauthn:extension:credBlob: true, webauthn:extension:largeBlob: true, webauthn:extension:minPinLength: true, webauthn:extension:prf: true, webauthn:virtualAuthenticators: true}
Element: [[ChromeDriver: chrome on windows (ba10ff31128b8043ef68050cf2f0ce7b)] -&gt; xpath: //td[@class=&quot;product-picture&quot;]//following-sibling::td//a]
Session ID: ba10ff31128b8043ef68050cf2f0ce7b" type="org.openqa.selenium.StaleElementReferenceException">
      <![CDATA[org.openqa.selenium.StaleElementReferenceException: stale element reference: stale element not found
  (Session info: chrome=136.0.7103.49)
For documentation on this error, please visit: https://www.selenium.dev/documentation/webdriver/troubleshooting/errors#stale-element-reference-exception
Build info: version: '4.31.0', revision: '1ef9f18787*'
System info: os.name: 'Windows 11', os.arch: 'amd64', os.version: '10.0', java.version: '21.0.6'
Driver info: org.openqa.selenium.chrome.ChromeDriver
Command: [ba10ff31128b8043ef68050cf2f0ce7b, getElementText {id=f.F47524D43D11ECFCD3A365A1CBAF93D1.d.5C231DA941A7AC09BF8DB1C8E54F8F64.e.150}]
Capabilities {acceptInsecureCerts: false, browserName: chrome, browserVersion: 136.0.7103.49, chrome: {chromedriverVersion: 136.0.7103.49 (031848bc6ad0..., userDataDir: C:\Users\Lenovo\AppData\Loc...}, fedcm:accounts: true, goog:chromeOptions: {debuggerAddress: localhost:58586}, networkConnectionEnabled: false, pageLoadStrategy: normal, platformName: windows, proxy: Proxy(), se:cdp: ws://localhost:58586/devtoo..., se:cdpVersion: 136.0.7103.49, setWindowRect: true, strictFileInteractability: false, timeouts: {implicit: 0, pageLoad: 300000, script: 30000}, unhandledPromptBehavior: dismiss and notify, webauthn:extension:credBlob: true, webauthn:extension:largeBlob: true, webauthn:extension:minPinLength: true, webauthn:extension:prf: true, webauthn:virtualAuthenticators: true}
Element: [[ChromeDriver: chrome on windows (ba10ff31128b8043ef68050cf2f0ce7b)] -> xpath: //td[@class="product-picture"]//following-sibling::td//a]
Session ID: ba10ff31128b8043ef68050cf2f0ce7b
at java.base/jdk.internal.reflect.DirectConstructorHandleAccessor.newInstance(DirectConstructorHandleAccessor.java:62)
at java.base/java.lang.reflect.Constructor.newInstanceWithCaller(Constructor.java:502)
at java.base/java.lang.reflect.Constructor.newInstance(Constructor.java:486)
at org.openqa.selenium.remote.ErrorCodec.decode(ErrorCodec.java:167)
at org.openqa.selenium.remote.codec.w3c.W3CHttpResponseCodec.decode(W3CHttpResponseCodec.java:138)
at org.openqa.selenium.remote.codec.w3c.W3CHttpResponseCodec.decode(W3CHttpResponseCodec.java:50)
at org.openqa.selenium.remote.HttpCommandExecutor.execute(HttpCommandExecutor.java:215)
at org.openqa.selenium.remote.service.DriverCommandExecutor.invokeExecute(DriverCommandExecutor.java:216)
at org.openqa.selenium.remote.service.DriverCommandExecutor.execute(DriverCommandExecutor.java:174)
at org.openqa.selenium.remote.RemoteWebDriver.execute(RemoteWebDriver.java:545)
at org.openqa.selenium.remote.RemoteWebElement.execute(RemoteWebElement.java:223)
at org.openqa.selenium.remote.RemoteWebElement.getText(RemoteWebElement.java:191)
at java.base/jdk.internal.reflect.DirectMethodHandleAccessor.invoke(DirectMethodHandleAccessor.java:103)
at java.base/java.lang.reflect.Method.invoke(Method.java:580)
at org.openqa.selenium.support.pagefactory.internal.LocatingElementHandler.invoke(LocatingElementHandler.java:51)
at jdk.proxy2/jdk.proxy2.$Proxy27.getText(Unknown Source)
at com.Actions.ProductAction.verifyTextInCart(ProductAction.java:178)
at com.Definitions.ProductStepDefinition.the_user_should_see_the_product_is_added_in_the_shopping_cart(ProductStepDefinition.java:219)
at ✽.the user should see the product is added in the shopping cart(file:///C:/Users/Lenovo/git/DemoWebShop-Cucumber/src/test/resources/Features/Product.feature:61)
]]>
    </error>
  </testcase> <!-- runScenario -->
=======
<testsuite hostname="DESKTOP-3CKMDVP" failures="0" tests="2" name="com.Runner.runnerTestNG" time="26.728" errors="0" timestamp="2025-05-05T23:02:55 IST" skipped="0">
  <testcase classname="com.Runner.runnerTestNG" name="runScenario" time="13.386"/>
  <testcase classname="com.Runner.runnerTestNG" name="runScenario" time="13.342"/>
>>>>>>> branch 'master' of https://github.com/yuvarajry20/DemoWebShop-Cucumber
>>>>>>> branch 'master' of https://github.com/yuvarajry20/DemoWebShop-Cucumber.git
</testsuite> <!-- com.Runner.runnerTestNG -->
