<?xml version="1.0" encoding="UTF-8"?>
<!-- Generated by org.testng.reporters.JUnitReportReporter -->
<testsuite hostname="DIVRAJ-2004" failures="0" tests="63" name="com.Runner.runnerTestNG" time="1342.240" errors="0" timestamp="2025-04-20T20:52:24 IST" skipped="0">
  <testcase classname="com.Runner.runnerTestNG" name="runScenario" time="52.968"/>
  <testcase classname="com.Runner.runnerTestNG" name="runScenario" time="14.381"/>
  <testcase classname="com.Runner.runnerTestNG" name="runScenario" time="34.337"/>
  <testcase classname="com.Runner.runnerTestNG" name="runScenario" time="26.509"/>
  <testcase classname="com.Runner.runnerTestNG" name="runScenario" time="12.709"/>
  <testcase classname="com.Runner.runnerTestNG" name="runScenario" time="45.524"/>
  <testcase classname="com.Runner.runnerTestNG" name="runScenario" time="11.860"/>
  <testcase classname="com.Runner.runnerTestNG" name="runScenario" time="10.769"/>
  <testcase classname="com.Runner.runnerTestNG" name="runScenario" time="12.048"/>
  <testcase classname="com.Runner.runnerTestNG" name="runScenario" time="20.520"/>
  <testcase classname="com.Runner.runnerTestNG" name="runScenario" time="17.223"/>
  <testcase classname="com.Runner.runnerTestNG" name="runScenario" time="14.414"/>
  <testcase classname="com.Runner.runnerTestNG" name="runScenario" time="15.750"/>
  <testcase classname="com.Runner.runnerTestNG" name="runScenario" time="12.394"/>
  <testcase classname="com.Runner.runnerTestNG" name="runScenario" time="19.354"/>
  <testcase classname="com.Runner.runnerTestNG" name="runScenario" time="14.215"/>
  <testcase classname="com.Runner.runnerTestNG" name="runScenario" time="47.765"/>
  <testcase classname="com.Runner.runnerTestNG" name="runScenario" time="24.325"/>
  <testcase classname="com.Runner.runnerTestNG" name="runScenario" time="29.332"/>
  <testcase classname="com.Runner.runnerTestNG" name="runScenario" time="12.089"/>
  <testcase classname="com.Runner.runnerTestNG" name="runScenario" time="14.118"/>
  <testcase classname="com.Runner.runnerTestNG" name="runScenario" time="19.968"/>
  <testcase classname="com.Runner.runnerTestNG" name="runScenario" time="18.085"/>
  <testcase classname="com.Runner.runnerTestNG" name="runScenario" time="11.927"/>
  <testcase classname="com.Runner.runnerTestNG" name="runScenario" time="25.704"/>
  <testcase classname="com.Runner.runnerTestNG" name="runScenario" time="23.049"/>
  <testcase classname="com.Runner.runnerTestNG" name="runScenario" time="16.341"/>
  <testcase classname="com.Runner.runnerTestNG" name="runScenario" time="12.415"/>
  <testcase classname="com.Runner.runnerTestNG" name="runScenario" time="40.069"/>
  <testcase classname="com.Runner.runnerTestNG" name="runScenario" time="40.201"/>
  <testcase classname="com.Runner.runnerTestNG" name="runScenario" time="8.350"/>
  <testcase classname="com.Runner.runnerTestNG" name="runScenario" time="34.268"/>
  <testcase classname="com.Runner.runnerTestNG" name="runScenario" time="20.197"/>
  <testcase classname="com.Runner.runnerTestNG" name="runScenario" time="15.724"/>
  <testcase classname="com.Runner.runnerTestNG" name="runScenario" time="16.719"/>
  <testcase classname="com.Runner.runnerTestNG" name="runScenario" time="12.019"/>
  <testcase classname="com.Runner.runnerTestNG" name="runScenario" time="14.653"/>
  <testcase classname="com.Runner.runnerTestNG" name="runScenario" time="15.012"/>
  <testcase classname="com.Runner.runnerTestNG" name="runScenario" time="8.926"/>
  <testcase classname="com.Runner.runnerTestNG" name="runScenario" time="15.156"/>
  <testcase classname="com.Runner.runnerTestNG" name="runScenario" time="14.229"/>
  <testcase classname="com.Runner.runnerTestNG" name="runScenario" time="25.650"/>
  <testcase classname="com.Runner.runnerTestNG" name="runScenario" time="11.865"/>
  <testcase classname="com.Runner.runnerTestNG" name="runScenario" time="8.889"/>
  <testcase classname="com.Runner.runnerTestNG" name="runScenario" time="20.401"/>
  <testcase classname="com.Runner.runnerTestNG" name="runScenario" time="8.925"/>
  <testcase classname="com.Runner.runnerTestNG" name="runScenario" time="11.200"/>
  <testcase classname="com.Runner.runnerTestNG" name="runScenario" time="13.634"/>
  <testcase classname="com.Runner.runnerTestNG" name="runScenario" time="27.856"/>
  <testcase classname="com.Runner.runnerTestNG" name="runScenario" time="25.523"/>
  <testcase classname="com.Runner.runnerTestNG" name="runScenario" time="62.780"/>
  <testcase classname="com.Runner.runnerTestNG" name="runScenario" time="8.744"/>
  <testcase classname="com.Runner.runnerTestNG" name="runScenario" time="22.737"/>
  <testcase classname="com.Runner.runnerTestNG" name="runScenario" time="25.785"/>
  <testcase classname="com.Runner.runnerTestNG" name="runScenario" time="28.716"/>
  <testcase classname="com.Runner.runnerTestNG" name="runScenario" time="19.898"/>
  <testcase classname="com.Runner.runnerTestNG" name="runScenario" time="13.396"/>
  <testcase classname="com.Runner.runnerTestNG" name="runScenario" time="22.346"/>
  <testcase classname="com.Runner.runnerTestNG" name="runScenario" time="19.766"/>
  <testcase classname="com.Runner.runnerTestNG" name="runScenario" time="13.962"/>
  <testcase classname="com.Runner.runnerTestNG" name="runScenario" time="80.826"/>
  <testcase classname="com.Runner.runnerTestNG" name="runScenario" time="12.470"/>
  <testcase classname="com.Runner.runnerTestNG" name="runScenario" time="11.255"/>
</testsuite> <!-- com.Runner.runnerTestNG -->
