<?xml version="1.0" encoding="UTF-8"?>
<!-- Generated by org.testng.reporters.JUnitReportReporter -->
<testsuite hostname="YUVARAJ_UV" failures="0" tests="24" name="com.Runner.runnerTestNG" time="787.401" errors="0" timestamp="2025-05-05T16:17:12 IST" skipped="0">
  <testcase classname="com.Runner.runnerTestNG" name="runScenario" time="51.163"/>
  <testcase classname="com.Runner.runnerTestNG" name="runScenario" time="36.609"/>
  <testcase classname="com.Runner.runnerTestNG" name="runScenario" time="29.202"/>
  <testcase classname="com.Runner.runnerTestNG" name="runScenario" time="26.221"/>
  <testcase classname="com.Runner.runnerTestNG" name="runScenario" time="25.089"/>
  <testcase classname="com.Runner.runnerTestNG" name="runScenario" time="25.544"/>
  <testcase classname="com.Runner.runnerTestNG" name="runScenario" time="35.414"/>
  <testcase classname="com.Runner.runnerTestNG" name="runScenario" time="98.681"/>
  <testcase classname="com.Runner.runnerTestNG" name="runScenario" time="40.389"/>
  <testcase classname="com.Runner.runnerTestNG" name="runScenario" time="11.313"/>
  <testcase classname="com.Runner.runnerTestNG" name="runScenario" time="26.179"/>
  <testcase classname="com.Runner.runnerTestNG" name="runScenario" time="21.246"/>
  <testcase classname="com.Runner.runnerTestNG" name="runScenario" time="25.436"/>
  <testcase classname="com.Runner.runnerTestNG" name="runScenario" time="37.345"/>
  <testcase classname="com.Runner.runnerTestNG" name="runScenario" time="60.641"/>
  <testcase classname="com.Runner.runnerTestNG" name="runScenario" time="16.244"/>
  <testcase classname="com.Runner.runnerTestNG" name="runScenario" time="16.467"/>
  <testcase classname="com.Runner.runnerTestNG" name="runScenario" time="22.529"/>
  <testcase classname="com.Runner.runnerTestNG" name="runScenario" time="35.207"/>
  <testcase classname="com.Runner.runnerTestNG" name="runScenario" time="25.786"/>
  <testcase classname="com.Runner.runnerTestNG" name="runScenario" time="29.016"/>
  <testcase classname="com.Runner.runnerTestNG" name="runScenario" time="25.892"/>
  <testcase classname="com.Runner.runnerTestNG" name="runScenario" time="14.856"/>
  <testcase classname="com.Runner.runnerTestNG" name="runScenario" time="50.932"/>
</testsuite> <!-- com.Runner.runnerTestNG -->
