<?xml version="1.0" encoding="UTF-8"?>
<!-- Generated by org.testng.reporters.JUnitReportReporter -->
<testsuite hostname="DIVRAJ-2004" failures="0" tests="3" name="com.Runner.runnerTestNG" time="28.459" errors="0" timestamp="2025-05-07T14:38:37 IST" skipped="0">
  <testcase classname="com.Runner.runnerTestNG" name="runScenario" time="9.895"/>
  <testcase classname="com.Runner.runnerTestNG" name="runScenario" time="8.341"/>
  <testcase classname="com.Runner.runnerTestNG" name="runScenario" time="10.223"/>
</testsuite> <!-- com.Runner.runnerTestNG -->
