<?xml version="1.0" encoding="UTF-8"?>
<!-- Generated by org.testng.reporters.JUnitReportReporter -->
<testsuite hostname="DESKTOP-3CKMDVP" failures="0" tests="5" name="com.Runner.runnerTestNG" time="236.709" errors="0" timestamp="2025-04-17T11:49:49 IST" skipped="0">
  <testcase classname="com.Runner.runnerTestNG" name="runScenario" time="44.439"/>
  <testcase classname="com.Runner.runnerTestNG" name="runScenario" time="49.088"/>
  <testcase classname="com.Runner.runnerTestNG" name="runScenario" time="49.470"/>
  <testcase classname="com.Runner.runnerTestNG" name="runScenario" time="49.118"/>
  <testcase classname="com.Runner.runnerTestNG" name="runScenario" time="44.594"/>
</testsuite> <!-- com.Runner.runnerTestNG -->
