<?xml version="1.0" encoding="UTF-8"?>
<!-- Generated by org.testng.reporters.JUnitReportReporter -->
<testsuite hostname="YUVARAJ_UV" failures="0" tests="23" name="com.Runner.runnerTestNG" time="243.516" errors="0" timestamp="2025-04-13T20:28:41 IST" skipped="0">
  <testcase classname="com.Runner.runnerTestNG" name="runScenario" time="7.800"/>
  <testcase classname="com.Runner.runnerTestNG" name="runScenario" time="12.802"/>
  <testcase classname="com.Runner.runnerTestNG" name="runScenario" time="10.849"/>
  <testcase classname="com.Runner.runnerTestNG" name="runScenario" time="29.023"/>
  <testcase classname="com.Runner.runnerTestNG" name="runScenario" time="6.982"/>
  <testcase classname="com.Runner.runnerTestNG" name="runScenario" time="7.234"/>
  <testcase classname="com.Runner.runnerTestNG" name="runScenario" time="6.491"/>
  <testcase classname="com.Runner.runnerTestNG" name="runScenario" time="10.626"/>
  <testcase classname="com.Runner.runnerTestNG" name="runScenario" time="10.204"/>
  <testcase classname="com.Runner.runnerTestNG" name="runScenario" time="9.245"/>
  <testcase classname="com.Runner.runnerTestNG" name="runScenario" time="13.278"/>
  <testcase classname="com.Runner.runnerTestNG" name="runScenario" time="7.038"/>
  <testcase classname="com.Runner.runnerTestNG" name="runScenario" time="7.532"/>
  <testcase classname="com.Runner.runnerTestNG" name="runScenario" time="23.930"/>
  <testcase classname="com.Runner.runnerTestNG" name="runScenario" time="7.985"/>
  <testcase classname="com.Runner.runnerTestNG" name="runScenario" time="7.524"/>
  <testcase classname="com.Runner.runnerTestNG" name="runScenario" time="8.387"/>
  <testcase classname="com.Runner.runnerTestNG" name="runScenario" time="7.971"/>
  <testcase classname="com.Runner.runnerTestNG" name="runScenario" time="11.049"/>
  <testcase classname="com.Runner.runnerTestNG" name="runScenario" time="7.317"/>
  <testcase classname="com.Runner.runnerTestNG" name="runScenario" time="15.560"/>
  <testcase classname="com.Runner.runnerTestNG" name="runScenario" time="6.978"/>
  <testcase classname="com.Runner.runnerTestNG" name="runScenario" time="7.711"/>
</testsuite> <!-- com.Runner.runnerTestNG -->
