<?xml version="1.0" encoding="UTF-8"?>
<!-- Generated by org.testng.reporters.JUnitReportReporter -->
<testsuite hostname="YUVARAJ_UV" failures="0" tests="1" name="com.Runner.runnerTestNG" time="13.071" errors="0" timestamp="2025-05-06T14:54:02 IST" skipped="0">
  <testcase classname="com.Runner.runnerTestNG" name="runScenario" time="13.071"/>
</testsuite> <!-- com.Runner.runnerTestNG -->
