<?xml version="1.0" encoding="UTF-8"?>
<!-- Generated by org.testng.reporters.JUnitReportReporter -->
<testsuite hostname="DIVRAJ-2004" failures="0" tests="67" name="com.Runner.runnerTestNG" time="1029.944" errors="0" timestamp="2025-04-29T16:54:58 IST" skipped="0">
  <testcase classname="com.Runner.runnerTestNG" name="runScenario" time="11.346"/>
  <testcase classname="com.Runner.runnerTestNG" name="runScenario" time="12.685"/>
  <testcase classname="com.Runner.runnerTestNG" name="runScenario" time="14.742"/>
  <testcase classname="com.Runner.runnerTestNG" name="runScenario" time="9.961"/>
  <testcase classname="com.Runner.runnerTestNG" name="runScenario" time="22.157"/>
  <testcase classname="com.Runner.runnerTestNG" name="runScenario" time="7.163"/>
  <testcase classname="com.Runner.runnerTestNG" name="runScenario" time="5.064"/>
  <testcase classname="com.Runner.runnerTestNG" name="runScenario" time="10.860"/>
  <testcase classname="com.Runner.runnerTestNG" name="runScenario" time="8.533"/>
  <testcase classname="com.Runner.runnerTestNG" name="runScenario" time="13.033"/>
  <testcase classname="com.Runner.runnerTestNG" name="runScenario" time="13.038"/>
  <testcase classname="com.Runner.runnerTestNG" name="runScenario" time="86.442"/>
  <testcase classname="com.Runner.runnerTestNG" name="runScenario" time="8.207"/>
  <testcase classname="com.Runner.runnerTestNG" name="runScenario" time="6.681"/>
  <testcase classname="com.Runner.runnerTestNG" name="runScenario" time="15.590"/>
  <testcase classname="com.Runner.runnerTestNG" name="runScenario" time="19.342"/>
  <testcase classname="com.Runner.runnerTestNG" name="runScenario" time="7.552"/>
  <testcase classname="com.Runner.runnerTestNG" name="runScenario" time="10.714"/>
  <testcase classname="com.Runner.runnerTestNG" name="runScenario" time="12.453"/>
  <testcase classname="com.Runner.runnerTestNG" name="runScenario" time="8.258"/>
  <testcase classname="com.Runner.runnerTestNG" name="runScenario" time="19.911"/>
  <testcase classname="com.Runner.runnerTestNG" name="runScenario" time="9.454"/>
  <testcase classname="com.Runner.runnerTestNG" name="runScenario" time="5.708"/>
  <testcase classname="com.Runner.runnerTestNG" name="runScenario" time="54.315"/>
  <testcase classname="com.Runner.runnerTestNG" name="runScenario" time="9.020"/>
  <testcase classname="com.Runner.runnerTestNG" name="runScenario" time="18.746"/>
  <testcase classname="com.Runner.runnerTestNG" name="runScenario" time="10.932"/>
  <testcase classname="com.Runner.runnerTestNG" name="runScenario" time="11.181"/>
  <testcase classname="com.Runner.runnerTestNG" name="runScenario" time="6.733"/>
  <testcase classname="com.Runner.runnerTestNG" name="runScenario" time="8.998"/>
  <testcase classname="com.Runner.runnerTestNG" name="runScenario" time="59.648"/>
  <testcase classname="com.Runner.runnerTestNG" name="runScenario" time="8.000"/>
  <testcase classname="com.Runner.runnerTestNG" name="runScenario" time="11.655"/>
  <testcase classname="com.Runner.runnerTestNG" name="runScenario" time="12.540"/>
  <testcase classname="com.Runner.runnerTestNG" name="runScenario" time="34.276"/>
  <testcase classname="com.Runner.runnerTestNG" name="runScenario" time="17.597"/>
  <testcase classname="com.Runner.runnerTestNG" name="runScenario" time="5.891"/>
  <testcase classname="com.Runner.runnerTestNG" name="runScenario" time="10.026"/>
  <testcase classname="com.Runner.runnerTestNG" name="runScenario" time="8.443"/>
  <testcase classname="com.Runner.runnerTestNG" name="runScenario" time="9.302"/>
  <testcase classname="com.Runner.runnerTestNG" name="runScenario" time="22.719"/>
  <testcase classname="com.Runner.runnerTestNG" name="runScenario" time="6.925"/>
  <testcase classname="com.Runner.runnerTestNG" name="runScenario" time="8.200"/>
  <testcase classname="com.Runner.runnerTestNG" name="runScenario" time="9.347"/>
  <testcase classname="com.Runner.runnerTestNG" name="runScenario" time="10.236"/>
  <testcase classname="com.Runner.runnerTestNG" name="runScenario" time="8.480"/>
  <testcase classname="com.Runner.runnerTestNG" name="runScenario" time="14.951"/>
  <testcase classname="com.Runner.runnerTestNG" name="runScenario" time="11.744"/>
  <testcase classname="com.Runner.runnerTestNG" name="runScenario" time="7.971"/>
  <testcase classname="com.Runner.runnerTestNG" name="runScenario" time="11.852"/>
  <testcase classname="com.Runner.runnerTestNG" name="runScenario" time="7.887"/>
  <testcase classname="com.Runner.runnerTestNG" name="runScenario" time="7.481"/>
  <testcase classname="com.Runner.runnerTestNG" name="runScenario" time="21.517"/>
  <testcase classname="com.Runner.runnerTestNG" name="runScenario" time="19.043"/>
  <testcase classname="com.Runner.runnerTestNG" name="runScenario" time="7.980"/>
  <testcase classname="com.Runner.runnerTestNG" name="runScenario" time="14.056"/>
  <testcase classname="com.Runner.runnerTestNG" name="runScenario" time="14.524"/>
  <testcase classname="com.Runner.runnerTestNG" name="runScenario" time="15.612"/>
  <testcase classname="com.Runner.runnerTestNG" name="runScenario" time="10.650"/>
  <testcase classname="com.Runner.runnerTestNG" name="runScenario" time="22.165"/>
  <testcase classname="com.Runner.runnerTestNG" name="runScenario" time="16.749"/>
  <testcase classname="com.Runner.runnerTestNG" name="runScenario" time="12.035"/>
  <testcase classname="com.Runner.runnerTestNG" name="runScenario" time="35.524"/>
  <testcase classname="com.Runner.runnerTestNG" name="runScenario" time="5.662"/>
  <testcase classname="com.Runner.runnerTestNG" name="runScenario" time="12.858"/>
  <testcase classname="com.Runner.runnerTestNG" name="runScenario" time="31.960"/>
  <testcase classname="com.Runner.runnerTestNG" name="runScenario" time="25.619"/>
</testsuite> <!-- com.Runner.runnerTestNG -->
