<?xml version="1.0" encoding="UTF-8"?>
<!-- Generated by org.testng.reporters.JUnitReportReporter -->
<testsuite hostname="YUVARAJ_UV" failures="0" tests="23" name="com.Runner.runnerTestNG" time="231.422" errors="0" timestamp="2025-04-13T20:57:51 IST" skipped="0">
  <testcase classname="com.Runner.runnerTestNG" name="runScenario" time="29.042"/>
  <testcase classname="com.Runner.runnerTestNG" name="runScenario" time="6.283"/>
  <testcase classname="com.Runner.runnerTestNG" name="runScenario" time="7.341"/>
  <testcase classname="com.Runner.runnerTestNG" name="runScenario" time="7.160"/>
  <testcase classname="com.Runner.runnerTestNG" name="runScenario" time="7.716"/>
  <testcase classname="com.Runner.runnerTestNG" name="runScenario" time="6.501"/>
  <testcase classname="com.Runner.runnerTestNG" name="runScenario" time="8.435"/>
  <testcase classname="com.Runner.runnerTestNG" name="runScenario" time="11.019"/>
  <testcase classname="com.Runner.runnerTestNG" name="runScenario" time="7.293"/>
  <testcase classname="com.Runner.runnerTestNG" name="runScenario" time="7.364"/>
  <testcase classname="com.Runner.runnerTestNG" name="runScenario" time="9.085"/>
  <testcase classname="com.Runner.runnerTestNG" name="runScenario" time="10.247"/>
  <testcase classname="com.Runner.runnerTestNG" name="runScenario" time="11.125"/>
  <testcase classname="com.Runner.runnerTestNG" name="runScenario" time="11.885"/>
  <testcase classname="com.Runner.runnerTestNG" name="runScenario" time="6.885"/>
  <testcase classname="com.Runner.runnerTestNG" name="runScenario" time="9.851"/>
  <testcase classname="com.Runner.runnerTestNG" name="runScenario" time="7.312"/>
  <testcase classname="com.Runner.runnerTestNG" name="runScenario" time="6.895"/>
  <testcase classname="com.Runner.runnerTestNG" name="runScenario" time="20.335"/>
  <testcase classname="com.Runner.runnerTestNG" name="runScenario" time="14.653"/>
  <testcase classname="com.Runner.runnerTestNG" name="runScenario" time="6.646"/>
  <testcase classname="com.Runner.runnerTestNG" name="runScenario" time="11.197"/>
  <testcase classname="com.Runner.runnerTestNG" name="runScenario" time="7.152"/>
</testsuite> <!-- com.Runner.runnerTestNG -->
