<?xml version="1.0" encoding="UTF-8"?>
<!-- Generated by org.testng.reporters.JUnitReportReporter -->
<testsuite hostname="DESKTOP-3CKMDVP" failures="0" tests="2" name="com.Runner.runnerTestNG" time="23.959" errors="0" timestamp="2025-04-17T11:53:35 IST" skipped="0">
  <testcase classname="com.Runner.runnerTestNG" name="runScenario" time="11.962"/>
  <testcase classname="com.Runner.runnerTestNG" name="runScenario" time="11.997"/>
</testsuite> <!-- com.Runner.runnerTestNG -->
