<?xml version="1.0" encoding="UTF-8"?>
<!-- Generated by org.testng.reporters.JUnitReportReporter -->
<testsuite hostname="YUVARAJ_UV" failures="0" tests="70" name="com.Runner.runnerTestNG" time="1875.854" errors="0" timestamp="2025-05-05T21:09:46 IST" skipped="0">
  <testcase classname="com.Runner.runnerTestNG" name="runScenario" time="96.110"/>
  <testcase classname="com.Runner.runnerTestNG" name="runScenario" time="43.302"/>
  <testcase classname="com.Runner.runnerTestNG" name="runScenario" time="18.732"/>
  <testcase classname="com.Runner.runnerTestNG" name="runScenario" time="34.450"/>
  <testcase classname="com.Runner.runnerTestNG" name="runScenario" time="39.367"/>
  <testcase classname="com.Runner.runnerTestNG" name="runScenario" time="53.834"/>
  <testcase classname="com.Runner.runnerTestNG" name="runScenario" time="19.127"/>
  <testcase classname="com.Runner.runnerTestNG" name="runScenario" time="20.779"/>
  <testcase classname="com.Runner.runnerTestNG" name="runScenario" time="15.276"/>
  <testcase classname="com.Runner.runnerTestNG" name="runScenario" time="24.945"/>
  <testcase classname="com.Runner.runnerTestNG" name="runScenario" time="35.643"/>
  <testcase classname="com.Runner.runnerTestNG" name="runScenario" time="15.942"/>
  <testcase classname="com.Runner.runnerTestNG" name="runScenario" time="13.418"/>
  <testcase classname="com.Runner.runnerTestNG" name="runScenario" time="15.833"/>
  <testcase classname="com.Runner.runnerTestNG" name="runScenario" time="14.391"/>
  <testcase classname="com.Runner.runnerTestNG" name="runScenario" time="17.895"/>
  <testcase classname="com.Runner.runnerTestNG" name="runScenario" time="21.941"/>
  <testcase classname="com.Runner.runnerTestNG" name="runScenario" time="17.799"/>
  <testcase classname="com.Runner.runnerTestNG" name="runScenario" time="15.823"/>
  <testcase classname="com.Runner.runnerTestNG" name="runScenario" time="35.760"/>
  <testcase classname="com.Runner.runnerTestNG" name="runScenario" time="31.852"/>
  <testcase classname="com.Runner.runnerTestNG" name="runScenario" time="15.379"/>
  <testcase classname="com.Runner.runnerTestNG" name="runScenario" time="68.090"/>
  <testcase classname="com.Runner.runnerTestNG" name="runScenario" time="35.784"/>
  <testcase classname="com.Runner.runnerTestNG" name="runScenario" time="18.828"/>
  <testcase classname="com.Runner.runnerTestNG" name="runScenario" time="13.905"/>
  <testcase classname="com.Runner.runnerTestNG" name="runScenario" time="22.340"/>
  <testcase classname="com.Runner.runnerTestNG" name="runScenario" time="16.116"/>
  <testcase classname="com.Runner.runnerTestNG" name="runScenario" time="21.402"/>
  <testcase classname="com.Runner.runnerTestNG" name="runScenario" time="34.490"/>
  <testcase classname="com.Runner.runnerTestNG" name="runScenario" time="20.899"/>
  <testcase classname="com.Runner.runnerTestNG" name="runScenario" time="57.127"/>
  <testcase classname="com.Runner.runnerTestNG" name="runScenario" time="32.297"/>
  <testcase classname="com.Runner.runnerTestNG" name="runScenario" time="53.875"/>
  <testcase classname="com.Runner.runnerTestNG" name="runScenario" time="26.177"/>
  <testcase classname="com.Runner.runnerTestNG" name="runScenario" time="35.232"/>
  <testcase classname="com.Runner.runnerTestNG" name="runScenario" time="34.922"/>
  <testcase classname="com.Runner.runnerTestNG" name="runScenario" time="14.543"/>
  <testcase classname="com.Runner.runnerTestNG" name="runScenario" time="18.346"/>
  <testcase classname="com.Runner.runnerTestNG" name="runScenario" time="34.335"/>
  <testcase classname="com.Runner.runnerTestNG" name="runScenario" time="34.820"/>
  <testcase classname="com.Runner.runnerTestNG" name="runScenario" time="36.085"/>
  <testcase classname="com.Runner.runnerTestNG" name="runScenario" time="15.264"/>
  <testcase classname="com.Runner.runnerTestNG" name="runScenario" time="13.207"/>
  <testcase classname="com.Runner.runnerTestNG" name="runScenario" time="15.624"/>
  <testcase classname="com.Runner.runnerTestNG" name="runScenario" time="34.042"/>
  <testcase classname="com.Runner.runnerTestNG" name="runScenario" time="39.142"/>
  <testcase classname="com.Runner.runnerTestNG" name="runScenario" time="14.562"/>
  <testcase classname="com.Runner.runnerTestNG" name="runScenario" time="12.241"/>
  <testcase classname="com.Runner.runnerTestNG" name="runScenario" time="8.779"/>
  <testcase classname="com.Runner.runnerTestNG" name="runScenario" time="13.694"/>
  <testcase classname="com.Runner.runnerTestNG" name="runScenario" time="46.524"/>
  <testcase classname="com.Runner.runnerTestNG" name="runScenario" time="19.217"/>
  <testcase classname="com.Runner.runnerTestNG" name="runScenario" time="33.076"/>
  <testcase classname="com.Runner.runnerTestNG" name="runScenario" time="36.374"/>
  <testcase classname="com.Runner.runnerTestNG" name="runScenario" time="17.293"/>
  <testcase classname="com.Runner.runnerTestNG" name="runScenario" time="35.496"/>
  <testcase classname="com.Runner.runnerTestNG" name="runScenario" time="16.245"/>
  <testcase classname="com.Runner.runnerTestNG" name="runScenario" time="17.826"/>
  <testcase classname="com.Runner.runnerTestNG" name="runScenario" time="11.321"/>
  <testcase classname="com.Runner.runnerTestNG" name="runScenario" time="29.510"/>
  <testcase classname="com.Runner.runnerTestNG" name="runScenario" time="26.635"/>
  <testcase classname="com.Runner.runnerTestNG" name="runScenario" time="19.549"/>
  <testcase classname="com.Runner.runnerTestNG" name="runScenario" time="9.080"/>
  <testcase classname="com.Runner.runnerTestNG" name="runScenario" time="18.818"/>
  <testcase classname="com.Runner.runnerTestNG" name="runScenario" time="20.107"/>
  <testcase classname="com.Runner.runnerTestNG" name="runScenario" time="37.090"/>
  <testcase classname="com.Runner.runnerTestNG" name="runScenario" time="29.471"/>
  <testcase classname="com.Runner.runnerTestNG" name="runScenario" time="17.313"/>
  <testcase classname="com.Runner.runnerTestNG" name="runScenario" time="21.143"/>
</testsuite> <!-- com.Runner.runnerTestNG -->
