<?xml version="1.0" encoding="UTF-8"?>
<!-- Generated by org.testng.reporters.JUnitReportReporter -->
<testsuite hostname="DIVRAJ-2004" failures="0" tests="25" name="com.Runner.runnerTestNG" time="1199.794" errors="0" timestamp="2025-04-15T12:40:40 IST" skipped="0">
  <testcase classname="com.Runner.runnerTestNG" name="runScenario" time="40.979"/>
  <testcase classname="com.Runner.runnerTestNG" name="runScenario" time="68.819"/>
  <testcase classname="com.Runner.runnerTestNG" name="runScenario" time="37.625"/>
  <testcase classname="com.Runner.runnerTestNG" name="runScenario" time="34.155"/>
  <testcase classname="com.Runner.runnerTestNG" name="runScenario" time="33.589"/>
  <testcase classname="com.Runner.runnerTestNG" name="runScenario" time="36.429"/>
  <testcase classname="com.Runner.runnerTestNG" name="runScenario" time="51.474"/>
  <testcase classname="com.Runner.runnerTestNG" name="runScenario" time="64.302"/>
  <testcase classname="com.Runner.runnerTestNG" name="runScenario" time="39.293"/>
  <testcase classname="com.Runner.runnerTestNG" name="runScenario" time="37.052"/>
  <testcase classname="com.Runner.runnerTestNG" name="runScenario" time="43.158"/>
  <testcase classname="com.Runner.runnerTestNG" name="runScenario" time="32.708"/>
  <testcase classname="com.Runner.runnerTestNG" name="runScenario" time="35.388"/>
  <testcase classname="com.Runner.runnerTestNG" name="runScenario" time="44.828"/>
  <testcase classname="com.Runner.runnerTestNG" name="runScenario" time="44.917"/>
  <testcase classname="com.Runner.runnerTestNG" name="runScenario" time="42.524"/>
  <testcase classname="com.Runner.runnerTestNG" name="runScenario" time="43.406"/>
  <testcase classname="com.Runner.runnerTestNG" name="runScenario" time="41.206"/>
  <testcase classname="com.Runner.runnerTestNG" name="runScenario" time="50.257"/>
  <testcase classname="com.Runner.runnerTestNG" name="runScenario" time="68.628"/>
  <testcase classname="com.Runner.runnerTestNG" name="runScenario" time="19.789"/>
  <testcase classname="com.Runner.runnerTestNG" name="runScenario" time="117.998"/>
  <testcase classname="com.Runner.runnerTestNG" name="runScenario" time="43.859"/>
  <testcase classname="com.Runner.runnerTestNG" name="runScenario" time="44.291"/>
  <testcase classname="com.Runner.runnerTestNG" name="runScenario" time="83.120"/>
</testsuite> <!-- com.Runner.runnerTestNG -->
