<?xml version="1.0" encoding="UTF-8"?>
<!-- Generated by org.testng.reporters.JUnitReportReporter -->
<<<<<<< HEAD
<testsuite hostname="YUVARAJ_UV" failures="0" tests="75" name="com.Runner.runnerTestNG" time="1968.667" errors="1" timestamp="2025-05-26T15:00:38 IST" skipped="0">
  <testcase classname="com.Runner.runnerTestNG" name="runScenario" time="19.399"/>
  <testcase classname="com.Runner.runnerTestNG" name="runScenario" time="7.930"/>
  <testcase classname="com.Runner.runnerTestNG" name="runScenario" time="18.133"/>
  <testcase classname="com.Runner.runnerTestNG" name="runScenario" time="9.465"/>
  <testcase classname="com.Runner.runnerTestNG" name="runScenario" time="25.452"/>
  <testcase classname="com.Runner.runnerTestNG" name="runScenario" time="95.313"/>
  <testcase classname="com.Runner.runnerTestNG" name="runScenario" time="8.835"/>
  <testcase classname="com.Runner.runnerTestNG" name="runScenario" time="13.133"/>
  <testcase classname="com.Runner.runnerTestNG" name="runScenario" time="8.285"/>
  <testcase classname="com.Runner.runnerTestNG" name="runScenario" time="20.925"/>
  <testcase classname="com.Runner.runnerTestNG" name="runScenario" time="61.699"/>
  <testcase classname="com.Runner.runnerTestNG" name="runScenario" time="28.148"/>
  <testcase classname="com.Runner.runnerTestNG" name="runScenario" time="50.947"/>
  <testcase classname="com.Runner.runnerTestNG" name="runScenario" time="30.461"/>
  <testcase classname="com.Runner.runnerTestNG" name="runScenario" time="24.146"/>
  <testcase classname="com.Runner.runnerTestNG" name="runScenario" time="17.250"/>
  <testcase classname="com.Runner.runnerTestNG" name="runScenario" time="76.125"/>
  <testcase classname="com.Runner.runnerTestNG" name="runScenario" time="12.848"/>
  <testcase classname="com.Runner.runnerTestNG" name="runScenario" time="10.697"/>
  <testcase classname="com.Runner.runnerTestNG" name="runScenario" time="18.402"/>
  <testcase classname="com.Runner.runnerTestNG" name="runScenario" time="8.811"/>
  <testcase classname="com.Runner.runnerTestNG" name="runScenario" time="11.154"/>
  <testcase classname="com.Runner.runnerTestNG" name="runScenario" time="29.021"/>
  <testcase classname="com.Runner.runnerTestNG" name="runScenario" time="48.773"/>
  <testcase classname="com.Runner.runnerTestNG" name="runScenario" time="32.251"/>
  <testcase classname="com.Runner.runnerTestNG" name="runScenario" time="13.257"/>
  <testcase classname="com.Runner.runnerTestNG" name="runScenario" time="22.169"/>
  <testcase classname="com.Runner.runnerTestNG" name="runScenario" time="46.140"/>
  <testcase classname="com.Runner.runnerTestNG" name="runScenario" time="73.600"/>
  <testcase classname="com.Runner.runnerTestNG" name="runScenario" time="19.617"/>
  <testcase classname="com.Runner.runnerTestNG" name="runScenario" time="11.957"/>
  <testcase classname="com.Runner.runnerTestNG" name="runScenario" time="22.898"/>
  <testcase classname="com.Runner.runnerTestNG" name="runScenario" time="11.890"/>
  <testcase classname="com.Runner.runnerTestNG" name="runScenario" time="23.789"/>
  <testcase classname="com.Runner.runnerTestNG" name="runScenario" time="38.348"/>
  <testcase classname="com.Runner.runnerTestNG" name="runScenario" time="19.448"/>
  <testcase classname="com.Runner.runnerTestNG" name="runScenario" time="10.711"/>
  <testcase classname="com.Runner.runnerTestNG" name="runScenario" time="13.898"/>
  <testcase classname="com.Runner.runnerTestNG" name="runScenario" time="27.494"/>
  <testcase classname="com.Runner.runnerTestNG" name="runScenario" time="14.906"/>
  <testcase classname="com.Runner.runnerTestNG" name="runScenario" time="17.971"/>
  <testcase classname="com.Runner.runnerTestNG" name="runScenario" time="7.863"/>
  <testcase classname="com.Runner.runnerTestNG" name="runScenario" time="19.114"/>
  <testcase classname="com.Runner.runnerTestNG" name="runScenario" time="18.608"/>
  <testcase classname="com.Runner.runnerTestNG" name="runScenario" time="23.993"/>
  <testcase classname="com.Runner.runnerTestNG" name="runScenario" time="13.329"/>
  <testcase classname="com.Runner.runnerTestNG" name="runScenario" time="58.250"/>
  <testcase classname="com.Runner.runnerTestNG" name="runScenario" time="15.979">
    <error message="stale element reference: stale element not found
  (Session info: chrome=137.0.7151.41)
For documentation on this error, please visit: https://www.selenium.dev/documentation/webdriver/troubleshooting/errors#stale-element-reference-exception
Build info: version: &#039;4.31.0&#039;, revision: &#039;1ef9f18787*&#039;
System info: os.name: &#039;Windows 11&#039;, os.arch: &#039;amd64&#039;, os.version: &#039;10.0&#039;, java.version: &#039;21.0.6&#039;
Driver info: org.openqa.selenium.chrome.ChromeDriver
Command: [16d0f25af8c7fb757b793d0f4fd90cf1, clearElement {id=f.5DCCEAA6D7BF6AB2C78D901268C692E2.d.42D7FE970C6CCE00FB7EA1B6BD911599.e.20}]
Capabilities {acceptInsecureCerts: false, browserName: chrome, browserVersion: 137.0.7151.41, chrome: {chromedriverVersion: 137.0.7151.40 (84781974514a..., userDataDir: C:\Users\yuvar\AppData\Loca...}, fedcm:accounts: true, goog:chromeOptions: {debuggerAddress: localhost:58587}, networkConnectionEnabled: false, pageLoadStrategy: normal, platformName: windows, proxy: Proxy(), se:cdp: ws://localhost:58587/devtoo..., se:cdpVersion: 137.0.7151.41, setWindowRect: true, strictFileInteractability: false, timeouts: {implicit: 0, pageLoad: 300000, script: 30000}, unhandledPromptBehavior: dismiss and notify, webauthn:extension:credBlob: true, webauthn:extension:largeBlob: true, webauthn:extension:minPinLength: true, webauthn:extension:prf: true, webauthn:virtualAuthenticators: true}
Element: [[ChromeDriver: chrome on windows (16d0f25af8c7fb757b793d0f4fd90cf1)] -&gt; xpath: //input[@type=&quot;submit&quot;]//preceding-sibling::input]
Session ID: 16d0f25af8c7fb757b793d0f4fd90cf1" type="org.openqa.selenium.StaleElementReferenceException">
      <![CDATA[org.openqa.selenium.StaleElementReferenceException: stale element reference: stale element not found
  (Session info: chrome=137.0.7151.41)
For documentation on this error, please visit: https://www.selenium.dev/documentation/webdriver/troubleshooting/errors#stale-element-reference-exception
Build info: version: '4.31.0', revision: '1ef9f18787*'
System info: os.name: 'Windows 11', os.arch: 'amd64', os.version: '10.0', java.version: '21.0.6'
Driver info: org.openqa.selenium.chrome.ChromeDriver
Command: [16d0f25af8c7fb757b793d0f4fd90cf1, clearElement {id=f.5DCCEAA6D7BF6AB2C78D901268C692E2.d.42D7FE970C6CCE00FB7EA1B6BD911599.e.20}]
Capabilities {acceptInsecureCerts: false, browserName: chrome, browserVersion: 137.0.7151.41, chrome: {chromedriverVersion: 137.0.7151.40 (84781974514a..., userDataDir: C:\Users\yuvar\AppData\Loca...}, fedcm:accounts: true, goog:chromeOptions: {debuggerAddress: localhost:58587}, networkConnectionEnabled: false, pageLoadStrategy: normal, platformName: windows, proxy: Proxy(), se:cdp: ws://localhost:58587/devtoo..., se:cdpVersion: 137.0.7151.41, setWindowRect: true, strictFileInteractability: false, timeouts: {implicit: 0, pageLoad: 300000, script: 30000}, unhandledPromptBehavior: dismiss and notify, webauthn:extension:credBlob: true, webauthn:extension:largeBlob: true, webauthn:extension:minPinLength: true, webauthn:extension:prf: true, webauthn:virtualAuthenticators: true}
Element: [[ChromeDriver: chrome on windows (16d0f25af8c7fb757b793d0f4fd90cf1)] -> xpath: //input[@type="submit"]//preceding-sibling::input]
Session ID: 16d0f25af8c7fb757b793d0f4fd90cf1
at java.base/jdk.internal.reflect.DirectConstructorHandleAccessor.newInstance(DirectConstructorHandleAccessor.java:62)
at java.base/java.lang.reflect.Constructor.newInstanceWithCaller(Constructor.java:502)
at java.base/java.lang.reflect.Constructor.newInstance(Constructor.java:486)
at org.openqa.selenium.remote.ErrorCodec.decode(ErrorCodec.java:167)
at org.openqa.selenium.remote.codec.w3c.W3CHttpResponseCodec.decode(W3CHttpResponseCodec.java:138)
at org.openqa.selenium.remote.codec.w3c.W3CHttpResponseCodec.decode(W3CHttpResponseCodec.java:50)
at org.openqa.selenium.remote.HttpCommandExecutor.execute(HttpCommandExecutor.java:215)
at org.openqa.selenium.remote.service.DriverCommandExecutor.invokeExecute(DriverCommandExecutor.java:216)
at org.openqa.selenium.remote.service.DriverCommandExecutor.execute(DriverCommandExecutor.java:174)
at org.openqa.selenium.remote.RemoteWebDriver.execute(RemoteWebDriver.java:545)
at org.openqa.selenium.remote.RemoteWebElement.execute(RemoteWebElement.java:223)
at org.openqa.selenium.remote.RemoteWebElement.clear(RemoteWebElement.java:129)
at java.base/jdk.internal.reflect.DirectMethodHandleAccessor.invoke(DirectMethodHandleAccessor.java:103)
at java.base/java.lang.reflect.Method.invoke(Method.java:580)
at org.openqa.selenium.support.pagefactory.internal.LocatingElementHandler.invoke(LocatingElementHandler.java:51)
at jdk.proxy2/jdk.proxy2.$Proxy27.clear(Unknown Source)
at com.Actions.SearchAction.enterSearchText(SearchAction.java:27)
at com.Definitions.HomeStepDefinition.i_click_the_search_bar_and_enter_search_keyword(HomeStepDefinition.java:130)
at âœ½.I click the search bar and enter search keyword(file:///C:/Users/yuvar/DemoWebShop(Automation)/DemoWebShop-Cucumber/src/test/resources/Features/HomePage.feature:38)
]]>
    </error>
  </testcase> <!-- runScenario -->
  <testcase classname="com.Runner.runnerTestNG" name="runScenario" time="46.315"/>
  <testcase classname="com.Runner.runnerTestNG" name="runScenario" time="23.996"/>
  <testcase classname="com.Runner.runnerTestNG" name="runScenario" time="28.172"/>
  <testcase classname="com.Runner.runnerTestNG" name="runScenario" time="31.026"/>
  <testcase classname="com.Runner.runnerTestNG" name="runScenario" time="29.012"/>
  <testcase classname="com.Runner.runnerTestNG" name="runScenario" time="46.827"/>
  <testcase classname="com.Runner.runnerTestNG" name="runScenario" time="29.617"/>
  <testcase classname="com.Runner.runnerTestNG" name="runScenario" time="13.875"/>
  <testcase classname="com.Runner.runnerTestNG" name="runScenario" time="19.438"/>
  <testcase classname="com.Runner.runnerTestNG" name="runScenario" time="32.292"/>
  <testcase classname="com.Runner.runnerTestNG" name="runScenario" time="19.738"/>
  <testcase classname="com.Runner.runnerTestNG" name="runScenario" time="110.028"/>
  <testcase classname="com.Runner.runnerTestNG" name="runScenario" time="23.422"/>
  <testcase classname="com.Runner.runnerTestNG" name="runScenario" time="14.212"/>
  <testcase classname="com.Runner.runnerTestNG" name="runScenario" time="23.606"/>
  <testcase classname="com.Runner.runnerTestNG" name="runScenario" time="20.275"/>
  <testcase classname="com.Runner.runnerTestNG" name="runScenario" time="20.464"/>
  <testcase classname="com.Runner.runnerTestNG" name="runScenario" time="14.230"/>
  <testcase classname="com.Runner.runnerTestNG" name="runScenario" time="27.241"/>
  <testcase classname="com.Runner.runnerTestNG" name="runScenario" time="23.471"/>
  <testcase classname="com.Runner.runnerTestNG" name="runScenario" time="13.748"/>
  <testcase classname="com.Runner.runnerTestNG" name="runScenario" time="12.309"/>
  <testcase classname="com.Runner.runnerTestNG" name="runScenario" time="19.259"/>
  <testcase classname="com.Runner.runnerTestNG" name="runScenario" time="29.450"/>
  <testcase classname="com.Runner.runnerTestNG" name="runScenario" time="31.454"/>
  <testcase classname="com.Runner.runnerTestNG" name="runScenario" time="11.581"/>
  <testcase classname="com.Runner.runnerTestNG" name="runScenario" time="20.777"/>
=======
<testsuite hostname="DIVRAJ-2004" failures="0" tests="76" name="com.Runner.runnerTestNG" time="1838.538" errors="3" timestamp="2025-05-26T13:18:42 IST" skipped="0">
  <testcase classname="com.Runner.runnerTestNG" name="runScenario" time="65.779"/>
  <testcase classname="com.Runner.runnerTestNG" name="runScenario" time="14.949"/>
  <testcase classname="com.Runner.runnerTestNG" name="runScenario" time="44.126"/>
  <testcase classname="com.Runner.runnerTestNG" name="runScenario" time="12.544"/>
  <testcase classname="com.Runner.runnerTestNG" name="runScenario" time="8.688"/>
  <testcase classname="com.Runner.runnerTestNG" name="runScenario" time="31.647">
    <error message="no such element: Unable to locate element: {&quot;method&quot;:&quot;xpath&quot;,&quot;selector&quot;:&quot;//div[@class=&quot;home-banner-text-section&quot;]//child::h1&quot;}
  (Session info: chrome=136.0.7103.114)
For documentation on this error, please visit: https://www.selenium.dev/documentation/webdriver/troubleshooting/errors#no-such-element-exception
Build info: version: &#039;4.31.0&#039;, revision: &#039;1ef9f18787*&#039;
System info: os.name: &#039;Windows 11&#039;, os.arch: &#039;amd64&#039;, os.version: &#039;10.0&#039;, java.version: &#039;21.0.6&#039;
Driver info: org.openqa.selenium.chrome.ChromeDriver
Command: [1869afd6b841207f7460840e0d9c66f9, findElement {value=//div[@class=&quot;home-banner-text-section&quot;]//child::h1, using=xpath}]
Capabilities {acceptInsecureCerts: false, browserName: chrome, browserVersion: 136.0.7103.114, chrome: {chromedriverVersion: 136.0.7103.113 (76fa3c17824..., userDataDir: C:\Users\Lenovo\AppData\Loc...}, fedcm:accounts: true, goog:chromeOptions: {debuggerAddress: localhost:56256}, networkConnectionEnabled: false, pageLoadStrategy: normal, platformName: windows, proxy: Proxy(), se:cdp: ws://localhost:56256/devtoo..., se:cdpVersion: 136.0.7103.114, setWindowRect: true, strictFileInteractability: false, timeouts: {implicit: 0, pageLoad: 300000, script: 30000}, unhandledPromptBehavior: dismiss and notify, webauthn:extension:credBlob: true, webauthn:extension:largeBlob: true, webauthn:extension:minPinLength: true, webauthn:extension:prf: true, webauthn:virtualAuthenticators: true}
Session ID: 1869afd6b841207f7460840e0d9c66f9" type="org.openqa.selenium.NoSuchElementException">
      <![CDATA[org.openqa.selenium.NoSuchElementException: no such element: Unable to locate element: {"method":"xpath","selector":"//div[@class="home-banner-text-section"]//child::h1"}
  (Session info: chrome=136.0.7103.114)
For documentation on this error, please visit: https://www.selenium.dev/documentation/webdriver/troubleshooting/errors#no-such-element-exception
Build info: version: '4.31.0', revision: '1ef9f18787*'
System info: os.name: 'Windows 11', os.arch: 'amd64', os.version: '10.0', java.version: '21.0.6'
Driver info: org.openqa.selenium.chrome.ChromeDriver
Command: [1869afd6b841207f7460840e0d9c66f9, findElement {value=//div[@class="home-banner-text-section"]//child::h1, using=xpath}]
Capabilities {acceptInsecureCerts: false, browserName: chrome, browserVersion: 136.0.7103.114, chrome: {chromedriverVersion: 136.0.7103.113 (76fa3c17824..., userDataDir: C:\Users\Lenovo\AppData\Loc...}, fedcm:accounts: true, goog:chromeOptions: {debuggerAddress: localhost:56256}, networkConnectionEnabled: false, pageLoadStrategy: normal, platformName: windows, proxy: Proxy(), se:cdp: ws://localhost:56256/devtoo..., se:cdpVersion: 136.0.7103.114, setWindowRect: true, strictFileInteractability: false, timeouts: {implicit: 0, pageLoad: 300000, script: 30000}, unhandledPromptBehavior: dismiss and notify, webauthn:extension:credBlob: true, webauthn:extension:largeBlob: true, webauthn:extension:minPinLength: true, webauthn:extension:prf: true, webauthn:virtualAuthenticators: true}
Session ID: 1869afd6b841207f7460840e0d9c66f9
at java.base/jdk.internal.reflect.DirectConstructorHandleAccessor.newInstance(DirectConstructorHandleAccessor.java:62)
at java.base/java.lang.reflect.Constructor.newInstanceWithCaller(Constructor.java:502)
at java.base/java.lang.reflect.Constructor.newInstance(Constructor.java:486)
at org.openqa.selenium.remote.ErrorCodec.decode(ErrorCodec.java:167)
at org.openqa.selenium.remote.codec.w3c.W3CHttpResponseCodec.decode(W3CHttpResponseCodec.java:138)
at org.openqa.selenium.remote.codec.w3c.W3CHttpResponseCodec.decode(W3CHttpResponseCodec.java:50)
at org.openqa.selenium.remote.HttpCommandExecutor.execute(HttpCommandExecutor.java:215)
at org.openqa.selenium.remote.service.DriverCommandExecutor.invokeExecute(DriverCommandExecutor.java:216)
at org.openqa.selenium.remote.service.DriverCommandExecutor.execute(DriverCommandExecutor.java:174)
at org.openqa.selenium.remote.RemoteWebDriver.execute(RemoteWebDriver.java:545)
at org.openqa.selenium.remote.ElementLocation$ElementFinder$2.findElement(ElementLocation.java:165)
at org.openqa.selenium.remote.ElementLocation.findElement(ElementLocation.java:59)
at org.openqa.selenium.remote.RemoteWebDriver.findElement(RemoteWebDriver.java:368)
at org.openqa.selenium.remote.RemoteWebDriver.findElement(RemoteWebDriver.java:362)
at org.openqa.selenium.support.pagefactory.DefaultElementLocator.findElement(DefaultElementLocator.java:68)
at org.openqa.selenium.support.pagefactory.internal.LocatingElementHandler.invoke(LocatingElementHandler.java:38)
at jdk.proxy2/jdk.proxy2.$Proxy27.getText(Unknown Source)
at com.Actions.nopcommerceAction.nopgettext(nopcommerceAction.java:32)
at com.Definitions.nopcommerceStepDefinition.the_user_should_see_the_nopcommerce_website_successfully(nopcommerceStepDefinition.java:28)
at âœ½.the user should see the nopcommerce website successfully(file:///C:/Users/Lenovo/git/DemoWebShop-Cucumber/src/test/resources/Features/nopcommerce.feature:11)
]]>
    </error>
  </testcase> <!-- runScenario -->
  <testcase classname="com.Runner.runnerTestNG" name="runScenario" time="20.302"/>
  <testcase classname="com.Runner.runnerTestNG" name="runScenario" time="14.892"/>
  <testcase classname="com.Runner.runnerTestNG" name="runScenario" time="9.181"/>
  <testcase classname="com.Runner.runnerTestNG" name="runScenario" time="7.393"/>
  <testcase classname="com.Runner.runnerTestNG" name="runScenario" time="15.013"/>
  <testcase classname="com.Runner.runnerTestNG" name="runScenario" time="7.120"/>
  <testcase classname="com.Runner.runnerTestNG" name="runScenario" time="18.454"/>
  <testcase classname="com.Runner.runnerTestNG" name="runScenario" time="9.729"/>
  <testcase classname="com.Runner.runnerTestNG" name="runScenario" time="24.098"/>
  <testcase classname="com.Runner.runnerTestNG" name="runScenario" time="20.186"/>
  <testcase classname="com.Runner.runnerTestNG" name="runScenario" time="10.810"/>
  <testcase classname="com.Runner.runnerTestNG" name="runScenario" time="7.715"/>
  <testcase classname="com.Runner.runnerTestNG" name="runScenario" time="13.999"/>
  <testcase classname="com.Runner.runnerTestNG" name="runScenario" time="15.843"/>
  <testcase classname="com.Runner.runnerTestNG" name="runScenario" time="45.062"/>
  <testcase classname="com.Runner.runnerTestNG" name="runScenario" time="20.095"/>
  <testcase classname="com.Runner.runnerTestNG" name="runScenario" time="14.968"/>
  <testcase classname="com.Runner.runnerTestNG" name="runScenario" time="19.773"/>
  <testcase classname="com.Runner.runnerTestNG" name="runScenario" time="92.750"/>
  <testcase classname="com.Runner.runnerTestNG" name="runScenario" time="7.532"/>
  <testcase classname="com.Runner.runnerTestNG" name="runScenario" time="15.286"/>
  <testcase classname="com.Runner.runnerTestNG" name="runScenario" time="21.130"/>
  <testcase classname="com.Runner.runnerTestNG" name="runScenario" time="15.600"/>
  <testcase classname="com.Runner.runnerTestNG" name="runScenario" time="11.652"/>
  <testcase classname="com.Runner.runnerTestNG" name="runScenario" time="9.527"/>
  <testcase classname="com.Runner.runnerTestNG" name="runScenario" time="24.401"/>
  <testcase classname="com.Runner.runnerTestNG" name="runScenario" time="28.165"/>
  <testcase classname="com.Runner.runnerTestNG" name="runScenario" time="18.413"/>
  <testcase classname="com.Runner.runnerTestNG" name="runScenario" time="14.113"/>
  <testcase classname="com.Runner.runnerTestNG" name="runScenario" time="148.225"/>
  <testcase classname="com.Runner.runnerTestNG" name="runScenario" time="21.056"/>
  <testcase classname="com.Runner.runnerTestNG" name="runScenario" time="61.212">
    <error message="Expected condition failed: waiting for visibility of Proxy element for: DefaultElementLocator &#039;By.linkText: About us&#039; (tried for 20 second(s) with 500 milliseconds interval)" type="org.openqa.selenium.TimeoutException">
      <![CDATA[org.openqa.selenium.TimeoutException: Expected condition failed: waiting for visibility of Proxy element for: DefaultElementLocator 'By.linkText: About us' (tried for 20 second(s) with 500 milliseconds interval)
at org.openqa.selenium.support.ui.WebDriverWait.timeoutException(WebDriverWait.java:84)
at org.openqa.selenium.support.ui.FluentWait.until(FluentWait.java:228)
at com.Actions.nopcommerceAction.aboutus(nopcommerceAction.java:41)
at com.Definitions.nopcommerceStepDefinition.click_the_about_us_in_the_footer(nopcommerceStepDefinition.java:39)
at âœ½.click the about us in the footer(file:///C:/Users/Lenovo/git/DemoWebShop-Cucumber/src/test/resources/Features/nopcommerce.feature:17)
Caused by: org.openqa.selenium.NoSuchElementException: no such element: Unable to locate element: {"method":"link text","selector":"About us"}
  (Session info: chrome=136.0.7103.114)
For documentation on this error, please visit: https://www.selenium.dev/documentation/webdriver/troubleshooting/errors#no-such-element-exception
Build info: version: '4.31.0', revision: '1ef9f18787*'
System info: os.name: 'Windows 11', os.arch: 'amd64', os.version: '10.0', java.version: '21.0.6'
Driver info: org.openqa.selenium.chrome.ChromeDriver
Command: [439fa34bc05631769baf77a1caead0f2, findElement {value=About us, using=link text}]
Capabilities {acceptInsecureCerts: false, browserName: chrome, browserVersion: 136.0.7103.114, chrome: {chromedriverVersion: 136.0.7103.113 (76fa3c17824..., userDataDir: C:\Users\Lenovo\AppData\Loc...}, fedcm:accounts: true, goog:chromeOptions: {debuggerAddress: localhost:56253}, networkConnectionEnabled: false, pageLoadStrategy: normal, platformName: windows, proxy: Proxy(), se:cdp: ws://localhost:56253/devtoo..., se:cdpVersion: 136.0.7103.114, setWindowRect: true, strictFileInteractability: false, timeouts: {implicit: 0, pageLoad: 300000, script: 30000}, unhandledPromptBehavior: dismiss and notify, webauthn:extension:credBlob: true, webauthn:extension:largeBlob: true, webauthn:extension:minPinLength: true, webauthn:extension:prf: true, webauthn:virtualAuthenticators: true}
Session ID: 439fa34bc05631769baf77a1caead0f2
at java.base/jdk.internal.reflect.DirectConstructorHandleAccessor.newInstance(DirectConstructorHandleAccessor.java:62)
at java.base/java.lang.reflect.Constructor.newInstanceWithCaller(Constructor.java:502)
at java.base/java.lang.reflect.Constructor.newInstance(Constructor.java:486)
at org.openqa.selenium.remote.ErrorCodec.decode(ErrorCodec.java:167)
at org.openqa.selenium.remote.codec.w3c.W3CHttpResponseCodec.decode(W3CHttpResponseCodec.java:138)
at org.openqa.selenium.remote.codec.w3c.W3CHttpResponseCodec.decode(W3CHttpResponseCodec.java:50)
at org.openqa.selenium.remote.HttpCommandExecutor.execute(HttpCommandExecutor.java:215)
at org.openqa.selenium.remote.service.DriverCommandExecutor.invokeExecute(DriverCommandExecutor.java:216)
at org.openqa.selenium.remote.service.DriverCommandExecutor.execute(DriverCommandExecutor.java:174)
at org.openqa.selenium.remote.RemoteWebDriver.execute(RemoteWebDriver.java:545)
at org.openqa.selenium.remote.ElementLocation$ElementFinder$2.findElement(ElementLocation.java:165)
at org.openqa.selenium.remote.ElementLocation.findElement(ElementLocation.java:59)
at org.openqa.selenium.remote.RemoteWebDriver.findElement(RemoteWebDriver.java:368)
at org.openqa.selenium.remote.RemoteWebDriver.findElement(RemoteWebDriver.java:362)
at org.openqa.selenium.support.pagefactory.DefaultElementLocator.findElement(DefaultElementLocator.java:68)
at org.openqa.selenium.support.pagefactory.internal.LocatingElementHandler.invoke(LocatingElementHandler.java:38)
at jdk.proxy2/jdk.proxy2.$Proxy27.isDisplayed(Unknown Source)
at org.openqa.selenium.support.ui.ExpectedConditions.elementIfVisible(ExpectedConditions.java:304)
at org.openqa.selenium.support.ui.ExpectedConditions$10.apply(ExpectedConditions.java:290)
at org.openqa.selenium.support.ui.ExpectedConditions$10.apply(ExpectedConditions.java:287)
at org.openqa.selenium.support.ui.FluentWait.until(FluentWait.java:203)
... 3 more
]]>
    </error>
  </testcase> <!-- runScenario -->
  <testcase classname="com.Runner.runnerTestNG" name="runScenario" time="8.306"/>
  <testcase classname="com.Runner.runnerTestNG" name="runScenario" time="120.841"/>
  <testcase classname="com.Runner.runnerTestNG" name="runScenario" time="15.409"/>
  <testcase classname="com.Runner.runnerTestNG" name="runScenario" time="20.457"/>
  <testcase classname="com.Runner.runnerTestNG" name="runScenario" time="46.353"/>
  <testcase classname="com.Runner.runnerTestNG" name="runScenario" time="12.427"/>
  <testcase classname="com.Runner.runnerTestNG" name="runScenario" time="15.716"/>
  <testcase classname="com.Runner.runnerTestNG" name="runScenario" time="36.393"/>
  <testcase classname="com.Runner.runnerTestNG" name="runScenario" time="12.633"/>
  <testcase classname="com.Runner.runnerTestNG" name="runScenario" time="12.012"/>
  <testcase classname="com.Runner.runnerTestNG" name="runScenario" time="16.985"/>
  <testcase classname="com.Runner.runnerTestNG" name="runScenario" time="23.222"/>
  <testcase classname="com.Runner.runnerTestNG" name="runScenario" time="46.053"/>
  <testcase classname="com.Runner.runnerTestNG" name="runScenario" time="9.340"/>
  <testcase classname="com.Runner.runnerTestNG" name="runScenario" time="8.688"/>
  <testcase classname="com.Runner.runnerTestNG" name="runScenario" time="10.825"/>
  <testcase classname="com.Runner.runnerTestNG" name="runScenario" time="9.370"/>
  <testcase classname="com.Runner.runnerTestNG" name="runScenario" time="10.083"/>
  <testcase classname="com.Runner.runnerTestNG" name="runScenario" time="15.381"/>
  <testcase classname="com.Runner.runnerTestNG" name="runScenario" time="34.710">
    <error message="no such element: Unable to locate element: {&quot;method&quot;:&quot;xpath&quot;,&quot;selector&quot;:&quot;//*[@id=&quot;CountryId&quot;]&quot;}
  (Session info: chrome=136.0.7103.114)
For documentation on this error, please visit: https://www.selenium.dev/documentation/webdriver/troubleshooting/errors#no-such-element-exception
Build info: version: &#039;4.31.0&#039;, revision: &#039;1ef9f18787*&#039;
System info: os.name: &#039;Windows 11&#039;, os.arch: &#039;amd64&#039;, os.version: &#039;10.0&#039;, java.version: &#039;21.0.6&#039;
Driver info: org.openqa.selenium.chrome.ChromeDriver
Command: [3caa94499d24634489aee6211fab22ea, findElement {value=//*[@id=&quot;CountryId&quot;], using=xpath}]
Capabilities {acceptInsecureCerts: false, browserName: chrome, browserVersion: 136.0.7103.114, chrome: {chromedriverVersion: 136.0.7103.113 (76fa3c17824..., userDataDir: C:\Users\Lenovo\AppData\Loc...}, fedcm:accounts: true, goog:chromeOptions: {debuggerAddress: localhost:55219}, networkConnectionEnabled: false, pageLoadStrategy: normal, platformName: windows, proxy: Proxy(), se:cdp: ws://localhost:55219/devtoo..., se:cdpVersion: 136.0.7103.114, setWindowRect: true, strictFileInteractability: false, timeouts: {implicit: 0, pageLoad: 300000, script: 30000}, unhandledPromptBehavior: dismiss and notify, webauthn:extension:credBlob: true, webauthn:extension:largeBlob: true, webauthn:extension:minPinLength: true, webauthn:extension:prf: true, webauthn:virtualAuthenticators: true}
Session ID: 3caa94499d24634489aee6211fab22ea" type="org.openqa.selenium.NoSuchElementException">
      <![CDATA[org.openqa.selenium.NoSuchElementException: no such element: Unable to locate element: {"method":"xpath","selector":"//*[@id="CountryId"]"}
  (Session info: chrome=136.0.7103.114)
For documentation on this error, please visit: https://www.selenium.dev/documentation/webdriver/troubleshooting/errors#no-such-element-exception
Build info: version: '4.31.0', revision: '1ef9f18787*'
System info: os.name: 'Windows 11', os.arch: 'amd64', os.version: '10.0', java.version: '21.0.6'
Driver info: org.openqa.selenium.chrome.ChromeDriver
Command: [3caa94499d24634489aee6211fab22ea, findElement {value=//*[@id="CountryId"], using=xpath}]
Capabilities {acceptInsecureCerts: false, browserName: chrome, browserVersion: 136.0.7103.114, chrome: {chromedriverVersion: 136.0.7103.113 (76fa3c17824..., userDataDir: C:\Users\Lenovo\AppData\Loc...}, fedcm:accounts: true, goog:chromeOptions: {debuggerAddress: localhost:55219}, networkConnectionEnabled: false, pageLoadStrategy: normal, platformName: windows, proxy: Proxy(), se:cdp: ws://localhost:55219/devtoo..., se:cdpVersion: 136.0.7103.114, setWindowRect: true, strictFileInteractability: false, timeouts: {implicit: 0, pageLoad: 300000, script: 30000}, unhandledPromptBehavior: dismiss and notify, webauthn:extension:credBlob: true, webauthn:extension:largeBlob: true, webauthn:extension:minPinLength: true, webauthn:extension:prf: true, webauthn:virtualAuthenticators: true}
Session ID: 3caa94499d24634489aee6211fab22ea
at java.base/jdk.internal.reflect.DirectConstructorHandleAccessor.newInstance(DirectConstructorHandleAccessor.java:62)
at java.base/java.lang.reflect.Constructor.newInstanceWithCaller(Constructor.java:502)
at java.base/java.lang.reflect.Constructor.newInstance(Constructor.java:486)
at org.openqa.selenium.remote.ErrorCodec.decode(ErrorCodec.java:167)
at org.openqa.selenium.remote.codec.w3c.W3CHttpResponseCodec.decode(W3CHttpResponseCodec.java:138)
at org.openqa.selenium.remote.codec.w3c.W3CHttpResponseCodec.decode(W3CHttpResponseCodec.java:50)
at org.openqa.selenium.remote.HttpCommandExecutor.execute(HttpCommandExecutor.java:215)
at org.openqa.selenium.remote.service.DriverCommandExecutor.invokeExecute(DriverCommandExecutor.java:216)
at org.openqa.selenium.remote.service.DriverCommandExecutor.execute(DriverCommandExecutor.java:174)
at org.openqa.selenium.remote.RemoteWebDriver.execute(RemoteWebDriver.java:545)
at org.openqa.selenium.remote.ElementLocation$ElementFinder$2.findElement(ElementLocation.java:165)
at org.openqa.selenium.remote.ElementLocation.findElement(ElementLocation.java:59)
at org.openqa.selenium.remote.RemoteWebDriver.findElement(RemoteWebDriver.java:368)
at org.openqa.selenium.remote.RemoteWebDriver.findElement(RemoteWebDriver.java:362)
at com.Actions.ProductAction.countryPin(ProductAction.java:261)
at com.Definitions.ProductStepDefinition.enter_the_country_and_pincode_and_click_estimate_shipping(ProductStepDefinition.java:240)
at âœ½.enter the country and pincode and click Estimate Shipping(file:///C:/Users/Lenovo/git/DemoWebShop-Cucumber/src/test/resources/Features/Product.feature:67)
]]>
    </error>
  </testcase> <!-- runScenario -->
  <testcase classname="com.Runner.runnerTestNG" name="runScenario" time="44.101"/>
  <testcase classname="com.Runner.runnerTestNG" name="runScenario" time="14.860"/>
  <testcase classname="com.Runner.runnerTestNG" name="runScenario" time="11.642"/>
  <testcase classname="com.Runner.runnerTestNG" name="runScenario" time="31.853"/>
  <testcase classname="com.Runner.runnerTestNG" name="runScenario" time="13.046"/>
  <testcase classname="com.Runner.runnerTestNG" name="runScenario" time="18.709"/>
  <testcase classname="com.Runner.runnerTestNG" name="runScenario" time="12.756"/>
  <testcase classname="com.Runner.runnerTestNG" name="runScenario" time="18.679"/>
  <testcase classname="com.Runner.runnerTestNG" name="runScenario" time="12.167"/>
  <testcase classname="com.Runner.runnerTestNG" name="runScenario" time="15.864"/>
  <testcase classname="com.Runner.runnerTestNG" name="runScenario" time="15.931"/>
  <testcase classname="com.Runner.runnerTestNG" name="runScenario" time="9.835"/>
  <testcase classname="com.Runner.runnerTestNG" name="runScenario" time="68.157"/>
  <testcase classname="com.Runner.runnerTestNG" name="runScenario" time="18.898"/>
  <testcase classname="com.Runner.runnerTestNG" name="runScenario" time="6.741"/>
  <testcase classname="com.Runner.runnerTestNG" name="runScenario" time="8.078"/>
  <testcase classname="com.Runner.runnerTestNG" name="runScenario" time="6.987"/>
  <testcase classname="com.Runner.runnerTestNG" name="runScenario" time="63.602"/>
>>>>>>> branch 'Divraj' of https://github.com/yuvarajry20/DemoWebShop-Cucumber.git
</testsuite> <!-- com.Runner.runnerTestNG -->
