<?xml version="1.0" encoding="UTF-8"?>
<!-- Generated by org.testng.reporters.JUnitReportReporter -->
<testsuite hostname="DIVRAJ-2004" failures="0" tests="64" name="com.Runner.runnerTestNG" time="985.286" errors="4" timestamp="2025-04-16T20:40:53 IST" skipped="0">
  <testcase classname="com.Runner.runnerTestNG" name="runScenario" time="13.199"/>
  <testcase classname="com.Runner.runnerTestNG" name="runScenario" time="11.169"/>
  <testcase classname="com.Runner.runnerTestNG" name="runScenario" time="13.499"/>
  <testcase classname="com.Runner.runnerTestNG" name="runScenario" time="62.159">
    <error message="Expected condition failed: waiting for visibility of element located by By.xpath: //div[@class=&#039;section order-completed&#039;]//div[@class=&#039;title&#039;]//strong (tried for 25 second(s) with 500 milliseconds interval)
Build info: version: &#039;4.31.0&#039;, revision: &#039;1ef9f18787*&#039;
System info: os.name: &#039;Windows 11&#039;, os.arch: &#039;amd64&#039;, os.version: &#039;10.0&#039;, java.version: &#039;21.0.6&#039;
Driver info: org.openqa.selenium.chrome.ChromeDriver
Capabilities {acceptInsecureCerts: false, browserName: chrome, browserVersion: 135.0.7049.86, chrome: {chromedriverVersion: 135.0.7049.95 (de2eb485a195..., userDataDir: C:\Users\Lenovo\AppData\Loc...}, fedcm:accounts: true, goog:chromeOptions: {debuggerAddress: localhost:50436}, networkConnectionEnabled: false, pageLoadStrategy: normal, platformName: windows, proxy: Proxy(), se:cdp: ws://localhost:50436/devtoo..., se:cdpVersion: 135.0.7049.86, setWindowRect: true, strictFileInteractability: false, timeouts: {implicit: 0, pageLoad: 300000, script: 30000}, unhandledPromptBehavior: dismiss and notify, webauthn:extension:credBlob: true, webauthn:extension:largeBlob: true, webauthn:extension:minPinLength: true, webauthn:extension:prf: true, webauthn:virtualAuthenticators: true}
Session ID: a5bb793b4daaa072f25fbe2d5b6cf98a" type="org.openqa.selenium.TimeoutException">
      <![CDATA[org.openqa.selenium.TimeoutException: Expected condition failed: waiting for visibility of element located by By.xpath: //div[@class='section order-completed']//div[@class='title']//strong (tried for 25 second(s) with 500 milliseconds interval)
Build info: version: '4.31.0', revision: '1ef9f18787*'
System info: os.name: 'Windows 11', os.arch: 'amd64', os.version: '10.0', java.version: '21.0.6'
Driver info: org.openqa.selenium.chrome.ChromeDriver
Capabilities {acceptInsecureCerts: false, browserName: chrome, browserVersion: 135.0.7049.86, chrome: {chromedriverVersion: 135.0.7049.95 (de2eb485a195..., userDataDir: C:\Users\Lenovo\AppData\Loc...}, fedcm:accounts: true, goog:chromeOptions: {debuggerAddress: localhost:50436}, networkConnectionEnabled: false, pageLoadStrategy: normal, platformName: windows, proxy: Proxy(), se:cdp: ws://localhost:50436/devtoo..., se:cdpVersion: 135.0.7049.86, setWindowRect: true, strictFileInteractability: false, timeouts: {implicit: 0, pageLoad: 300000, script: 30000}, unhandledPromptBehavior: dismiss and notify, webauthn:extension:credBlob: true, webauthn:extension:largeBlob: true, webauthn:extension:minPinLength: true, webauthn:extension:prf: true, webauthn:virtualAuthenticators: true}
Session ID: a5bb793b4daaa072f25fbe2d5b6cf98a
at org.openqa.selenium.support.ui.WebDriverWait.timeoutException(WebDriverWait.java:84)
at org.openqa.selenium.support.ui.FluentWait.until(FluentWait.java:228)
at com.Actions.CheckoutAction.getplacedorder(CheckoutAction.java:116)
at com.Definitions.CheckoutStepDefinition.click_the_invoice_pdf(CheckoutStepDefinition.java:113)
at ✽.click the invoice pdf(file:///C:/Users/Lenovo/git/DemoWebShop-Cucumber/src/test/resources/Features/CheckOut.feature:37)
]]>
    </error>
  </testcase> <!-- runScenario -->
  <testcase classname="com.Runner.runnerTestNG" name="runScenario" time="14.127"/>
  <testcase classname="com.Runner.runnerTestNG" name="runScenario" time="13.193"/>
  <testcase classname="com.Runner.runnerTestNG" name="runScenario" time="20.021"/>
  <testcase classname="com.Runner.runnerTestNG" name="runScenario" time="15.713">
    <error message="javascript error: Cannot read properties of null (reading &#039;click&#039;)
  (Session info: chrome=135.0.7049.86)
Build info: version: &#039;4.31.0&#039;, revision: &#039;1ef9f18787*&#039;
System info: os.name: &#039;Windows 11&#039;, os.arch: &#039;amd64&#039;, os.version: &#039;10.0&#039;, java.version: &#039;21.0.6&#039;
Driver info: org.openqa.selenium.chrome.ChromeDriver
Command: [048934c4d0f2b7c930884150125a09c4, executeScript {script=document.querySelector(&#039;select#billing-address-select&#039;).click();, args=[]}]
Capabilities {acceptInsecureCerts: false, browserName: chrome, browserVersion: 135.0.7049.86, chrome: {chromedriverVersion: 135.0.7049.95 (de2eb485a195..., userDataDir: C:\Users\Lenovo\AppData\Loc...}, fedcm:accounts: true, goog:chromeOptions: {debuggerAddress: localhost:50507}, networkConnectionEnabled: false, pageLoadStrategy: normal, platformName: windows, proxy: Proxy(), se:cdp: ws://localhost:50507/devtoo..., se:cdpVersion: 135.0.7049.86, setWindowRect: true, strictFileInteractability: false, timeouts: {implicit: 0, pageLoad: 300000, script: 30000}, unhandledPromptBehavior: dismiss and notify, webauthn:extension:credBlob: true, webauthn:extension:largeBlob: true, webauthn:extension:minPinLength: true, webauthn:extension:prf: true, webauthn:virtualAuthenticators: true}
Session ID: 048934c4d0f2b7c930884150125a09c4" type="org.openqa.selenium.JavascriptException">
      <![CDATA[org.openqa.selenium.JavascriptException: javascript error: Cannot read properties of null (reading 'click')
  (Session info: chrome=135.0.7049.86)
Build info: version: '4.31.0', revision: '1ef9f18787*'
System info: os.name: 'Windows 11', os.arch: 'amd64', os.version: '10.0', java.version: '21.0.6'
Driver info: org.openqa.selenium.chrome.ChromeDriver
Command: [048934c4d0f2b7c930884150125a09c4, executeScript {script=document.querySelector('select#billing-address-select').click();, args=[]}]
Capabilities {acceptInsecureCerts: false, browserName: chrome, browserVersion: 135.0.7049.86, chrome: {chromedriverVersion: 135.0.7049.95 (de2eb485a195..., userDataDir: C:\Users\Lenovo\AppData\Loc...}, fedcm:accounts: true, goog:chromeOptions: {debuggerAddress: localhost:50507}, networkConnectionEnabled: false, pageLoadStrategy: normal, platformName: windows, proxy: Proxy(), se:cdp: ws://localhost:50507/devtoo..., se:cdpVersion: 135.0.7049.86, setWindowRect: true, strictFileInteractability: false, timeouts: {implicit: 0, pageLoad: 300000, script: 30000}, unhandledPromptBehavior: dismiss and notify, webauthn:extension:credBlob: true, webauthn:extension:largeBlob: true, webauthn:extension:minPinLength: true, webauthn:extension:prf: true, webauthn:virtualAuthenticators: true}
Session ID: 048934c4d0f2b7c930884150125a09c4
at java.base/jdk.internal.reflect.DirectConstructorHandleAccessor.newInstance(DirectConstructorHandleAccessor.java:62)
at java.base/java.lang.reflect.Constructor.newInstanceWithCaller(Constructor.java:502)
at java.base/java.lang.reflect.Constructor.newInstance(Constructor.java:486)
at org.openqa.selenium.remote.ErrorCodec.decode(ErrorCodec.java:167)
at org.openqa.selenium.remote.codec.w3c.W3CHttpResponseCodec.decode(W3CHttpResponseCodec.java:138)
at org.openqa.selenium.remote.codec.w3c.W3CHttpResponseCodec.decode(W3CHttpResponseCodec.java:50)
at org.openqa.selenium.remote.HttpCommandExecutor.execute(HttpCommandExecutor.java:215)
at org.openqa.selenium.remote.service.DriverCommandExecutor.invokeExecute(DriverCommandExecutor.java:216)
at org.openqa.selenium.remote.service.DriverCommandExecutor.execute(DriverCommandExecutor.java:174)
at org.openqa.selenium.remote.RemoteWebDriver.execute(RemoteWebDriver.java:545)
at org.openqa.selenium.remote.RemoteWebDriver.executeScript(RemoteWebDriver.java:476)
at com.Actions.CheckoutAction.selectaddresss(CheckoutAction.java:78)
at com.Definitions.CheckoutStepDefinition.click_the_checkout_buttons_and_proceed(CheckoutStepDefinition.java:188)
at ✽.click the checkout buttons and proceed(file:///C:/Users/Lenovo/git/DemoWebShop-Cucumber/src/test/resources/Features/CheckOut.feature:66)
]]>
    </error>
  </testcase> <!-- runScenario -->
  <testcase classname="com.Runner.runnerTestNG" name="runScenario" time="15.261"/>
  <testcase classname="com.Runner.runnerTestNG" name="runScenario" time="11.497"/>
  <testcase classname="com.Runner.runnerTestNG" name="runScenario" time="13.015"/>
  <testcase classname="com.Runner.runnerTestNG" name="runScenario" time="17.105"/>
  <testcase classname="com.Runner.runnerTestNG" name="runScenario" time="25.326"/>
  <testcase classname="com.Runner.runnerTestNG" name="runScenario" time="33.790"/>
  <testcase classname="com.Runner.runnerTestNG" name="runScenario" time="15.557"/>
  <testcase classname="com.Runner.runnerTestNG" name="runScenario" time="19.647"/>
  <testcase classname="com.Runner.runnerTestNG" name="runScenario" time="17.080"/>
  <testcase classname="com.Runner.runnerTestNG" name="runScenario" time="7.591"/>
  <testcase classname="com.Runner.runnerTestNG" name="runScenario" time="18.250"/>
  <testcase classname="com.Runner.runnerTestNG" name="runScenario" time="16.373">
    <error message="javascript error: Cannot read properties of null (reading &#039;click&#039;)
  (Session info: chrome=135.0.7049.86)
Build info: version: &#039;4.31.0&#039;, revision: &#039;1ef9f18787*&#039;
System info: os.name: &#039;Windows 11&#039;, os.arch: &#039;amd64&#039;, os.version: &#039;10.0&#039;, java.version: &#039;21.0.6&#039;
Driver info: org.openqa.selenium.chrome.ChromeDriver
Command: [a23650f1a75ebf91fc455d6d4fb0aa9b, executeScript {script=document.querySelector(&#039;select#billing-address-select&#039;).click();, args=[]}]
Capabilities {acceptInsecureCerts: false, browserName: chrome, browserVersion: 135.0.7049.86, chrome: {chromedriverVersion: 135.0.7049.95 (de2eb485a195..., userDataDir: C:\Users\Lenovo\AppData\Loc...}, fedcm:accounts: true, goog:chromeOptions: {debuggerAddress: localhost:50509}, networkConnectionEnabled: false, pageLoadStrategy: normal, platformName: windows, proxy: Proxy(), se:cdp: ws://localhost:50509/devtoo..., se:cdpVersion: 135.0.7049.86, setWindowRect: true, strictFileInteractability: false, timeouts: {implicit: 0, pageLoad: 300000, script: 30000}, unhandledPromptBehavior: dismiss and notify, webauthn:extension:credBlob: true, webauthn:extension:largeBlob: true, webauthn:extension:minPinLength: true, webauthn:extension:prf: true, webauthn:virtualAuthenticators: true}
Session ID: a23650f1a75ebf91fc455d6d4fb0aa9b" type="org.openqa.selenium.JavascriptException">
      <![CDATA[org.openqa.selenium.JavascriptException: javascript error: Cannot read properties of null (reading 'click')
  (Session info: chrome=135.0.7049.86)
Build info: version: '4.31.0', revision: '1ef9f18787*'
System info: os.name: 'Windows 11', os.arch: 'amd64', os.version: '10.0', java.version: '21.0.6'
Driver info: org.openqa.selenium.chrome.ChromeDriver
Command: [a23650f1a75ebf91fc455d6d4fb0aa9b, executeScript {script=document.querySelector('select#billing-address-select').click();, args=[]}]
Capabilities {acceptInsecureCerts: false, browserName: chrome, browserVersion: 135.0.7049.86, chrome: {chromedriverVersion: 135.0.7049.95 (de2eb485a195..., userDataDir: C:\Users\Lenovo\AppData\Loc...}, fedcm:accounts: true, goog:chromeOptions: {debuggerAddress: localhost:50509}, networkConnectionEnabled: false, pageLoadStrategy: normal, platformName: windows, proxy: Proxy(), se:cdp: ws://localhost:50509/devtoo..., se:cdpVersion: 135.0.7049.86, setWindowRect: true, strictFileInteractability: false, timeouts: {implicit: 0, pageLoad: 300000, script: 30000}, unhandledPromptBehavior: dismiss and notify, webauthn:extension:credBlob: true, webauthn:extension:largeBlob: true, webauthn:extension:minPinLength: true, webauthn:extension:prf: true, webauthn:virtualAuthenticators: true}
Session ID: a23650f1a75ebf91fc455d6d4fb0aa9b
at java.base/jdk.internal.reflect.DirectConstructorHandleAccessor.newInstance(DirectConstructorHandleAccessor.java:62)
at java.base/java.lang.reflect.Constructor.newInstanceWithCaller(Constructor.java:502)
at java.base/java.lang.reflect.Constructor.newInstance(Constructor.java:486)
at org.openqa.selenium.remote.ErrorCodec.decode(ErrorCodec.java:167)
at org.openqa.selenium.remote.codec.w3c.W3CHttpResponseCodec.decode(W3CHttpResponseCodec.java:138)
at org.openqa.selenium.remote.codec.w3c.W3CHttpResponseCodec.decode(W3CHttpResponseCodec.java:50)
at org.openqa.selenium.remote.HttpCommandExecutor.execute(HttpCommandExecutor.java:215)
at org.openqa.selenium.remote.service.DriverCommandExecutor.invokeExecute(DriverCommandExecutor.java:216)
at org.openqa.selenium.remote.service.DriverCommandExecutor.execute(DriverCommandExecutor.java:174)
at org.openqa.selenium.remote.RemoteWebDriver.execute(RemoteWebDriver.java:545)
at org.openqa.selenium.remote.RemoteWebDriver.executeScript(RemoteWebDriver.java:476)
at com.Actions.CheckoutAction.selectaddresss(CheckoutAction.java:78)
at com.Definitions.CheckoutStepDefinition.click_the_checkout_buttons_and_proceed(CheckoutStepDefinition.java:188)
at ✽.click the checkout buttons and proceed(file:///C:/Users/Lenovo/git/DemoWebShop-Cucumber/src/test/resources/Features/CheckOut.feature:74)
]]>
    </error>
  </testcase> <!-- runScenario -->
  <testcase classname="com.Runner.runnerTestNG" name="runScenario" time="14.508"/>
  <testcase classname="com.Runner.runnerTestNG" name="runScenario" time="10.817"/>
  <testcase classname="com.Runner.runnerTestNG" name="runScenario" time="26.714"/>
  <testcase classname="com.Runner.runnerTestNG" name="runScenario" time="15.449"/>
  <testcase classname="com.Runner.runnerTestNG" name="runScenario" time="13.199"/>
  <testcase classname="com.Runner.runnerTestNG" name="runScenario" time="13.264"/>
  <testcase classname="com.Runner.runnerTestNG" name="runScenario" time="9.543"/>
  <testcase classname="com.Runner.runnerTestNG" name="runScenario" time="11.156"/>
  <testcase classname="com.Runner.runnerTestNG" name="runScenario" time="12.922"/>
  <testcase classname="com.Runner.runnerTestNG" name="runScenario" time="16.056"/>
  <testcase classname="com.Runner.runnerTestNG" name="runScenario" time="13.890"/>
  <testcase classname="com.Runner.runnerTestNG" name="runScenario" time="10.769"/>
  <testcase classname="com.Runner.runnerTestNG" name="runScenario" time="15.491"/>
  <testcase classname="com.Runner.runnerTestNG" name="runScenario" time="15.811"/>
  <testcase classname="com.Runner.runnerTestNG" name="runScenario" time="11.110"/>
  <testcase classname="com.Runner.runnerTestNG" name="runScenario" time="39.935"/>
  <testcase classname="com.Runner.runnerTestNG" name="runScenario" time="11.280"/>
  <testcase classname="com.Runner.runnerTestNG" name="runScenario" time="13.965"/>
  <testcase classname="com.Runner.runnerTestNG" name="runScenario" time="11.241"/>
  <testcase classname="com.Runner.runnerTestNG" name="runScenario" time="9.354"/>
  <testcase classname="com.Runner.runnerTestNG" name="runScenario" time="16.297"/>
  <testcase classname="com.Runner.runnerTestNG" name="runScenario" time="6.911"/>
  <testcase classname="com.Runner.runnerTestNG" name="runScenario" time="11.094"/>
  <testcase classname="com.Runner.runnerTestNG" name="runScenario" time="11.314"/>
  <testcase classname="com.Runner.runnerTestNG" name="runScenario" time="16.228">
    <error message="Unable to find element with locator By.xpath: //div[@class=&quot;section payment-method&quot;]//ul//li[3]//div//div[2]//input
For documentation on this error, please visit: https://www.selenium.dev/documentation/webdriver/troubleshooting/errors#no-such-element-exception
Build info: version: &#039;4.31.0&#039;, revision: &#039;1ef9f18787*&#039;
System info: os.name: &#039;Windows 11&#039;, os.arch: &#039;amd64&#039;, os.version: &#039;10.0&#039;, java.version: &#039;21.0.6&#039;
Driver info: driver.version: RemoteWebDriver" type="org.openqa.selenium.NoSuchElementException">
      <![CDATA[org.openqa.selenium.NoSuchElementException: Unable to find element with locator By.xpath: //div[@class="section payment-method"]//ul//li[3]//div//div[2]//input
For documentation on this error, please visit: https://www.selenium.dev/documentation/webdriver/troubleshooting/errors#no-such-element-exception
Build info: version: '4.31.0', revision: '1ef9f18787*'
System info: os.name: 'Windows 11', os.arch: 'amd64', os.version: '10.0', java.version: '21.0.6'
Driver info: driver.version: RemoteWebDriver
at org.openqa.selenium.remote.ElementLocation$ElementFinder$2.findElement(ElementLocation.java:168)
at org.openqa.selenium.remote.ElementLocation.findElement(ElementLocation.java:59)
at org.openqa.selenium.remote.RemoteWebDriver.findElement(RemoteWebDriver.java:368)
at org.openqa.selenium.remote.RemoteWebDriver.findElement(RemoteWebDriver.java:362)
at org.openqa.selenium.support.pagefactory.DefaultElementLocator.findElement(DefaultElementLocator.java:68)
at org.openqa.selenium.support.pagefactory.internal.LocatingElementHandler.invoke(LocatingElementHandler.java:38)
at jdk.proxy2/jdk.proxy2.$Proxy27.click(Unknown Source)
at com.Actions.CheckoutAction.creditcardcheckbox(CheckoutAction.java:156)
at com.Definitions.CheckoutStepDefinition.select_the_credit_card_method_and_enter_the_required_fields(CheckoutStepDefinition.java:164)
at ✽.select the credit card method and enter the required fields(file:///C:/Users/Lenovo/git/DemoWebShop-Cucumber/src/test/resources/Features/CheckOut.feature:53)
]]>
    </error>
  </testcase> <!-- runScenario -->
  <testcase classname="com.Runner.runnerTestNG" name="runScenario" time="11.208"/>
  <testcase classname="com.Runner.runnerTestNG" name="runScenario" time="14.129"/>
  <testcase classname="com.Runner.runnerTestNG" name="runScenario" time="22.225"/>
  <testcase classname="com.Runner.runnerTestNG" name="runScenario" time="7.913"/>
  <testcase classname="com.Runner.runnerTestNG" name="runScenario" time="7.856"/>
  <testcase classname="com.Runner.runnerTestNG" name="runScenario" time="17.034"/>
  <testcase classname="com.Runner.runnerTestNG" name="runScenario" time="7.028"/>
  <testcase classname="com.Runner.runnerTestNG" name="runScenario" time="8.198"/>
  <testcase classname="com.Runner.runnerTestNG" name="runScenario" time="18.322"/>
  <testcase classname="com.Runner.runnerTestNG" name="runScenario" time="11.084"/>
  <testcase classname="com.Runner.runnerTestNG" name="runScenario" time="15.173"/>
  <testcase classname="com.Runner.runnerTestNG" name="runScenario" time="10.781"/>
  <testcase classname="com.Runner.runnerTestNG" name="runScenario" time="7.986"/>
  <testcase classname="com.Runner.runnerTestNG" name="runScenario" time="10.601"/>
  <testcase classname="com.Runner.runnerTestNG" name="runScenario" time="16.447"/>
  <testcase classname="com.Runner.runnerTestNG" name="runScenario" time="28.829"/>
  <testcase classname="com.Runner.runnerTestNG" name="runScenario" time="13.214"/>
  <testcase classname="com.Runner.runnerTestNG" name="runScenario" time="10.628"/>
  <testcase classname="com.Runner.runnerTestNG" name="runScenario" time="14.740"/>
</testsuite> <!-- com.Runner.runnerTestNG -->
