<?xml version="1.0" encoding="UTF-8"?>
<!-- Generated by org.testng.reporters.JUnitReportReporter -->
<testsuite hostname="DIVRAJ-2004" failures="0" tests="63" name="com.Runner.runnerTestNG" time="1185.653" errors="0" timestamp="2025-04-24T11:22:45 IST" skipped="0">
  <testcase classname="com.Runner.runnerTestNG" name="runScenario" time="36.983"/>
  <testcase classname="com.Runner.runnerTestNG" name="runScenario" time="9.789"/>
  <testcase classname="com.Runner.runnerTestNG" name="runScenario" time="16.779"/>
  <testcase classname="com.Runner.runnerTestNG" name="runScenario" time="11.822"/>
  <testcase classname="com.Runner.runnerTestNG" name="runScenario" time="19.273"/>
  <testcase classname="com.Runner.runnerTestNG" name="runScenario" time="11.718"/>
  <testcase classname="com.Runner.runnerTestNG" name="runScenario" time="21.423"/>
  <testcase classname="com.Runner.runnerTestNG" name="runScenario" time="8.569"/>
  <testcase classname="com.Runner.runnerTestNG" name="runScenario" time="97.073"/>
  <testcase classname="com.Runner.runnerTestNG" name="runScenario" time="12.083"/>
  <testcase classname="com.Runner.runnerTestNG" name="runScenario" time="25.283"/>
  <testcase classname="com.Runner.runnerTestNG" name="runScenario" time="97.387"/>
  <testcase classname="com.Runner.runnerTestNG" name="runScenario" time="11.478"/>
  <testcase classname="com.Runner.runnerTestNG" name="runScenario" time="12.957"/>
  <testcase classname="com.Runner.runnerTestNG" name="runScenario" time="14.169"/>
  <testcase classname="com.Runner.runnerTestNG" name="runScenario" time="11.888"/>
  <testcase classname="com.Runner.runnerTestNG" name="runScenario" time="18.804"/>
  <testcase classname="com.Runner.runnerTestNG" name="runScenario" time="11.732"/>
  <testcase classname="com.Runner.runnerTestNG" name="runScenario" time="23.867"/>
  <testcase classname="com.Runner.runnerTestNG" name="runScenario" time="11.056"/>
  <testcase classname="com.Runner.runnerTestNG" name="runScenario" time="19.337"/>
  <testcase classname="com.Runner.runnerTestNG" name="runScenario" time="7.425"/>
  <testcase classname="com.Runner.runnerTestNG" name="runScenario" time="11.690"/>
  <testcase classname="com.Runner.runnerTestNG" name="runScenario" time="12.542"/>
  <testcase classname="com.Runner.runnerTestNG" name="runScenario" time="9.145"/>
  <testcase classname="com.Runner.runnerTestNG" name="runScenario" time="22.564"/>
  <testcase classname="com.Runner.runnerTestNG" name="runScenario" time="11.701"/>
  <testcase classname="com.Runner.runnerTestNG" name="runScenario" time="15.855"/>
  <testcase classname="com.Runner.runnerTestNG" name="runScenario" time="49.970"/>
  <testcase classname="com.Runner.runnerTestNG" name="runScenario" time="12.015"/>
  <testcase classname="com.Runner.runnerTestNG" name="runScenario" time="14.621"/>
  <testcase classname="com.Runner.runnerTestNG" name="runScenario" time="14.558"/>
  <testcase classname="com.Runner.runnerTestNG" name="runScenario" time="11.016"/>
  <testcase classname="com.Runner.runnerTestNG" name="runScenario" time="10.162"/>
  <testcase classname="com.Runner.runnerTestNG" name="runScenario" time="12.023"/>
  <testcase classname="com.Runner.runnerTestNG" name="runScenario" time="12.026"/>
  <testcase classname="com.Runner.runnerTestNG" name="runScenario" time="33.258"/>
  <testcase classname="com.Runner.runnerTestNG" name="runScenario" time="14.463"/>
  <testcase classname="com.Runner.runnerTestNG" name="runScenario" time="14.371"/>
  <testcase classname="com.Runner.runnerTestNG" name="runScenario" time="16.462"/>
  <testcase classname="com.Runner.runnerTestNG" name="runScenario" time="13.272"/>
  <testcase classname="com.Runner.runnerTestNG" name="runScenario" time="11.367"/>
  <testcase classname="com.Runner.runnerTestNG" name="runScenario" time="11.250"/>
  <testcase classname="com.Runner.runnerTestNG" name="runScenario" time="15.651"/>
  <testcase classname="com.Runner.runnerTestNG" name="runScenario" time="77.755"/>
  <testcase classname="com.Runner.runnerTestNG" name="runScenario" time="12.113"/>
  <testcase classname="com.Runner.runnerTestNG" name="runScenario" time="7.435"/>
  <testcase classname="com.Runner.runnerTestNG" name="runScenario" time="18.390"/>
  <testcase classname="com.Runner.runnerTestNG" name="runScenario" time="15.665"/>
  <testcase classname="com.Runner.runnerTestNG" name="runScenario" time="15.695"/>
  <testcase classname="com.Runner.runnerTestNG" name="runScenario" time="7.779"/>
  <testcase classname="com.Runner.runnerTestNG" name="runScenario" time="8.836"/>
  <testcase classname="com.Runner.runnerTestNG" name="runScenario" time="9.216"/>
  <testcase classname="com.Runner.runnerTestNG" name="runScenario" time="13.417"/>
  <testcase classname="com.Runner.runnerTestNG" name="runScenario" time="16.779"/>
  <testcase classname="com.Runner.runnerTestNG" name="runScenario" time="38.779"/>
  <testcase classname="com.Runner.runnerTestNG" name="runScenario" time="13.072"/>
  <testcase classname="com.Runner.runnerTestNG" name="runScenario" time="14.319"/>
  <testcase classname="com.Runner.runnerTestNG" name="runScenario" time="14.038"/>
  <testcase classname="com.Runner.runnerTestNG" name="runScenario" time="9.462"/>
  <testcase classname="com.Runner.runnerTestNG" name="runScenario" time="10.531"/>
  <testcase classname="com.Runner.runnerTestNG" name="runScenario" time="8.924"/>
  <testcase classname="com.Runner.runnerTestNG" name="runScenario" time="12.571"/>
</testsuite> <!-- com.Runner.runnerTestNG -->
