<?xml version="1.0" encoding="UTF-8"?>
<!-- Generated by org.testng.reporters.JUnitReportReporter -->
<testsuite hostname="DESKTOP-3CKMDVP" failures="0" tests="1" name="com.Runner.runnerTestNG" time="13.623" errors="0" timestamp="2025-04-29T09:43:56 IST" skipped="0">
  <testcase classname="com.Runner.runnerTestNG" name="runScenario" time="13.623"/>
</testsuite> <!-- com.Runner.runnerTestNG -->
