<?xml version="1.0" encoding="UTF-8"?>
<!-- Generated by org.testng.reporters.JUnitReportReporter -->
<testsuite hostname="YUVARAJ_UV" failures="0" tests="12" name="com.Runner.runnerTestNG" time="82.283" errors="0" timestamp="2025-04-13T13:19:04 IST" skipped="0">
  <testcase classname="com.Runner.runnerTestNG" name="runScenario" time="5.548"/>
  <testcase classname="com.Runner.runnerTestNG" name="runScenario" time="5.965"/>
  <testcase classname="com.Runner.runnerTestNG" name="runScenario" time="5.351"/>
  <testcase classname="com.Runner.runnerTestNG" name="runScenario" time="5.975"/>
  <testcase classname="com.Runner.runnerTestNG" name="runScenario" time="6.217"/>
  <testcase classname="com.Runner.runnerTestNG" name="runScenario" time="6.424"/>
  <testcase classname="com.Runner.runnerTestNG" name="runScenario" time="6.131"/>
  <testcase classname="com.Runner.runnerTestNG" name="runScenario" time="14.572"/>
  <testcase classname="com.Runner.runnerTestNG" name="runScenario" time="6.202"/>
  <testcase classname="com.Runner.runnerTestNG" name="runScenario" time="8.334"/>
  <testcase classname="com.Runner.runnerTestNG" name="runScenario" time="5.865"/>
  <testcase classname="com.Runner.runnerTestNG" name="runScenario" time="5.699"/>
</testsuite> <!-- com.Runner.runnerTestNG -->
