<?xml version="1.0" encoding="UTF-8"?>
<!-- Generated by org.testng.reporters.JUnitReportReporter -->
<testsuite hostname="YUVARAJ_UV" failures="0" tests="66" name="com.Runner.runnerTestNG" time="1781.115" errors="8" timestamp="2025-04-28T21:33:26 IST" skipped="0">
  <testcase classname="com.Runner.runnerTestNG" name="runScenario" time="18.894">
    <error message="stale element reference: stale element not found
  (Session info: chrome=135.0.7049.115)
For documentation on this error, please visit: https://www.selenium.dev/documentation/webdriver/troubleshooting/errors#stale-element-reference-exception
Build info: version: &#039;4.31.0&#039;, revision: &#039;1ef9f18787*&#039;
System info: os.name: &#039;Windows 11&#039;, os.arch: &#039;amd64&#039;, os.version: &#039;10.0&#039;, java.version: &#039;21.0.6&#039;
Driver info: org.openqa.selenium.chrome.ChromeDriver
Command: [e67ce7906f9f9f8beea3b6e28b3659bb, clickElement {id=f.196A8B7F37DB9DA33C036B279E1E1CA3.d.C69D9211E26CBBBDEA49B34A02BB530A.e.149}]
Capabilities {acceptInsecureCerts: false, browserName: chrome, browserVersion: 135.0.7049.115, chrome: {chromedriverVersion: 135.0.7049.114 (63fd8a7d9d0..., userDataDir: C:\Users\yuvar\AppData\Loca...}, fedcm:accounts: true, goog:chromeOptions: {debuggerAddress: localhost:55488}, networkConnectionEnabled: false, pageLoadStrategy: normal, platformName: windows, proxy: Proxy(), se:cdp: ws://localhost:55488/devtoo..., se:cdpVersion: 135.0.7049.115, setWindowRect: true, strictFileInteractability: false, timeouts: {implicit: 0, pageLoad: 300000, script: 30000}, unhandledPromptBehavior: dismiss and notify, webauthn:extension:credBlob: true, webauthn:extension:largeBlob: true, webauthn:extension:minPinLength: true, webauthn:extension:prf: true, webauthn:virtualAuthenticators: true}
Element: [[ChromeDriver: chrome on windows (e67ce7906f9f9f8beea3b6e28b3659bb)] -&gt; xpath: //input[@class=&quot;button-2 product-box-add-to-cart-button&quot;]]
Session ID: e67ce7906f9f9f8beea3b6e28b3659bb" type="org.openqa.selenium.StaleElementReferenceException">
      <![CDATA[org.openqa.selenium.StaleElementReferenceException: stale element reference: stale element not found
  (Session info: chrome=135.0.7049.115)
For documentation on this error, please visit: https://www.selenium.dev/documentation/webdriver/troubleshooting/errors#stale-element-reference-exception
Build info: version: '4.31.0', revision: '1ef9f18787*'
System info: os.name: 'Windows 11', os.arch: 'amd64', os.version: '10.0', java.version: '21.0.6'
Driver info: org.openqa.selenium.chrome.ChromeDriver
Command: [e67ce7906f9f9f8beea3b6e28b3659bb, clickElement {id=f.196A8B7F37DB9DA33C036B279E1E1CA3.d.C69D9211E26CBBBDEA49B34A02BB530A.e.149}]
Capabilities {acceptInsecureCerts: false, browserName: chrome, browserVersion: 135.0.7049.115, chrome: {chromedriverVersion: 135.0.7049.114 (63fd8a7d9d0..., userDataDir: C:\Users\yuvar\AppData\Loca...}, fedcm:accounts: true, goog:chromeOptions: {debuggerAddress: localhost:55488}, networkConnectionEnabled: false, pageLoadStrategy: normal, platformName: windows, proxy: Proxy(), se:cdp: ws://localhost:55488/devtoo..., se:cdpVersion: 135.0.7049.115, setWindowRect: true, strictFileInteractability: false, timeouts: {implicit: 0, pageLoad: 300000, script: 30000}, unhandledPromptBehavior: dismiss and notify, webauthn:extension:credBlob: true, webauthn:extension:largeBlob: true, webauthn:extension:minPinLength: true, webauthn:extension:prf: true, webauthn:virtualAuthenticators: true}
Element: [[ChromeDriver: chrome on windows (e67ce7906f9f9f8beea3b6e28b3659bb)] -> xpath: //input[@class="button-2 product-box-add-to-cart-button"]]
Session ID: e67ce7906f9f9f8beea3b6e28b3659bb
at java.base/jdk.internal.reflect.DirectConstructorHandleAccessor.newInstance(DirectConstructorHandleAccessor.java:62)
at java.base/java.lang.reflect.Constructor.newInstanceWithCaller(Constructor.java:502)
at java.base/java.lang.reflect.Constructor.newInstance(Constructor.java:486)
at org.openqa.selenium.remote.ErrorCodec.decode(ErrorCodec.java:167)
at org.openqa.selenium.remote.codec.w3c.W3CHttpResponseCodec.decode(W3CHttpResponseCodec.java:138)
at org.openqa.selenium.remote.codec.w3c.W3CHttpResponseCodec.decode(W3CHttpResponseCodec.java:50)
at org.openqa.selenium.remote.HttpCommandExecutor.execute(HttpCommandExecutor.java:215)
at org.openqa.selenium.remote.service.DriverCommandExecutor.invokeExecute(DriverCommandExecutor.java:216)
at org.openqa.selenium.remote.service.DriverCommandExecutor.execute(DriverCommandExecutor.java:174)
at org.openqa.selenium.remote.RemoteWebDriver.execute(RemoteWebDriver.java:545)
at org.openqa.selenium.remote.RemoteWebElement.execute(RemoteWebElement.java:223)
at org.openqa.selenium.remote.RemoteWebElement.click(RemoteWebElement.java:76)
at java.base/jdk.internal.reflect.DirectMethodHandleAccessor.invoke(DirectMethodHandleAccessor.java:103)
at java.base/java.lang.reflect.Method.invoke(Method.java:580)
at org.openqa.selenium.support.pagefactory.internal.LocatingElementHandler.invoke(LocatingElementHandler.java:51)
at jdk.proxy2/jdk.proxy2.$Proxy27.click(Unknown Source)
at com.Actions.CheckoutAction.addtocartanitem(CheckoutAction.java:54)
at com.Definitions.CheckoutStepDefinition.i_log_in_and_add_an_item_and_add_to_cart(CheckoutStepDefinition.java:34)
at ✽.I log in and add an item and add to cart(file:///C:/Users/yuvar/DemoWebShop(Automation)/DemoWebShop-Cucumber/src/test/resources/Features/CheckOut.feature:58)
]]>
    </error>
  </testcase> <!-- runScenario -->
  <testcase classname="com.Runner.runnerTestNG" name="runScenario" time="22.317">
    <error message="stale element reference: stale element not found
  (Session info: chrome=135.0.7049.115)
For documentation on this error, please visit: https://www.selenium.dev/documentation/webdriver/troubleshooting/errors#stale-element-reference-exception
Build info: version: &#039;4.31.0&#039;, revision: &#039;1ef9f18787*&#039;
System info: os.name: &#039;Windows 11&#039;, os.arch: &#039;amd64&#039;, os.version: &#039;10.0&#039;, java.version: &#039;21.0.6&#039;
Driver info: org.openqa.selenium.chrome.ChromeDriver
Command: [102502d7e6ee8dd2ef4a55783e61e3e1, actions {actions=[org.openqa.selenium.interactions.Sequence@65652d26]}]
Capabilities {acceptInsecureCerts: false, browserName: chrome, browserVersion: 135.0.7049.115, chrome: {chromedriverVersion: 135.0.7049.114 (63fd8a7d9d0..., userDataDir: C:\Users\yuvar\AppData\Loca...}, fedcm:accounts: true, goog:chromeOptions: {debuggerAddress: localhost:56356}, networkConnectionEnabled: false, pageLoadStrategy: normal, platformName: windows, proxy: Proxy(), se:cdp: ws://localhost:56356/devtoo..., se:cdpVersion: 135.0.7049.115, setWindowRect: true, strictFileInteractability: false, timeouts: {implicit: 0, pageLoad: 300000, script: 30000}, unhandledPromptBehavior: dismiss and notify, webauthn:extension:credBlob: true, webauthn:extension:largeBlob: true, webauthn:extension:minPinLength: true, webauthn:extension:prf: true, webauthn:virtualAuthenticators: true}
Session ID: 102502d7e6ee8dd2ef4a55783e61e3e1" type="org.openqa.selenium.StaleElementReferenceException">
      <![CDATA[org.openqa.selenium.StaleElementReferenceException: stale element reference: stale element not found
  (Session info: chrome=135.0.7049.115)
For documentation on this error, please visit: https://www.selenium.dev/documentation/webdriver/troubleshooting/errors#stale-element-reference-exception
Build info: version: '4.31.0', revision: '1ef9f18787*'
System info: os.name: 'Windows 11', os.arch: 'amd64', os.version: '10.0', java.version: '21.0.6'
Driver info: org.openqa.selenium.chrome.ChromeDriver
Command: [102502d7e6ee8dd2ef4a55783e61e3e1, actions {actions=[org.openqa.selenium.interactions.Sequence@65652d26]}]
Capabilities {acceptInsecureCerts: false, browserName: chrome, browserVersion: 135.0.7049.115, chrome: {chromedriverVersion: 135.0.7049.114 (63fd8a7d9d0..., userDataDir: C:\Users\yuvar\AppData\Loca...}, fedcm:accounts: true, goog:chromeOptions: {debuggerAddress: localhost:56356}, networkConnectionEnabled: false, pageLoadStrategy: normal, platformName: windows, proxy: Proxy(), se:cdp: ws://localhost:56356/devtoo..., se:cdpVersion: 135.0.7049.115, setWindowRect: true, strictFileInteractability: false, timeouts: {implicit: 0, pageLoad: 300000, script: 30000}, unhandledPromptBehavior: dismiss and notify, webauthn:extension:credBlob: true, webauthn:extension:largeBlob: true, webauthn:extension:minPinLength: true, webauthn:extension:prf: true, webauthn:virtualAuthenticators: true}
Session ID: 102502d7e6ee8dd2ef4a55783e61e3e1
at java.base/jdk.internal.reflect.DirectConstructorHandleAccessor.newInstance(DirectConstructorHandleAccessor.java:62)
at java.base/java.lang.reflect.Constructor.newInstanceWithCaller(Constructor.java:502)
at java.base/java.lang.reflect.Constructor.newInstance(Constructor.java:486)
at org.openqa.selenium.remote.ErrorCodec.decode(ErrorCodec.java:167)
at org.openqa.selenium.remote.codec.w3c.W3CHttpResponseCodec.decode(W3CHttpResponseCodec.java:138)
at org.openqa.selenium.remote.codec.w3c.W3CHttpResponseCodec.decode(W3CHttpResponseCodec.java:50)
at org.openqa.selenium.remote.HttpCommandExecutor.execute(HttpCommandExecutor.java:215)
at org.openqa.selenium.remote.service.DriverCommandExecutor.invokeExecute(DriverCommandExecutor.java:216)
at org.openqa.selenium.remote.service.DriverCommandExecutor.execute(DriverCommandExecutor.java:174)
at org.openqa.selenium.remote.RemoteWebDriver.execute(RemoteWebDriver.java:545)
at org.openqa.selenium.remote.RemoteWebDriver.perform(RemoteWebDriver.java:631)
at org.openqa.selenium.interactions.Actions$BuiltAction.perform(Actions.java:616)
at org.openqa.selenium.interactions.Actions.perform(Actions.java:581)
at com.Actions.ProductAction.shoppingCart(ProductAction.java:62)
at com.Definitions.ProductStepDefinition.go_to_the_shopping_cart(ProductStepDefinition.java:76)
at ✽.go to the shopping cart(file:///C:/Users/yuvar/DemoWebShop(Automation)/DemoWebShop-Cucumber/src/test/resources/Features/Product.feature:11)
]]>
    </error>
  </testcase> <!-- runScenario -->
  <testcase classname="com.Runner.runnerTestNG" name="runScenario" time="29.963">
    <error message="stale element reference: stale element not found
  (Session info: chrome=135.0.7049.115)
For documentation on this error, please visit: https://www.selenium.dev/documentation/webdriver/troubleshooting/errors#stale-element-reference-exception
Build info: version: &#039;4.31.0&#039;, revision: &#039;1ef9f18787*&#039;
System info: os.name: &#039;Windows 11&#039;, os.arch: &#039;amd64&#039;, os.version: &#039;10.0&#039;, java.version: &#039;21.0.6&#039;
Driver info: org.openqa.selenium.chrome.ChromeDriver
Command: [655455172d22f72012efb47445e68de7, clickElement {id=f.40F82635988C2ECE811AF4FC0327602F.d.088BE6BE10D73C0DA1578EA2765A2287.e.80}]
Capabilities {acceptInsecureCerts: false, browserName: chrome, browserVersion: 135.0.7049.115, chrome: {chromedriverVersion: 135.0.7049.114 (63fd8a7d9d0..., userDataDir: C:\Users\yuvar\AppData\Loca...}, fedcm:accounts: true, goog:chromeOptions: {debuggerAddress: localhost:56630}, networkConnectionEnabled: false, pageLoadStrategy: normal, platformName: windows, proxy: Proxy(), se:cdp: ws://localhost:56630/devtoo..., se:cdpVersion: 135.0.7049.115, setWindowRect: true, strictFileInteractability: false, timeouts: {implicit: 0, pageLoad: 300000, script: 30000}, unhandledPromptBehavior: dismiss and notify, webauthn:extension:credBlob: true, webauthn:extension:largeBlob: true, webauthn:extension:minPinLength: true, webauthn:extension:prf: true, webauthn:virtualAuthenticators: true}
Element: [[ChromeDriver: chrome on windows (655455172d22f72012efb47445e68de7)] -&gt; xpath: (//a[contains(text(),&quot;Gift Cards&quot;)])[3]]
Session ID: 655455172d22f72012efb47445e68de7" type="org.openqa.selenium.StaleElementReferenceException">
      <![CDATA[org.openqa.selenium.StaleElementReferenceException: stale element reference: stale element not found
  (Session info: chrome=135.0.7049.115)
For documentation on this error, please visit: https://www.selenium.dev/documentation/webdriver/troubleshooting/errors#stale-element-reference-exception
Build info: version: '4.31.0', revision: '1ef9f18787*'
System info: os.name: 'Windows 11', os.arch: 'amd64', os.version: '10.0', java.version: '21.0.6'
Driver info: org.openqa.selenium.chrome.ChromeDriver
Command: [655455172d22f72012efb47445e68de7, clickElement {id=f.40F82635988C2ECE811AF4FC0327602F.d.088BE6BE10D73C0DA1578EA2765A2287.e.80}]
Capabilities {acceptInsecureCerts: false, browserName: chrome, browserVersion: 135.0.7049.115, chrome: {chromedriverVersion: 135.0.7049.114 (63fd8a7d9d0..., userDataDir: C:\Users\yuvar\AppData\Loca...}, fedcm:accounts: true, goog:chromeOptions: {debuggerAddress: localhost:56630}, networkConnectionEnabled: false, pageLoadStrategy: normal, platformName: windows, proxy: Proxy(), se:cdp: ws://localhost:56630/devtoo..., se:cdpVersion: 135.0.7049.115, setWindowRect: true, strictFileInteractability: false, timeouts: {implicit: 0, pageLoad: 300000, script: 30000}, unhandledPromptBehavior: dismiss and notify, webauthn:extension:credBlob: true, webauthn:extension:largeBlob: true, webauthn:extension:minPinLength: true, webauthn:extension:prf: true, webauthn:virtualAuthenticators: true}
Element: [[ChromeDriver: chrome on windows (655455172d22f72012efb47445e68de7)] -> xpath: (//a[contains(text(),"Gift Cards")])[3]]
Session ID: 655455172d22f72012efb47445e68de7
at java.base/jdk.internal.reflect.DirectConstructorHandleAccessor.newInstance(DirectConstructorHandleAccessor.java:62)
at java.base/java.lang.reflect.Constructor.newInstanceWithCaller(Constructor.java:502)
at java.base/java.lang.reflect.Constructor.newInstance(Constructor.java:486)
at org.openqa.selenium.remote.ErrorCodec.decode(ErrorCodec.java:167)
at org.openqa.selenium.remote.codec.w3c.W3CHttpResponseCodec.decode(W3CHttpResponseCodec.java:138)
at org.openqa.selenium.remote.codec.w3c.W3CHttpResponseCodec.decode(W3CHttpResponseCodec.java:50)
at org.openqa.selenium.remote.HttpCommandExecutor.execute(HttpCommandExecutor.java:215)
at org.openqa.selenium.remote.service.DriverCommandExecutor.invokeExecute(DriverCommandExecutor.java:216)
at org.openqa.selenium.remote.service.DriverCommandExecutor.execute(DriverCommandExecutor.java:174)
at org.openqa.selenium.remote.RemoteWebDriver.execute(RemoteWebDriver.java:545)
at org.openqa.selenium.remote.RemoteWebElement.execute(RemoteWebElement.java:223)
at org.openqa.selenium.remote.RemoteWebElement.click(RemoteWebElement.java:76)
at java.base/jdk.internal.reflect.DirectMethodHandleAccessor.invoke(DirectMethodHandleAccessor.java:103)
at java.base/java.lang.reflect.Method.invoke(Method.java:580)
at org.openqa.selenium.support.pagefactory.internal.LocatingElementHandler.invoke(LocatingElementHandler.java:51)
at jdk.proxy2/jdk.proxy2.$Proxy27.click(Unknown Source)
at com.Actions.ReviewAction.ClickGiftCategory(ReviewAction.java:23)
at com.Definitions.ReviewStepDefinitions.i_navigate_to_the_gift_cards_page_and_click_the_product(ReviewStepDefinitions.java:117)
at ✽.I navigate to the gift cards page and click the product(file:///C:/Users/yuvar/DemoWebShop(Automation)/DemoWebShop-Cucumber/src/test/resources/Features/Review.feature:23)
]]>
    </error>
  </testcase> <!-- runScenario -->
  <testcase classname="com.Runner.runnerTestNG" name="runScenario" time="15.470"/>
  <testcase classname="com.Runner.runnerTestNG" name="runScenario" time="21.951"/>
  <testcase classname="com.Runner.runnerTestNG" name="runScenario" time="13.339"/>
  <testcase classname="com.Runner.runnerTestNG" name="runScenario" time="22.974"/>
  <testcase classname="com.Runner.runnerTestNG" name="runScenario" time="12.820"/>
  <testcase classname="com.Runner.runnerTestNG" name="runScenario" time="23.039"/>
  <testcase classname="com.Runner.runnerTestNG" name="runScenario" time="13.848"/>
  <testcase classname="com.Runner.runnerTestNG" name="runScenario" time="14.406"/>
  <testcase classname="com.Runner.runnerTestNG" name="runScenario" time="14.217"/>
  <testcase classname="com.Runner.runnerTestNG" name="runScenario" time="25.561"/>
  <testcase classname="com.Runner.runnerTestNG" name="runScenario" time="19.769">
    <error message="Failed to search for product: laptop. Error: stale element reference: stale element not found
  (Session info: chrome=135.0.7049.115)
For documentation on this error, please visit: https://www.selenium.dev/documentation/webdriver/troubleshooting/errors#stale-element-reference-exception
Build info: version: &#039;4.31.0&#039;, revision: &#039;1ef9f18787*&#039;
System info: os.name: &#039;Windows 11&#039;, os.arch: &#039;amd64&#039;, os.version: &#039;10.0&#039;, java.version: &#039;21.0.6&#039;
Driver info: org.openqa.selenium.chrome.ChromeDriver
Command: [4c8ff98860c6434063a9dd3520caf848, sendKeysToElement {id=f.E8CEE7EFC498DC5520D87A9215751B92.d.B5520CC154BD8526F3BA2437B4580ADE.e.63, value=[Ljava.lang.CharSequence;@d0eacf2}]
Capabilities {acceptInsecureCerts: false, browserName: chrome, browserVersion: 135.0.7049.115, chrome: {chromedriverVersion: 135.0.7049.114 (63fd8a7d9d0..., userDataDir: C:\Users\yuvar\AppData\Loca...}, fedcm:accounts: true, goog:chromeOptions: {debuggerAddress: localhost:55602}, networkConnectionEnabled: false, pageLoadStrategy: normal, platformName: windows, proxy: Proxy(), se:cdp: ws://localhost:55602/devtoo..., se:cdpVersion: 135.0.7049.115, setWindowRect: true, strictFileInteractability: false, timeouts: {implicit: 0, pageLoad: 300000, script: 30000}, unhandledPromptBehavior: dismiss and notify, webauthn:extension:credBlob: true, webauthn:extension:largeBlob: true, webauthn:extension:minPinLength: true, webauthn:extension:prf: true, webauthn:virtualAuthenticators: true}
Element: [[ChromeDriver: chrome on windows (4c8ff98860c6434063a9dd3520caf848)] -&gt; xpath: //input[@id=&quot;small-searchterms&quot;]]
Session ID: 4c8ff98860c6434063a9dd3520caf848" type="com.Actions.CheckoutAction$ProductSearchException">
      <![CDATA[com.Actions.CheckoutAction$ProductSearchException: Failed to search for product: laptop. Error: stale element reference: stale element not found
  (Session info: chrome=135.0.7049.115)
For documentation on this error, please visit: https://www.selenium.dev/documentation/webdriver/troubleshooting/errors#stale-element-reference-exception
Build info: version: '4.31.0', revision: '1ef9f18787*'
System info: os.name: 'Windows 11', os.arch: 'amd64', os.version: '10.0', java.version: '21.0.6'
Driver info: org.openqa.selenium.chrome.ChromeDriver
Command: [4c8ff98860c6434063a9dd3520caf848, sendKeysToElement {id=f.E8CEE7EFC498DC5520D87A9215751B92.d.B5520CC154BD8526F3BA2437B4580ADE.e.63, value=[Ljava.lang.CharSequence;@d0eacf2}]
Capabilities {acceptInsecureCerts: false, browserName: chrome, browserVersion: 135.0.7049.115, chrome: {chromedriverVersion: 135.0.7049.114 (63fd8a7d9d0..., userDataDir: C:\Users\yuvar\AppData\Loca...}, fedcm:accounts: true, goog:chromeOptions: {debuggerAddress: localhost:55602}, networkConnectionEnabled: false, pageLoadStrategy: normal, platformName: windows, proxy: Proxy(), se:cdp: ws://localhost:55602/devtoo..., se:cdpVersion: 135.0.7049.115, setWindowRect: true, strictFileInteractability: false, timeouts: {implicit: 0, pageLoad: 300000, script: 30000}, unhandledPromptBehavior: dismiss and notify, webauthn:extension:credBlob: true, webauthn:extension:largeBlob: true, webauthn:extension:minPinLength: true, webauthn:extension:prf: true, webauthn:virtualAuthenticators: true}
Element: [[ChromeDriver: chrome on windows (4c8ff98860c6434063a9dd3520caf848)] -> xpath: //input[@id="small-searchterms"]]
Session ID: 4c8ff98860c6434063a9dd3520caf848
at com.Actions.CheckoutAction.searchAnItem(CheckoutAction.java:49)
at com.Definitions.CheckoutStepDefinition.i_log_in_and_add_an_item_and_add_to_cart(CheckoutStepDefinition.java:33)
at ✽.I log in and add an item and add to cart(file:///C:/Users/yuvar/DemoWebShop(Automation)/DemoWebShop-Cucumber/src/test/resources/Features/CheckOut.feature:98)
]]>
    </error>
  </testcase> <!-- runScenario -->
  <testcase classname="com.Runner.runnerTestNG" name="runScenario" time="15.685"/>
  <testcase classname="com.Runner.runnerTestNG" name="runScenario" time="14.793"/>
  <testcase classname="com.Runner.runnerTestNG" name="runScenario" time="28.145"/>
  <testcase classname="com.Runner.runnerTestNG" name="runScenario" time="13.787"/>
  <testcase classname="com.Runner.runnerTestNG" name="runScenario" time="13.501"/>
  <testcase classname="com.Runner.runnerTestNG" name="runScenario" time="56.942"/>
  <testcase classname="com.Runner.runnerTestNG" name="runScenario" time="29.402"/>
  <testcase classname="com.Runner.runnerTestNG" name="runScenario" time="35.643"/>
  <testcase classname="com.Runner.runnerTestNG" name="runScenario" time="36.446"/>
  <testcase classname="com.Runner.runnerTestNG" name="runScenario" time="100.956"/>
  <testcase classname="com.Runner.runnerTestNG" name="runScenario" time="50.934"/>
  <testcase classname="com.Runner.runnerTestNG" name="runScenario" time="11.530"/>
  <testcase classname="com.Runner.runnerTestNG" name="runScenario" time="14.769"/>
  <testcase classname="com.Runner.runnerTestNG" name="runScenario" time="47.473"/>
  <testcase classname="com.Runner.runnerTestNG" name="runScenario" time="13.072"/>
  <testcase classname="com.Runner.runnerTestNG" name="runScenario" time="67.084"/>
  <testcase classname="com.Runner.runnerTestNG" name="runScenario" time="23.918"/>
  <testcase classname="com.Runner.runnerTestNG" name="runScenario" time="13.493"/>
  <testcase classname="com.Runner.runnerTestNG" name="runScenario" time="30.303"/>
  <testcase classname="com.Runner.runnerTestNG" name="runScenario" time="20.910"/>
  <testcase classname="com.Runner.runnerTestNG" name="runScenario" time="17.158"/>
  <testcase classname="com.Runner.runnerTestNG" name="runScenario" time="43.033"/>
  <testcase classname="com.Runner.runnerTestNG" name="runScenario" time="33.649"/>
  <testcase classname="com.Runner.runnerTestNG" name="runScenario" time="16.476"/>
  <testcase classname="com.Runner.runnerTestNG" name="runScenario" time="34.262">
    <error message="stale element reference: stale element not found
  (Session info: chrome=135.0.7049.115)
For documentation on this error, please visit: https://www.selenium.dev/documentation/webdriver/troubleshooting/errors#stale-element-reference-exception
Build info: version: &#039;4.31.0&#039;, revision: &#039;1ef9f18787*&#039;
System info: os.name: &#039;Windows 11&#039;, os.arch: &#039;amd64&#039;, os.version: &#039;10.0&#039;, java.version: &#039;21.0.6&#039;
Driver info: org.openqa.selenium.chrome.ChromeDriver
Command: [b0b1c2d772335278af529a6ec88d7731, clickElement {id=f.0E9A81EC4A2CF19F3AF325D793602DF7.d.80AE73ECD83A5F1433C91E4AC4450614.e.129}]
Capabilities {acceptInsecureCerts: false, browserName: chrome, browserVersion: 135.0.7049.115, chrome: {chromedriverVersion: 135.0.7049.114 (63fd8a7d9d0..., userDataDir: C:\Users\yuvar\AppData\Loca...}, fedcm:accounts: true, goog:chromeOptions: {debuggerAddress: localhost:56506}, networkConnectionEnabled: false, pageLoadStrategy: normal, platformName: windows, proxy: Proxy(), se:cdp: ws://localhost:56506/devtoo..., se:cdpVersion: 135.0.7049.115, setWindowRect: true, strictFileInteractability: false, timeouts: {implicit: 0, pageLoad: 300000, script: 30000}, unhandledPromptBehavior: dismiss and notify, webauthn:extension:credBlob: true, webauthn:extension:largeBlob: true, webauthn:extension:minPinLength: true, webauthn:extension:prf: true, webauthn:virtualAuthenticators: true}
Element: [[ChromeDriver: chrome on windows (b0b1c2d772335278af529a6ec88d7731)] -&gt; xpath: //input[@class=&quot;button-2 product-box-add-to-cart-button&quot;]]
Session ID: b0b1c2d772335278af529a6ec88d7731" type="org.openqa.selenium.StaleElementReferenceException">
      <![CDATA[org.openqa.selenium.StaleElementReferenceException: stale element reference: stale element not found
  (Session info: chrome=135.0.7049.115)
For documentation on this error, please visit: https://www.selenium.dev/documentation/webdriver/troubleshooting/errors#stale-element-reference-exception
Build info: version: '4.31.0', revision: '1ef9f18787*'
System info: os.name: 'Windows 11', os.arch: 'amd64', os.version: '10.0', java.version: '21.0.6'
Driver info: org.openqa.selenium.chrome.ChromeDriver
Command: [b0b1c2d772335278af529a6ec88d7731, clickElement {id=f.0E9A81EC4A2CF19F3AF325D793602DF7.d.80AE73ECD83A5F1433C91E4AC4450614.e.129}]
Capabilities {acceptInsecureCerts: false, browserName: chrome, browserVersion: 135.0.7049.115, chrome: {chromedriverVersion: 135.0.7049.114 (63fd8a7d9d0..., userDataDir: C:\Users\yuvar\AppData\Loca...}, fedcm:accounts: true, goog:chromeOptions: {debuggerAddress: localhost:56506}, networkConnectionEnabled: false, pageLoadStrategy: normal, platformName: windows, proxy: Proxy(), se:cdp: ws://localhost:56506/devtoo..., se:cdpVersion: 135.0.7049.115, setWindowRect: true, strictFileInteractability: false, timeouts: {implicit: 0, pageLoad: 300000, script: 30000}, unhandledPromptBehavior: dismiss and notify, webauthn:extension:credBlob: true, webauthn:extension:largeBlob: true, webauthn:extension:minPinLength: true, webauthn:extension:prf: true, webauthn:virtualAuthenticators: true}
Element: [[ChromeDriver: chrome on windows (b0b1c2d772335278af529a6ec88d7731)] -> xpath: //input[@class="button-2 product-box-add-to-cart-button"]]
Session ID: b0b1c2d772335278af529a6ec88d7731
at java.base/jdk.internal.reflect.DirectConstructorHandleAccessor.newInstance(DirectConstructorHandleAccessor.java:62)
at java.base/java.lang.reflect.Constructor.newInstanceWithCaller(Constructor.java:502)
at java.base/java.lang.reflect.Constructor.newInstance(Constructor.java:486)
at org.openqa.selenium.remote.ErrorCodec.decode(ErrorCodec.java:167)
at org.openqa.selenium.remote.codec.w3c.W3CHttpResponseCodec.decode(W3CHttpResponseCodec.java:138)
at org.openqa.selenium.remote.codec.w3c.W3CHttpResponseCodec.decode(W3CHttpResponseCodec.java:50)
at org.openqa.selenium.remote.HttpCommandExecutor.execute(HttpCommandExecutor.java:215)
at org.openqa.selenium.remote.service.DriverCommandExecutor.invokeExecute(DriverCommandExecutor.java:216)
at org.openqa.selenium.remote.service.DriverCommandExecutor.execute(DriverCommandExecutor.java:174)
at org.openqa.selenium.remote.RemoteWebDriver.execute(RemoteWebDriver.java:545)
at org.openqa.selenium.remote.RemoteWebElement.execute(RemoteWebElement.java:223)
at org.openqa.selenium.remote.RemoteWebElement.click(RemoteWebElement.java:76)
at java.base/jdk.internal.reflect.DirectMethodHandleAccessor.invoke(DirectMethodHandleAccessor.java:103)
at java.base/java.lang.reflect.Method.invoke(Method.java:580)
at org.openqa.selenium.support.pagefactory.internal.LocatingElementHandler.invoke(LocatingElementHandler.java:51)
at jdk.proxy2/jdk.proxy2.$Proxy27.click(Unknown Source)
at com.Actions.ProductAction.addLaptopCart(ProductAction.java:171)
at com.Definitions.ProductStepDefinition.i_add_to_cart_the_laptop(ProductStepDefinition.java:242)
at ✽.I add to cart the laptop(file:///C:/Users/yuvar/DemoWebShop(Automation)/DemoWebShop-Cucumber/src/test/resources/Features/Product.feature:66)
]]>
    </error>
  </testcase> <!-- runScenario -->
  <testcase classname="com.Runner.runnerTestNG" name="runScenario" time="24.304"/>
  <testcase classname="com.Runner.runnerTestNG" name="runScenario" time="14.350"/>
  <testcase classname="com.Runner.runnerTestNG" name="runScenario" time="13.287"/>
  <testcase classname="com.Runner.runnerTestNG" name="runScenario" time="28.598"/>
  <testcase classname="com.Runner.runnerTestNG" name="runScenario" time="15.019"/>
  <testcase classname="com.Runner.runnerTestNG" name="runScenario" time="43.534">
    <error message="stale element reference: stale element not found
  (Session info: chrome=135.0.7049.115)
For documentation on this error, please visit: https://www.selenium.dev/documentation/webdriver/troubleshooting/errors#stale-element-reference-exception
Build info: version: &#039;4.31.0&#039;, revision: &#039;1ef9f18787*&#039;
System info: os.name: &#039;Windows 11&#039;, os.arch: &#039;amd64&#039;, os.version: &#039;10.0&#039;, java.version: &#039;21.0.6&#039;
Driver info: org.openqa.selenium.chrome.ChromeDriver
Command: [eac04edb985259eab6307e84e8700a56, getElementText {id=f.B9B4142250691BE4FB206C3547CC98BD.d.F3E6A5667AFD3F0684CC7FEA53EEDA6F.e.251}]
Capabilities {acceptInsecureCerts: false, browserName: chrome, browserVersion: 135.0.7049.115, chrome: {chromedriverVersion: 135.0.7049.114 (63fd8a7d9d0..., userDataDir: C:\Users\yuvar\AppData\Loca...}, fedcm:accounts: true, goog:chromeOptions: {debuggerAddress: localhost:56657}, networkConnectionEnabled: false, pageLoadStrategy: normal, platformName: windows, proxy: Proxy(), se:cdp: ws://localhost:56657/devtoo..., se:cdpVersion: 135.0.7049.115, setWindowRect: true, strictFileInteractability: false, timeouts: {implicit: 0, pageLoad: 300000, script: 30000}, unhandledPromptBehavior: dismiss and notify, webauthn:extension:credBlob: true, webauthn:extension:largeBlob: true, webauthn:extension:minPinLength: true, webauthn:extension:prf: true, webauthn:virtualAuthenticators: true}
Element: [[ChromeDriver: chrome on windows (eac04edb985259eab6307e84e8700a56)] -&gt; xpath: //span[@data-valmsg-for=&quot;AddProductReview.ReviewText&quot;]]
Session ID: eac04edb985259eab6307e84e8700a56" type="org.openqa.selenium.StaleElementReferenceException">
      <![CDATA[org.openqa.selenium.StaleElementReferenceException: stale element reference: stale element not found
  (Session info: chrome=135.0.7049.115)
For documentation on this error, please visit: https://www.selenium.dev/documentation/webdriver/troubleshooting/errors#stale-element-reference-exception
Build info: version: '4.31.0', revision: '1ef9f18787*'
System info: os.name: 'Windows 11', os.arch: 'amd64', os.version: '10.0', java.version: '21.0.6'
Driver info: org.openqa.selenium.chrome.ChromeDriver
Command: [eac04edb985259eab6307e84e8700a56, getElementText {id=f.B9B4142250691BE4FB206C3547CC98BD.d.F3E6A5667AFD3F0684CC7FEA53EEDA6F.e.251}]
Capabilities {acceptInsecureCerts: false, browserName: chrome, browserVersion: 135.0.7049.115, chrome: {chromedriverVersion: 135.0.7049.114 (63fd8a7d9d0..., userDataDir: C:\Users\yuvar\AppData\Loca...}, fedcm:accounts: true, goog:chromeOptions: {debuggerAddress: localhost:56657}, networkConnectionEnabled: false, pageLoadStrategy: normal, platformName: windows, proxy: Proxy(), se:cdp: ws://localhost:56657/devtoo..., se:cdpVersion: 135.0.7049.115, setWindowRect: true, strictFileInteractability: false, timeouts: {implicit: 0, pageLoad: 300000, script: 30000}, unhandledPromptBehavior: dismiss and notify, webauthn:extension:credBlob: true, webauthn:extension:largeBlob: true, webauthn:extension:minPinLength: true, webauthn:extension:prf: true, webauthn:virtualAuthenticators: true}
Element: [[ChromeDriver: chrome on windows (eac04edb985259eab6307e84e8700a56)] -> xpath: //span[@data-valmsg-for="AddProductReview.ReviewText"]]
Session ID: eac04edb985259eab6307e84e8700a56
at java.base/jdk.internal.reflect.DirectConstructorHandleAccessor.newInstance(DirectConstructorHandleAccessor.java:62)
at java.base/java.lang.reflect.Constructor.newInstanceWithCaller(Constructor.java:502)
at java.base/java.lang.reflect.Constructor.newInstance(Constructor.java:486)
at org.openqa.selenium.remote.ErrorCodec.decode(ErrorCodec.java:167)
at org.openqa.selenium.remote.codec.w3c.W3CHttpResponseCodec.decode(W3CHttpResponseCodec.java:138)
at org.openqa.selenium.remote.codec.w3c.W3CHttpResponseCodec.decode(W3CHttpResponseCodec.java:50)
at org.openqa.selenium.remote.HttpCommandExecutor.execute(HttpCommandExecutor.java:215)
at org.openqa.selenium.remote.service.DriverCommandExecutor.invokeExecute(DriverCommandExecutor.java:216)
at org.openqa.selenium.remote.service.DriverCommandExecutor.execute(DriverCommandExecutor.java:174)
at org.openqa.selenium.remote.RemoteWebDriver.execute(RemoteWebDriver.java:545)
at org.openqa.selenium.remote.RemoteWebElement.execute(RemoteWebElement.java:223)
at org.openqa.selenium.remote.RemoteWebElement.getText(RemoteWebElement.java:191)
at java.base/jdk.internal.reflect.DirectMethodHandleAccessor.invoke(DirectMethodHandleAccessor.java:103)
at java.base/java.lang.reflect.Method.invoke(Method.java:580)
at org.openqa.selenium.support.pagefactory.internal.LocatingElementHandler.invoke(LocatingElementHandler.java:51)
at jdk.proxy2/jdk.proxy2.$Proxy27.getText(Unknown Source)
at com.Actions.ReviewAction.blankTextError(ReviewAction.java:86)
at com.Definitions.ReviewStepDefinitions.i_should_see_the_error_message(ReviewStepDefinitions.java:163)
at ✽.I should see the error message "Review title is required."(file:///C:/Users/yuvar/DemoWebShop(Automation)/DemoWebShop-Cucumber/src/test/resources/Features/Review.feature:27)
]]>
    </error>
  </testcase> <!-- runScenario -->
  <testcase classname="com.Runner.runnerTestNG" name="runScenario" time="12.795"/>
  <testcase classname="com.Runner.runnerTestNG" name="runScenario" time="63.723">
    <error message="element not interactable
  (Session info: chrome=135.0.7049.115)
Build info: version: &#039;4.31.0&#039;, revision: &#039;1ef9f18787*&#039;
System info: os.name: &#039;Windows 11&#039;, os.arch: &#039;amd64&#039;, os.version: &#039;10.0&#039;, java.version: &#039;21.0.6&#039;
Driver info: org.openqa.selenium.chrome.ChromeDriver
Command: [73d19d5e09eba6137bf5b1175a0601c8, clickElement {id=f.F91E4BC7825575B0073455E5E5782A89.d.591F78BD24AAC962537D30A0C0F8B54D.e.303}]
Capabilities {acceptInsecureCerts: false, browserName: chrome, browserVersion: 135.0.7049.115, chrome: {chromedriverVersion: 135.0.7049.114 (63fd8a7d9d0..., userDataDir: C:\Users\yuvar\AppData\Loca...}, fedcm:accounts: true, goog:chromeOptions: {debuggerAddress: localhost:55487}, networkConnectionEnabled: false, pageLoadStrategy: normal, platformName: windows, proxy: Proxy(), se:cdp: ws://localhost:55487/devtoo..., se:cdpVersion: 135.0.7049.115, setWindowRect: true, strictFileInteractability: false, timeouts: {implicit: 0, pageLoad: 300000, script: 30000}, unhandledPromptBehavior: dismiss and notify, webauthn:extension:credBlob: true, webauthn:extension:largeBlob: true, webauthn:extension:minPinLength: true, webauthn:extension:prf: true, webauthn:virtualAuthenticators: true}
Element: [[ChromeDriver: chrome on windows (73d19d5e09eba6137bf5b1175a0601c8)] -&gt; xpath: //input[@class=&quot;button-1 payment-info-next-step-button&quot;]]
Session ID: 73d19d5e09eba6137bf5b1175a0601c8" type="org.openqa.selenium.ElementNotInteractableException">
      <![CDATA[org.openqa.selenium.ElementNotInteractableException: element not interactable
  (Session info: chrome=135.0.7049.115)
Build info: version: '4.31.0', revision: '1ef9f18787*'
System info: os.name: 'Windows 11', os.arch: 'amd64', os.version: '10.0', java.version: '21.0.6'
Driver info: org.openqa.selenium.chrome.ChromeDriver
Command: [73d19d5e09eba6137bf5b1175a0601c8, clickElement {id=f.F91E4BC7825575B0073455E5E5782A89.d.591F78BD24AAC962537D30A0C0F8B54D.e.303}]
Capabilities {acceptInsecureCerts: false, browserName: chrome, browserVersion: 135.0.7049.115, chrome: {chromedriverVersion: 135.0.7049.114 (63fd8a7d9d0..., userDataDir: C:\Users\yuvar\AppData\Loca...}, fedcm:accounts: true, goog:chromeOptions: {debuggerAddress: localhost:55487}, networkConnectionEnabled: false, pageLoadStrategy: normal, platformName: windows, proxy: Proxy(), se:cdp: ws://localhost:55487/devtoo..., se:cdpVersion: 135.0.7049.115, setWindowRect: true, strictFileInteractability: false, timeouts: {implicit: 0, pageLoad: 300000, script: 30000}, unhandledPromptBehavior: dismiss and notify, webauthn:extension:credBlob: true, webauthn:extension:largeBlob: true, webauthn:extension:minPinLength: true, webauthn:extension:prf: true, webauthn:virtualAuthenticators: true}
Element: [[ChromeDriver: chrome on windows (73d19d5e09eba6137bf5b1175a0601c8)] -> xpath: //input[@class="button-1 payment-info-next-step-button"]]
Session ID: 73d19d5e09eba6137bf5b1175a0601c8
at java.base/jdk.internal.reflect.DirectConstructorHandleAccessor.newInstance(DirectConstructorHandleAccessor.java:62)
at java.base/java.lang.reflect.Constructor.newInstanceWithCaller(Constructor.java:502)
at java.base/java.lang.reflect.Constructor.newInstance(Constructor.java:486)
at org.openqa.selenium.remote.ErrorCodec.decode(ErrorCodec.java:167)
at org.openqa.selenium.remote.codec.w3c.W3CHttpResponseCodec.decode(W3CHttpResponseCodec.java:138)
at org.openqa.selenium.remote.codec.w3c.W3CHttpResponseCodec.decode(W3CHttpResponseCodec.java:50)
at org.openqa.selenium.remote.HttpCommandExecutor.execute(HttpCommandExecutor.java:215)
at org.openqa.selenium.remote.service.DriverCommandExecutor.invokeExecute(DriverCommandExecutor.java:216)
at org.openqa.selenium.remote.service.DriverCommandExecutor.execute(DriverCommandExecutor.java:174)
at org.openqa.selenium.remote.RemoteWebDriver.execute(RemoteWebDriver.java:545)
at org.openqa.selenium.remote.RemoteWebElement.execute(RemoteWebElement.java:223)
at org.openqa.selenium.remote.RemoteWebElement.click(RemoteWebElement.java:76)
at java.base/jdk.internal.reflect.DirectMethodHandleAccessor.invoke(DirectMethodHandleAccessor.java:103)
at java.base/java.lang.reflect.Method.invoke(Method.java:580)
at org.openqa.selenium.support.pagefactory.internal.LocatingElementHandler.invoke(LocatingElementHandler.java:51)
at jdk.proxy2/jdk.proxy2.$Proxy27.click(Unknown Source)
at com.Actions.CheckoutAction.paymentinfocontinue(CheckoutAction.java:120)
at com.Definitions.CheckoutStepDefinition.click_the_orders(CheckoutStepDefinition.java:160)
at ✽.click the orders(file:///C:/Users/yuvar/DemoWebShop(Automation)/DemoWebShop-Cucumber/src/test/resources/Features/CheckOut.feature:49)
]]>
    </error>
  </testcase> <!-- runScenario -->
  <testcase classname="com.Runner.runnerTestNG" name="runScenario" time="16.674"/>
  <testcase classname="com.Runner.runnerTestNG" name="runScenario" time="62.409"/>
  <testcase classname="com.Runner.runnerTestNG" name="runScenario" time="15.288"/>
  <testcase classname="com.Runner.runnerTestNG" name="runScenario" time="22.650"/>
  <testcase classname="com.Runner.runnerTestNG" name="runScenario" time="60.398">
    <error message="element not interactable
  (Session info: chrome=135.0.7049.115)
Build info: version: &#039;4.31.0&#039;, revision: &#039;1ef9f18787*&#039;
System info: os.name: &#039;Windows 11&#039;, os.arch: &#039;amd64&#039;, os.version: &#039;10.0&#039;, java.version: &#039;21.0.6&#039;
Driver info: org.openqa.selenium.chrome.ChromeDriver
Command: [cfc9d67d8f877e9205448d46fa781859, clickElement {id=f.447E6CFA1CD99149C6CC2C034EEAC0CD.d.3ADC1A84AC8EF3AFED40FB6CAC40F5E3.e.312}]
Capabilities {acceptInsecureCerts: false, browserName: chrome, browserVersion: 135.0.7049.115, chrome: {chromedriverVersion: 135.0.7049.114 (63fd8a7d9d0..., userDataDir: C:\Users\yuvar\AppData\Loca...}, fedcm:accounts: true, goog:chromeOptions: {debuggerAddress: localhost:55216}, networkConnectionEnabled: false, pageLoadStrategy: normal, platformName: windows, proxy: Proxy(), se:cdp: ws://localhost:55216/devtoo..., se:cdpVersion: 135.0.7049.115, setWindowRect: true, strictFileInteractability: false, timeouts: {implicit: 0, pageLoad: 300000, script: 30000}, unhandledPromptBehavior: dismiss and notify, webauthn:extension:credBlob: true, webauthn:extension:largeBlob: true, webauthn:extension:minPinLength: true, webauthn:extension:prf: true, webauthn:virtualAuthenticators: true}
Element: [[ChromeDriver: chrome on windows (cfc9d67d8f877e9205448d46fa781859)] -&gt; xpath: //input[@class=&quot;button-1 payment-info-next-step-button&quot;]]
Session ID: cfc9d67d8f877e9205448d46fa781859" type="org.openqa.selenium.ElementNotInteractableException">
      <![CDATA[org.openqa.selenium.ElementNotInteractableException: element not interactable
  (Session info: chrome=135.0.7049.115)
Build info: version: '4.31.0', revision: '1ef9f18787*'
System info: os.name: 'Windows 11', os.arch: 'amd64', os.version: '10.0', java.version: '21.0.6'
Driver info: org.openqa.selenium.chrome.ChromeDriver
Command: [cfc9d67d8f877e9205448d46fa781859, clickElement {id=f.447E6CFA1CD99149C6CC2C034EEAC0CD.d.3ADC1A84AC8EF3AFED40FB6CAC40F5E3.e.312}]
Capabilities {acceptInsecureCerts: false, browserName: chrome, browserVersion: 135.0.7049.115, chrome: {chromedriverVersion: 135.0.7049.114 (63fd8a7d9d0..., userDataDir: C:\Users\yuvar\AppData\Loca...}, fedcm:accounts: true, goog:chromeOptions: {debuggerAddress: localhost:55216}, networkConnectionEnabled: false, pageLoadStrategy: normal, platformName: windows, proxy: Proxy(), se:cdp: ws://localhost:55216/devtoo..., se:cdpVersion: 135.0.7049.115, setWindowRect: true, strictFileInteractability: false, timeouts: {implicit: 0, pageLoad: 300000, script: 30000}, unhandledPromptBehavior: dismiss and notify, webauthn:extension:credBlob: true, webauthn:extension:largeBlob: true, webauthn:extension:minPinLength: true, webauthn:extension:prf: true, webauthn:virtualAuthenticators: true}
Element: [[ChromeDriver: chrome on windows (cfc9d67d8f877e9205448d46fa781859)] -> xpath: //input[@class="button-1 payment-info-next-step-button"]]
Session ID: cfc9d67d8f877e9205448d46fa781859
at java.base/jdk.internal.reflect.DirectConstructorHandleAccessor.newInstance(DirectConstructorHandleAccessor.java:62)
at java.base/java.lang.reflect.Constructor.newInstanceWithCaller(Constructor.java:502)
at java.base/java.lang.reflect.Constructor.newInstance(Constructor.java:486)
at org.openqa.selenium.remote.ErrorCodec.decode(ErrorCodec.java:167)
at org.openqa.selenium.remote.codec.w3c.W3CHttpResponseCodec.decode(W3CHttpResponseCodec.java:138)
at org.openqa.selenium.remote.codec.w3c.W3CHttpResponseCodec.decode(W3CHttpResponseCodec.java:50)
at org.openqa.selenium.remote.HttpCommandExecutor.execute(HttpCommandExecutor.java:215)
at org.openqa.selenium.remote.service.DriverCommandExecutor.invokeExecute(DriverCommandExecutor.java:216)
at org.openqa.selenium.remote.service.DriverCommandExecutor.execute(DriverCommandExecutor.java:174)
at org.openqa.selenium.remote.RemoteWebDriver.execute(RemoteWebDriver.java:545)
at org.openqa.selenium.remote.RemoteWebElement.execute(RemoteWebElement.java:223)
at org.openqa.selenium.remote.RemoteWebElement.click(RemoteWebElement.java:76)
at java.base/jdk.internal.reflect.DirectMethodHandleAccessor.invoke(DirectMethodHandleAccessor.java:103)
at java.base/java.lang.reflect.Method.invoke(Method.java:580)
at org.openqa.selenium.support.pagefactory.internal.LocatingElementHandler.invoke(LocatingElementHandler.java:51)
at jdk.proxy2/jdk.proxy2.$Proxy27.click(Unknown Source)
at com.Actions.CheckoutAction.paymentinfocontinue(CheckoutAction.java:120)
at com.Definitions.CheckoutStepDefinition.select_address_and_payment_methods(CheckoutStepDefinition.java:91)
at ✽.select  address and payment methods(file:///C:/Users/yuvar/DemoWebShop(Automation)/DemoWebShop-Cucumber/src/test/resources/Features/CheckOut.feature:26)
]]>
    </error>
  </testcase> <!-- runScenario -->
  <testcase classname="com.Runner.runnerTestNG" name="runScenario" time="12.650"/>
  <testcase classname="com.Runner.runnerTestNG" name="runScenario" time="15.623"/>
  <testcase classname="com.Runner.runnerTestNG" name="runScenario" time="35.698"/>
  <testcase classname="com.Runner.runnerTestNG" name="runScenario" time="20.300"/>
  <testcase classname="com.Runner.runnerTestNG" name="runScenario" time="23.521"/>
  <testcase classname="com.Runner.runnerTestNG" name="runScenario" time="23.994"/>
  <testcase classname="com.Runner.runnerTestNG" name="runScenario" time="23.303"/>
  <testcase classname="com.Runner.runnerTestNG" name="runScenario" time="15.626"/>
  <testcase classname="com.Runner.runnerTestNG" name="runScenario" time="45.029"/>
  <testcase classname="com.Runner.runnerTestNG" name="runScenario" time="48.489"/>
  <testcase classname="com.Runner.runnerTestNG" name="runScenario" time="19.327"/>
  <testcase classname="com.Runner.runnerTestNG" name="runScenario" time="15.126"/>
  <testcase classname="com.Runner.runnerTestNG" name="runScenario" time="21.515"/>
  <testcase classname="com.Runner.runnerTestNG" name="runScenario" time="15.953"/>
</testsuite> <!-- com.Runner.runnerTestNG -->
