<?xml version="1.0" encoding="UTF-8"?>
<!-- Generated by org.testng.reporters.JUnitReportReporter -->
<testsuite hostname="YUVARAJ_UV" failures="0" tests="41" name="com.Runner.runnerTestNG" time="824.616" errors="3" timestamp="2025-04-16T09:26:28 IST" skipped="0">
  <testcase classname="com.Runner.runnerTestNG" name="runScenario" time="14.185"/>
  <testcase classname="com.Runner.runnerTestNG" name="runScenario" time="47.136"/>
  <testcase classname="com.Runner.runnerTestNG" name="runScenario" time="40.082">
    <error message="Expected condition failed: waiting for visibility of element located by By.xpath: //div[@class=&quot;result&quot;] (tried for 10 second(s) with 500 milliseconds interval)
Build info: version: &#039;4.31.0&#039;, revision: &#039;1ef9f18787*&#039;
System info: os.name: &#039;Windows 11&#039;, os.arch: &#039;amd64&#039;, os.version: &#039;10.0&#039;, java.version: &#039;21.0.6&#039;
Driver info: org.openqa.selenium.chrome.ChromeDriver
Capabilities {acceptInsecureCerts: false, browserName: chrome, browserVersion: 135.0.7049.85, chrome: {chromedriverVersion: 135.0.7049.95 (de2eb485a195..., userDataDir: C:\Users\yuvar\AppData\Loca...}, fedcm:accounts: true, goog:chromeOptions: {debuggerAddress: localhost:51250}, networkConnectionEnabled: false, pageLoadStrategy: normal, platformName: windows, proxy: Proxy(), se:cdp: ws://localhost:51250/devtoo..., se:cdpVersion: 135.0.7049.85, setWindowRect: true, strictFileInteractability: false, timeouts: {implicit: 0, pageLoad: 300000, script: 30000}, unhandledPromptBehavior: dismiss and notify, webauthn:extension:credBlob: true, webauthn:extension:largeBlob: true, webauthn:extension:minPinLength: true, webauthn:extension:prf: true, webauthn:virtualAuthenticators: true}
Session ID: 1c27861695689f3a643c810a45f023c5" type="org.openqa.selenium.TimeoutException">
      <![CDATA[org.openqa.selenium.TimeoutException: Expected condition failed: waiting for visibility of element located by By.xpath: //div[@class="result"] (tried for 10 second(s) with 500 milliseconds interval)
Build info: version: '4.31.0', revision: '1ef9f18787*'
System info: os.name: 'Windows 11', os.arch: 'amd64', os.version: '10.0', java.version: '21.0.6'
Driver info: org.openqa.selenium.chrome.ChromeDriver
Capabilities {acceptInsecureCerts: false, browserName: chrome, browserVersion: 135.0.7049.85, chrome: {chromedriverVersion: 135.0.7049.95 (de2eb485a195..., userDataDir: C:\Users\yuvar\AppData\Loca...}, fedcm:accounts: true, goog:chromeOptions: {debuggerAddress: localhost:51250}, networkConnectionEnabled: false, pageLoadStrategy: normal, platformName: windows, proxy: Proxy(), se:cdp: ws://localhost:51250/devtoo..., se:cdpVersion: 135.0.7049.85, setWindowRect: true, strictFileInteractability: false, timeouts: {implicit: 0, pageLoad: 300000, script: 30000}, unhandledPromptBehavior: dismiss and notify, webauthn:extension:credBlob: true, webauthn:extension:largeBlob: true, webauthn:extension:minPinLength: true, webauthn:extension:prf: true, webauthn:virtualAuthenticators: true}
Session ID: 1c27861695689f3a643c810a45f023c5
at org.openqa.selenium.support.ui.WebDriverWait.timeoutException(WebDriverWait.java:84)
at org.openqa.selenium.support.ui.FluentWait.until(FluentWait.java:228)
at com.Definitions.MyAccountStepDefinition.i_click_change_password(MyAccountStepDefinition.java:80)
at ✽.i click change Password(file:///C:/Users/yuvar/DemoWebShop(Automation)/DemoWebShop-Cucumber/src/test/resources/Features/MyAccountSection.feature:27)
]]>
    </error>
  </testcase> <!-- runScenario -->
  <testcase classname="com.Runner.runnerTestNG" name="runScenario" time="37.089"/>
  <testcase classname="com.Runner.runnerTestNG" name="runScenario" time="37.327"/>
  <testcase classname="com.Runner.runnerTestNG" name="runScenario" time="15.262"/>
  <testcase classname="com.Runner.runnerTestNG" name="runScenario" time="10.599"/>
  <testcase classname="com.Runner.runnerTestNG" name="runScenario" time="10.279">
    <error message="element not interactable
  (Session info: chrome=135.0.7049.85)
Build info: version: &#039;4.31.0&#039;, revision: &#039;1ef9f18787*&#039;
System info: os.name: &#039;Windows 11&#039;, os.arch: &#039;amd64&#039;, os.version: &#039;10.0&#039;, java.version: &#039;21.0.6&#039;
Driver info: org.openqa.selenium.chrome.ChromeDriver
Command: [a4fb106b389f56a7df700c03504d48fe, sendKeysToElement {value=[Ljava.lang.CharSequence;@60a630d, id=f.43B01873DD37FABE64FB057AE146D023.d.233390CCAB454959C5294D31A345F4E1.e.5}]
Capabilities {acceptInsecureCerts: false, browserName: chrome, browserVersion: 135.0.7049.85, chrome: {chromedriverVersion: 135.0.7049.95 (de2eb485a195..., userDataDir: C:\Users\yuvar\AppData\Loca...}, fedcm:accounts: true, goog:chromeOptions: {debuggerAddress: localhost:51643}, networkConnectionEnabled: false, pageLoadStrategy: normal, platformName: windows, proxy: Proxy(), se:cdp: ws://localhost:51643/devtoo..., se:cdpVersion: 135.0.7049.85, setWindowRect: true, strictFileInteractability: false, timeouts: {implicit: 0, pageLoad: 300000, script: 30000}, unhandledPromptBehavior: dismiss and notify, webauthn:extension:credBlob: true, webauthn:extension:largeBlob: true, webauthn:extension:minPinLength: true, webauthn:extension:prf: true, webauthn:virtualAuthenticators: true}
Element: [[ChromeDriver: chrome on windows (a4fb106b389f56a7df700c03504d48fe)] -&gt; xpath: //input[@id=&quot;small-searchterms&quot;]]
Session ID: a4fb106b389f56a7df700c03504d48fe" type="org.openqa.selenium.ElementNotInteractableException">
      <![CDATA[org.openqa.selenium.ElementNotInteractableException: element not interactable
  (Session info: chrome=135.0.7049.85)
Build info: version: '4.31.0', revision: '1ef9f18787*'
System info: os.name: 'Windows 11', os.arch: 'amd64', os.version: '10.0', java.version: '21.0.6'
Driver info: org.openqa.selenium.chrome.ChromeDriver
Command: [a4fb106b389f56a7df700c03504d48fe, sendKeysToElement {value=[Ljava.lang.CharSequence;@60a630d, id=f.43B01873DD37FABE64FB057AE146D023.d.233390CCAB454959C5294D31A345F4E1.e.5}]
Capabilities {acceptInsecureCerts: false, browserName: chrome, browserVersion: 135.0.7049.85, chrome: {chromedriverVersion: 135.0.7049.95 (de2eb485a195..., userDataDir: C:\Users\yuvar\AppData\Loca...}, fedcm:accounts: true, goog:chromeOptions: {debuggerAddress: localhost:51643}, networkConnectionEnabled: false, pageLoadStrategy: normal, platformName: windows, proxy: Proxy(), se:cdp: ws://localhost:51643/devtoo..., se:cdpVersion: 135.0.7049.85, setWindowRect: true, strictFileInteractability: false, timeouts: {implicit: 0, pageLoad: 300000, script: 30000}, unhandledPromptBehavior: dismiss and notify, webauthn:extension:credBlob: true, webauthn:extension:largeBlob: true, webauthn:extension:minPinLength: true, webauthn:extension:prf: true, webauthn:virtualAuthenticators: true}
Element: [[ChromeDriver: chrome on windows (a4fb106b389f56a7df700c03504d48fe)] -> xpath: //input[@id="small-searchterms"]]
Session ID: a4fb106b389f56a7df700c03504d48fe
at java.base/jdk.internal.reflect.DirectConstructorHandleAccessor.newInstance(DirectConstructorHandleAccessor.java:62)
at java.base/java.lang.reflect.Constructor.newInstanceWithCaller(Constructor.java:502)
at java.base/java.lang.reflect.Constructor.newInstance(Constructor.java:486)
at org.openqa.selenium.remote.ErrorCodec.decode(ErrorCodec.java:167)
at org.openqa.selenium.remote.codec.w3c.W3CHttpResponseCodec.decode(W3CHttpResponseCodec.java:138)
at org.openqa.selenium.remote.codec.w3c.W3CHttpResponseCodec.decode(W3CHttpResponseCodec.java:50)
at org.openqa.selenium.remote.HttpCommandExecutor.execute(HttpCommandExecutor.java:215)
at org.openqa.selenium.remote.service.DriverCommandExecutor.invokeExecute(DriverCommandExecutor.java:216)
at org.openqa.selenium.remote.service.DriverCommandExecutor.execute(DriverCommandExecutor.java:174)
at org.openqa.selenium.remote.RemoteWebDriver.execute(RemoteWebDriver.java:545)
at org.openqa.selenium.remote.RemoteWebElement.execute(RemoteWebElement.java:223)
at org.openqa.selenium.remote.RemoteWebElement.sendKeys(RemoteWebElement.java:110)
at java.base/jdk.internal.reflect.DirectMethodHandleAccessor.invoke(DirectMethodHandleAccessor.java:103)
at java.base/java.lang.reflect.Method.invoke(Method.java:580)
at org.openqa.selenium.support.pagefactory.internal.LocatingElementHandler.invoke(LocatingElementHandler.java:51)
at jdk.proxy2/jdk.proxy2.$Proxy27.sendKeys(Unknown Source)
at com.Actions.ProductAction.addlaptopcart(ProductAction.java:169)
at com.Definitions.ProductStepDefinition.i_add_to_cart_the_laptop(ProductStepDefinition.java:149)
at ✽.I add to cart the laptop(file:///C:/Users/yuvar/DemoWebShop(Automation)/DemoWebShop-Cucumber/src/test/resources/Features/Product.feature:65)
]]>
    </error>
  </testcase> <!-- runScenario -->
  <testcase classname="com.Runner.runnerTestNG" name="runScenario" time="14.303"/>
  <testcase classname="com.Runner.runnerTestNG" name="runScenario" time="14.261"/>
  <testcase classname="com.Runner.runnerTestNG" name="runScenario" time="15.038"/>
  <testcase classname="com.Runner.runnerTestNG" name="runScenario" time="8.964"/>
  <testcase classname="com.Runner.runnerTestNG" name="runScenario" time="14.245"/>
  <testcase classname="com.Runner.runnerTestNG" name="runScenario" time="13.469">
    <error message="stale element reference: stale element not found
  (Session info: chrome=135.0.7049.85)
For documentation on this error, please visit: https://www.selenium.dev/documentation/webdriver/troubleshooting/errors#stale-element-reference-exception
Build info: version: &#039;4.31.0&#039;, revision: &#039;1ef9f18787*&#039;
System info: os.name: &#039;Windows 11&#039;, os.arch: &#039;amd64&#039;, os.version: &#039;10.0&#039;, java.version: &#039;21.0.6&#039;
Driver info: org.openqa.selenium.chrome.ChromeDriver
Command: [3f1b721a453663fabefce904df8513ae, sendKeysToElement {value=[Ljava.lang.CharSequence;@3484da81, id=f.D5EA1C93B70BAFBDE06B09B4F3A01677.d.48F7DB5B16F0EE70A6A97F85A749426B.e.35}]
Capabilities {acceptInsecureCerts: false, browserName: chrome, browserVersion: 135.0.7049.85, chrome: {chromedriverVersion: 135.0.7049.95 (de2eb485a195..., userDataDir: C:\Users\yuvar\AppData\Loca...}, fedcm:accounts: true, goog:chromeOptions: {debuggerAddress: localhost:50812}, networkConnectionEnabled: false, pageLoadStrategy: normal, platformName: windows, proxy: Proxy(), se:cdp: ws://localhost:50812/devtoo..., se:cdpVersion: 135.0.7049.85, setWindowRect: true, strictFileInteractability: false, timeouts: {implicit: 0, pageLoad: 300000, script: 30000}, unhandledPromptBehavior: dismiss and notify, webauthn:extension:credBlob: true, webauthn:extension:largeBlob: true, webauthn:extension:minPinLength: true, webauthn:extension:prf: true, webauthn:virtualAuthenticators: true}
Element: [[ChromeDriver: chrome on windows (3f1b721a453663fabefce904df8513ae)] -&gt; xpath: //input[@id=&quot;small-searchterms&quot;]]
Session ID: 3f1b721a453663fabefce904df8513ae" type="org.openqa.selenium.StaleElementReferenceException">
      <![CDATA[org.openqa.selenium.StaleElementReferenceException: stale element reference: stale element not found
  (Session info: chrome=135.0.7049.85)
For documentation on this error, please visit: https://www.selenium.dev/documentation/webdriver/troubleshooting/errors#stale-element-reference-exception
Build info: version: '4.31.0', revision: '1ef9f18787*'
System info: os.name: 'Windows 11', os.arch: 'amd64', os.version: '10.0', java.version: '21.0.6'
Driver info: org.openqa.selenium.chrome.ChromeDriver
Command: [3f1b721a453663fabefce904df8513ae, sendKeysToElement {value=[Ljava.lang.CharSequence;@3484da81, id=f.D5EA1C93B70BAFBDE06B09B4F3A01677.d.48F7DB5B16F0EE70A6A97F85A749426B.e.35}]
Capabilities {acceptInsecureCerts: false, browserName: chrome, browserVersion: 135.0.7049.85, chrome: {chromedriverVersion: 135.0.7049.95 (de2eb485a195..., userDataDir: C:\Users\yuvar\AppData\Loca...}, fedcm:accounts: true, goog:chromeOptions: {debuggerAddress: localhost:50812}, networkConnectionEnabled: false, pageLoadStrategy: normal, platformName: windows, proxy: Proxy(), se:cdp: ws://localhost:50812/devtoo..., se:cdpVersion: 135.0.7049.85, setWindowRect: true, strictFileInteractability: false, timeouts: {implicit: 0, pageLoad: 300000, script: 30000}, unhandledPromptBehavior: dismiss and notify, webauthn:extension:credBlob: true, webauthn:extension:largeBlob: true, webauthn:extension:minPinLength: true, webauthn:extension:prf: true, webauthn:virtualAuthenticators: true}
Element: [[ChromeDriver: chrome on windows (3f1b721a453663fabefce904df8513ae)] -> xpath: //input[@id="small-searchterms"]]
Session ID: 3f1b721a453663fabefce904df8513ae
at java.base/jdk.internal.reflect.DirectConstructorHandleAccessor.newInstance(DirectConstructorHandleAccessor.java:62)
at java.base/java.lang.reflect.Constructor.newInstanceWithCaller(Constructor.java:502)
at java.base/java.lang.reflect.Constructor.newInstance(Constructor.java:486)
at org.openqa.selenium.remote.ErrorCodec.decode(ErrorCodec.java:167)
at org.openqa.selenium.remote.codec.w3c.W3CHttpResponseCodec.decode(W3CHttpResponseCodec.java:138)
at org.openqa.selenium.remote.codec.w3c.W3CHttpResponseCodec.decode(W3CHttpResponseCodec.java:50)
at org.openqa.selenium.remote.HttpCommandExecutor.execute(HttpCommandExecutor.java:215)
at org.openqa.selenium.remote.service.DriverCommandExecutor.invokeExecute(DriverCommandExecutor.java:216)
at org.openqa.selenium.remote.service.DriverCommandExecutor.execute(DriverCommandExecutor.java:174)
at org.openqa.selenium.remote.RemoteWebDriver.execute(RemoteWebDriver.java:545)
at org.openqa.selenium.remote.RemoteWebElement.execute(RemoteWebElement.java:223)
at org.openqa.selenium.remote.RemoteWebElement.sendKeys(RemoteWebElement.java:110)
at java.base/jdk.internal.reflect.DirectMethodHandleAccessor.invoke(DirectMethodHandleAccessor.java:103)
at java.base/java.lang.reflect.Method.invoke(Method.java:580)
at org.openqa.selenium.support.pagefactory.internal.LocatingElementHandler.invoke(LocatingElementHandler.java:51)
at jdk.proxy2/jdk.proxy2.$Proxy27.sendKeys(Unknown Source)
at com.Actions.CheckoutAction.serachanitem(CheckoutAction.java:36)
at com.Definitions.CheckoutStepDefinition.i_log_in_and_add_an_item_and_add_to_cart(CheckoutStepDefinition.java:26)
at ✽.I log in and add an item and add to cart(file:///C:/Users/yuvar/DemoWebShop(Automation)/DemoWebShop-Cucumber/src/test/resources/Features/CheckOut.feature:5)
]]>
    </error>
  </testcase> <!-- runScenario -->
  <testcase classname="com.Runner.runnerTestNG" name="runScenario" time="11.865"/>
  <testcase classname="com.Runner.runnerTestNG" name="runScenario" time="9.450"/>
  <testcase classname="com.Runner.runnerTestNG" name="runScenario" time="24.117"/>
  <testcase classname="com.Runner.runnerTestNG" name="runScenario" time="9.046"/>
  <testcase classname="com.Runner.runnerTestNG" name="runScenario" time="9.717"/>
  <testcase classname="com.Runner.runnerTestNG" name="runScenario" time="12.607"/>
  <testcase classname="com.Runner.runnerTestNG" name="runScenario" time="15.822"/>
  <testcase classname="com.Runner.runnerTestNG" name="runScenario" time="13.873"/>
  <testcase classname="com.Runner.runnerTestNG" name="runScenario" time="11.665"/>
  <testcase classname="com.Runner.runnerTestNG" name="runScenario" time="41.316"/>
  <testcase classname="com.Runner.runnerTestNG" name="runScenario" time="58.784"/>
  <testcase classname="com.Runner.runnerTestNG" name="runScenario" time="59.760"/>
  <testcase classname="com.Runner.runnerTestNG" name="runScenario" time="12.691"/>
  <testcase classname="com.Runner.runnerTestNG" name="runScenario" time="11.766"/>
  <testcase classname="com.Runner.runnerTestNG" name="runScenario" time="19.595"/>
  <testcase classname="com.Runner.runnerTestNG" name="runScenario" time="9.103"/>
  <testcase classname="com.Runner.runnerTestNG" name="runScenario" time="10.485"/>
  <testcase classname="com.Runner.runnerTestNG" name="runScenario" time="17.493"/>
  <testcase classname="com.Runner.runnerTestNG" name="runScenario" time="19.473"/>
  <testcase classname="com.Runner.runnerTestNG" name="runScenario" time="11.340"/>
  <testcase classname="com.Runner.runnerTestNG" name="runScenario" time="17.202"/>
  <testcase classname="com.Runner.runnerTestNG" name="runScenario" time="12.697"/>
  <testcase classname="com.Runner.runnerTestNG" name="runScenario" time="15.217"/>
  <testcase classname="com.Runner.runnerTestNG" name="runScenario" time="44.829"/>
  <testcase classname="com.Runner.runnerTestNG" name="runScenario" time="17.651"/>
  <testcase classname="com.Runner.runnerTestNG" name="runScenario" time="21.888"/>
  <testcase classname="com.Runner.runnerTestNG" name="runScenario" time="12.925"/>
</testsuite> <!-- com.Runner.runnerTestNG -->
