<?xml version="1.0" encoding="UTF-8"?>
<!-- Generated by org.testng.reporters.JUnitReportReporter -->
<testsuite hostname="YUVARAJ_UV" failures="0" tests="2" name="com.Runner.runnerTestNG" time="113.351" errors="0" timestamp="2025-05-05T10:06:53 IST" skipped="0">
  <testcase classname="com.Runner.runnerTestNG" name="runScenario" time="70.529"/>
  <testcase classname="com.Runner.runnerTestNG" name="runScenario" time="42.822"/>
</testsuite> <!-- com.Runner.runnerTestNG -->
