<?xml version="1.0" encoding="UTF-8"?>
<!-- Generated by org.testng.reporters.JUnitReportReporter -->
<<<<<<< HEAD
<testsuite hostname="DIVRAJ-2004" failures="1" tests="70" name="com.Runner.runnerTestNG" time="1093.703" errors="0" timestamp="2025-05-05T21:55:35 IST" skipped="0">
  <testcase classname="com.Runner.runnerTestNG" name="runScenario" time="13.114"/>
  <testcase classname="com.Runner.runnerTestNG" name="runScenario" time="14.753"/>
  <testcase classname="com.Runner.runnerTestNG" name="runScenario" time="13.695"/>
  <testcase classname="com.Runner.runnerTestNG" name="runScenario" time="9.455"/>
  <testcase classname="com.Runner.runnerTestNG" name="runScenario" time="8.709"/>
  <testcase classname="com.Runner.runnerTestNG" name="runScenario" time="18.150"/>
  <testcase classname="com.Runner.runnerTestNG" name="runScenario" time="24.127"/>
  <testcase classname="com.Runner.runnerTestNG" name="runScenario" time="16.829"/>
  <testcase classname="com.Runner.runnerTestNG" name="runScenario" time="22.100"/>
  <testcase classname="com.Runner.runnerTestNG" name="runScenario" time="53.349"/>
  <testcase classname="com.Runner.runnerTestNG" name="runScenario" time="8.911"/>
  <testcase classname="com.Runner.runnerTestNG" name="runScenario" time="16.893"/>
  <testcase classname="com.Runner.runnerTestNG" name="runScenario" time="10.677"/>
  <testcase classname="com.Runner.runnerTestNG" name="runScenario" time="7.636"/>
  <testcase classname="com.Runner.runnerTestNG" name="runScenario" time="6.541"/>
  <testcase classname="com.Runner.runnerTestNG" name="runScenario" time="9.426"/>
  <testcase classname="com.Runner.runnerTestNG" name="runScenario" time="9.057"/>
  <testcase classname="com.Runner.runnerTestNG" name="runScenario" time="6.659"/>
  <testcase classname="com.Runner.runnerTestNG" name="runScenario" time="13.274"/>
  <testcase classname="com.Runner.runnerTestNG" name="runScenario" time="11.425"/>
  <testcase classname="com.Runner.runnerTestNG" name="runScenario" time="12.408"/>
  <testcase classname="com.Runner.runnerTestNG" name="runScenario" time="21.817"/>
  <testcase classname="com.Runner.runnerTestNG" name="runScenario" time="7.356"/>
  <testcase classname="com.Runner.runnerTestNG" name="runScenario" time="24.100"/>
  <testcase classname="com.Runner.runnerTestNG" name="runScenario" time="23.739"/>
  <testcase classname="com.Runner.runnerTestNG" name="runScenario" time="9.835"/>
  <testcase classname="com.Runner.runnerTestNG" name="runScenario" time="11.658"/>
  <testcase classname="com.Runner.runnerTestNG" name="runScenario" time="13.153"/>
  <testcase classname="com.Runner.runnerTestNG" name="runScenario" time="11.932"/>
  <testcase classname="com.Runner.runnerTestNG" name="runScenario" time="9.566"/>
  <testcase classname="com.Runner.runnerTestNG" name="runScenario" time="7.600"/>
  <testcase classname="com.Runner.runnerTestNG" name="runScenario" time="17.167"/>
  <testcase classname="com.Runner.runnerTestNG" name="runScenario" time="13.351"/>
  <testcase classname="com.Runner.runnerTestNG" name="runScenario" time="14.650"/>
  <testcase classname="com.Runner.runnerTestNG" name="runScenario" time="9.984"/>
  <testcase classname="com.Runner.runnerTestNG" name="runScenario" time="18.879"/>
  <testcase classname="com.Runner.runnerTestNG" name="runScenario" time="18.392"/>
  <testcase classname="com.Runner.runnerTestNG" name="runScenario" time="13.441"/>
  <testcase classname="com.Runner.runnerTestNG" name="runScenario" time="9.377"/>
  <testcase classname="com.Runner.runnerTestNG" name="runScenario" time="7.087"/>
  <testcase classname="com.Runner.runnerTestNG" name="runScenario" time="13.295"/>
  <testcase classname="com.Runner.runnerTestNG" name="runScenario" time="7.851"/>
  <testcase classname="com.Runner.runnerTestNG" name="runScenario" time="25.683"/>
  <testcase classname="com.Runner.runnerTestNG" name="runScenario" time="15.615"/>
  <testcase classname="com.Runner.runnerTestNG" name="runScenario" time="33.921"/>
  <testcase classname="com.Runner.runnerTestNG" name="runScenario" time="24.634"/>
  <testcase classname="com.Runner.runnerTestNG" name="runScenario" time="8.535"/>
  <testcase classname="com.Runner.runnerTestNG" name="runScenario" time="19.817"/>
  <testcase classname="com.Runner.runnerTestNG" name="runScenario" time="11.258"/>
  <testcase classname="com.Runner.runnerTestNG" name="runScenario" time="13.766"/>
  <testcase classname="com.Runner.runnerTestNG" name="runScenario" time="12.366"/>
  <testcase classname="com.Runner.runnerTestNG" name="runScenario" time="18.322"/>
  <testcase classname="com.Runner.runnerTestNG" name="runScenario" time="12.452"/>
  <testcase classname="com.Runner.runnerTestNG" name="runScenario" time="18.905"/>
  <testcase classname="com.Runner.runnerTestNG" name="runScenario" time="13.838"/>
  <testcase classname="com.Runner.runnerTestNG" name="runScenario" time="23.320">
    <failure message="expected [Order information] but found [Checkout]" type="java.lang.AssertionError">
      <![CDATA[java.lang.AssertionError: expected [Order information] but found [Checkout]
at org.testng.Assert.fail(Assert.java:111)
at org.testng.Assert.failNotEquals(Assert.java:1590)
at org.testng.Assert.assertEqualsImpl(Assert.java:150)
at org.testng.Assert.assertEquals(Assert.java:132)
at org.testng.Assert.assertEquals(Assert.java:656)
at org.testng.Assert.assertEquals(Assert.java:666)
at com.Actions.CheckoutAction.detailsinvoice(CheckoutAction.java:191)
at com.Definitions.CheckoutStepDefinition.the_user_should_see_the_entire_order_details(CheckoutStepDefinition.java:173)
at âœ½.the user should see the entire order details(file:///C:/Users/Lenovo/git/DemoWebShop-Cucumber/src/test/resources/Features/CheckOut.feature:51)
]]>
    </failure>
  </testcase> <!-- runScenario -->
  <testcase classname="com.Runner.runnerTestNG" name="runScenario" time="9.328"/>
  <testcase classname="com.Runner.runnerTestNG" name="runScenario" time="8.324"/>
  <testcase classname="com.Runner.runnerTestNG" name="runScenario" time="8.738"/>
  <testcase classname="com.Runner.runnerTestNG" name="runScenario" time="14.090"/>
  <testcase classname="com.Runner.runnerTestNG" name="runScenario" time="7.361"/>
  <testcase classname="com.Runner.runnerTestNG" name="runScenario" time="82.132"/>
  <testcase classname="com.Runner.runnerTestNG" name="runScenario" time="8.987"/>
  <testcase classname="com.Runner.runnerTestNG" name="runScenario" time="10.873"/>
  <testcase classname="com.Runner.runnerTestNG" name="runScenario" time="13.186"/>
  <testcase classname="com.Runner.runnerTestNG" name="runScenario" time="13.322"/>
  <testcase classname="com.Runner.runnerTestNG" name="runScenario" time="13.610"/>
  <testcase classname="com.Runner.runnerTestNG" name="runScenario" time="16.628"/>
  <testcase classname="com.Runner.runnerTestNG" name="runScenario" time="9.317"/>
  <testcase classname="com.Runner.runnerTestNG" name="runScenario" time="33.957"/>
=======
<testsuite hostname="YUVARAJ_UV" failures="0" tests="7" name="com.Runner.runnerTestNG" time="150.351" errors="0" timestamp="2025-05-05T17:00:43 IST" skipped="0">
  <testcase classname="com.Runner.runnerTestNG" name="runScenario" time="20.406"/>
  <testcase classname="com.Runner.runnerTestNG" name="runScenario" time="19.403"/>
  <testcase classname="com.Runner.runnerTestNG" name="runScenario" time="23.302"/>
  <testcase classname="com.Runner.runnerTestNG" name="runScenario" time="23.041"/>
  <testcase classname="com.Runner.runnerTestNG" name="runScenario" time="19.321"/>
  <testcase classname="com.Runner.runnerTestNG" name="runScenario" time="22.870"/>
  <testcase classname="com.Runner.runnerTestNG" name="runScenario" time="22.008"/>
>>>>>>> branch 'master' of https://github.com/yuvarajry20/DemoWebShop-Cucumber
</testsuite> <!-- com.Runner.runnerTestNG -->
