<?xml version="1.0" encoding="UTF-8"?>
<!-- Generated by org.testng.reporters.JUnitReportReporter -->
<testsuite hostname="DIVRAJ-2004" failures="0" tests="1" name="com.Runner.runnerTestNG" time="7.579" errors="0" timestamp="2025-04-10T17:07:01 IST" skipped="0">
  <testcase classname="com.Runner.runnerTestNG" name="runScenario" time="7.579"/>
</testsuite> <!-- com.Runner.runnerTestNG -->
