<?xml version="1.0" encoding="UTF-8"?>
<!-- Generated by org.testng.reporters.JUnitReportReporter -->
<<<<<<< HEAD
<testsuite hostname="DIVRAJ-2004" failures="0" tests="70" name="com.Runner.runnerTestNG" time="1122.792" errors="0" timestamp="2025-05-05T16:41:33 IST" skipped="0">
  <testcase classname="com.Runner.runnerTestNG" name="runScenario" time="12.495"/>
  <testcase classname="com.Runner.runnerTestNG" name="runScenario" time="22.375"/>
  <testcase classname="com.Runner.runnerTestNG" name="runScenario" time="6.256"/>
  <testcase classname="com.Runner.runnerTestNG" name="runScenario" time="23.026"/>
  <testcase classname="com.Runner.runnerTestNG" name="runScenario" time="16.190"/>
  <testcase classname="com.Runner.runnerTestNG" name="runScenario" time="7.774"/>
  <testcase classname="com.Runner.runnerTestNG" name="runScenario" time="16.067"/>
  <testcase classname="com.Runner.runnerTestNG" name="runScenario" time="16.299"/>
  <testcase classname="com.Runner.runnerTestNG" name="runScenario" time="7.945"/>
  <testcase classname="com.Runner.runnerTestNG" name="runScenario" time="18.924"/>
  <testcase classname="com.Runner.runnerTestNG" name="runScenario" time="10.671"/>
  <testcase classname="com.Runner.runnerTestNG" name="runScenario" time="6.753"/>
  <testcase classname="com.Runner.runnerTestNG" name="runScenario" time="11.566"/>
  <testcase classname="com.Runner.runnerTestNG" name="runScenario" time="12.043"/>
  <testcase classname="com.Runner.runnerTestNG" name="runScenario" time="11.851"/>
  <testcase classname="com.Runner.runnerTestNG" name="runScenario" time="12.137"/>
  <testcase classname="com.Runner.runnerTestNG" name="runScenario" time="10.999"/>
  <testcase classname="com.Runner.runnerTestNG" name="runScenario" time="11.203"/>
  <testcase classname="com.Runner.runnerTestNG" name="runScenario" time="14.494"/>
  <testcase classname="com.Runner.runnerTestNG" name="runScenario" time="16.312"/>
  <testcase classname="com.Runner.runnerTestNG" name="runScenario" time="14.560"/>
  <testcase classname="com.Runner.runnerTestNG" name="runScenario" time="6.724"/>
  <testcase classname="com.Runner.runnerTestNG" name="runScenario" time="7.493"/>
  <testcase classname="com.Runner.runnerTestNG" name="runScenario" time="7.649"/>
  <testcase classname="com.Runner.runnerTestNG" name="runScenario" time="9.184"/>
  <testcase classname="com.Runner.runnerTestNG" name="runScenario" time="10.754"/>
  <testcase classname="com.Runner.runnerTestNG" name="runScenario" time="19.351"/>
  <testcase classname="com.Runner.runnerTestNG" name="runScenario" time="14.924"/>
  <testcase classname="com.Runner.runnerTestNG" name="runScenario" time="7.884"/>
  <testcase classname="com.Runner.runnerTestNG" name="runScenario" time="13.993"/>
  <testcase classname="com.Runner.runnerTestNG" name="runScenario" time="5.830"/>
  <testcase classname="com.Runner.runnerTestNG" name="runScenario" time="8.954"/>
  <testcase classname="com.Runner.runnerTestNG" name="runScenario" time="9.660"/>
  <testcase classname="com.Runner.runnerTestNG" name="runScenario" time="23.799"/>
  <testcase classname="com.Runner.runnerTestNG" name="runScenario" time="21.623"/>
  <testcase classname="com.Runner.runnerTestNG" name="runScenario" time="16.123"/>
  <testcase classname="com.Runner.runnerTestNG" name="runScenario" time="19.384"/>
  <testcase classname="com.Runner.runnerTestNG" name="runScenario" time="15.650"/>
  <testcase classname="com.Runner.runnerTestNG" name="runScenario" time="8.828"/>
  <testcase classname="com.Runner.runnerTestNG" name="runScenario" time="8.341"/>
  <testcase classname="com.Runner.runnerTestNG" name="runScenario" time="29.664"/>
  <testcase classname="com.Runner.runnerTestNG" name="runScenario" time="89.055"/>
  <testcase classname="com.Runner.runnerTestNG" name="runScenario" time="23.260"/>
  <testcase classname="com.Runner.runnerTestNG" name="runScenario" time="33.253"/>
  <testcase classname="com.Runner.runnerTestNG" name="runScenario" time="32.666"/>
  <testcase classname="com.Runner.runnerTestNG" name="runScenario" time="7.593"/>
  <testcase classname="com.Runner.runnerTestNG" name="runScenario" time="14.192"/>
  <testcase classname="com.Runner.runnerTestNG" name="runScenario" time="13.904"/>
  <testcase classname="com.Runner.runnerTestNG" name="runScenario" time="12.811"/>
  <testcase classname="com.Runner.runnerTestNG" name="runScenario" time="11.456"/>
  <testcase classname="com.Runner.runnerTestNG" name="runScenario" time="16.066"/>
  <testcase classname="com.Runner.runnerTestNG" name="runScenario" time="6.158"/>
  <testcase classname="com.Runner.runnerTestNG" name="runScenario" time="14.303"/>
  <testcase classname="com.Runner.runnerTestNG" name="runScenario" time="20.695"/>
  <testcase classname="com.Runner.runnerTestNG" name="runScenario" time="9.041"/>
  <testcase classname="com.Runner.runnerTestNG" name="runScenario" time="14.386"/>
  <testcase classname="com.Runner.runnerTestNG" name="runScenario" time="20.200"/>
  <testcase classname="com.Runner.runnerTestNG" name="runScenario" time="10.499"/>
  <testcase classname="com.Runner.runnerTestNG" name="runScenario" time="12.085"/>
  <testcase classname="com.Runner.runnerTestNG" name="runScenario" time="13.238"/>
  <testcase classname="com.Runner.runnerTestNG" name="runScenario" time="22.239"/>
  <testcase classname="com.Runner.runnerTestNG" name="runScenario" time="11.386"/>
  <testcase classname="com.Runner.runnerTestNG" name="runScenario" time="41.823"/>
  <testcase classname="com.Runner.runnerTestNG" name="runScenario" time="10.513"/>
  <testcase classname="com.Runner.runnerTestNG" name="runScenario" time="9.100"/>
  <testcase classname="com.Runner.runnerTestNG" name="runScenario" time="9.187"/>
  <testcase classname="com.Runner.runnerTestNG" name="runScenario" time="8.253"/>
  <testcase classname="com.Runner.runnerTestNG" name="runScenario" time="22.136"/>
  <testcase classname="com.Runner.runnerTestNG" name="runScenario" time="55.264"/>
  <testcase classname="com.Runner.runnerTestNG" name="runScenario" time="12.278"/>
=======
<testsuite hostname="YUVARAJ_UV" failures="0" tests="24" name="com.Runner.runnerTestNG" time="787.401" errors="0" timestamp="2025-05-05T16:17:12 IST" skipped="0">
  <testcase classname="com.Runner.runnerTestNG" name="runScenario" time="51.163"/>
  <testcase classname="com.Runner.runnerTestNG" name="runScenario" time="36.609"/>
  <testcase classname="com.Runner.runnerTestNG" name="runScenario" time="29.202"/>
  <testcase classname="com.Runner.runnerTestNG" name="runScenario" time="26.221"/>
  <testcase classname="com.Runner.runnerTestNG" name="runScenario" time="25.089"/>
  <testcase classname="com.Runner.runnerTestNG" name="runScenario" time="25.544"/>
  <testcase classname="com.Runner.runnerTestNG" name="runScenario" time="35.414"/>
  <testcase classname="com.Runner.runnerTestNG" name="runScenario" time="98.681"/>
  <testcase classname="com.Runner.runnerTestNG" name="runScenario" time="40.389"/>
  <testcase classname="com.Runner.runnerTestNG" name="runScenario" time="11.313"/>
  <testcase classname="com.Runner.runnerTestNG" name="runScenario" time="26.179"/>
  <testcase classname="com.Runner.runnerTestNG" name="runScenario" time="21.246"/>
  <testcase classname="com.Runner.runnerTestNG" name="runScenario" time="25.436"/>
  <testcase classname="com.Runner.runnerTestNG" name="runScenario" time="37.345"/>
  <testcase classname="com.Runner.runnerTestNG" name="runScenario" time="60.641"/>
  <testcase classname="com.Runner.runnerTestNG" name="runScenario" time="16.244"/>
  <testcase classname="com.Runner.runnerTestNG" name="runScenario" time="16.467"/>
  <testcase classname="com.Runner.runnerTestNG" name="runScenario" time="22.529"/>
  <testcase classname="com.Runner.runnerTestNG" name="runScenario" time="35.207"/>
  <testcase classname="com.Runner.runnerTestNG" name="runScenario" time="25.786"/>
  <testcase classname="com.Runner.runnerTestNG" name="runScenario" time="29.016"/>
  <testcase classname="com.Runner.runnerTestNG" name="runScenario" time="25.892"/>
  <testcase classname="com.Runner.runnerTestNG" name="runScenario" time="14.856"/>
  <testcase classname="com.Runner.runnerTestNG" name="runScenario" time="50.932"/>
>>>>>>> branch 'master' of https://github.com/yuvarajry20/DemoWebShop-Cucumber
</testsuite> <!-- com.Runner.runnerTestNG -->
