<?xml version="1.0" encoding="UTF-8"?>
<!-- Generated by org.testng.reporters.JUnitReportReporter -->
<testsuite hostname="YUVARAJ_UV" failures="0" tests="7" name="com.Runner.runnerTestNG" time="150.351" errors="0" timestamp="2025-05-05T17:00:43 IST" skipped="0">
  <testcase classname="com.Runner.runnerTestNG" name="runScenario" time="20.406"/>
  <testcase classname="com.Runner.runnerTestNG" name="runScenario" time="19.403"/>
  <testcase classname="com.Runner.runnerTestNG" name="runScenario" time="23.302"/>
  <testcase classname="com.Runner.runnerTestNG" name="runScenario" time="23.041"/>
  <testcase classname="com.Runner.runnerTestNG" name="runScenario" time="19.321"/>
  <testcase classname="com.Runner.runnerTestNG" name="runScenario" time="22.870"/>
  <testcase classname="com.Runner.runnerTestNG" name="runScenario" time="22.008"/>
</testsuite> <!-- com.Runner.runnerTestNG -->
