<?xml version="1.0" encoding="UTF-8"?>
<!-- Generated by org.testng.reporters.JUnitReportReporter -->
<testsuite hostname="DESKTOP-3CKMDVP" failures="0" tests="5" name="com.Runner.runnerTestNG" time="263.269" errors="0" timestamp="2025-04-17T16:07:55 IST" skipped="0">
  <testcase classname="com.Runner.runnerTestNG" name="runScenario" time="52.667"/>
  <testcase classname="com.Runner.runnerTestNG" name="runScenario" time="52.646"/>
  <testcase classname="com.Runner.runnerTestNG" name="runScenario" time="52.026"/>
  <testcase classname="com.Runner.runnerTestNG" name="runScenario" time="53.317"/>
  <testcase classname="com.Runner.runnerTestNG" name="runScenario" time="52.613"/>
</testsuite> <!-- com.Runner.runnerTestNG -->
