<?xml version="1.0" encoding="UTF-8"?>
<!-- Generated by org.testng.reporters.JUnitReportReporter -->
<<<<<<< HEAD
<testsuite hostname="DESKTOP-3CKMDVP" failures="1" tests="17" name="com.Runner.runnerTestNG" time="3392.495" errors="1" timestamp="2025-05-06T23:00:51 IST" skipped="0">
  <testcase classname="com.Runner.runnerTestNG" name="runScenario" time="248.002">
    <error message="no such element: Unable to locate element: {&quot;method&quot;:&quot;xpath&quot;,&quot;selector&quot;:&quot;(//a[contains(text(),&quot;Books&quot;)])[3]&quot;}
  (Session info: chrome=136.0.7103.49)
For documentation on this error, please visit: https://www.selenium.dev/documentation/webdriver/troubleshooting/errors#no-such-element-exception
=======
<testsuite hostname="DIVRAJ-2004" failures="0" tests="72" name="com.Runner.runnerTestNG" time="1293.260" errors="2" timestamp="2025-05-06T15:58:16 IST" skipped="0">
  <testcase classname="com.Runner.runnerTestNG" name="runScenario" time="14.851"/>
  <testcase classname="com.Runner.runnerTestNG" name="runScenario" time="23.091"/>
  <testcase classname="com.Runner.runnerTestNG" name="runScenario" time="17.181"/>
  <testcase classname="com.Runner.runnerTestNG" name="runScenario" time="8.081"/>
  <testcase classname="com.Runner.runnerTestNG" name="runScenario" time="15.381"/>
  <testcase classname="com.Runner.runnerTestNG" name="runScenario" time="11.119"/>
  <testcase classname="com.Runner.runnerTestNG" name="runScenario" time="26.513"/>
  <testcase classname="com.Runner.runnerTestNG" name="runScenario" time="33.394"/>
  <testcase classname="com.Runner.runnerTestNG" name="runScenario" time="12.412"/>
  <testcase classname="com.Runner.runnerTestNG" name="runScenario" time="16.860"/>
  <testcase classname="com.Runner.runnerTestNG" name="runScenario" time="19.195"/>
  <testcase classname="com.Runner.runnerTestNG" name="runScenario" time="16.101"/>
  <testcase classname="com.Runner.runnerTestNG" name="runScenario" time="15.204"/>
  <testcase classname="com.Runner.runnerTestNG" name="runScenario" time="14.977"/>
  <testcase classname="com.Runner.runnerTestNG" name="runScenario" time="18.092"/>
  <testcase classname="com.Runner.runnerTestNG" name="runScenario" time="12.714"/>
  <testcase classname="com.Runner.runnerTestNG" name="runScenario" time="13.968"/>
  <testcase classname="com.Runner.runnerTestNG" name="runScenario" time="23.403"/>
  <testcase classname="com.Runner.runnerTestNG" name="runScenario" time="13.163"/>
  <testcase classname="com.Runner.runnerTestNG" name="runScenario" time="21.461"/>
  <testcase classname="com.Runner.runnerTestNG" name="runScenario" time="23.173"/>
  <testcase classname="com.Runner.runnerTestNG" name="runScenario" time="15.758"/>
  <testcase classname="com.Runner.runnerTestNG" name="runScenario" time="9.571"/>
  <testcase classname="com.Runner.runnerTestNG" name="runScenario" time="15.474"/>
  <testcase classname="com.Runner.runnerTestNG" name="runScenario" time="7.781"/>
  <testcase classname="com.Runner.runnerTestNG" name="runScenario" time="8.315"/>
  <testcase classname="com.Runner.runnerTestNG" name="runScenario" time="9.627"/>
  <testcase classname="com.Runner.runnerTestNG" name="runScenario" time="41.037"/>
  <testcase classname="com.Runner.runnerTestNG" name="runScenario" time="13.672"/>
  <testcase classname="com.Runner.runnerTestNG" name="runScenario" time="26.083"/>
  <testcase classname="com.Runner.runnerTestNG" name="runScenario" time="13.076"/>
  <testcase classname="com.Runner.runnerTestNG" name="runScenario" time="16.153"/>
  <testcase classname="com.Runner.runnerTestNG" name="runScenario" time="9.229"/>
  <testcase classname="com.Runner.runnerTestNG" name="runScenario" time="11.237"/>
  <testcase classname="com.Runner.runnerTestNG" name="runScenario" time="17.076"/>
  <testcase classname="com.Runner.runnerTestNG" name="runScenario" time="9.834"/>
  <testcase classname="com.Runner.runnerTestNG" name="runScenario" time="49.638">
    <error message="Expected condition failed: waiting for visibility of element located by By.xpath:  //div[@class=&quot;home-banner-text-section&quot;]//h1 (tried for 30 second(s) with 500 milliseconds interval)
>>>>>>> branch 'master' of https://github.com/yuvarajry20/DemoWebShop-Cucumber.git
Build info: version: &#039;4.31.0&#039;, revision: &#039;1ef9f18787*&#039;
System info: os.name: &#039;Windows 10&#039;, os.arch: &#039;amd64&#039;, os.version: &#039;10.0&#039;, java.version: &#039;17.0.6&#039;
Driver info: org.openqa.selenium.chrome.ChromeDriver
<<<<<<< HEAD
Command: [1f7c00b67ff580330640cdb429f13678, findElement {value=(//a[contains(text(),&quot;Books&quot;)])[3], using=xpath}]
Capabilities {acceptInsecureCerts: false, browserName: chrome, browserVersion: 136.0.7103.49, chrome: {chromedriverVersion: 136.0.7103.49 (031848bc6ad0..., userDataDir: C:\Users\ADMIN\AppData\Loca...}, fedcm:accounts: true, goog:chromeOptions: {debuggerAddress: localhost:57017}, networkConnectionEnabled: false, pageLoadStrategy: normal, platformName: windows, proxy: Proxy(), se:cdp: ws://localhost:57017/devtoo..., se:cdpVersion: 136.0.7103.49, setWindowRect: true, strictFileInteractability: false, timeouts: {implicit: 0, pageLoad: 300000, script: 30000}, unhandledPromptBehavior: dismiss and notify, webauthn:extension:credBlob: true, webauthn:extension:largeBlob: true, webauthn:extension:minPinLength: true, webauthn:extension:prf: true, webauthn:virtualAuthenticators: true}
Session ID: 1f7c00b67ff580330640cdb429f13678" type="org.openqa.selenium.NoSuchElementException">
      <![CDATA[org.openqa.selenium.NoSuchElementException: no such element: Unable to locate element: {"method":"xpath","selector":"(//a[contains(text(),"Books")])[3]"}
  (Session info: chrome=136.0.7103.49)
For documentation on this error, please visit: https://www.selenium.dev/documentation/webdriver/troubleshooting/errors#no-such-element-exception
=======
Capabilities {acceptInsecureCerts: false, browserName: chrome, browserVersion: 136.0.7103.49, chrome: {chromedriverVersion: 136.0.7103.49 (031848bc6ad0..., userDataDir: C:\Users\Lenovo\AppData\Loc...}, fedcm:accounts: true, goog:chromeOptions: {debuggerAddress: localhost:64527}, networkConnectionEnabled: false, pageLoadStrategy: normal, platformName: windows, proxy: Proxy(), se:cdp: ws://localhost:64527/devtoo..., se:cdpVersion: 136.0.7103.49, setWindowRect: true, strictFileInteractability: false, timeouts: {implicit: 0, pageLoad: 300000, script: 30000}, unhandledPromptBehavior: dismiss and notify, webauthn:extension:credBlob: true, webauthn:extension:largeBlob: true, webauthn:extension:minPinLength: true, webauthn:extension:prf: true, webauthn:virtualAuthenticators: true}
Session ID: 60174e5d7b35d0d561cebbbdfd415fe1" type="org.openqa.selenium.TimeoutException">
      <![CDATA[org.openqa.selenium.TimeoutException: Expected condition failed: waiting for visibility of element located by By.xpath:  //div[@class="home-banner-text-section"]//h1 (tried for 30 second(s) with 500 milliseconds interval)
>>>>>>> branch 'master' of https://github.com/yuvarajry20/DemoWebShop-Cucumber.git
Build info: version: '4.31.0', revision: '1ef9f18787*'
System info: os.name: 'Windows 10', os.arch: 'amd64', os.version: '10.0', java.version: '17.0.6'
Driver info: org.openqa.selenium.chrome.ChromeDriver
<<<<<<< HEAD
Command: [1f7c00b67ff580330640cdb429f13678, findElement {value=(//a[contains(text(),"Books")])[3], using=xpath}]
Capabilities {acceptInsecureCerts: false, browserName: chrome, browserVersion: 136.0.7103.49, chrome: {chromedriverVersion: 136.0.7103.49 (031848bc6ad0..., userDataDir: C:\Users\ADMIN\AppData\Loca...}, fedcm:accounts: true, goog:chromeOptions: {debuggerAddress: localhost:57017}, networkConnectionEnabled: false, pageLoadStrategy: normal, platformName: windows, proxy: Proxy(), se:cdp: ws://localhost:57017/devtoo..., se:cdpVersion: 136.0.7103.49, setWindowRect: true, strictFileInteractability: false, timeouts: {implicit: 0, pageLoad: 300000, script: 30000}, unhandledPromptBehavior: dismiss and notify, webauthn:extension:credBlob: true, webauthn:extension:largeBlob: true, webauthn:extension:minPinLength: true, webauthn:extension:prf: true, webauthn:virtualAuthenticators: true}
Session ID: 1f7c00b67ff580330640cdb429f13678
at java.base/jdk.internal.reflect.NativeConstructorAccessorImpl.newInstance0(Native Method)
at java.base/jdk.internal.reflect.NativeConstructorAccessorImpl.newInstance(NativeConstructorAccessorImpl.java:77)
at java.base/jdk.internal.reflect.DelegatingConstructorAccessorImpl.newInstance(DelegatingConstructorAccessorImpl.java:45)
at java.base/java.lang.reflect.Constructor.newInstanceWithCaller(Constructor.java:499)
at java.base/java.lang.reflect.Constructor.newInstance(Constructor.java:480)
at org.openqa.selenium.remote.ErrorCodec.decode(ErrorCodec.java:167)
at org.openqa.selenium.remote.codec.w3c.W3CHttpResponseCodec.decode(W3CHttpResponseCodec.java:138)
at org.openqa.selenium.remote.codec.w3c.W3CHttpResponseCodec.decode(W3CHttpResponseCodec.java:50)
at org.openqa.selenium.remote.HttpCommandExecutor.execute(HttpCommandExecutor.java:215)
at org.openqa.selenium.remote.service.DriverCommandExecutor.invokeExecute(DriverCommandExecutor.java:216)
at org.openqa.selenium.remote.service.DriverCommandExecutor.execute(DriverCommandExecutor.java:174)
at org.openqa.selenium.remote.RemoteWebDriver.execute(RemoteWebDriver.java:545)
at org.openqa.selenium.remote.ElementLocation$ElementFinder$2.findElement(ElementLocation.java:165)
at org.openqa.selenium.remote.ElementLocation.findElement(ElementLocation.java:59)
at org.openqa.selenium.remote.RemoteWebDriver.findElement(RemoteWebDriver.java:368)
at org.openqa.selenium.remote.RemoteWebDriver.findElement(RemoteWebDriver.java:362)
at org.openqa.selenium.support.pagefactory.DefaultElementLocator.findElement(DefaultElementLocator.java:68)
at org.openqa.selenium.support.pagefactory.internal.LocatingElementHandler.invoke(LocatingElementHandler.java:38)
at jdk.proxy2/jdk.proxy2.$Proxy27.click(Unknown Source)
at com.Actions.BookPageAction.openBooksCategory(BookPageAction.java:25)
at com.Definitions.BookDefinitions.i_click_on_the_category(BookDefinitions.java:28)
at ✽.I click on the "Books" category(file:///C:/Users/ADMIN/git/DemoWebShop-Cucumber/src/test/resources/Features/Books.feature:13)
=======
Capabilities {acceptInsecureCerts: false, browserName: chrome, browserVersion: 136.0.7103.49, chrome: {chromedriverVersion: 136.0.7103.49 (031848bc6ad0..., userDataDir: C:\Users\Lenovo\AppData\Loc...}, fedcm:accounts: true, goog:chromeOptions: {debuggerAddress: localhost:64527}, networkConnectionEnabled: false, pageLoadStrategy: normal, platformName: windows, proxy: Proxy(), se:cdp: ws://localhost:64527/devtoo..., se:cdpVersion: 136.0.7103.49, setWindowRect: true, strictFileInteractability: false, timeouts: {implicit: 0, pageLoad: 300000, script: 30000}, unhandledPromptBehavior: dismiss and notify, webauthn:extension:credBlob: true, webauthn:extension:largeBlob: true, webauthn:extension:minPinLength: true, webauthn:extension:prf: true, webauthn:virtualAuthenticators: true}
Session ID: 60174e5d7b35d0d561cebbbdfd415fe1
at org.openqa.selenium.support.ui.WebDriverWait.timeoutException(WebDriverWait.java:84)
at org.openqa.selenium.support.ui.FluentWait.until(FluentWait.java:228)
at com.Actions.FooterAction.getNOPText(FooterAction.java:28)
at com.Definitions.FooterDefinition.user_should_be_navigated_to_the_nop_commerce_official_website(FooterDefinition.java:34)
at ✽.User should be navigated to the nopCommerce official website(file:///C:/Users/Lenovo/git/DemoWebShop-Cucumber/src/test/resources/Features/Footer.feature:10)
>>>>>>> branch 'master' of https://github.com/yuvarajry20/DemoWebShop-Cucumber.git
]]>
    </error>
  </testcase> <!-- runScenario -->
<<<<<<< HEAD
  <testcase classname="com.Runner.runnerTestNG" name="runScenario" time="299.490"/>
  <testcase classname="com.Runner.runnerTestNG" name="runScenario" time="295.737"/>
  <testcase classname="com.Runner.runnerTestNG" name="runScenario" time="260.188"/>
  <testcase classname="com.Runner.runnerTestNG" name="runScenario" time="277.766"/>
  <testcase classname="com.Runner.runnerTestNG" name="runScenario" time="265.542"/>
  <testcase classname="com.Runner.runnerTestNG" name="runScenario" time="56.515"/>
  <testcase classname="com.Runner.runnerTestNG" name="runScenario" time="94.270"/>
  <testcase classname="com.Runner.runnerTestNG" name="runScenario" time="301.296"/>
  <testcase classname="com.Runner.runnerTestNG" name="runScenario" time="105.679"/>
  <testcase classname="com.Runner.runnerTestNG" name="runScenario" time="90.004"/>
  <testcase classname="com.Runner.runnerTestNG" name="runScenario" time="60.209"/>
  <testcase classname="com.Runner.runnerTestNG" name="runScenario" time="265.340">
    <failure message="expected [true] but found [false]" type="java.lang.AssertionError">
      <![CDATA[java.lang.AssertionError: expected [true] but found [false]
at org.testng.Assert.fail(Assert.java:111)
at org.testng.Assert.failNotEquals(Assert.java:1590)
at org.testng.Assert.assertTrue(Assert.java:57)
at org.testng.Assert.assertTrue(Assert.java:67)
at com.Actions.FooterAction.assertNopCommerceUrl(FooterAction.java:43)
at com.Definitions.FooterDefinition.user_should_be_navigated_to_the_nop_commerce_official_website(FooterDefinition.java:37)
at ✽.User should be navigated to the nopCommerce official website(file:///C:/Users/ADMIN/git/DemoWebShop-Cucumber/src/test/resources/Features/Footer.feature:10)
=======
  <testcase classname="com.Runner.runnerTestNG" name="runScenario" time="18.487"/>
  <testcase classname="com.Runner.runnerTestNG" name="runScenario" time="12.973"/>
  <testcase classname="com.Runner.runnerTestNG" name="runScenario" time="22.589"/>
  <testcase classname="com.Runner.runnerTestNG" name="runScenario" time="16.984"/>
  <testcase classname="com.Runner.runnerTestNG" name="runScenario" time="15.097"/>
  <testcase classname="com.Runner.runnerTestNG" name="runScenario" time="10.968"/>
  <testcase classname="com.Runner.runnerTestNG" name="runScenario" time="16.763"/>
  <testcase classname="com.Runner.runnerTestNG" name="runScenario" time="90.492"/>
  <testcase classname="com.Runner.runnerTestNG" name="runScenario" time="16.335"/>
  <testcase classname="com.Runner.runnerTestNG" name="runScenario" time="50.608"/>
  <testcase classname="com.Runner.runnerTestNG" name="runScenario" time="13.402"/>
  <testcase classname="com.Runner.runnerTestNG" name="runScenario" time="14.325"/>
  <testcase classname="com.Runner.runnerTestNG" name="runScenario" time="12.101"/>
  <testcase classname="com.Runner.runnerTestNG" name="runScenario" time="8.039"/>
  <testcase classname="com.Runner.runnerTestNG" name="runScenario" time="14.732"/>
  <testcase classname="com.Runner.runnerTestNG" name="runScenario" time="9.305"/>
  <testcase classname="com.Runner.runnerTestNG" name="runScenario" time="10.725"/>
  <testcase classname="com.Runner.runnerTestNG" name="runScenario" time="8.017"/>
  <testcase classname="com.Runner.runnerTestNG" name="runScenario" time="11.276"/>
  <testcase classname="com.Runner.runnerTestNG" name="runScenario" time="7.811"/>
  <testcase classname="com.Runner.runnerTestNG" name="runScenario" time="22.598"/>
  <testcase classname="com.Runner.runnerTestNG" name="runScenario" time="52.585">
    <error message="Expected condition failed: waiting for visibility of element located by By.xpath: //div[@class=&quot;page-body&quot;]//child::div[@class=&quot;result&quot;] (tried for 30 second(s) with 500 milliseconds interval)
Build info: version: &#039;4.31.0&#039;, revision: &#039;1ef9f18787*&#039;
System info: os.name: &#039;Windows 11&#039;, os.arch: &#039;amd64&#039;, os.version: &#039;10.0&#039;, java.version: &#039;21.0.6&#039;
Driver info: org.openqa.selenium.chrome.ChromeDriver
Capabilities {acceptInsecureCerts: false, browserName: chrome, browserVersion: 136.0.7103.49, chrome: {chromedriverVersion: 136.0.7103.49 (031848bc6ad0..., userDataDir: C:\Users\Lenovo\AppData\Loc...}, fedcm:accounts: true, goog:chromeOptions: {debuggerAddress: localhost:64578}, networkConnectionEnabled: false, pageLoadStrategy: normal, platformName: windows, proxy: Proxy(), se:cdp: ws://localhost:64578/devtoo..., se:cdpVersion: 136.0.7103.49, setWindowRect: true, strictFileInteractability: false, timeouts: {implicit: 0, pageLoad: 300000, script: 30000}, unhandledPromptBehavior: dismiss and notify, webauthn:extension:credBlob: true, webauthn:extension:largeBlob: true, webauthn:extension:minPinLength: true, webauthn:extension:prf: true, webauthn:virtualAuthenticators: true}
Session ID: 8643b7e7aae648a5225a6d4e9195b4f8" type="org.openqa.selenium.TimeoutException">
      <![CDATA[org.openqa.selenium.TimeoutException: Expected condition failed: waiting for visibility of element located by By.xpath: //div[@class="page-body"]//child::div[@class="result"] (tried for 30 second(s) with 500 milliseconds interval)
Build info: version: '4.31.0', revision: '1ef9f18787*'
System info: os.name: 'Windows 11', os.arch: 'amd64', os.version: '10.0', java.version: '21.0.6'
Driver info: org.openqa.selenium.chrome.ChromeDriver
Capabilities {acceptInsecureCerts: false, browserName: chrome, browserVersion: 136.0.7103.49, chrome: {chromedriverVersion: 136.0.7103.49 (031848bc6ad0..., userDataDir: C:\Users\Lenovo\AppData\Loc...}, fedcm:accounts: true, goog:chromeOptions: {debuggerAddress: localhost:64578}, networkConnectionEnabled: false, pageLoadStrategy: normal, platformName: windows, proxy: Proxy(), se:cdp: ws://localhost:64578/devtoo..., se:cdpVersion: 136.0.7103.49, setWindowRect: true, strictFileInteractability: false, timeouts: {implicit: 0, pageLoad: 300000, script: 30000}, unhandledPromptBehavior: dismiss and notify, webauthn:extension:credBlob: true, webauthn:extension:largeBlob: true, webauthn:extension:minPinLength: true, webauthn:extension:prf: true, webauthn:virtualAuthenticators: true}
Session ID: 8643b7e7aae648a5225a6d4e9195b4f8
at org.openqa.selenium.support.ui.WebDriverWait.timeoutException(WebDriverWait.java:84)
at org.openqa.selenium.support.ui.FluentWait.until(FluentWait.java:228)
at com.Actions.FooterAction.getConfirmation(FooterAction.java:55)
at com.Definitions.FooterDefinition.the_confirmation_should_be_displayed(FooterDefinition.java:86)
at ✽.the confirmation should be displayed(file:///C:/Users/Lenovo/git/DemoWebShop-Cucumber/src/test/resources/Features/Footer.feature:26)
>>>>>>> branch 'master' of https://github.com/yuvarajry20/DemoWebShop-Cucumber.git
]]>
    </failure>
  </testcase> <!-- runScenario -->
<<<<<<< HEAD
  <testcase classname="com.Runner.runnerTestNG" name="runScenario" time="302.812"/>
  <testcase classname="com.Runner.runnerTestNG" name="runScenario" time="302.929"/>
  <testcase classname="com.Runner.runnerTestNG" name="runScenario" time="88.462"/>
  <testcase classname="com.Runner.runnerTestNG" name="runScenario" time="78.254"/>
=======
  <testcase classname="com.Runner.runnerTestNG" name="runScenario" time="22.172"/>
  <testcase classname="com.Runner.runnerTestNG" name="runScenario" time="16.972"/>
  <testcase classname="com.Runner.runnerTestNG" name="runScenario" time="23.031"/>
  <testcase classname="com.Runner.runnerTestNG" name="runScenario" time="22.882"/>
  <testcase classname="com.Runner.runnerTestNG" name="runScenario" time="11.392"/>
  <testcase classname="com.Runner.runnerTestNG" name="runScenario" time="10.272"/>
  <testcase classname="com.Runner.runnerTestNG" name="runScenario" time="13.061"/>
  <testcase classname="com.Runner.runnerTestNG" name="runScenario" time="16.737"/>
  <testcase classname="com.Runner.runnerTestNG" name="runScenario" time="10.263"/>
  <testcase classname="com.Runner.runnerTestNG" name="runScenario" time="7.816"/>
  <testcase classname="com.Runner.runnerTestNG" name="runScenario" time="8.260"/>
  <testcase classname="com.Runner.runnerTestNG" name="runScenario" time="16.349"/>
  <testcase classname="com.Runner.runnerTestNG" name="runScenario" time="13.946"/>
>>>>>>> branch 'master' of https://github.com/yuvarajry20/DemoWebShop-Cucumber.git
</testsuite> <!-- com.Runner.runnerTestNG -->
