<?xml version="1.0" encoding="UTF-8"?>
<!-- Generated by org.testng.reporters.JUnitReportReporter -->
<testsuite hostname="DESKTOP-3CKMDVP" failures="0" tests="10" name="com.Runner.runnerTestNG" time="65.843" errors="0" timestamp="2025-04-11T07:09:19 IST" skipped="0">
  <testcase classname="com.Runner.runnerTestNG" name="runScenario" time="7.662"/>
  <testcase classname="com.Runner.runnerTestNG" name="runScenario" time="6.186"/>
  <testcase classname="com.Runner.runnerTestNG" name="runScenario" time="6.048"/>
  <testcase classname="com.Runner.runnerTestNG" name="runScenario" time="5.981"/>
  <testcase classname="com.Runner.runnerTestNG" name="runScenario" time="6.194"/>
  <testcase classname="com.Runner.runnerTestNG" name="runScenario" time="6.675"/>
  <testcase classname="com.Runner.runnerTestNG" name="runScenario" time="6.596"/>
  <testcase classname="com.Runner.runnerTestNG" name="runScenario" time="7.691"/>
  <testcase classname="com.Runner.runnerTestNG" name="runScenario" time="6.453"/>
  <testcase classname="com.Runner.runnerTestNG" name="runScenario" time="6.357"/>
</testsuite> <!-- com.Runner.runnerTestNG -->
