<?xml version="1.0" encoding="UTF-8"?>
<!-- Generated by org.testng.reporters.JUnitReportReporter -->
<<<<<<< HEAD
<testsuite hostname="YUVARAJ_UV" failures="0" tests="1" name="com.Runner.runnerTestNG" time="17.340" errors="0" timestamp="2025-04-21T13:17:59 IST" skipped="0">
  <testcase classname="com.Runner.runnerTestNG" name="runScenario" time="17.340"/>
=======
<testsuite hostname="DIVRAJ-2004" failures="0" tests="19" name="com.Runner.runnerTestNG" time="505.974" errors="0" timestamp="2025-04-24T11:28:33 IST" skipped="0">
  <testcase classname="com.Runner.runnerTestNG" name="runScenario" time="12.694"/>
  <testcase classname="com.Runner.runnerTestNG" name="runScenario" time="15.112"/>
  <testcase classname="com.Runner.runnerTestNG" name="runScenario" time="40.865"/>
  <testcase classname="com.Runner.runnerTestNG" name="runScenario" time="49.521"/>
  <testcase classname="com.Runner.runnerTestNG" name="runScenario" time="16.725"/>
  <testcase classname="com.Runner.runnerTestNG" name="runScenario" time="11.430"/>
  <testcase classname="com.Runner.runnerTestNG" name="runScenario" time="13.335"/>
  <testcase classname="com.Runner.runnerTestNG" name="runScenario" time="13.425"/>
  <testcase classname="com.Runner.runnerTestNG" name="runScenario" time="9.725"/>
  <testcase classname="com.Runner.runnerTestNG" name="runScenario" time="13.074"/>
  <testcase classname="com.Runner.runnerTestNG" name="runScenario" time="12.633"/>
  <testcase classname="com.Runner.runnerTestNG" name="runScenario" time="21.014"/>
  <testcase classname="com.Runner.runnerTestNG" name="runScenario" time="14.031"/>
  <testcase classname="com.Runner.runnerTestNG" name="runScenario" time="41.301"/>
  <testcase classname="com.Runner.runnerTestNG" name="runScenario" time="78.775"/>
  <testcase classname="com.Runner.runnerTestNG" name="runScenario" time="60.354"/>
  <testcase classname="com.Runner.runnerTestNG" name="runScenario" time="17.193"/>
  <testcase classname="com.Runner.runnerTestNG" name="runScenario" time="41.485"/>
  <testcase classname="com.Runner.runnerTestNG" name="runScenario" time="23.282"/>
>>>>>>> branch 'master' of https://github.com/yuvarajry20/DemoWebShop-Cucumber.git
</testsuite> <!-- com.Runner.runnerTestNG -->
