<?xml version="1.0" encoding="UTF-8"?>
<!-- Generated by org.testng.reporters.JUnitReportReporter -->
<<<<<<< HEAD
<testsuite hostname="DIVRAJ-2004" failures="0" tests="57" name="com.Runner.runnerTestNG" time="1475.030" errors="7" timestamp="2025-04-16T17:00:13 IST" skipped="0">
  <testcase classname="com.Runner.runnerTestNG" name="runScenario" time="23.967"/>
  <testcase classname="com.Runner.runnerTestNG" name="runScenario" time="22.236"/>
  <testcase classname="com.Runner.runnerTestNG" name="runScenario" time="40.341">
    <error message="invalid selector: Unable to locate an element with the xpath expression //div[@class=\&quot;section order-completed\&quot;]//ul//li[2]//a because of the following error:
SyntaxError: Failed to execute &#039;evaluate&#039; on &#039;Document&#039;: The string &#039;//div[@class=\&quot;section order-completed\&quot;]//ul//li[2]//a&#039; is not a valid XPath expression.
  (Session info: chrome=135.0.7049.86)
For documentation on this error, please visit: https://www.selenium.dev/documentation/webdriver/troubleshooting/errors#invalid-selector-exception
Build info: version: &#039;4.31.0&#039;, revision: &#039;1ef9f18787*&#039;
System info: os.name: &#039;Windows 11&#039;, os.arch: &#039;amd64&#039;, os.version: &#039;10.0&#039;, java.version: &#039;21.0.6&#039;
Driver info: org.openqa.selenium.chrome.ChromeDriver
Command: [c8b9cde91a741d781b5f256de218a826, findElement {value=//div[@class=\&quot;section order-completed\&quot;]//ul//li[2]//a, using=xpath}]
Capabilities {acceptInsecureCerts: false, browserName: chrome, browserVersion: 135.0.7049.86, chrome: {chromedriverVersion: 135.0.7049.95 (de2eb485a195..., userDataDir: C:\Users\Lenovo\AppData\Loc...}, fedcm:accounts: true, goog:chromeOptions: {debuggerAddress: localhost:56652}, networkConnectionEnabled: false, pageLoadStrategy: normal, platformName: windows, proxy: Proxy(), se:cdp: ws://localhost:56652/devtoo..., se:cdpVersion: 135.0.7049.86, setWindowRect: true, strictFileInteractability: false, timeouts: {implicit: 0, pageLoad: 300000, script: 30000}, unhandledPromptBehavior: dismiss and notify, webauthn:extension:credBlob: true, webauthn:extension:largeBlob: true, webauthn:extension:minPinLength: true, webauthn:extension:prf: true, webauthn:virtualAuthenticators: true}
Session ID: c8b9cde91a741d781b5f256de218a826" type="org.openqa.selenium.InvalidSelectorException">
      <![CDATA[org.openqa.selenium.InvalidSelectorException: invalid selector: Unable to locate an element with the xpath expression //div[@class=\"section order-completed\"]//ul//li[2]//a because of the following error:
SyntaxError: Failed to execute 'evaluate' on 'Document': The string '//div[@class=\"section order-completed\"]//ul//li[2]//a' is not a valid XPath expression.
  (Session info: chrome=135.0.7049.86)
For documentation on this error, please visit: https://www.selenium.dev/documentation/webdriver/troubleshooting/errors#invalid-selector-exception
Build info: version: '4.31.0', revision: '1ef9f18787*'
System info: os.name: 'Windows 11', os.arch: 'amd64', os.version: '10.0', java.version: '21.0.6'
Driver info: org.openqa.selenium.chrome.ChromeDriver
Command: [c8b9cde91a741d781b5f256de218a826, findElement {value=//div[@class=\"section order-completed\"]//ul//li[2]//a, using=xpath}]
Capabilities {acceptInsecureCerts: false, browserName: chrome, browserVersion: 135.0.7049.86, chrome: {chromedriverVersion: 135.0.7049.95 (de2eb485a195..., userDataDir: C:\Users\Lenovo\AppData\Loc...}, fedcm:accounts: true, goog:chromeOptions: {debuggerAddress: localhost:56652}, networkConnectionEnabled: false, pageLoadStrategy: normal, platformName: windows, proxy: Proxy(), se:cdp: ws://localhost:56652/devtoo..., se:cdpVersion: 135.0.7049.86, setWindowRect: true, strictFileInteractability: false, timeouts: {implicit: 0, pageLoad: 300000, script: 30000}, unhandledPromptBehavior: dismiss and notify, webauthn:extension:credBlob: true, webauthn:extension:largeBlob: true, webauthn:extension:minPinLength: true, webauthn:extension:prf: true, webauthn:virtualAuthenticators: true}
Session ID: c8b9cde91a741d781b5f256de218a826
at java.base/jdk.internal.reflect.DirectConstructorHandleAccessor.newInstance(DirectConstructorHandleAccessor.java:62)
at java.base/java.lang.reflect.Constructor.newInstanceWithCaller(Constructor.java:502)
at java.base/java.lang.reflect.Constructor.newInstance(Constructor.java:486)
at org.openqa.selenium.remote.ErrorCodec.decode(ErrorCodec.java:167)
at org.openqa.selenium.remote.codec.w3c.W3CHttpResponseCodec.decode(W3CHttpResponseCodec.java:138)
at org.openqa.selenium.remote.codec.w3c.W3CHttpResponseCodec.decode(W3CHttpResponseCodec.java:50)
at org.openqa.selenium.remote.HttpCommandExecutor.execute(HttpCommandExecutor.java:215)
at org.openqa.selenium.remote.service.DriverCommandExecutor.invokeExecute(DriverCommandExecutor.java:216)
at org.openqa.selenium.remote.service.DriverCommandExecutor.execute(DriverCommandExecutor.java:174)
at org.openqa.selenium.remote.RemoteWebDriver.execute(RemoteWebDriver.java:545)
at org.openqa.selenium.remote.ElementLocation$ElementFinder$2.findElement(ElementLocation.java:165)
at org.openqa.selenium.remote.ElementLocation.findElement(ElementLocation.java:59)
at org.openqa.selenium.remote.RemoteWebDriver.findElement(RemoteWebDriver.java:368)
at org.openqa.selenium.remote.RemoteWebDriver.findElement(RemoteWebDriver.java:362)
at org.openqa.selenium.support.ui.ExpectedConditions$7.apply(ExpectedConditions.java:194)
at org.openqa.selenium.support.ui.ExpectedConditions$7.apply(ExpectedConditions.java:190)
at org.openqa.selenium.support.ui.ExpectedConditions$22.apply(ExpectedConditions.java:627)
at org.openqa.selenium.support.ui.ExpectedConditions$22.apply(ExpectedConditions.java:624)
at org.openqa.selenium.support.ui.FluentWait.until(FluentWait.java:203)
at com.Actions.CheckoutAction.invoicepdfdownload(CheckoutAction.java:123)
at com.Definitions.CheckoutStepDefinition.the_user_should_see_the_order_number_and_able_to_download_the_invoice_as_pdf(CheckoutStepDefinition.java:75)
at âœ½.the user should see the order number and able to download the invoice as pdf(file:///C:/Users/Lenovo/git/DemoWebShop-Cucumber/src/test/resources/Features/CheckOut.feature:23)
]]>
    </error>
  </testcase> <!-- runScenario -->
  <testcase classname="com.Runner.runnerTestNG" name="runScenario" time="11.325"/>
  <testcase classname="com.Runner.runnerTestNG" name="runScenario" time="20.682"/>
  <testcase classname="com.Runner.runnerTestNG" name="runScenario" time="26.860"/>
  <testcase classname="com.Runner.runnerTestNG" name="runScenario" time="36.263"/>
  <testcase classname="com.Runner.runnerTestNG" name="runScenario" time="14.868"/>
  <testcase classname="com.Runner.runnerTestNG" name="runScenario" time="31.312">
    <error message="invalid selector: Unable to locate an element with the xpath expression //div[@class=\&quot;section order-completed\&quot;]//ul//li[2]//a because of the following error:
SyntaxError: Failed to execute &#039;evaluate&#039; on &#039;Document&#039;: The string &#039;//div[@class=\&quot;section order-completed\&quot;]//ul//li[2]//a&#039; is not a valid XPath expression.
  (Session info: chrome=135.0.7049.86)
For documentation on this error, please visit: https://www.selenium.dev/documentation/webdriver/troubleshooting/errors#invalid-selector-exception
Build info: version: &#039;4.31.0&#039;, revision: &#039;1ef9f18787*&#039;
System info: os.name: &#039;Windows 11&#039;, os.arch: &#039;amd64&#039;, os.version: &#039;10.0&#039;, java.version: &#039;21.0.6&#039;
Driver info: org.openqa.selenium.chrome.ChromeDriver
Command: [4ab6a9bbf5637c06d03a1483322a0329, findElement {value=//div[@class=\&quot;section order-completed\&quot;]//ul//li[2]//a, using=xpath}]
Capabilities {acceptInsecureCerts: false, browserName: chrome, browserVersion: 135.0.7049.86, chrome: {chromedriverVersion: 135.0.7049.95 (de2eb485a195..., userDataDir: C:\Users\Lenovo\AppData\Loc...}, fedcm:accounts: true, goog:chromeOptions: {debuggerAddress: localhost:56939}, networkConnectionEnabled: false, pageLoadStrategy: normal, platformName: windows, proxy: Proxy(), se:cdp: ws://localhost:56939/devtoo..., se:cdpVersion: 135.0.7049.86, setWindowRect: true, strictFileInteractability: false, timeouts: {implicit: 0, pageLoad: 300000, script: 30000}, unhandledPromptBehavior: dismiss and notify, webauthn:extension:credBlob: true, webauthn:extension:largeBlob: true, webauthn:extension:minPinLength: true, webauthn:extension:prf: true, webauthn:virtualAuthenticators: true}
Session ID: 4ab6a9bbf5637c06d03a1483322a0329" type="org.openqa.selenium.InvalidSelectorException">
      <![CDATA[org.openqa.selenium.InvalidSelectorException: invalid selector: Unable to locate an element with the xpath expression //div[@class=\"section order-completed\"]//ul//li[2]//a because of the following error:
SyntaxError: Failed to execute 'evaluate' on 'Document': The string '//div[@class=\"section order-completed\"]//ul//li[2]//a' is not a valid XPath expression.
  (Session info: chrome=135.0.7049.86)
For documentation on this error, please visit: https://www.selenium.dev/documentation/webdriver/troubleshooting/errors#invalid-selector-exception
Build info: version: '4.31.0', revision: '1ef9f18787*'
System info: os.name: 'Windows 11', os.arch: 'amd64', os.version: '10.0', java.version: '21.0.6'
Driver info: org.openqa.selenium.chrome.ChromeDriver
Command: [4ab6a9bbf5637c06d03a1483322a0329, findElement {value=//div[@class=\"section order-completed\"]//ul//li[2]//a, using=xpath}]
Capabilities {acceptInsecureCerts: false, browserName: chrome, browserVersion: 135.0.7049.86, chrome: {chromedriverVersion: 135.0.7049.95 (de2eb485a195..., userDataDir: C:\Users\Lenovo\AppData\Loc...}, fedcm:accounts: true, goog:chromeOptions: {debuggerAddress: localhost:56939}, networkConnectionEnabled: false, pageLoadStrategy: normal, platformName: windows, proxy: Proxy(), se:cdp: ws://localhost:56939/devtoo..., se:cdpVersion: 135.0.7049.86, setWindowRect: true, strictFileInteractability: false, timeouts: {implicit: 0, pageLoad: 300000, script: 30000}, unhandledPromptBehavior: dismiss and notify, webauthn:extension:credBlob: true, webauthn:extension:largeBlob: true, webauthn:extension:minPinLength: true, webauthn:extension:prf: true, webauthn:virtualAuthenticators: true}
Session ID: 4ab6a9bbf5637c06d03a1483322a0329
at java.base/jdk.internal.reflect.DirectConstructorHandleAccessor.newInstance(DirectConstructorHandleAccessor.java:62)
at java.base/java.lang.reflect.Constructor.newInstanceWithCaller(Constructor.java:502)
at java.base/java.lang.reflect.Constructor.newInstance(Constructor.java:486)
at org.openqa.selenium.remote.ErrorCodec.decode(ErrorCodec.java:167)
at org.openqa.selenium.remote.codec.w3c.W3CHttpResponseCodec.decode(W3CHttpResponseCodec.java:138)
at org.openqa.selenium.remote.codec.w3c.W3CHttpResponseCodec.decode(W3CHttpResponseCodec.java:50)
at org.openqa.selenium.remote.HttpCommandExecutor.execute(HttpCommandExecutor.java:215)
at org.openqa.selenium.remote.service.DriverCommandExecutor.invokeExecute(DriverCommandExecutor.java:216)
at org.openqa.selenium.remote.service.DriverCommandExecutor.execute(DriverCommandExecutor.java:174)
at org.openqa.selenium.remote.RemoteWebDriver.execute(RemoteWebDriver.java:545)
at org.openqa.selenium.remote.ElementLocation$ElementFinder$2.findElement(ElementLocation.java:165)
at org.openqa.selenium.remote.ElementLocation.findElement(ElementLocation.java:59)
at org.openqa.selenium.remote.RemoteWebDriver.findElement(RemoteWebDriver.java:368)
at org.openqa.selenium.remote.RemoteWebDriver.findElement(RemoteWebDriver.java:362)
at org.openqa.selenium.support.ui.ExpectedConditions$7.apply(ExpectedConditions.java:194)
at org.openqa.selenium.support.ui.ExpectedConditions$7.apply(ExpectedConditions.java:190)
at org.openqa.selenium.support.ui.ExpectedConditions$22.apply(ExpectedConditions.java:627)
at org.openqa.selenium.support.ui.ExpectedConditions$22.apply(ExpectedConditions.java:624)
at org.openqa.selenium.support.ui.FluentWait.until(FluentWait.java:203)
at com.Actions.CheckoutAction.invoicepdfdownload(CheckoutAction.java:123)
at com.Definitions.CheckoutStepDefinition.the_user_should_see_the_order_code_successfully(CheckoutStepDefinition.java:147)
at âœ½.the user should see the order code successfully(file:///C:/Users/Lenovo/git/DemoWebShop-Cucumber/src/test/resources/Features/CheckOut.feature:77)
]]>
    </error>
  </testcase> <!-- runScenario -->
  <testcase classname="com.Runner.runnerTestNG" name="runScenario" time="15.130"/>
  <testcase classname="com.Runner.runnerTestNG" name="runScenario" time="40.133"/>
  <testcase classname="com.Runner.runnerTestNG" name="runScenario" time="10.206"/>
  <testcase classname="com.Runner.runnerTestNG" name="runScenario" time="40.400"/>
  <testcase classname="com.Runner.runnerTestNG" name="runScenario" time="19.139"/>
  <testcase classname="com.Runner.runnerTestNG" name="runScenario" time="61.084"/>
  <testcase classname="com.Runner.runnerTestNG" name="runScenario" time="28.115"/>
  <testcase classname="com.Runner.runnerTestNG" name="runScenario" time="15.740"/>
  <testcase classname="com.Runner.runnerTestNG" name="runScenario" time="29.872">
    <error message="unexpected alert open: {Alert text : Your cart is empty}
  (Session info: chrome=135.0.7049.86): Your cart is empty
Build info: version: &#039;4.31.0&#039;, revision: &#039;1ef9f18787*&#039;
System info: os.name: &#039;Windows 11&#039;, os.arch: &#039;amd64&#039;, os.version: &#039;10.0&#039;, java.version: &#039;21.0.6&#039;
Driver info: org.openqa.selenium.chrome.ChromeDriver
Command: [1a56eec588862247ba06dd0a171be6a7, findElement {value=//div[@id=&quot;payment-info-buttons-container&quot;]//input, using=xpath}]
Capabilities {acceptInsecureCerts: false, browserName: chrome, browserVersion: 135.0.7049.86, chrome: {chromedriverVersion: 135.0.7049.95 (de2eb485a195..., userDataDir: C:\Users\Lenovo\AppData\Loc...}, fedcm:accounts: true, goog:chromeOptions: {debuggerAddress: localhost:56880}, networkConnectionEnabled: false, pageLoadStrategy: normal, platformName: windows, proxy: Proxy(), se:cdp: ws://localhost:56880/devtoo..., se:cdpVersion: 135.0.7049.86, setWindowRect: true, strictFileInteractability: false, timeouts: {implicit: 0, pageLoad: 300000, script: 30000}, unhandledPromptBehavior: dismiss and notify, webauthn:extension:credBlob: true, webauthn:extension:largeBlob: true, webauthn:extension:minPinLength: true, webauthn:extension:prf: true, webauthn:virtualAuthenticators: true}
Session ID: 1a56eec588862247ba06dd0a171be6a7" type="org.openqa.selenium.UnhandledAlertException">
      <![CDATA[org.openqa.selenium.UnhandledAlertException: unexpected alert open: {Alert text : Your cart is empty}
  (Session info: chrome=135.0.7049.86): Your cart is empty
Build info: version: '4.31.0', revision: '1ef9f18787*'
System info: os.name: 'Windows 11', os.arch: 'amd64', os.version: '10.0', java.version: '21.0.6'
Driver info: org.openqa.selenium.chrome.ChromeDriver
Command: [1a56eec588862247ba06dd0a171be6a7, findElement {value=//div[@id="payment-info-buttons-container"]//input, using=xpath}]
Capabilities {acceptInsecureCerts: false, browserName: chrome, browserVersion: 135.0.7049.86, chrome: {chromedriverVersion: 135.0.7049.95 (de2eb485a195..., userDataDir: C:\Users\Lenovo\AppData\Loc...}, fedcm:accounts: true, goog:chromeOptions: {debuggerAddress: localhost:56880}, networkConnectionEnabled: false, pageLoadStrategy: normal, platformName: windows, proxy: Proxy(), se:cdp: ws://localhost:56880/devtoo..., se:cdpVersion: 135.0.7049.86, setWindowRect: true, strictFileInteractability: false, timeouts: {implicit: 0, pageLoad: 300000, script: 30000}, unhandledPromptBehavior: dismiss and notify, webauthn:extension:credBlob: true, webauthn:extension:largeBlob: true, webauthn:extension:minPinLength: true, webauthn:extension:prf: true, webauthn:virtualAuthenticators: true}
Session ID: 1a56eec588862247ba06dd0a171be6a7
at org.openqa.selenium.remote.codec.w3c.W3CHttpResponseCodec.decode(W3CHttpResponseCodec.java:136)
at org.openqa.selenium.remote.codec.w3c.W3CHttpResponseCodec.decode(W3CHttpResponseCodec.java:50)
at org.openqa.selenium.remote.HttpCommandExecutor.execute(HttpCommandExecutor.java:215)
at org.openqa.selenium.remote.service.DriverCommandExecutor.invokeExecute(DriverCommandExecutor.java:216)
at org.openqa.selenium.remote.service.DriverCommandExecutor.execute(DriverCommandExecutor.java:174)
at org.openqa.selenium.remote.RemoteWebDriver.execute(RemoteWebDriver.java:545)
at org.openqa.selenium.remote.ElementLocation$ElementFinder$2.findElement(ElementLocation.java:165)
at org.openqa.selenium.remote.ElementLocation.findElement(ElementLocation.java:59)
at org.openqa.selenium.remote.RemoteWebDriver.findElement(RemoteWebDriver.java:368)
at org.openqa.selenium.remote.RemoteWebDriver.findElement(RemoteWebDriver.java:362)
at org.openqa.selenium.support.pagefactory.DefaultElementLocator.findElement(DefaultElementLocator.java:68)
at org.openqa.selenium.support.pagefactory.internal.LocatingElementHandler.invoke(LocatingElementHandler.java:38)
at jdk.proxy2/jdk.proxy2.$Proxy27.click(Unknown Source)
at com.Actions.CheckoutAction.paymentinfocontinue(CheckoutAction.java:101)
at com.Definitions.CheckoutStepDefinition.enter_the_billing_address_and_click_store_pick(CheckoutStepDefinition.java:131)
at âœ½.enter the billing address and click store pick(file:///C:/Users/Lenovo/git/DemoWebShop-Cucumber/src/test/resources/Features/CheckOut.feature:45)
]]>
    </error>
  </testcase> <!-- runScenario -->
  <testcase classname="com.Runner.runnerTestNG" name="runScenario" time="21.901"/>
  <testcase classname="com.Runner.runnerTestNG" name="runScenario" time="21.725"/>
  <testcase classname="com.Runner.runnerTestNG" name="runScenario" time="25.939"/>
  <testcase classname="com.Runner.runnerTestNG" name="runScenario" time="11.882"/>
  <testcase classname="com.Runner.runnerTestNG" name="runScenario" time="30.334"/>
  <testcase classname="com.Runner.runnerTestNG" name="runScenario" time="20.124"/>
  <testcase classname="com.Runner.runnerTestNG" name="runScenario" time="40.256"/>
  <testcase classname="com.Runner.runnerTestNG" name="runScenario" time="15.401"/>
  <testcase classname="com.Runner.runnerTestNG" name="runScenario" time="45.488">
    <error message="no such element: Unable to locate element: {&quot;method&quot;:&quot;xpath&quot;,&quot;selector&quot;:&quot;//select[@id=&quot;billing-address-select&quot;]&quot;}
  (Session info: chrome=135.0.7049.86)
For documentation on this error, please visit: https://www.selenium.dev/documentation/webdriver/troubleshooting/errors#no-such-element-exception
Build info: version: &#039;4.31.0&#039;, revision: &#039;1ef9f18787*&#039;
System info: os.name: &#039;Windows 11&#039;, os.arch: &#039;amd64&#039;, os.version: &#039;10.0&#039;, java.version: &#039;21.0.6&#039;
Driver info: org.openqa.selenium.chrome.ChromeDriver
Command: [4e4b06b0f13ba1942dbb516c01ab1564, findElement {value=//select[@id=&quot;billing-address-select&quot;], using=xpath}]
Capabilities {acceptInsecureCerts: false, browserName: chrome, browserVersion: 135.0.7049.86, chrome: {chromedriverVersion: 135.0.7049.95 (de2eb485a195..., userDataDir: C:\Users\Lenovo\AppData\Loc...}, fedcm:accounts: true, goog:chromeOptions: {debuggerAddress: localhost:56953}, networkConnectionEnabled: false, pageLoadStrategy: normal, platformName: windows, proxy: Proxy(), se:cdp: ws://localhost:56953/devtoo..., se:cdpVersion: 135.0.7049.86, setWindowRect: true, strictFileInteractability: false, timeouts: {implicit: 0, pageLoad: 300000, script: 30000}, unhandledPromptBehavior: dismiss and notify, webauthn:extension:credBlob: true, webauthn:extension:largeBlob: true, webauthn:extension:minPinLength: true, webauthn:extension:prf: true, webauthn:virtualAuthenticators: true}
Session ID: 4e4b06b0f13ba1942dbb516c01ab1564" type="org.openqa.selenium.NoSuchElementException">
      <![CDATA[org.openqa.selenium.NoSuchElementException: no such element: Unable to locate element: {"method":"xpath","selector":"//select[@id="billing-address-select"]"}
  (Session info: chrome=135.0.7049.86)
For documentation on this error, please visit: https://www.selenium.dev/documentation/webdriver/troubleshooting/errors#no-such-element-exception
Build info: version: '4.31.0', revision: '1ef9f18787*'
System info: os.name: 'Windows 11', os.arch: 'amd64', os.version: '10.0', java.version: '21.0.6'
Driver info: org.openqa.selenium.chrome.ChromeDriver
Command: [4e4b06b0f13ba1942dbb516c01ab1564, findElement {value=//select[@id="billing-address-select"], using=xpath}]
Capabilities {acceptInsecureCerts: false, browserName: chrome, browserVersion: 135.0.7049.86, chrome: {chromedriverVersion: 135.0.7049.95 (de2eb485a195..., userDataDir: C:\Users\Lenovo\AppData\Loc...}, fedcm:accounts: true, goog:chromeOptions: {debuggerAddress: localhost:56953}, networkConnectionEnabled: false, pageLoadStrategy: normal, platformName: windows, proxy: Proxy(), se:cdp: ws://localhost:56953/devtoo..., se:cdpVersion: 135.0.7049.86, setWindowRect: true, strictFileInteractability: false, timeouts: {implicit: 0, pageLoad: 300000, script: 30000}, unhandledPromptBehavior: dismiss and notify, webauthn:extension:credBlob: true, webauthn:extension:largeBlob: true, webauthn:extension:minPinLength: true, webauthn:extension:prf: true, webauthn:virtualAuthenticators: true}
Session ID: 4e4b06b0f13ba1942dbb516c01ab1564
at java.base/jdk.internal.reflect.DirectConstructorHandleAccessor.newInstance(DirectConstructorHandleAccessor.java:62)
at java.base/java.lang.reflect.Constructor.newInstanceWithCaller(Constructor.java:502)
at java.base/java.lang.reflect.Constructor.newInstance(Constructor.java:486)
at org.openqa.selenium.remote.ErrorCodec.decode(ErrorCodec.java:167)
at org.openqa.selenium.remote.codec.w3c.W3CHttpResponseCodec.decode(W3CHttpResponseCodec.java:138)
at org.openqa.selenium.remote.codec.w3c.W3CHttpResponseCodec.decode(W3CHttpResponseCodec.java:50)
at org.openqa.selenium.remote.HttpCommandExecutor.execute(HttpCommandExecutor.java:215)
at org.openqa.selenium.remote.service.DriverCommandExecutor.invokeExecute(DriverCommandExecutor.java:216)
at org.openqa.selenium.remote.service.DriverCommandExecutor.execute(DriverCommandExecutor.java:174)
at org.openqa.selenium.remote.RemoteWebDriver.execute(RemoteWebDriver.java:545)
at org.openqa.selenium.remote.ElementLocation$ElementFinder$2.findElement(ElementLocation.java:165)
at org.openqa.selenium.remote.ElementLocation.findElement(ElementLocation.java:59)
at org.openqa.selenium.remote.RemoteWebDriver.findElement(RemoteWebDriver.java:368)
at org.openqa.selenium.remote.RemoteWebDriver.findElement(RemoteWebDriver.java:362)
at org.openqa.selenium.support.pagefactory.DefaultElementLocator.findElement(DefaultElementLocator.java:68)
at org.openqa.selenium.support.pagefactory.internal.LocatingElementHandler.invoke(LocatingElementHandler.java:38)
at jdk.proxy2/jdk.proxy2.$Proxy27.click(Unknown Source)
at com.Actions.CheckoutAction.selectaddresss(CheckoutAction.java:75)
at com.Definitions.CheckoutStepDefinition.click_the_checkout_button_and_proceed(CheckoutStepDefinition.java:154)
at âœ½.click the checkout button and proceed(file:///C:/Users/Lenovo/git/DemoWebShop-Cucumber/src/test/resources/Features/CheckOut.feature:52)
]]>
    </error>
  </testcase> <!-- runScenario -->
  <testcase classname="com.Runner.runnerTestNG" name="runScenario" time="42.247"/>
  <testcase classname="com.Runner.runnerTestNG" name="runScenario" time="35.027">
    <error message="invalid selector: Unable to locate an element with the xpath expression //div[@class=\&quot;section order-completed\&quot;]//ul//li[2]//a because of the following error:
SyntaxError: Failed to execute &#039;evaluate&#039; on &#039;Document&#039;: The string &#039;//div[@class=\&quot;section order-completed\&quot;]//ul//li[2]//a&#039; is not a valid XPath expression.
  (Session info: chrome=135.0.7049.86)
For documentation on this error, please visit: https://www.selenium.dev/documentation/webdriver/troubleshooting/errors#invalid-selector-exception
Build info: version: &#039;4.31.0&#039;, revision: &#039;1ef9f18787*&#039;
System info: os.name: &#039;Windows 11&#039;, os.arch: &#039;amd64&#039;, os.version: &#039;10.0&#039;, java.version: &#039;21.0.6&#039;
Driver info: org.openqa.selenium.chrome.ChromeDriver
Command: [21ccbbdc1cfbbc0e79bbe8ad8fbe340e, findElement {value=//div[@class=\&quot;section order-completed\&quot;]//ul//li[2]//a, using=xpath}]
Capabilities {acceptInsecureCerts: false, browserName: chrome, browserVersion: 135.0.7049.86, chrome: {chromedriverVersion: 135.0.7049.95 (de2eb485a195..., userDataDir: C:\Users\Lenovo\AppData\Loc...}, fedcm:accounts: true, goog:chromeOptions: {debuggerAddress: localhost:56858}, networkConnectionEnabled: false, pageLoadStrategy: normal, platformName: windows, proxy: Proxy(), se:cdp: ws://localhost:56858/devtoo..., se:cdpVersion: 135.0.7049.86, setWindowRect: true, strictFileInteractability: false, timeouts: {implicit: 0, pageLoad: 300000, script: 30000}, unhandledPromptBehavior: dismiss and notify, webauthn:extension:credBlob: true, webauthn:extension:largeBlob: true, webauthn:extension:minPinLength: true, webauthn:extension:prf: true, webauthn:virtualAuthenticators: true}
Session ID: 21ccbbdc1cfbbc0e79bbe8ad8fbe340e" type="org.openqa.selenium.InvalidSelectorException">
      <![CDATA[org.openqa.selenium.InvalidSelectorException: invalid selector: Unable to locate an element with the xpath expression //div[@class=\"section order-completed\"]//ul//li[2]//a because of the following error:
SyntaxError: Failed to execute 'evaluate' on 'Document': The string '//div[@class=\"section order-completed\"]//ul//li[2]//a' is not a valid XPath expression.
  (Session info: chrome=135.0.7049.86)
For documentation on this error, please visit: https://www.selenium.dev/documentation/webdriver/troubleshooting/errors#invalid-selector-exception
Build info: version: '4.31.0', revision: '1ef9f18787*'
System info: os.name: 'Windows 11', os.arch: 'amd64', os.version: '10.0', java.version: '21.0.6'
Driver info: org.openqa.selenium.chrome.ChromeDriver
Command: [21ccbbdc1cfbbc0e79bbe8ad8fbe340e, findElement {value=//div[@class=\"section order-completed\"]//ul//li[2]//a, using=xpath}]
Capabilities {acceptInsecureCerts: false, browserName: chrome, browserVersion: 135.0.7049.86, chrome: {chromedriverVersion: 135.0.7049.95 (de2eb485a195..., userDataDir: C:\Users\Lenovo\AppData\Loc...}, fedcm:accounts: true, goog:chromeOptions: {debuggerAddress: localhost:56858}, networkConnectionEnabled: false, pageLoadStrategy: normal, platformName: windows, proxy: Proxy(), se:cdp: ws://localhost:56858/devtoo..., se:cdpVersion: 135.0.7049.86, setWindowRect: true, strictFileInteractability: false, timeouts: {implicit: 0, pageLoad: 300000, script: 30000}, unhandledPromptBehavior: dismiss and notify, webauthn:extension:credBlob: true, webauthn:extension:largeBlob: true, webauthn:extension:minPinLength: true, webauthn:extension:prf: true, webauthn:virtualAuthenticators: true}
Session ID: 21ccbbdc1cfbbc0e79bbe8ad8fbe340e
at java.base/jdk.internal.reflect.DirectConstructorHandleAccessor.newInstance(DirectConstructorHandleAccessor.java:62)
at java.base/java.lang.reflect.Constructor.newInstanceWithCaller(Constructor.java:502)
at java.base/java.lang.reflect.Constructor.newInstance(Constructor.java:486)
at org.openqa.selenium.remote.ErrorCodec.decode(ErrorCodec.java:167)
at org.openqa.selenium.remote.codec.w3c.W3CHttpResponseCodec.decode(W3CHttpResponseCodec.java:138)
at org.openqa.selenium.remote.codec.w3c.W3CHttpResponseCodec.decode(W3CHttpResponseCodec.java:50)
at org.openqa.selenium.remote.HttpCommandExecutor.execute(HttpCommandExecutor.java:215)
at org.openqa.selenium.remote.service.DriverCommandExecutor.invokeExecute(DriverCommandExecutor.java:216)
at org.openqa.selenium.remote.service.DriverCommandExecutor.execute(DriverCommandExecutor.java:174)
at org.openqa.selenium.remote.RemoteWebDriver.execute(RemoteWebDriver.java:545)
at org.openqa.selenium.remote.ElementLocation$ElementFinder$2.findElement(ElementLocation.java:165)
at org.openqa.selenium.remote.ElementLocation.findElement(ElementLocation.java:59)
at org.openqa.selenium.remote.RemoteWebDriver.findElement(RemoteWebDriver.java:368)
at org.openqa.selenium.remote.RemoteWebDriver.findElement(RemoteWebDriver.java:362)
at org.openqa.selenium.support.ui.ExpectedConditions$7.apply(ExpectedConditions.java:194)
at org.openqa.selenium.support.ui.ExpectedConditions$7.apply(ExpectedConditions.java:190)
at org.openqa.selenium.support.ui.ExpectedConditions$22.apply(ExpectedConditions.java:627)
at org.openqa.selenium.support.ui.ExpectedConditions$22.apply(ExpectedConditions.java:624)
at org.openqa.selenium.support.ui.FluentWait.until(FluentWait.java:203)
at com.Actions.CheckoutAction.invoicepdfdownload(CheckoutAction.java:123)
at com.Definitions.CheckoutStepDefinition.click_the_invoice_pdf(CheckoutStepDefinition.java:114)
at âœ½.click the invoice pdf(file:///C:/Users/Lenovo/git/DemoWebShop-Cucumber/src/test/resources/Features/CheckOut.feature:37)
]]>
    </error>
  </testcase> <!-- runScenario -->
  <testcase classname="com.Runner.runnerTestNG" name="runScenario" time="9.026"/>
  <testcase classname="com.Runner.runnerTestNG" name="runScenario" time="21.345"/>
  <testcase classname="com.Runner.runnerTestNG" name="runScenario" time="24.688"/>
  <testcase classname="com.Runner.runnerTestNG" name="runScenario" time="14.474"/>
  <testcase classname="com.Runner.runnerTestNG" name="runScenario" time="12.642"/>
  <testcase classname="com.Runner.runnerTestNG" name="runScenario" time="17.120"/>
  <testcase classname="com.Runner.runnerTestNG" name="runScenario" time="45.586">
    <error message="invalid selector: Unable to locate an element with the xpath expression //div[@class=\&quot;section order-completed\&quot;]//ul//li[2]//a because of the following error:
SyntaxError: Failed to execute &#039;evaluate&#039; on &#039;Document&#039;: The string &#039;//div[@class=\&quot;section order-completed\&quot;]//ul//li[2]//a&#039; is not a valid XPath expression.
  (Session info: chrome=135.0.7049.86)
For documentation on this error, please visit: https://www.selenium.dev/documentation/webdriver/troubleshooting/errors#invalid-selector-exception
Build info: version: &#039;4.31.0&#039;, revision: &#039;1ef9f18787*&#039;
System info: os.name: &#039;Windows 11&#039;, os.arch: &#039;amd64&#039;, os.version: &#039;10.0&#039;, java.version: &#039;21.0.6&#039;
Driver info: org.openqa.selenium.chrome.ChromeDriver
Command: [7d5346a47c414024f1832be7fc726cb3, findElement {value=//div[@class=\&quot;section order-completed\&quot;]//ul//li[2]//a, using=xpath}]
Capabilities {acceptInsecureCerts: false, browserName: chrome, browserVersion: 135.0.7049.86, chrome: {chromedriverVersion: 135.0.7049.95 (de2eb485a195..., userDataDir: C:\Users\Lenovo\AppData\Loc...}, fedcm:accounts: true, goog:chromeOptions: {debuggerAddress: localhost:56956}, networkConnectionEnabled: false, pageLoadStrategy: normal, platformName: windows, proxy: Proxy(), se:cdp: ws://localhost:56956/devtoo..., se:cdpVersion: 135.0.7049.86, setWindowRect: true, strictFileInteractability: false, timeouts: {implicit: 0, pageLoad: 300000, script: 30000}, unhandledPromptBehavior: dismiss and notify, webauthn:extension:credBlob: true, webauthn:extension:largeBlob: true, webauthn:extension:minPinLength: true, webauthn:extension:prf: true, webauthn:virtualAuthenticators: true}
Session ID: 7d5346a47c414024f1832be7fc726cb3" type="org.openqa.selenium.InvalidSelectorException">
      <![CDATA[org.openqa.selenium.InvalidSelectorException: invalid selector: Unable to locate an element with the xpath expression //div[@class=\"section order-completed\"]//ul//li[2]//a because of the following error:
SyntaxError: Failed to execute 'evaluate' on 'Document': The string '//div[@class=\"section order-completed\"]//ul//li[2]//a' is not a valid XPath expression.
  (Session info: chrome=135.0.7049.86)
For documentation on this error, please visit: https://www.selenium.dev/documentation/webdriver/troubleshooting/errors#invalid-selector-exception
Build info: version: '4.31.0', revision: '1ef9f18787*'
System info: os.name: 'Windows 11', os.arch: 'amd64', os.version: '10.0', java.version: '21.0.6'
Driver info: org.openqa.selenium.chrome.ChromeDriver
Command: [7d5346a47c414024f1832be7fc726cb3, findElement {value=//div[@class=\"section order-completed\"]//ul//li[2]//a, using=xpath}]
Capabilities {acceptInsecureCerts: false, browserName: chrome, browserVersion: 135.0.7049.86, chrome: {chromedriverVersion: 135.0.7049.95 (de2eb485a195..., userDataDir: C:\Users\Lenovo\AppData\Loc...}, fedcm:accounts: true, goog:chromeOptions: {debuggerAddress: localhost:56956}, networkConnectionEnabled: false, pageLoadStrategy: normal, platformName: windows, proxy: Proxy(), se:cdp: ws://localhost:56956/devtoo..., se:cdpVersion: 135.0.7049.86, setWindowRect: true, strictFileInteractability: false, timeouts: {implicit: 0, pageLoad: 300000, script: 30000}, unhandledPromptBehavior: dismiss and notify, webauthn:extension:credBlob: true, webauthn:extension:largeBlob: true, webauthn:extension:minPinLength: true, webauthn:extension:prf: true, webauthn:virtualAuthenticators: true}
Session ID: 7d5346a47c414024f1832be7fc726cb3
at java.base/jdk.internal.reflect.DirectConstructorHandleAccessor.newInstance(DirectConstructorHandleAccessor.java:62)
at java.base/java.lang.reflect.Constructor.newInstanceWithCaller(Constructor.java:502)
at java.base/java.lang.reflect.Constructor.newInstance(Constructor.java:486)
at org.openqa.selenium.remote.ErrorCodec.decode(ErrorCodec.java:167)
at org.openqa.selenium.remote.codec.w3c.W3CHttpResponseCodec.decode(W3CHttpResponseCodec.java:138)
at org.openqa.selenium.remote.codec.w3c.W3CHttpResponseCodec.decode(W3CHttpResponseCodec.java:50)
at org.openqa.selenium.remote.HttpCommandExecutor.execute(HttpCommandExecutor.java:215)
at org.openqa.selenium.remote.service.DriverCommandExecutor.invokeExecute(DriverCommandExecutor.java:216)
at org.openqa.selenium.remote.service.DriverCommandExecutor.execute(DriverCommandExecutor.java:174)
at org.openqa.selenium.remote.RemoteWebDriver.execute(RemoteWebDriver.java:545)
at org.openqa.selenium.remote.ElementLocation$ElementFinder$2.findElement(ElementLocation.java:165)
at org.openqa.selenium.remote.ElementLocation.findElement(ElementLocation.java:59)
at org.openqa.selenium.remote.RemoteWebDriver.findElement(RemoteWebDriver.java:368)
at org.openqa.selenium.remote.RemoteWebDriver.findElement(RemoteWebDriver.java:362)
at org.openqa.selenium.support.ui.ExpectedConditions$7.apply(ExpectedConditions.java:194)
at org.openqa.selenium.support.ui.ExpectedConditions$7.apply(ExpectedConditions.java:190)
at org.openqa.selenium.support.ui.ExpectedConditions$22.apply(ExpectedConditions.java:627)
at org.openqa.selenium.support.ui.ExpectedConditions$22.apply(ExpectedConditions.java:624)
at org.openqa.selenium.support.ui.FluentWait.until(FluentWait.java:203)
at com.Actions.CheckoutAction.invoicepdfdownload(CheckoutAction.java:123)
at com.Definitions.CheckoutStepDefinition.the_user_should_see_the_order_code_successfully(CheckoutStepDefinition.java:147)
at âœ½.the user should see the order code successfully(file:///C:/Users/Lenovo/git/DemoWebShop-Cucumber/src/test/resources/Features/CheckOut.feature:69)
]]>
    </error>
  </testcase> <!-- runScenario -->
  <testcase classname="com.Runner.runnerTestNG" name="runScenario" time="16.761"/>
  <testcase classname="com.Runner.runnerTestNG" name="runScenario" time="43.082"/>
  <testcase classname="com.Runner.runnerTestNG" name="runScenario" time="27.202"/>
  <testcase classname="com.Runner.runnerTestNG" name="runScenario" time="31.545">
    <error message="unexpected alert open: {Alert text : Your cart is empty}
  (Session info: chrome=135.0.7049.86): Your cart is empty
Build info: version: &#039;4.31.0&#039;, revision: &#039;1ef9f18787*&#039;
System info: os.name: &#039;Windows 11&#039;, os.arch: &#039;amd64&#039;, os.version: &#039;10.0&#039;, java.version: &#039;21.0.6&#039;
Driver info: org.openqa.selenium.chrome.ChromeDriver
Command: [5c827f461b7866f9714a3286719ec01a, findElement {value=//div[@class=&#039;section order-completed&#039;]//div[@class=&#039;title&#039;]//strong, using=xpath}]
Capabilities {acceptInsecureCerts: false, browserName: chrome, browserVersion: 135.0.7049.86, chrome: {chromedriverVersion: 135.0.7049.95 (de2eb485a195..., userDataDir: C:\Users\Lenovo\AppData\Loc...}, fedcm:accounts: true, goog:chromeOptions: {debuggerAddress: localhost:56951}, networkConnectionEnabled: false, pageLoadStrategy: normal, platformName: windows, proxy: Proxy(), se:cdp: ws://localhost:56951/devtoo..., se:cdpVersion: 135.0.7049.86, setWindowRect: true, strictFileInteractability: false, timeouts: {implicit: 0, pageLoad: 300000, script: 30000}, unhandledPromptBehavior: dismiss and notify, webauthn:extension:credBlob: true, webauthn:extension:largeBlob: true, webauthn:extension:minPinLength: true, webauthn:extension:prf: true, webauthn:virtualAuthenticators: true}
Session ID: 5c827f461b7866f9714a3286719ec01a" type="org.openqa.selenium.UnhandledAlertException">
      <![CDATA[org.openqa.selenium.UnhandledAlertException: unexpected alert open: {Alert text : Your cart is empty}
  (Session info: chrome=135.0.7049.86): Your cart is empty
Build info: version: '4.31.0', revision: '1ef9f18787*'
System info: os.name: 'Windows 11', os.arch: 'amd64', os.version: '10.0', java.version: '21.0.6'
Driver info: org.openqa.selenium.chrome.ChromeDriver
Command: [5c827f461b7866f9714a3286719ec01a, findElement {value=//div[@class='section order-completed']//div[@class='title']//strong, using=xpath}]
Capabilities {acceptInsecureCerts: false, browserName: chrome, browserVersion: 135.0.7049.86, chrome: {chromedriverVersion: 135.0.7049.95 (de2eb485a195..., userDataDir: C:\Users\Lenovo\AppData\Loc...}, fedcm:accounts: true, goog:chromeOptions: {debuggerAddress: localhost:56951}, networkConnectionEnabled: false, pageLoadStrategy: normal, platformName: windows, proxy: Proxy(), se:cdp: ws://localhost:56951/devtoo..., se:cdpVersion: 135.0.7049.86, setWindowRect: true, strictFileInteractability: false, timeouts: {implicit: 0, pageLoad: 300000, script: 30000}, unhandledPromptBehavior: dismiss and notify, webauthn:extension:credBlob: true, webauthn:extension:largeBlob: true, webauthn:extension:minPinLength: true, webauthn:extension:prf: true, webauthn:virtualAuthenticators: true}
Session ID: 5c827f461b7866f9714a3286719ec01a
at org.openqa.selenium.remote.codec.w3c.W3CHttpResponseCodec.decode(W3CHttpResponseCodec.java:136)
at org.openqa.selenium.remote.codec.w3c.W3CHttpResponseCodec.decode(W3CHttpResponseCodec.java:50)
at org.openqa.selenium.remote.HttpCommandExecutor.execute(HttpCommandExecutor.java:215)
at org.openqa.selenium.remote.service.DriverCommandExecutor.invokeExecute(DriverCommandExecutor.java:216)
at org.openqa.selenium.remote.service.DriverCommandExecutor.execute(DriverCommandExecutor.java:174)
at org.openqa.selenium.remote.RemoteWebDriver.execute(RemoteWebDriver.java:545)
at org.openqa.selenium.remote.ElementLocation$ElementFinder$2.findElement(ElementLocation.java:165)
at org.openqa.selenium.remote.ElementLocation.findElement(ElementLocation.java:59)
at org.openqa.selenium.remote.RemoteWebDriver.findElement(RemoteWebDriver.java:368)
at org.openqa.selenium.remote.RemoteWebDriver.findElement(RemoteWebDriver.java:362)
at org.openqa.selenium.support.ui.ExpectedConditions$7.apply(ExpectedConditions.java:194)
at org.openqa.selenium.support.ui.ExpectedConditions$7.apply(ExpectedConditions.java:190)
at org.openqa.selenium.support.ui.FluentWait.until(FluentWait.java:203)
at com.Actions.CheckoutAction.getplacedorder(CheckoutAction.java:112)
at com.Definitions.CheckoutStepDefinition.proceed_the_remaining_steps_and_confirm(CheckoutStepDefinition.java:229)
at âœ½.proceed the remaining steps and confirm(file:///C:/Users/Lenovo/git/DemoWebShop-Cucumber/src/test/resources/Features/CheckOut.feature:84)
]]>
    </error>
  </testcase> <!-- runScenario -->
  <testcase classname="com.Runner.runnerTestNG" name="runScenario" time="11.052"/>
  <testcase classname="com.Runner.runnerTestNG" name="runScenario" time="33.708"/>
  <testcase classname="com.Runner.runnerTestNG" name="runScenario" time="14.016"/>
  <testcase classname="com.Runner.runnerTestNG" name="runScenario" time="9.309"/>
  <testcase classname="com.Runner.runnerTestNG" name="runScenario" time="13.490"/>
  <testcase classname="com.Runner.runnerTestNG" name="runScenario" time="24.672"/>
  <testcase classname="com.Runner.runnerTestNG" name="runScenario" time="27.029"/>
  <testcase classname="com.Runner.runnerTestNG" name="runScenario" time="14.872"/>
  <testcase classname="com.Runner.runnerTestNG" name="runScenario" time="35.978"/>
  <testcase classname="com.Runner.runnerTestNG" name="runScenario" time="15.163"/>
  <testcase classname="com.Runner.runnerTestNG" name="runScenario" time="18.542"/>
  <testcase classname="com.Runner.runnerTestNG" name="runScenario" time="21.542"/>
  <testcase classname="com.Runner.runnerTestNG" name="runScenario" time="22.019"/>
  <testcase classname="com.Runner.runnerTestNG" name="runScenario" time="15.708"/>
  <testcase classname="com.Runner.runnerTestNG" name="runScenario" time="71.315"/>
  <testcase classname="com.Runner.runnerTestNG" name="runScenario" time="25.804"/>
  <testcase classname="com.Runner.runnerTestNG" name="runScenario" time="39.343"/>
=======
<testsuite hostname="DESKTOP-3CKMDVP" failures="0" tests="2" name="com.Runner.runnerTestNG" time="30.663" errors="0" timestamp="2025-04-16T16:55:31 IST" skipped="0">
  <testcase classname="com.Runner.runnerTestNG" name="runScenario" time="15.356"/>
  <testcase classname="com.Runner.runnerTestNG" name="runScenario" time="15.307"/>
>>>>>>> branch 'master' of https://github.com/yuvarajry20/DemoWebShop-Cucumber
</testsuite> <!-- com.Runner.runnerTestNG -->
