<?xml version="1.0" encoding="UTF-8"?>
<!-- Generated by org.testng.reporters.JUnitReportReporter -->
<testsuite hostname="DESKTOP-3CKMDVP" failures="0" tests="1" name="com.Runner.runnerTestNG" time="8.260" errors="0" timestamp="2025-04-28T23:25:22 IST" skipped="0">
  <testcase classname="com.Runner.runnerTestNG" name="runScenario" time="8.260"/>
</testsuite> <!-- com.Runner.runnerTestNG -->
