<?xml version="1.0" encoding="UTF-8"?>
<!-- Generated by org.testng.reporters.JUnitReportReporter -->
<<<<<<< HEAD
<testsuite hostname="DIVRAJ-2004" failures="0" tests="30" name="com.Runner.runnerTestNG" time="661.463" errors="2" timestamp="2025-04-16T09:12:40 IST" skipped="0">
  <testcase classname="com.Runner.runnerTestNG" name="runScenario" time="18.657"/>
  <testcase classname="com.Runner.runnerTestNG" name="runScenario" time="16.906"/>
  <testcase classname="com.Runner.runnerTestNG" name="runScenario" time="37.739"/>
  <testcase classname="com.Runner.runnerTestNG" name="runScenario" time="17.366"/>
  <testcase classname="com.Runner.runnerTestNG" name="runScenario" time="18.886">
    <error message="unexpected alert open: {Alert text : Your cart is empty}
  (Session info: chrome=135.0.7049.85): Your cart is empty
=======
<<<<<<< HEAD
<testsuite hostname="DESKTOP-3CKMDVP" failures="0" tests="32" name="com.Runner.runnerTestNG" time="493.475" errors="1" timestamp="2025-04-15T20:42:43 IST" skipped="0">
  <testcase classname="com.Runner.runnerTestNG" name="runScenario" time="12.687"/>
  <testcase classname="com.Runner.runnerTestNG" name="runScenario" time="8.110"/>
  <testcase classname="com.Runner.runnerTestNG" name="runScenario" time="18.064"/>
  <testcase classname="com.Runner.runnerTestNG" name="runScenario" time="9.309"/>
  <testcase classname="com.Runner.runnerTestNG" name="runScenario" time="9.893"/>
  <testcase classname="com.Runner.runnerTestNG" name="runScenario" time="7.459">
    <error message="stale element reference: stale element not found
  (Session info: chrome=135.0.7049.84)
For documentation on this error, please visit: https://www.selenium.dev/documentation/webdriver/troubleshooting/errors#stale-element-reference-exception
Build info: version: &#039;4.31.0&#039;, revision: &#039;1ef9f18787*&#039;
System info: os.name: &#039;Windows 10&#039;, os.arch: &#039;amd64&#039;, os.version: &#039;10.0&#039;, java.version: &#039;17.0.6&#039;
Driver info: org.openqa.selenium.chrome.ChromeDriver
Command: [aab1e7c5ea6638c94d6edec0282b3c2c, sendKeysToElement {value=[Ljava.lang.CharSequence;@17aed1c3, id=f.F2439AF83240DD1252B9B4AB539EFBFA.d.3DAD03F4F32DD0743E02F25FAA7EF4BD.e.8}]
Capabilities {acceptInsecureCerts: false, browserName: chrome, browserVersion: 135.0.7049.84, chrome: {chromedriverVersion: 135.0.7049.84 (6c019e560019..., userDataDir: C:\Users\ADMIN\AppData\Loca...}, fedcm:accounts: true, goog:chromeOptions: {debuggerAddress: localhost:59474}, networkConnectionEnabled: false, pageLoadStrategy: normal, platformName: windows, proxy: Proxy(), se:cdp: ws://localhost:59474/devtoo..., se:cdpVersion: 135.0.7049.84, setWindowRect: true, strictFileInteractability: false, timeouts: {implicit: 0, pageLoad: 300000, script: 30000}, unhandledPromptBehavior: dismiss and notify, webauthn:extension:credBlob: true, webauthn:extension:largeBlob: true, webauthn:extension:minPinLength: true, webauthn:extension:prf: true, webauthn:virtualAuthenticators: true}
Element: [[ChromeDriver: chrome on windows (aab1e7c5ea6638c94d6edec0282b3c2c)] -&gt; xpath: //input[@id=&quot;small-searchterms&quot;]]
Session ID: aab1e7c5ea6638c94d6edec0282b3c2c" type="org.openqa.selenium.StaleElementReferenceException">
      <![CDATA[org.openqa.selenium.StaleElementReferenceException: stale element reference: stale element not found
  (Session info: chrome=135.0.7049.84)
For documentation on this error, please visit: https://www.selenium.dev/documentation/webdriver/troubleshooting/errors#stale-element-reference-exception
Build info: version: '4.31.0', revision: '1ef9f18787*'
System info: os.name: 'Windows 10', os.arch: 'amd64', os.version: '10.0', java.version: '17.0.6'
Driver info: org.openqa.selenium.chrome.ChromeDriver
Command: [aab1e7c5ea6638c94d6edec0282b3c2c, sendKeysToElement {value=[Ljava.lang.CharSequence;@17aed1c3, id=f.F2439AF83240DD1252B9B4AB539EFBFA.d.3DAD03F4F32DD0743E02F25FAA7EF4BD.e.8}]
Capabilities {acceptInsecureCerts: false, browserName: chrome, browserVersion: 135.0.7049.84, chrome: {chromedriverVersion: 135.0.7049.84 (6c019e560019..., userDataDir: C:\Users\ADMIN\AppData\Loca...}, fedcm:accounts: true, goog:chromeOptions: {debuggerAddress: localhost:59474}, networkConnectionEnabled: false, pageLoadStrategy: normal, platformName: windows, proxy: Proxy(), se:cdp: ws://localhost:59474/devtoo..., se:cdpVersion: 135.0.7049.84, setWindowRect: true, strictFileInteractability: false, timeouts: {implicit: 0, pageLoad: 300000, script: 30000}, unhandledPromptBehavior: dismiss and notify, webauthn:extension:credBlob: true, webauthn:extension:largeBlob: true, webauthn:extension:minPinLength: true, webauthn:extension:prf: true, webauthn:virtualAuthenticators: true}
Element: [[ChromeDriver: chrome on windows (aab1e7c5ea6638c94d6edec0282b3c2c)] -> xpath: //input[@id="small-searchterms"]]
Session ID: aab1e7c5ea6638c94d6edec0282b3c2c
at java.base/jdk.internal.reflect.NativeConstructorAccessorImpl.newInstance0(Native Method)
at java.base/jdk.internal.reflect.NativeConstructorAccessorImpl.newInstance(NativeConstructorAccessorImpl.java:77)
at java.base/jdk.internal.reflect.DelegatingConstructorAccessorImpl.newInstance(DelegatingConstructorAccessorImpl.java:45)
at java.base/java.lang.reflect.Constructor.newInstanceWithCaller(Constructor.java:499)
at java.base/java.lang.reflect.Constructor.newInstance(Constructor.java:480)
at org.openqa.selenium.remote.ErrorCodec.decode(ErrorCodec.java:167)
at org.openqa.selenium.remote.codec.w3c.W3CHttpResponseCodec.decode(W3CHttpResponseCodec.java:138)
at org.openqa.selenium.remote.codec.w3c.W3CHttpResponseCodec.decode(W3CHttpResponseCodec.java:50)
at org.openqa.selenium.remote.HttpCommandExecutor.execute(HttpCommandExecutor.java:215)
at org.openqa.selenium.remote.service.DriverCommandExecutor.invokeExecute(DriverCommandExecutor.java:216)
at org.openqa.selenium.remote.service.DriverCommandExecutor.execute(DriverCommandExecutor.java:174)
at org.openqa.selenium.remote.RemoteWebDriver.execute(RemoteWebDriver.java:545)
at org.openqa.selenium.remote.RemoteWebElement.execute(RemoteWebElement.java:223)
at org.openqa.selenium.remote.RemoteWebElement.sendKeys(RemoteWebElement.java:110)
at jdk.internal.reflect.GeneratedMethodAccessor110.invoke(Unknown Source)
at java.base/jdk.internal.reflect.DelegatingMethodAccessorImpl.invoke(DelegatingMethodAccessorImpl.java:43)
at java.base/java.lang.reflect.Method.invoke(Method.java:568)
at org.openqa.selenium.support.pagefactory.internal.LocatingElementHandler.invoke(LocatingElementHandler.java:51)
at jdk.proxy2/jdk.proxy2.$Proxy27.sendKeys(Unknown Source)
at com.Actions.ProductAction.addlaptopcart(ProductAction.java:172)
at com.Definitions.ProductStepDefinition.i_add_to_cart_the_laptop(ProductStepDefinition.java:149)
at âœ½.I add to cart the laptop(file:///C:/Users/ADMIN/git/DemoWebShop-Cucumber/src/test/resources/Features/Product.feature:65)
]]>
    </error>
  </testcase> <!-- runScenario -->
  <testcase classname="com.Runner.runnerTestNG" name="runScenario" time="75.071"/>
  <testcase classname="com.Runner.runnerTestNG" name="runScenario" time="6.943"/>
=======
<<<<<<< HEAD
<testsuite hostname="DIVRAJ-2004" failures="0" tests="3" name="com.Runner.runnerTestNG" time="60.431" errors="0" timestamp="2025-04-15T17:04:27 IST" skipped="0">
  <testcase classname="com.Runner.runnerTestNG" name="runScenario" time="25.275"/>
  <testcase classname="com.Runner.runnerTestNG" name="runScenario" time="16.651"/>
  <testcase classname="com.Runner.runnerTestNG" name="runScenario" time="18.505"/>
=======
<testsuite hostname="YUVARAJ_UV" failures="0" tests="25" name="com.Runner.runnerTestNG" time="780.195" errors="2" timestamp="2025-04-15T14:36:55 IST" skipped="0">
>>>>>>> branch 'master' of https://github.com/yuvarajry20/DemoWebShop-Cucumber.git
  <testcase classname="com.Runner.runnerTestNG" name="runScenario" time="16.315"/>
<<<<<<< HEAD
  <testcase classname="com.Runner.runnerTestNG" name="runScenario" time="22.628"/>
  <testcase classname="com.Runner.runnerTestNG" name="runScenario" time="13.770"/>
  <testcase classname="com.Runner.runnerTestNG" name="runScenario" time="9.580"/>
  <testcase classname="com.Runner.runnerTestNG" name="runScenario" time="8.788"/>
  <testcase classname="com.Runner.runnerTestNG" name="runScenario" time="8.223"/>
  <testcase classname="com.Runner.runnerTestNG" name="runScenario" time="10.049"/>
  <testcase classname="com.Runner.runnerTestNG" name="runScenario" time="31.198"/>
  <testcase classname="com.Runner.runnerTestNG" name="runScenario" time="6.315"/>
  <testcase classname="com.Runner.runnerTestNG" name="runScenario" time="6.507"/>
  <testcase classname="com.Runner.runnerTestNG" name="runScenario" time="7.487"/>
  <testcase classname="com.Runner.runnerTestNG" name="runScenario" time="22.393"/>
  <testcase classname="com.Runner.runnerTestNG" name="runScenario" time="9.431"/>
  <testcase classname="com.Runner.runnerTestNG" name="runScenario" time="17.446"/>
  <testcase classname="com.Runner.runnerTestNG" name="runScenario" time="6.276"/>
  <testcase classname="com.Runner.runnerTestNG" name="runScenario" time="14.730"/>
  <testcase classname="com.Runner.runnerTestNG" name="runScenario" time="16.891"/>
  <testcase classname="com.Runner.runnerTestNG" name="runScenario" time="33.931"/>
  <testcase classname="com.Runner.runnerTestNG" name="runScenario" time="29.270"/>
  <testcase classname="com.Runner.runnerTestNG" name="runScenario" time="9.020"/>
  <testcase classname="com.Runner.runnerTestNG" name="runScenario" time="8.399"/>
  <testcase classname="com.Runner.runnerTestNG" name="runScenario" time="7.750"/>
  <testcase classname="com.Runner.runnerTestNG" name="runScenario" time="17.223"/>
  <testcase classname="com.Runner.runnerTestNG" name="runScenario" time="12.319"/>
=======
  <testcase classname="com.Runner.runnerTestNG" name="runScenario" time="43.536"/>
  <testcase classname="com.Runner.runnerTestNG" name="runScenario" time="36.404"/>
  <testcase classname="com.Runner.runnerTestNG" name="runScenario" time="65.450"/>
  <testcase classname="com.Runner.runnerTestNG" name="runScenario" time="43.676"/>
  <testcase classname="com.Runner.runnerTestNG" name="runScenario" time="43.166"/>
  <testcase classname="com.Runner.runnerTestNG" name="runScenario" time="31.196"/>
  <testcase classname="com.Runner.runnerTestNG" name="runScenario" time="43.417">
    <error message="stale element reference: stale element not found
  (Session info: chrome=135.0.7049.84)
For documentation on this error, please visit: https://www.selenium.dev/documentation/webdriver/troubleshooting/errors#stale-element-reference-exception
>>>>>>> branch 'master' of https://github.com/yuvarajry20/DemoWebShop-Cucumber
Build info: version: &#039;4.31.0&#039;, revision: &#039;1ef9f18787*&#039;
System info: os.name: &#039;Windows 11&#039;, os.arch: &#039;amd64&#039;, os.version: &#039;10.0&#039;, java.version: &#039;21.0.6&#039;
Driver info: org.openqa.selenium.chrome.ChromeDriver
Command: [fce21bc2eb433d6e04b5dcd2c57e88c9, findElement {using=xpath, value=//div[@id=&quot;confirm-order-buttons-container&quot;]//input[@class=&quot;button-1 confirm-order-next-step-button&quot;]}]
Capabilities {acceptInsecureCerts: false, browserName: chrome, browserVersion: 135.0.7049.85, chrome: {chromedriverVersion: 135.0.7049.95 (de2eb485a195..., userDataDir: C:\Users\Lenovo\AppData\Loc...}, fedcm:accounts: true, goog:chromeOptions: {debuggerAddress: localhost:57352}, networkConnectionEnabled: false, pageLoadStrategy: normal, platformName: windows, proxy: Proxy(), se:cdp: ws://localhost:57352/devtoo..., se:cdpVersion: 135.0.7049.85, setWindowRect: true, strictFileInteractability: false, timeouts: {implicit: 0, pageLoad: 300000, script: 30000}, unhandledPromptBehavior: dismiss and notify, webauthn:extension:credBlob: true, webauthn:extension:largeBlob: true, webauthn:extension:minPinLength: true, webauthn:extension:prf: true, webauthn:virtualAuthenticators: true}
Session ID: fce21bc2eb433d6e04b5dcd2c57e88c9" type="org.openqa.selenium.UnhandledAlertException">
      <![CDATA[org.openqa.selenium.UnhandledAlertException: unexpected alert open: {Alert text : Your cart is empty}
  (Session info: chrome=135.0.7049.85): Your cart is empty
Build info: version: '4.31.0', revision: '1ef9f18787*'
System info: os.name: 'Windows 11', os.arch: 'amd64', os.version: '10.0', java.version: '21.0.6'
Driver info: org.openqa.selenium.chrome.ChromeDriver
Command: [fce21bc2eb433d6e04b5dcd2c57e88c9, findElement {using=xpath, value=//div[@id="confirm-order-buttons-container"]//input[@class="button-1 confirm-order-next-step-button"]}]
Capabilities {acceptInsecureCerts: false, browserName: chrome, browserVersion: 135.0.7049.85, chrome: {chromedriverVersion: 135.0.7049.95 (de2eb485a195..., userDataDir: C:\Users\Lenovo\AppData\Loc...}, fedcm:accounts: true, goog:chromeOptions: {debuggerAddress: localhost:57352}, networkConnectionEnabled: false, pageLoadStrategy: normal, platformName: windows, proxy: Proxy(), se:cdp: ws://localhost:57352/devtoo..., se:cdpVersion: 135.0.7049.85, setWindowRect: true, strictFileInteractability: false, timeouts: {implicit: 0, pageLoad: 300000, script: 30000}, unhandledPromptBehavior: dismiss and notify, webauthn:extension:credBlob: true, webauthn:extension:largeBlob: true, webauthn:extension:minPinLength: true, webauthn:extension:prf: true, webauthn:virtualAuthenticators: true}
Session ID: fce21bc2eb433d6e04b5dcd2c57e88c9
at org.openqa.selenium.remote.codec.w3c.W3CHttpResponseCodec.decode(W3CHttpResponseCodec.java:136)
at org.openqa.selenium.remote.codec.w3c.W3CHttpResponseCodec.decode(W3CHttpResponseCodec.java:50)
at org.openqa.selenium.remote.HttpCommandExecutor.execute(HttpCommandExecutor.java:215)
at org.openqa.selenium.remote.service.DriverCommandExecutor.invokeExecute(DriverCommandExecutor.java:216)
at org.openqa.selenium.remote.service.DriverCommandExecutor.execute(DriverCommandExecutor.java:174)
at org.openqa.selenium.remote.RemoteWebDriver.execute(RemoteWebDriver.java:545)
at org.openqa.selenium.remote.ElementLocation$ElementFinder$2.findElement(ElementLocation.java:165)
at org.openqa.selenium.remote.ElementLocation.findElement(ElementLocation.java:59)
at org.openqa.selenium.remote.RemoteWebDriver.findElement(RemoteWebDriver.java:368)
at org.openqa.selenium.remote.RemoteWebDriver.findElement(RemoteWebDriver.java:362)
at org.openqa.selenium.support.pagefactory.DefaultElementLocator.findElement(DefaultElementLocator.java:68)
at org.openqa.selenium.support.pagefactory.internal.LocatingElementHandler.invoke(LocatingElementHandler.java:38)
at jdk.proxy2/jdk.proxy2.$Proxy27.click(Unknown Source)
at com.Actions.CheckoutAction.confirmcheckout(CheckoutAction.java:104)
at com.Definitions.CheckoutStepDefinition.click_the_orders(CheckoutStepDefinition.java:104)
at âœ½.click the orders(file:///C:/Users/Lenovo/git/DemoWebShop-Cucumber/src/test/resources/Features/CheckOut.feature:36)
]]>
    </error>
  </testcase> <!-- runScenario -->
  <testcase classname="com.Runner.runnerTestNG" name="runScenario" time="19.815"/>
  <testcase classname="com.Runner.runnerTestNG" name="runScenario" time="15.854"/>
  <testcase classname="com.Runner.runnerTestNG" name="runScenario" time="18.517"/>
  <testcase classname="com.Runner.runnerTestNG" name="runScenario" time="26.953"/>
  <testcase classname="com.Runner.runnerTestNG" name="runScenario" time="16.352"/>
  <testcase classname="com.Runner.runnerTestNG" name="runScenario" time="24.601">
    <error message="Unable to find element with locator By.xpath: //div[@class=&quot;section payment-method&quot;]//ul//li[3]//div//div[2]//input
For documentation on this error, please visit: https://www.selenium.dev/documentation/webdriver/troubleshooting/errors#no-such-element-exception
Build info: version: &#039;4.31.0&#039;, revision: &#039;1ef9f18787*&#039;
System info: os.name: &#039;Windows 11&#039;, os.arch: &#039;amd64&#039;, os.version: &#039;10.0&#039;, java.version: &#039;21.0.6&#039;
Driver info: driver.version: RemoteWebDriver" type="org.openqa.selenium.NoSuchElementException">
      <![CDATA[org.openqa.selenium.NoSuchElementException: Unable to find element with locator By.xpath: //div[@class="section payment-method"]//ul//li[3]//div//div[2]//input
For documentation on this error, please visit: https://www.selenium.dev/documentation/webdriver/troubleshooting/errors#no-such-element-exception
Build info: version: '4.31.0', revision: '1ef9f18787*'
System info: os.name: 'Windows 11', os.arch: 'amd64', os.version: '10.0', java.version: '21.0.6'
Driver info: driver.version: RemoteWebDriver
at org.openqa.selenium.remote.ElementLocation$ElementFinder$2.findElement(ElementLocation.java:168)
at org.openqa.selenium.remote.ElementLocation.findElement(ElementLocation.java:59)
at org.openqa.selenium.remote.RemoteWebDriver.findElement(RemoteWebDriver.java:368)
at org.openqa.selenium.remote.RemoteWebDriver.findElement(RemoteWebDriver.java:362)
at org.openqa.selenium.support.pagefactory.DefaultElementLocator.findElement(DefaultElementLocator.java:68)
at org.openqa.selenium.support.pagefactory.internal.LocatingElementHandler.invoke(LocatingElementHandler.java:38)
at jdk.proxy2/jdk.proxy2.$Proxy27.click(Unknown Source)
at com.Actions.CheckoutAction.creditcardcheckbox(CheckoutAction.java:145)
at com.Definitions.CheckoutStepDefinition.select_the_credit_card_method_and_enter_the_required_fields(CheckoutStepDefinition.java:161)
at âœ½.select the credit card method and enter the required fields(file:///C:/Users/Lenovo/git/DemoWebShop-Cucumber/src/test/resources/Features/CheckOut.feature:53)
]]>
    </error>
  </testcase> <!-- runScenario -->
<<<<<<< HEAD
  <testcase classname="com.Runner.runnerTestNG" name="runScenario" time="16.992"/>
  <testcase classname="com.Runner.runnerTestNG" name="runScenario" time="13.467"/>
  <testcase classname="com.Runner.runnerTestNG" name="runScenario" time="16.622"/>
  <testcase classname="com.Runner.runnerTestNG" name="runScenario" time="16.106"/>
  <testcase classname="com.Runner.runnerTestNG" name="runScenario" time="15.882"/>
  <testcase classname="com.Runner.runnerTestNG" name="runScenario" time="22.478"/>
  <testcase classname="com.Runner.runnerTestNG" name="runScenario" time="11.353"/>
  <testcase classname="com.Runner.runnerTestNG" name="runScenario" time="32.972"/>
  <testcase classname="com.Runner.runnerTestNG" name="runScenario" time="17.347"/>
  <testcase classname="com.Runner.runnerTestNG" name="runScenario" time="24.934"/>
  <testcase classname="com.Runner.runnerTestNG" name="runScenario" time="12.081"/>
  <testcase classname="com.Runner.runnerTestNG" name="runScenario" time="46.201"/>
  <testcase classname="com.Runner.runnerTestNG" name="runScenario" time="11.676"/>
  <testcase classname="com.Runner.runnerTestNG" name="runScenario" time="22.482"/>
  <testcase classname="com.Runner.runnerTestNG" name="runScenario" time="23.186"/>
  <testcase classname="com.Runner.runnerTestNG" name="runScenario" time="16.214"/>
  <testcase classname="com.Runner.runnerTestNG" name="runScenario" time="18.866"/>
  <testcase classname="com.Runner.runnerTestNG" name="runScenario" time="37.655"/>
  <testcase classname="com.Runner.runnerTestNG" name="runScenario" time="53.303"/>
=======
  <testcase classname="com.Runner.runnerTestNG" name="runScenario" time="21.728"/>
  <testcase classname="com.Runner.runnerTestNG" name="runScenario" time="15.215"/>
  <testcase classname="com.Runner.runnerTestNG" name="runScenario" time="43.799"/>
  <testcase classname="com.Runner.runnerTestNG" name="runScenario" time="24.780"/>
  <testcase classname="com.Runner.runnerTestNG" name="runScenario" time="28.672"/>
  <testcase classname="com.Runner.runnerTestNG" name="runScenario" time="18.132"/>
  <testcase classname="com.Runner.runnerTestNG" name="runScenario" time="25.660"/>
  <testcase classname="com.Runner.runnerTestNG" name="runScenario" time="23.595"/>
>>>>>>> branch 'master' of https://github.com/yuvarajry20/DemoWebShop-Cucumber
>>>>>>> branch 'master' of https://github.com/yuvarajry20/DemoWebShop-Cucumber.git
>>>>>>> branch 'master' of https://github.com/yuvarajry20/DemoWebShop-Cucumber
</testsuite> <!-- com.Runner.runnerTestNG -->
