<?xml version="1.0" encoding="UTF-8"?>
<!-- Generated by org.testng.reporters.JUnitReportReporter -->
<testsuite hostname="DIVRAJ-2004" failures="0" tests="3" name="com.Runner.runnerTestNG" time="60.431" errors="0" timestamp="2025-04-15T17:04:27 IST" skipped="0">
  <testcase classname="com.Runner.runnerTestNG" name="runScenario" time="25.275"/>
  <testcase classname="com.Runner.runnerTestNG" name="runScenario" time="16.651"/>
  <testcase classname="com.Runner.runnerTestNG" name="runScenario" time="18.505"/>
</testsuite> <!-- com.Runner.runnerTestNG -->
