<?xml version="1.0" encoding="UTF-8"?>
<!-- Generated by org.testng.reporters.JUnitReportReporter -->
<testsuite hostname="YUVARAJ_UV" failures="0" tests="17" name="com.Runner.runnerTestNG" time="166.388" errors="0" timestamp="2025-04-13T17:00:40 IST" skipped="0">
  <testcase classname="com.Runner.runnerTestNG" name="runScenario" time="8.185"/>
  <testcase classname="com.Runner.runnerTestNG" name="runScenario" time="13.601"/>
  <testcase classname="com.Runner.runnerTestNG" name="runScenario" time="7.709"/>
  <testcase classname="com.Runner.runnerTestNG" name="runScenario" time="6.968"/>
  <testcase classname="com.Runner.runnerTestNG" name="runScenario" time="7.577"/>
  <testcase classname="com.Runner.runnerTestNG" name="runScenario" time="6.731"/>
  <testcase classname="com.Runner.runnerTestNG" name="runScenario" time="18.814"/>
  <testcase classname="com.Runner.runnerTestNG" name="runScenario" time="28.494"/>
  <testcase classname="com.Runner.runnerTestNG" name="runScenario" time="9.746"/>
  <testcase classname="com.Runner.runnerTestNG" name="runScenario" time="7.266"/>
  <testcase classname="com.Runner.runnerTestNG" name="runScenario" time="7.079"/>
  <testcase classname="com.Runner.runnerTestNG" name="runScenario" time="7.995"/>
  <testcase classname="com.Runner.runnerTestNG" name="runScenario" time="7.214"/>
  <testcase classname="com.Runner.runnerTestNG" name="runScenario" time="7.109"/>
  <testcase classname="com.Runner.runnerTestNG" name="runScenario" time="6.884"/>
  <testcase classname="com.Runner.runnerTestNG" name="runScenario" time="7.653"/>
  <testcase classname="com.Runner.runnerTestNG" name="runScenario" time="7.363"/>
</testsuite> <!-- com.Runner.runnerTestNG -->
