<?xml version="1.0" encoding="UTF-8"?>
<!-- Generated by org.testng.reporters.JUnitReportReporter -->
<testsuite hostname="DESKTOP-3CKMDVP" failures="0" tests="14" name="com.Runner.runnerTestNG" time="650.668" errors="0" timestamp="2025-04-12T14:50:28 IST" skipped="0">
  <testcase classname="com.Runner.runnerTestNG" name="runScenario" time="56.631"/>
  <testcase classname="com.Runner.runnerTestNG" name="runScenario" time="16.502"/>
  <testcase classname="com.Runner.runnerTestNG" name="runScenario" time="56.667"/>
  <testcase classname="com.Runner.runnerTestNG" name="runScenario" time="56.054"/>
  <testcase classname="com.Runner.runnerTestNG" name="runScenario" time="55.644"/>
  <testcase classname="com.Runner.runnerTestNG" name="runScenario" time="56.838"/>
  <testcase classname="com.Runner.runnerTestNG" name="runScenario" time="17.395"/>
  <testcase classname="com.Runner.runnerTestNG" name="runScenario" time="56.587"/>
  <testcase classname="com.Runner.runnerTestNG" name="runScenario" time="76.320"/>
  <testcase classname="com.Runner.runnerTestNG" name="runScenario" time="55.366"/>
  <testcase classname="com.Runner.runnerTestNG" name="runScenario" time="56.790"/>
  <testcase classname="com.Runner.runnerTestNG" name="runScenario" time="17.098"/>
  <testcase classname="com.Runner.runnerTestNG" name="runScenario" time="55.365"/>
  <testcase classname="com.Runner.runnerTestNG" name="runScenario" time="17.411"/>
</testsuite> <!-- com.Runner.runnerTestNG -->
