<?xml version="1.0" encoding="UTF-8"?>
<!-- Generated by org.testng.reporters.JUnitReportReporter -->
<testsuite hostname="DIVRAJ-2004" failures="0" tests="24" name="com.Runner.runnerTestNG" time="533.106" errors="0" timestamp="2025-04-14T20:38:14 IST" skipped="0">
  <testcase classname="com.Runner.runnerTestNG" name="runScenario" time="12.254"/>
  <testcase classname="com.Runner.runnerTestNG" name="runScenario" time="25.572"/>
  <testcase classname="com.Runner.runnerTestNG" name="runScenario" time="25.256"/>
  <testcase classname="com.Runner.runnerTestNG" name="runScenario" time="13.720"/>
  <testcase classname="com.Runner.runnerTestNG" name="runScenario" time="35.462"/>
  <testcase classname="com.Runner.runnerTestNG" name="runScenario" time="22.773"/>
  <testcase classname="com.Runner.runnerTestNG" name="runScenario" time="25.890"/>
  <testcase classname="com.Runner.runnerTestNG" name="runScenario" time="35.361"/>
  <testcase classname="com.Runner.runnerTestNG" name="runScenario" time="12.676"/>
  <testcase classname="com.Runner.runnerTestNG" name="runScenario" time="28.279"/>
  <testcase classname="com.Runner.runnerTestNG" name="runScenario" time="21.512"/>
  <testcase classname="com.Runner.runnerTestNG" name="runScenario" time="24.729"/>
  <testcase classname="com.Runner.runnerTestNG" name="runScenario" time="34.277"/>
  <testcase classname="com.Runner.runnerTestNG" name="runScenario" time="15.730"/>
  <testcase classname="com.Runner.runnerTestNG" name="runScenario" time="12.109"/>
  <testcase classname="com.Runner.runnerTestNG" name="runScenario" time="15.493"/>
  <testcase classname="com.Runner.runnerTestNG" name="runScenario" time="16.523"/>
  <testcase classname="com.Runner.runnerTestNG" name="runScenario" time="12.832"/>
  <testcase classname="com.Runner.runnerTestNG" name="runScenario" time="12.722"/>
  <testcase classname="com.Runner.runnerTestNG" name="runScenario" time="12.590"/>
  <testcase classname="com.Runner.runnerTestNG" name="runScenario" time="41.518"/>
  <testcase classname="com.Runner.runnerTestNG" name="runScenario" time="14.355"/>
  <testcase classname="com.Runner.runnerTestNG" name="runScenario" time="36.438"/>
  <testcase classname="com.Runner.runnerTestNG" name="runScenario" time="25.035"/>
</testsuite> <!-- com.Runner.runnerTestNG -->
