<?xml version="1.0" encoding="UTF-8"?>
<!-- Generated by org.testng.reporters.JUnitReportReporter -->
<testsuite hostname="YUVARAJ_UV" failures="0" tests="2" name="com.Runner.runnerTestNG" time="31.259" errors="0" timestamp="2025-04-29T19:24:40 IST" skipped="0">
  <testcase classname="com.Runner.runnerTestNG" name="runScenario" time="24.597"/>
  <testcase classname="com.Runner.runnerTestNG" name="runScenario" time="6.662"/>
</testsuite> <!-- com.Runner.runnerTestNG -->
