<?xml version="1.0" encoding="UTF-8"?>
<!-- Generated by org.testng.reporters.JUnitReportReporter -->
<testsuite hostname="DESKTOP-3CKMDVP" failures="0" tests="11" name="com.Runner.runnerTestNG" time="1120.053" errors="0" timestamp="2025-04-17T10:39:49 IST" skipped="0">
  <testcase classname="com.Runner.runnerTestNG" name="runScenario" time="107.941"/>
  <testcase classname="com.Runner.runnerTestNG" name="runScenario" time="104.418"/>
  <testcase classname="com.Runner.runnerTestNG" name="runScenario" time="109.899"/>
  <testcase classname="com.Runner.runnerTestNG" name="runScenario" time="108.509"/>
  <testcase classname="com.Runner.runnerTestNG" name="runScenario" time="124.974"/>
  <testcase classname="com.Runner.runnerTestNG" name="runScenario" time="7.234"/>
  <testcase classname="com.Runner.runnerTestNG" name="runScenario" time="104.421"/>
  <testcase classname="com.Runner.runnerTestNG" name="runScenario" time="108.077"/>
  <testcase classname="com.Runner.runnerTestNG" name="runScenario" time="113.302"/>
  <testcase classname="com.Runner.runnerTestNG" name="runScenario" time="123.136"/>
  <testcase classname="com.Runner.runnerTestNG" name="runScenario" time="108.142"/>
</testsuite> <!-- com.Runner.runnerTestNG -->
