<?xml version="1.0" encoding="UTF-8"?>
<!-- Generated by org.testng.reporters.JUnitReportReporter -->
<testsuite hostname="YUVARAJ_UV" failures="0" tests="1" name="com.Runner.runnerTestNG" time="68.551" errors="0" timestamp="2025-05-06T16:58:25 IST" skipped="0">
  <testcase classname="com.Runner.runnerTestNG" name="runScenario" time="68.551"/>
</testsuite> <!-- com.Runner.runnerTestNG -->
