<?xml version="1.0" encoding="UTF-8"?>
<!-- Generated by org.testng.reporters.JUnitReportReporter -->
<<<<<<< HEAD
<testsuite hostname="DIVRAJ-2004" failures="0" tests="63" name="com.Runner.runnerTestNG" time="1190.283" errors="3" timestamp="2025-04-17T15:30:30 IST" skipped="0">
  <testcase classname="com.Runner.runnerTestNG" name="runScenario" time="10.779"/>
  <testcase classname="com.Runner.runnerTestNG" name="runScenario" time="20.822"/>
  <testcase classname="com.Runner.runnerTestNG" name="runScenario" time="13.596"/>
  <testcase classname="com.Runner.runnerTestNG" name="runScenario" time="11.395"/>
  <testcase classname="com.Runner.runnerTestNG" name="runScenario" time="18.850"/>
  <testcase classname="com.Runner.runnerTestNG" name="runScenario" time="7.977"/>
  <testcase classname="com.Runner.runnerTestNG" name="runScenario" time="10.661"/>
  <testcase classname="com.Runner.runnerTestNG" name="runScenario" time="16.784"/>
  <testcase classname="com.Runner.runnerTestNG" name="runScenario" time="21.521"/>
  <testcase classname="com.Runner.runnerTestNG" name="runScenario" time="10.204"/>
  <testcase classname="com.Runner.runnerTestNG" name="runScenario" time="54.933"/>
  <testcase classname="com.Runner.runnerTestNG" name="runScenario" time="54.815"/>
  <testcase classname="com.Runner.runnerTestNG" name="runScenario" time="10.346"/>
  <testcase classname="com.Runner.runnerTestNG" name="runScenario" time="25.824"/>
  <testcase classname="com.Runner.runnerTestNG" name="runScenario" time="11.030"/>
  <testcase classname="com.Runner.runnerTestNG" name="runScenario" time="29.609"/>
  <testcase classname="com.Runner.runnerTestNG" name="runScenario" time="17.412"/>
  <testcase classname="com.Runner.runnerTestNG" name="runScenario" time="15.908"/>
  <testcase classname="com.Runner.runnerTestNG" name="runScenario" time="10.485"/>
  <testcase classname="com.Runner.runnerTestNG" name="runScenario" time="17.475"/>
  <testcase classname="com.Runner.runnerTestNG" name="runScenario" time="17.579"/>
  <testcase classname="com.Runner.runnerTestNG" name="runScenario" time="23.905"/>
  <testcase classname="com.Runner.runnerTestNG" name="runScenario" time="9.994"/>
  <testcase classname="com.Runner.runnerTestNG" name="runScenario" time="16.984"/>
  <testcase classname="com.Runner.runnerTestNG" name="runScenario" time="14.331"/>
  <testcase classname="com.Runner.runnerTestNG" name="runScenario" time="10.231"/>
  <testcase classname="com.Runner.runnerTestNG" name="runScenario" time="40.607">
    <error message="Expected condition failed: waiting for presence of element located by: By.xpath: //div[@class=&#039;section payment-method&#039;]//ul//li[3]//div//div[2]//input (tried for 20 second(s) with 500 milliseconds interval)" type="org.openqa.selenium.TimeoutException">
      <![CDATA[org.openqa.selenium.TimeoutException: Expected condition failed: waiting for presence of element located by: By.xpath: //div[@class='section payment-method']//ul//li[3]//div//div[2]//input (tried for 20 second(s) with 500 milliseconds interval)
at org.openqa.selenium.support.ui.WebDriverWait.timeoutException(WebDriverWait.java:84)
at org.openqa.selenium.support.ui.FluentWait.until(FluentWait.java:228)
at com.Actions.CheckoutAction.creditcardcheckbox(CheckoutAction.java:169)
at com.Definitions.CheckoutStepDefinition.select_the_credit_card_method_and_enter_the_required_fields(CheckoutStepDefinition.java:165)
at ✽.select the credit card method and enter the required fields(file:///C:/Users/Lenovo/git/DemoWebShop-Cucumber/src/test/resources/Features/CheckOut.feature:53)
Caused by: org.openqa.selenium.NoSuchElementException: no such element: Unable to locate element: {"method":"xpath","selector":"//div[@class='section payment-method']//ul//li[3]//div//div[2]//input"}
  (Session info: chrome=135.0.7049.86)
=======
<testsuite hostname="YUVARAJ_UV" failures="0" tests="63" name="com.Runner.runnerTestNG" time="1505.692" errors="8" timestamp="2025-04-17T15:55:19 IST" skipped="0">
  <testcase classname="com.Runner.runnerTestNG" name="runScenario" time="23.006"/>
  <testcase classname="com.Runner.runnerTestNG" name="runScenario" time="23.031">
    <error message="Failed to search for product: laptop. Error: stale element reference: stale element not found
  (Session info: chrome=135.0.7049.85)
For documentation on this error, please visit: https://www.selenium.dev/documentation/webdriver/troubleshooting/errors#stale-element-reference-exception
Build info: version: &#039;4.31.0&#039;, revision: &#039;1ef9f18787*&#039;
System info: os.name: &#039;Windows 11&#039;, os.arch: &#039;amd64&#039;, os.version: &#039;10.0&#039;, java.version: &#039;21.0.6&#039;
Driver info: org.openqa.selenium.chrome.ChromeDriver
Command: [49cf13fb84dc7d0cbfb1d5fde7479970, sendKeysToElement {value=[Ljava.lang.CharSequence;@21f6e057, id=f.2BD04EA44829EC8CD560C6E7CF4E3CB1.d.3C147CF87678CD955222E8654985A555.e.34}]
Capabilities {acceptInsecureCerts: false, browserName: chrome, browserVersion: 135.0.7049.85, chrome: {chromedriverVersion: 135.0.7049.95 (de2eb485a195..., userDataDir: C:\Users\yuvar\AppData\Loca...}, fedcm:accounts: true, goog:chromeOptions: {debuggerAddress: localhost:62444}, networkConnectionEnabled: false, pageLoadStrategy: normal, platformName: windows, proxy: Proxy(), se:cdp: ws://localhost:62444/devtoo..., se:cdpVersion: 135.0.7049.85, setWindowRect: true, strictFileInteractability: false, timeouts: {implicit: 0, pageLoad: 300000, script: 30000}, unhandledPromptBehavior: dismiss and notify, webauthn:extension:credBlob: true, webauthn:extension:largeBlob: true, webauthn:extension:minPinLength: true, webauthn:extension:prf: true, webauthn:virtualAuthenticators: true}
Element: [[ChromeDriver: chrome on windows (49cf13fb84dc7d0cbfb1d5fde7479970)] -&gt; xpath: //input[@id=&quot;small-searchterms&quot;]]
Session ID: 49cf13fb84dc7d0cbfb1d5fde7479970" type="com.Actions.CheckoutAction$ProductSearchException">
      <![CDATA[com.Actions.CheckoutAction$ProductSearchException: Failed to search for product: laptop. Error: stale element reference: stale element not found
  (Session info: chrome=135.0.7049.85)
For documentation on this error, please visit: https://www.selenium.dev/documentation/webdriver/troubleshooting/errors#stale-element-reference-exception
Build info: version: '4.31.0', revision: '1ef9f18787*'
System info: os.name: 'Windows 11', os.arch: 'amd64', os.version: '10.0', java.version: '21.0.6'
Driver info: org.openqa.selenium.chrome.ChromeDriver
Command: [49cf13fb84dc7d0cbfb1d5fde7479970, sendKeysToElement {value=[Ljava.lang.CharSequence;@21f6e057, id=f.2BD04EA44829EC8CD560C6E7CF4E3CB1.d.3C147CF87678CD955222E8654985A555.e.34}]
Capabilities {acceptInsecureCerts: false, browserName: chrome, browserVersion: 135.0.7049.85, chrome: {chromedriverVersion: 135.0.7049.95 (de2eb485a195..., userDataDir: C:\Users\yuvar\AppData\Loca...}, fedcm:accounts: true, goog:chromeOptions: {debuggerAddress: localhost:62444}, networkConnectionEnabled: false, pageLoadStrategy: normal, platformName: windows, proxy: Proxy(), se:cdp: ws://localhost:62444/devtoo..., se:cdpVersion: 135.0.7049.85, setWindowRect: true, strictFileInteractability: false, timeouts: {implicit: 0, pageLoad: 300000, script: 30000}, unhandledPromptBehavior: dismiss and notify, webauthn:extension:credBlob: true, webauthn:extension:largeBlob: true, webauthn:extension:minPinLength: true, webauthn:extension:prf: true, webauthn:virtualAuthenticators: true}
Element: [[ChromeDriver: chrome on windows (49cf13fb84dc7d0cbfb1d5fde7479970)] -> xpath: //input[@id="small-searchterms"]]
Session ID: 49cf13fb84dc7d0cbfb1d5fde7479970
at com.Actions.CheckoutAction.searchAnItem(CheckoutAction.java:45)
at com.Definitions.CheckoutStepDefinition.i_log_in_and_add_an_item_and_add_to_cart(CheckoutStepDefinition.java:27)
at ✽.I log in and add an item and add to cart(file:///C:/Users/yuvar/DemoWebShop(Automation)/DemoWebShop-Cucumber/src/test/resources/Features/CheckOut.feature:5)
]]>
    </error>
  </testcase> <!-- runScenario -->
  <testcase classname="com.Runner.runnerTestNG" name="runScenario" time="31.649"/>
  <testcase classname="com.Runner.runnerTestNG" name="runScenario" time="61.665">
    <error message="no such element: Unable to locate element: {&quot;method&quot;:&quot;xpath&quot;,&quot;selector&quot;:&quot;//input[@class=&quot;button-1 new-address-next-step-button&quot;]&quot;}
  (Session info: chrome=135.0.7049.85)
For documentation on this error, please visit: https://www.selenium.dev/documentation/webdriver/troubleshooting/errors#no-such-element-exception
Build info: version: &#039;4.31.0&#039;, revision: &#039;1ef9f18787*&#039;
System info: os.name: &#039;Windows 11&#039;, os.arch: &#039;amd64&#039;, os.version: &#039;10.0&#039;, java.version: &#039;21.0.6&#039;
Driver info: org.openqa.selenium.chrome.ChromeDriver
Command: [abbc1909cc77d73ce19d78a5acb42492, findElement {using=xpath, value=//input[@class=&quot;button-1 new-address-next-step-button&quot;]}]
Capabilities {acceptInsecureCerts: false, browserName: chrome, browserVersion: 135.0.7049.85, chrome: {chromedriverVersion: 135.0.7049.95 (de2eb485a195..., userDataDir: C:\Users\yuvar\AppData\Loca...}, fedcm:accounts: true, goog:chromeOptions: {debuggerAddress: localhost:62388}, networkConnectionEnabled: false, pageLoadStrategy: normal, platformName: windows, proxy: Proxy(), se:cdp: ws://localhost:62388/devtoo..., se:cdpVersion: 135.0.7049.85, setWindowRect: true, strictFileInteractability: false, timeouts: {implicit: 0, pageLoad: 300000, script: 30000}, unhandledPromptBehavior: dismiss and notify, webauthn:extension:credBlob: true, webauthn:extension:largeBlob: true, webauthn:extension:minPinLength: true, webauthn:extension:prf: true, webauthn:virtualAuthenticators: true}
Session ID: abbc1909cc77d73ce19d78a5acb42492" type="org.openqa.selenium.NoSuchElementException">
      <![CDATA[org.openqa.selenium.NoSuchElementException: no such element: Unable to locate element: {"method":"xpath","selector":"//input[@class="button-1 new-address-next-step-button"]"}
  (Session info: chrome=135.0.7049.85)
>>>>>>> branch 'master' of https://github.com/yuvarajry20/DemoWebShop-Cucumber
For documentation on this error, please visit: https://www.selenium.dev/documentation/webdriver/troubleshooting/errors#no-such-element-exception
Build info: version: '4.31.0', revision: '1ef9f18787*'
System info: os.name: 'Windows 11', os.arch: 'amd64', os.version: '10.0', java.version: '21.0.6'
Driver info: org.openqa.selenium.chrome.ChromeDriver
<<<<<<< HEAD
Command: [aeabf16fb356057116438c441c73f71f, findElement {using=xpath, value=//div[@class='section payment-method']//ul//li[3]//div//div[2]//input}]
Capabilities {acceptInsecureCerts: false, browserName: chrome, browserVersion: 135.0.7049.86, chrome: {chromedriverVersion: 135.0.7049.95 (de2eb485a195..., userDataDir: C:\Users\Lenovo\AppData\Loc...}, fedcm:accounts: true, goog:chromeOptions: {debuggerAddress: localhost:61792}, networkConnectionEnabled: false, pageLoadStrategy: normal, platformName: windows, proxy: Proxy(), se:cdp: ws://localhost:61792/devtoo..., se:cdpVersion: 135.0.7049.86, setWindowRect: true, strictFileInteractability: false, timeouts: {implicit: 0, pageLoad: 300000, script: 30000}, unhandledPromptBehavior: dismiss and notify, webauthn:extension:credBlob: true, webauthn:extension:largeBlob: true, webauthn:extension:minPinLength: true, webauthn:extension:prf: true, webauthn:virtualAuthenticators: true}
Session ID: aeabf16fb356057116438c441c73f71f
=======
Command: [abbc1909cc77d73ce19d78a5acb42492, findElement {using=xpath, value=//input[@class="button-1 new-address-next-step-button"]}]
Capabilities {acceptInsecureCerts: false, browserName: chrome, browserVersion: 135.0.7049.85, chrome: {chromedriverVersion: 135.0.7049.95 (de2eb485a195..., userDataDir: C:\Users\yuvar\AppData\Loca...}, fedcm:accounts: true, goog:chromeOptions: {debuggerAddress: localhost:62388}, networkConnectionEnabled: false, pageLoadStrategy: normal, platformName: windows, proxy: Proxy(), se:cdp: ws://localhost:62388/devtoo..., se:cdpVersion: 135.0.7049.85, setWindowRect: true, strictFileInteractability: false, timeouts: {implicit: 0, pageLoad: 300000, script: 30000}, unhandledPromptBehavior: dismiss and notify, webauthn:extension:credBlob: true, webauthn:extension:largeBlob: true, webauthn:extension:minPinLength: true, webauthn:extension:prf: true, webauthn:virtualAuthenticators: true}
Session ID: abbc1909cc77d73ce19d78a5acb42492
>>>>>>> branch 'master' of https://github.com/yuvarajry20/DemoWebShop-Cucumber
at java.base/jdk.internal.reflect.DirectConstructorHandleAccessor.newInstance(DirectConstructorHandleAccessor.java:62)
at java.base/java.lang.reflect.Constructor.newInstanceWithCaller(Constructor.java:502)
at java.base/java.lang.reflect.Constructor.newInstance(Constructor.java:486)
at org.openqa.selenium.remote.ErrorCodec.decode(ErrorCodec.java:167)
at org.openqa.selenium.remote.codec.w3c.W3CHttpResponseCodec.decode(W3CHttpResponseCodec.java:138)
at org.openqa.selenium.remote.codec.w3c.W3CHttpResponseCodec.decode(W3CHttpResponseCodec.java:50)
at org.openqa.selenium.remote.HttpCommandExecutor.execute(HttpCommandExecutor.java:215)
at org.openqa.selenium.remote.service.DriverCommandExecutor.invokeExecute(DriverCommandExecutor.java:216)
at org.openqa.selenium.remote.service.DriverCommandExecutor.execute(DriverCommandExecutor.java:174)
at org.openqa.selenium.remote.RemoteWebDriver.execute(RemoteWebDriver.java:545)
at org.openqa.selenium.remote.ElementLocation$ElementFinder$2.findElement(ElementLocation.java:165)
at org.openqa.selenium.remote.ElementLocation.findElement(ElementLocation.java:59)
at org.openqa.selenium.remote.RemoteWebDriver.findElement(RemoteWebDriver.java:368)
at org.openqa.selenium.remote.RemoteWebDriver.findElement(RemoteWebDriver.java:362)
at org.openqa.selenium.support.pagefactory.DefaultElementLocator.findElement(DefaultElementLocator.java:68)
at org.openqa.selenium.support.pagefactory.internal.LocatingElementHandler.invoke(LocatingElementHandler.java:38)
at jdk.proxy2/jdk.proxy2.$Proxy27.click(Unknown Source)
at com.Actions.CheckoutAction.billcontinuebtn(CheckoutAction.java:92)
at com.Definitions.CheckoutStepDefinition.click_the_checkout_buttons_and_proceed(CheckoutStepDefinition.java:190)
at ✽.click the checkout buttons and proceed(file:///C:/Users/yuvar/DemoWebShop(Automation)/DemoWebShop-Cucumber/src/test/resources/Features/CheckOut.feature:66)
]]>
    </error>
  </testcase> <!-- runScenario -->
<<<<<<< HEAD
  <testcase classname="com.Runner.runnerTestNG" name="runScenario" time="23.374"/>
  <testcase classname="com.Runner.runnerTestNG" name="runScenario" time="15.442"/>
  <testcase classname="com.Runner.runnerTestNG" name="runScenario" time="9.015"/>
  <testcase classname="com.Runner.runnerTestNG" name="runScenario" time="16.895"/>
  <testcase classname="com.Runner.runnerTestNG" name="runScenario" time="13.597"/>
  <testcase classname="com.Runner.runnerTestNG" name="runScenario" time="6.249"/>
  <testcase classname="com.Runner.runnerTestNG" name="runScenario" time="13.230"/>
  <testcase classname="com.Runner.runnerTestNG" name="runScenario" time="15.956"/>
  <testcase classname="com.Runner.runnerTestNG" name="runScenario" time="19.088"/>
  <testcase classname="com.Runner.runnerTestNG" name="runScenario" time="43.756"/>
  <testcase classname="com.Runner.runnerTestNG" name="runScenario" time="8.550"/>
  <testcase classname="com.Runner.runnerTestNG" name="runScenario" time="6.044"/>
  <testcase classname="com.Runner.runnerTestNG" name="runScenario" time="10.100"/>
  <testcase classname="com.Runner.runnerTestNG" name="runScenario" time="9.822"/>
  <testcase classname="com.Runner.runnerTestNG" name="runScenario" time="7.399"/>
  <testcase classname="com.Runner.runnerTestNG" name="runScenario" time="29.790"/>
  <testcase classname="com.Runner.runnerTestNG" name="runScenario" time="13.457"/>
  <testcase classname="com.Runner.runnerTestNG" name="runScenario" time="63.633"/>
  <testcase classname="com.Runner.runnerTestNG" name="runScenario" time="33.356"/>
  <testcase classname="com.Runner.runnerTestNG" name="runScenario" time="15.846"/>
  <testcase classname="com.Runner.runnerTestNG" name="runScenario" time="14.226"/>
  <testcase classname="com.Runner.runnerTestNG" name="runScenario" time="23.410"/>
  <testcase classname="com.Runner.runnerTestNG" name="runScenario" time="7.783"/>
  <testcase classname="com.Runner.runnerTestNG" name="runScenario" time="9.514"/>
  <testcase classname="com.Runner.runnerTestNG" name="runScenario" time="17.767"/>
  <testcase classname="com.Runner.runnerTestNG" name="runScenario" time="36.279">
    <error message="no such element: Unable to locate element: {&quot;method&quot;:&quot;xpath&quot;,&quot;selector&quot;:&quot;//div[@class=&quot;terms-of-service&quot;]//input&quot;}
  (Session info: chrome=135.0.7049.86)
For documentation on this error, please visit: https://www.selenium.dev/documentation/webdriver/troubleshooting/errors#no-such-element-exception
=======
  <testcase classname="com.Runner.runnerTestNG" name="runScenario" time="23.809"/>
  <testcase classname="com.Runner.runnerTestNG" name="runScenario" time="22.703">
    <error message="stale element reference: stale element not found
  (Session info: chrome=135.0.7049.85)
For documentation on this error, please visit: https://www.selenium.dev/documentation/webdriver/troubleshooting/errors#stale-element-reference-exception
>>>>>>> branch 'master' of https://github.com/yuvarajry20/DemoWebShop-Cucumber
Build info: version: &#039;4.31.0&#039;, revision: &#039;1ef9f18787*&#039;
System info: os.name: &#039;Windows 11&#039;, os.arch: &#039;amd64&#039;, os.version: &#039;10.0&#039;, java.version: &#039;21.0.6&#039;
Driver info: org.openqa.selenium.chrome.ChromeDriver
<<<<<<< HEAD
Command: [a618f13b1e8092d5ec67b3c86218019f, findElement {using=xpath, value=//div[@class=&quot;terms-of-service&quot;]//input}]
Capabilities {acceptInsecureCerts: false, browserName: chrome, browserVersion: 135.0.7049.86, chrome: {chromedriverVersion: 135.0.7049.95 (de2eb485a195..., userDataDir: C:\Users\Lenovo\AppData\Loc...}, fedcm:accounts: true, goog:chromeOptions: {debuggerAddress: localhost:61859}, networkConnectionEnabled: false, pageLoadStrategy: normal, platformName: windows, proxy: Proxy(), se:cdp: ws://localhost:61859/devtoo..., se:cdpVersion: 135.0.7049.86, setWindowRect: true, strictFileInteractability: false, timeouts: {implicit: 0, pageLoad: 300000, script: 30000}, unhandledPromptBehavior: dismiss and notify, webauthn:extension:credBlob: true, webauthn:extension:largeBlob: true, webauthn:extension:minPinLength: true, webauthn:extension:prf: true, webauthn:virtualAuthenticators: true}
Session ID: a618f13b1e8092d5ec67b3c86218019f" type="org.openqa.selenium.NoSuchElementException">
      <![CDATA[org.openqa.selenium.NoSuchElementException: no such element: Unable to locate element: {"method":"xpath","selector":"//div[@class="terms-of-service"]//input"}
  (Session info: chrome=135.0.7049.86)
For documentation on this error, please visit: https://www.selenium.dev/documentation/webdriver/troubleshooting/errors#no-such-element-exception
=======
Command: [5ad981f2cb7ef7ca5522828236e9bd8f, getElementText {id=f.1B6B5CE9E3D8A7F57B175EC1FBF0F0E8.d.F745D927ECD701E4654FA8BB7AC839A6.e.32}]
Capabilities {acceptInsecureCerts: false, browserName: chrome, browserVersion: 135.0.7049.85, chrome: {chromedriverVersion: 135.0.7049.95 (de2eb485a195..., userDataDir: C:\Users\yuvar\AppData\Loca...}, fedcm:accounts: true, goog:chromeOptions: {debuggerAddress: localhost:63214}, networkConnectionEnabled: false, pageLoadStrategy: normal, platformName: windows, proxy: Proxy(), se:cdp: ws://localhost:63214/devtoo..., se:cdpVersion: 135.0.7049.85, setWindowRect: true, strictFileInteractability: false, timeouts: {implicit: 0, pageLoad: 300000, script: 30000}, unhandledPromptBehavior: dismiss and notify, webauthn:extension:credBlob: true, webauthn:extension:largeBlob: true, webauthn:extension:minPinLength: true, webauthn:extension:prf: true, webauthn:virtualAuthenticators: true}
Element: [[ChromeDriver: chrome on windows (5ad981f2cb7ef7ca5522828236e9bd8f)] -&gt; xpath: //h2[@class=&quot;product-title&quot;]]
Session ID: 5ad981f2cb7ef7ca5522828236e9bd8f" type="org.openqa.selenium.StaleElementReferenceException">
      <![CDATA[org.openqa.selenium.StaleElementReferenceException: stale element reference: stale element not found
  (Session info: chrome=135.0.7049.85)
For documentation on this error, please visit: https://www.selenium.dev/documentation/webdriver/troubleshooting/errors#stale-element-reference-exception
>>>>>>> branch 'master' of https://github.com/yuvarajry20/DemoWebShop-Cucumber
Build info: version: '4.31.0', revision: '1ef9f18787*'
System info: os.name: 'Windows 11', os.arch: 'amd64', os.version: '10.0', java.version: '21.0.6'
Driver info: org.openqa.selenium.chrome.ChromeDriver
<<<<<<< HEAD
Command: [a618f13b1e8092d5ec67b3c86218019f, findElement {using=xpath, value=//div[@class="terms-of-service"]//input}]
Capabilities {acceptInsecureCerts: false, browserName: chrome, browserVersion: 135.0.7049.86, chrome: {chromedriverVersion: 135.0.7049.95 (de2eb485a195..., userDataDir: C:\Users\Lenovo\AppData\Loc...}, fedcm:accounts: true, goog:chromeOptions: {debuggerAddress: localhost:61859}, networkConnectionEnabled: false, pageLoadStrategy: normal, platformName: windows, proxy: Proxy(), se:cdp: ws://localhost:61859/devtoo..., se:cdpVersion: 135.0.7049.86, setWindowRect: true, strictFileInteractability: false, timeouts: {implicit: 0, pageLoad: 300000, script: 30000}, unhandledPromptBehavior: dismiss and notify, webauthn:extension:credBlob: true, webauthn:extension:largeBlob: true, webauthn:extension:minPinLength: true, webauthn:extension:prf: true, webauthn:virtualAuthenticators: true}
Session ID: a618f13b1e8092d5ec67b3c86218019f
=======
Command: [5ad981f2cb7ef7ca5522828236e9bd8f, getElementText {id=f.1B6B5CE9E3D8A7F57B175EC1FBF0F0E8.d.F745D927ECD701E4654FA8BB7AC839A6.e.32}]
Capabilities {acceptInsecureCerts: false, browserName: chrome, browserVersion: 135.0.7049.85, chrome: {chromedriverVersion: 135.0.7049.95 (de2eb485a195..., userDataDir: C:\Users\yuvar\AppData\Loca...}, fedcm:accounts: true, goog:chromeOptions: {debuggerAddress: localhost:63214}, networkConnectionEnabled: false, pageLoadStrategy: normal, platformName: windows, proxy: Proxy(), se:cdp: ws://localhost:63214/devtoo..., se:cdpVersion: 135.0.7049.85, setWindowRect: true, strictFileInteractability: false, timeouts: {implicit: 0, pageLoad: 300000, script: 30000}, unhandledPromptBehavior: dismiss and notify, webauthn:extension:credBlob: true, webauthn:extension:largeBlob: true, webauthn:extension:minPinLength: true, webauthn:extension:prf: true, webauthn:virtualAuthenticators: true}
Element: [[ChromeDriver: chrome on windows (5ad981f2cb7ef7ca5522828236e9bd8f)] -> xpath: //h2[@class="product-title"]]
Session ID: 5ad981f2cb7ef7ca5522828236e9bd8f
>>>>>>> branch 'master' of https://github.com/yuvarajry20/DemoWebShop-Cucumber
at java.base/jdk.internal.reflect.DirectConstructorHandleAccessor.newInstance(DirectConstructorHandleAccessor.java:62)
at java.base/java.lang.reflect.Constructor.newInstanceWithCaller(Constructor.java:502)
at java.base/java.lang.reflect.Constructor.newInstance(Constructor.java:486)
at org.openqa.selenium.remote.ErrorCodec.decode(ErrorCodec.java:167)
at org.openqa.selenium.remote.codec.w3c.W3CHttpResponseCodec.decode(W3CHttpResponseCodec.java:138)
at org.openqa.selenium.remote.codec.w3c.W3CHttpResponseCodec.decode(W3CHttpResponseCodec.java:50)
at org.openqa.selenium.remote.HttpCommandExecutor.execute(HttpCommandExecutor.java:215)
at org.openqa.selenium.remote.service.DriverCommandExecutor.invokeExecute(DriverCommandExecutor.java:216)
at org.openqa.selenium.remote.service.DriverCommandExecutor.execute(DriverCommandExecutor.java:174)
at org.openqa.selenium.remote.RemoteWebDriver.execute(RemoteWebDriver.java:545)
<<<<<<< HEAD
at org.openqa.selenium.remote.ElementLocation$ElementFinder$2.findElement(ElementLocation.java:165)
at org.openqa.selenium.remote.ElementLocation.findElement(ElementLocation.java:59)
at org.openqa.selenium.remote.RemoteWebDriver.findElement(RemoteWebDriver.java:368)
at org.openqa.selenium.remote.RemoteWebDriver.findElement(RemoteWebDriver.java:362)
at com.Actions.CheckoutAction.clickcheckbox(CheckoutAction.java:59)
at com.Definitions.CheckoutStepDefinition.click_the_checkout_buttons_and_proceed(CheckoutStepDefinition.java:187)
at ✽.click the checkout buttons and proceed(file:///C:/Users/Lenovo/git/DemoWebShop-Cucumber/src/test/resources/Features/CheckOut.feature:74)
=======
at org.openqa.selenium.remote.RemoteWebElement.execute(RemoteWebElement.java:223)
at org.openqa.selenium.remote.RemoteWebElement.getText(RemoteWebElement.java:191)
at java.base/jdk.internal.reflect.DirectMethodHandleAccessor.invoke(DirectMethodHandleAccessor.java:103)
at java.base/java.lang.reflect.Method.invoke(Method.java:580)
at org.openqa.selenium.support.pagefactory.internal.LocatingElementHandler.invoke(LocatingElementHandler.java:51)
at jdk.proxy2/jdk.proxy2.$Proxy27.getText(Unknown Source)
at com.Actions.ProductAction.getTitleOfProduct(ProductAction.java:41)
at com.Definitions.ProductStepDefinition.see_the_product_title_and_the_product_description(ProductStepDefinition.java:34)
at ✽.see the product title and the product description(file:///C:/Users/yuvar/DemoWebShop(Automation)/DemoWebShop-Cucumber/src/test/resources/Features/Product.feature:18)
>>>>>>> branch 'master' of https://github.com/yuvarajry20/DemoWebShop-Cucumber
]]>
    </error>
  </testcase> <!-- runScenario -->
<<<<<<< HEAD
  <testcase classname="com.Runner.runnerTestNG" name="runScenario" time="14.416"/>
  <testcase classname="com.Runner.runnerTestNG" name="runScenario" time="32.908"/>
  <testcase classname="com.Runner.runnerTestNG" name="runScenario" time="12.977"/>
  <testcase classname="com.Runner.runnerTestNG" name="runScenario" time="36.358">
    <error message="no such element: Unable to locate element: {&quot;method&quot;:&quot;xpath&quot;,&quot;selector&quot;:&quot;//div[@class=&quot;terms-of-service&quot;]//input&quot;}
  (Session info: chrome=135.0.7049.86)
For documentation on this error, please visit: https://www.selenium.dev/documentation/webdriver/troubleshooting/errors#no-such-element-exception
Build info: version: &#039;4.31.0&#039;, revision: &#039;1ef9f18787*&#039;
System info: os.name: &#039;Windows 11&#039;, os.arch: &#039;amd64&#039;, os.version: &#039;10.0&#039;, java.version: &#039;21.0.6&#039;
Driver info: org.openqa.selenium.chrome.ChromeDriver
Command: [9d20fe4bdbeec6c005e90f7574a37071, findElement {using=xpath, value=//div[@class=&quot;terms-of-service&quot;]//input}]
Capabilities {acceptInsecureCerts: false, browserName: chrome, browserVersion: 135.0.7049.86, chrome: {chromedriverVersion: 135.0.7049.95 (de2eb485a195..., userDataDir: C:\Users\Lenovo\AppData\Loc...}, fedcm:accounts: true, goog:chromeOptions: {debuggerAddress: localhost:61857}, networkConnectionEnabled: false, pageLoadStrategy: normal, platformName: windows, proxy: Proxy(), se:cdp: ws://localhost:61857/devtoo..., se:cdpVersion: 135.0.7049.86, setWindowRect: true, strictFileInteractability: false, timeouts: {implicit: 0, pageLoad: 300000, script: 30000}, unhandledPromptBehavior: dismiss and notify, webauthn:extension:credBlob: true, webauthn:extension:largeBlob: true, webauthn:extension:minPinLength: true, webauthn:extension:prf: true, webauthn:virtualAuthenticators: true}
Session ID: 9d20fe4bdbeec6c005e90f7574a37071" type="org.openqa.selenium.NoSuchElementException">
      <![CDATA[org.openqa.selenium.NoSuchElementException: no such element: Unable to locate element: {"method":"xpath","selector":"//div[@class="terms-of-service"]//input"}
  (Session info: chrome=135.0.7049.86)
For documentation on this error, please visit: https://www.selenium.dev/documentation/webdriver/troubleshooting/errors#no-such-element-exception
Build info: version: '4.31.0', revision: '1ef9f18787*'
System info: os.name: 'Windows 11', os.arch: 'amd64', os.version: '10.0', java.version: '21.0.6'
Driver info: org.openqa.selenium.chrome.ChromeDriver
Command: [9d20fe4bdbeec6c005e90f7574a37071, findElement {using=xpath, value=//div[@class="terms-of-service"]//input}]
Capabilities {acceptInsecureCerts: false, browserName: chrome, browserVersion: 135.0.7049.86, chrome: {chromedriverVersion: 135.0.7049.95 (de2eb485a195..., userDataDir: C:\Users\Lenovo\AppData\Loc...}, fedcm:accounts: true, goog:chromeOptions: {debuggerAddress: localhost:61857}, networkConnectionEnabled: false, pageLoadStrategy: normal, platformName: windows, proxy: Proxy(), se:cdp: ws://localhost:61857/devtoo..., se:cdpVersion: 135.0.7049.86, setWindowRect: true, strictFileInteractability: false, timeouts: {implicit: 0, pageLoad: 300000, script: 30000}, unhandledPromptBehavior: dismiss and notify, webauthn:extension:credBlob: true, webauthn:extension:largeBlob: true, webauthn:extension:minPinLength: true, webauthn:extension:prf: true, webauthn:virtualAuthenticators: true}
Session ID: 9d20fe4bdbeec6c005e90f7574a37071
at java.base/jdk.internal.reflect.DirectConstructorHandleAccessor.newInstance(DirectConstructorHandleAccessor.java:62)
at java.base/java.lang.reflect.Constructor.newInstanceWithCaller(Constructor.java:502)
at java.base/java.lang.reflect.Constructor.newInstance(Constructor.java:486)
at org.openqa.selenium.remote.ErrorCodec.decode(ErrorCodec.java:167)
at org.openqa.selenium.remote.codec.w3c.W3CHttpResponseCodec.decode(W3CHttpResponseCodec.java:138)
at org.openqa.selenium.remote.codec.w3c.W3CHttpResponseCodec.decode(W3CHttpResponseCodec.java:50)
at org.openqa.selenium.remote.HttpCommandExecutor.execute(HttpCommandExecutor.java:215)
at org.openqa.selenium.remote.service.DriverCommandExecutor.invokeExecute(DriverCommandExecutor.java:216)
at org.openqa.selenium.remote.service.DriverCommandExecutor.execute(DriverCommandExecutor.java:174)
at org.openqa.selenium.remote.RemoteWebDriver.execute(RemoteWebDriver.java:545)
at org.openqa.selenium.remote.ElementLocation$ElementFinder$2.findElement(ElementLocation.java:165)
at org.openqa.selenium.remote.ElementLocation.findElement(ElementLocation.java:59)
at org.openqa.selenium.remote.RemoteWebDriver.findElement(RemoteWebDriver.java:368)
at org.openqa.selenium.remote.RemoteWebDriver.findElement(RemoteWebDriver.java:362)
at com.Actions.CheckoutAction.clickcheckbox(CheckoutAction.java:59)
at com.Definitions.CheckoutStepDefinition.click_the_checkout_buttons_and_proceed(CheckoutStepDefinition.java:187)
at ✽.click the checkout buttons and proceed(file:///C:/Users/Lenovo/git/DemoWebShop-Cucumber/src/test/resources/Features/CheckOut.feature:66)
]]>
    </error>
  </testcase> <!-- runScenario -->
  <testcase classname="com.Runner.runnerTestNG" name="runScenario" time="12.659"/>
  <testcase classname="com.Runner.runnerTestNG" name="runScenario" time="12.324"/>
  <testcase classname="com.Runner.runnerTestNG" name="runScenario" time="20.712"/>
  <testcase classname="com.Runner.runnerTestNG" name="runScenario" time="16.031"/>
  <testcase classname="com.Runner.runnerTestNG" name="runScenario" time="10.898"/>
  <testcase classname="com.Runner.runnerTestNG" name="runScenario" time="13.365"/>
=======
  <testcase classname="com.Runner.runnerTestNG" name="runScenario" time="27.822"/>
  <testcase classname="com.Runner.runnerTestNG" name="runScenario" time="62.832"/>
  <testcase classname="com.Runner.runnerTestNG" name="runScenario" time="24.541"/>
  <testcase classname="com.Runner.runnerTestNG" name="runScenario" time="26.085"/>
  <testcase classname="com.Runner.runnerTestNG" name="runScenario" time="20.335">
    <error message="stale element reference: stale element not found
  (Session info: chrome=135.0.7049.85)
For documentation on this error, please visit: https://www.selenium.dev/documentation/webdriver/troubleshooting/errors#stale-element-reference-exception
Build info: version: &#039;4.31.0&#039;, revision: &#039;1ef9f18787*&#039;
System info: os.name: &#039;Windows 11&#039;, os.arch: &#039;amd64&#039;, os.version: &#039;10.0&#039;, java.version: &#039;21.0.6&#039;
Driver info: org.openqa.selenium.chrome.ChromeDriver
Command: [06d7c95e48032cafb66f138308167f04, clickElement {id=f.F89B2D063FF4938CD484A926D5C38B35.d.4D7F388E9A7915776C594200CC5E099D.e.124}]
Capabilities {acceptInsecureCerts: false, browserName: chrome, browserVersion: 135.0.7049.85, chrome: {chromedriverVersion: 135.0.7049.95 (de2eb485a195..., userDataDir: C:\Users\yuvar\AppData\Loca...}, fedcm:accounts: true, goog:chromeOptions: {debuggerAddress: localhost:63373}, networkConnectionEnabled: false, pageLoadStrategy: normal, platformName: windows, proxy: Proxy(), se:cdp: ws://localhost:63373/devtoo..., se:cdpVersion: 135.0.7049.85, setWindowRect: true, strictFileInteractability: false, timeouts: {implicit: 0, pageLoad: 300000, script: 30000}, unhandledPromptBehavior: dismiss and notify, webauthn:extension:credBlob: true, webauthn:extension:largeBlob: true, webauthn:extension:minPinLength: true, webauthn:extension:prf: true, webauthn:virtualAuthenticators: true}
Element: [[ChromeDriver: chrome on windows (06d7c95e48032cafb66f138308167f04)] -&gt; xpath: //input[@class=&quot;button-2 product-box-add-to-cart-button&quot;]]
Session ID: 06d7c95e48032cafb66f138308167f04" type="org.openqa.selenium.StaleElementReferenceException">
      <![CDATA[org.openqa.selenium.StaleElementReferenceException: stale element reference: stale element not found
  (Session info: chrome=135.0.7049.85)
For documentation on this error, please visit: https://www.selenium.dev/documentation/webdriver/troubleshooting/errors#stale-element-reference-exception
Build info: version: '4.31.0', revision: '1ef9f18787*'
System info: os.name: 'Windows 11', os.arch: 'amd64', os.version: '10.0', java.version: '21.0.6'
Driver info: org.openqa.selenium.chrome.ChromeDriver
Command: [06d7c95e48032cafb66f138308167f04, clickElement {id=f.F89B2D063FF4938CD484A926D5C38B35.d.4D7F388E9A7915776C594200CC5E099D.e.124}]
Capabilities {acceptInsecureCerts: false, browserName: chrome, browserVersion: 135.0.7049.85, chrome: {chromedriverVersion: 135.0.7049.95 (de2eb485a195..., userDataDir: C:\Users\yuvar\AppData\Loca...}, fedcm:accounts: true, goog:chromeOptions: {debuggerAddress: localhost:63373}, networkConnectionEnabled: false, pageLoadStrategy: normal, platformName: windows, proxy: Proxy(), se:cdp: ws://localhost:63373/devtoo..., se:cdpVersion: 135.0.7049.85, setWindowRect: true, strictFileInteractability: false, timeouts: {implicit: 0, pageLoad: 300000, script: 30000}, unhandledPromptBehavior: dismiss and notify, webauthn:extension:credBlob: true, webauthn:extension:largeBlob: true, webauthn:extension:minPinLength: true, webauthn:extension:prf: true, webauthn:virtualAuthenticators: true}
Element: [[ChromeDriver: chrome on windows (06d7c95e48032cafb66f138308167f04)] -> xpath: //input[@class="button-2 product-box-add-to-cart-button"]]
Session ID: 06d7c95e48032cafb66f138308167f04
at java.base/jdk.internal.reflect.DirectConstructorHandleAccessor.newInstance(DirectConstructorHandleAccessor.java:62)
at java.base/java.lang.reflect.Constructor.newInstanceWithCaller(Constructor.java:502)
at java.base/java.lang.reflect.Constructor.newInstance(Constructor.java:486)
at org.openqa.selenium.remote.ErrorCodec.decode(ErrorCodec.java:167)
at org.openqa.selenium.remote.codec.w3c.W3CHttpResponseCodec.decode(W3CHttpResponseCodec.java:138)
at org.openqa.selenium.remote.codec.w3c.W3CHttpResponseCodec.decode(W3CHttpResponseCodec.java:50)
at org.openqa.selenium.remote.HttpCommandExecutor.execute(HttpCommandExecutor.java:215)
at org.openqa.selenium.remote.service.DriverCommandExecutor.invokeExecute(DriverCommandExecutor.java:216)
at org.openqa.selenium.remote.service.DriverCommandExecutor.execute(DriverCommandExecutor.java:174)
at org.openqa.selenium.remote.RemoteWebDriver.execute(RemoteWebDriver.java:545)
at org.openqa.selenium.remote.RemoteWebElement.execute(RemoteWebElement.java:223)
at org.openqa.selenium.remote.RemoteWebElement.click(RemoteWebElement.java:76)
at java.base/jdk.internal.reflect.DirectMethodHandleAccessor.invoke(DirectMethodHandleAccessor.java:103)
at java.base/java.lang.reflect.Method.invoke(Method.java:580)
at org.openqa.selenium.support.pagefactory.internal.LocatingElementHandler.invoke(LocatingElementHandler.java:51)
at jdk.proxy2/jdk.proxy2.$Proxy27.click(Unknown Source)
at com.Actions.ProductAction.addLaptopCart(ProductAction.java:171)
at com.Definitions.ProductStepDefinition.i_add_to_cart_the_laptop(ProductStepDefinition.java:151)
at ✽.I add to cart the laptop(file:///C:/Users/yuvar/DemoWebShop(Automation)/DemoWebShop-Cucumber/src/test/resources/Features/Product.feature:65)
]]>
    </error>
  </testcase> <!-- runScenario -->
  <testcase classname="com.Runner.runnerTestNG" name="runScenario" time="29.540"/>
  <testcase classname="com.Runner.runnerTestNG" name="runScenario" time="25.645"/>
  <testcase classname="com.Runner.runnerTestNG" name="runScenario" time="20.400"/>
  <testcase classname="com.Runner.runnerTestNG" name="runScenario" time="15.142"/>
  <testcase classname="com.Runner.runnerTestNG" name="runScenario" time="23.753"/>
  <testcase classname="com.Runner.runnerTestNG" name="runScenario" time="21.282"/>
  <testcase classname="com.Runner.runnerTestNG" name="runScenario" time="22.414"/>
  <testcase classname="com.Runner.runnerTestNG" name="runScenario" time="16.018"/>
  <testcase classname="com.Runner.runnerTestNG" name="runScenario" time="17.601"/>
  <testcase classname="com.Runner.runnerTestNG" name="runScenario" time="20.678"/>
  <testcase classname="com.Runner.runnerTestNG" name="runScenario" time="9.263"/>
  <testcase classname="com.Runner.runnerTestNG" name="runScenario" time="22.480"/>
  <testcase classname="com.Runner.runnerTestNG" name="runScenario" time="20.294"/>
  <testcase classname="com.Runner.runnerTestNG" name="runScenario" time="54.216"/>
  <testcase classname="com.Runner.runnerTestNG" name="runScenario" time="38.594"/>
  <testcase classname="com.Runner.runnerTestNG" name="runScenario" time="25.384"/>
  <testcase classname="com.Runner.runnerTestNG" name="runScenario" time="17.001"/>
  <testcase classname="com.Runner.runnerTestNG" name="runScenario" time="29.610">
    <error message="stale element reference: stale element not found
  (Session info: chrome=135.0.7049.85)
For documentation on this error, please visit: https://www.selenium.dev/documentation/webdriver/troubleshooting/errors#stale-element-reference-exception
Build info: version: &#039;4.31.0&#039;, revision: &#039;1ef9f18787*&#039;
System info: os.name: &#039;Windows 11&#039;, os.arch: &#039;amd64&#039;, os.version: &#039;10.0&#039;, java.version: &#039;21.0.6&#039;
Driver info: org.openqa.selenium.chrome.ChromeDriver
Command: [5476ed6dda7cf0a3ee4d7ccd6872122a, getElementText {id=f.D2E33C634295CEEB4EE60AC49E660ED0.d.2B18E5210498EF7E2613166FBA01FD29.e.274}]
Capabilities {acceptInsecureCerts: false, browserName: chrome, browserVersion: 135.0.7049.85, chrome: {chromedriverVersion: 135.0.7049.95 (de2eb485a195..., userDataDir: C:\Users\yuvar\AppData\Loca...}, fedcm:accounts: true, goog:chromeOptions: {debuggerAddress: localhost:63596}, networkConnectionEnabled: false, pageLoadStrategy: normal, platformName: windows, proxy: Proxy(), se:cdp: ws://localhost:63596/devtoo..., se:cdpVersion: 135.0.7049.85, setWindowRect: true, strictFileInteractability: false, timeouts: {implicit: 0, pageLoad: 300000, script: 30000}, unhandledPromptBehavior: dismiss and notify, webauthn:extension:credBlob: true, webauthn:extension:largeBlob: true, webauthn:extension:minPinLength: true, webauthn:extension:prf: true, webauthn:virtualAuthenticators: true}
Element: [[ChromeDriver: chrome on windows (5476ed6dda7cf0a3ee4d7ccd6872122a)] -&gt; xpath: //span[@data-valmsg-for=&quot;AddProductReview.ReviewText&quot;]]
Session ID: 5476ed6dda7cf0a3ee4d7ccd6872122a" type="org.openqa.selenium.StaleElementReferenceException">
      <![CDATA[org.openqa.selenium.StaleElementReferenceException: stale element reference: stale element not found
  (Session info: chrome=135.0.7049.85)
For documentation on this error, please visit: https://www.selenium.dev/documentation/webdriver/troubleshooting/errors#stale-element-reference-exception
Build info: version: '4.31.0', revision: '1ef9f18787*'
System info: os.name: 'Windows 11', os.arch: 'amd64', os.version: '10.0', java.version: '21.0.6'
Driver info: org.openqa.selenium.chrome.ChromeDriver
Command: [5476ed6dda7cf0a3ee4d7ccd6872122a, getElementText {id=f.D2E33C634295CEEB4EE60AC49E660ED0.d.2B18E5210498EF7E2613166FBA01FD29.e.274}]
Capabilities {acceptInsecureCerts: false, browserName: chrome, browserVersion: 135.0.7049.85, chrome: {chromedriverVersion: 135.0.7049.95 (de2eb485a195..., userDataDir: C:\Users\yuvar\AppData\Loca...}, fedcm:accounts: true, goog:chromeOptions: {debuggerAddress: localhost:63596}, networkConnectionEnabled: false, pageLoadStrategy: normal, platformName: windows, proxy: Proxy(), se:cdp: ws://localhost:63596/devtoo..., se:cdpVersion: 135.0.7049.85, setWindowRect: true, strictFileInteractability: false, timeouts: {implicit: 0, pageLoad: 300000, script: 30000}, unhandledPromptBehavior: dismiss and notify, webauthn:extension:credBlob: true, webauthn:extension:largeBlob: true, webauthn:extension:minPinLength: true, webauthn:extension:prf: true, webauthn:virtualAuthenticators: true}
Element: [[ChromeDriver: chrome on windows (5476ed6dda7cf0a3ee4d7ccd6872122a)] -> xpath: //span[@data-valmsg-for="AddProductReview.ReviewText"]]
Session ID: 5476ed6dda7cf0a3ee4d7ccd6872122a
at java.base/jdk.internal.reflect.DirectConstructorHandleAccessor.newInstance(DirectConstructorHandleAccessor.java:62)
at java.base/java.lang.reflect.Constructor.newInstanceWithCaller(Constructor.java:502)
at java.base/java.lang.reflect.Constructor.newInstance(Constructor.java:486)
at org.openqa.selenium.remote.ErrorCodec.decode(ErrorCodec.java:167)
at org.openqa.selenium.remote.codec.w3c.W3CHttpResponseCodec.decode(W3CHttpResponseCodec.java:138)
at org.openqa.selenium.remote.codec.w3c.W3CHttpResponseCodec.decode(W3CHttpResponseCodec.java:50)
at org.openqa.selenium.remote.HttpCommandExecutor.execute(HttpCommandExecutor.java:215)
at org.openqa.selenium.remote.service.DriverCommandExecutor.invokeExecute(DriverCommandExecutor.java:216)
at org.openqa.selenium.remote.service.DriverCommandExecutor.execute(DriverCommandExecutor.java:174)
at org.openqa.selenium.remote.RemoteWebDriver.execute(RemoteWebDriver.java:545)
at org.openqa.selenium.remote.RemoteWebElement.execute(RemoteWebElement.java:223)
at org.openqa.selenium.remote.RemoteWebElement.getText(RemoteWebElement.java:191)
at java.base/jdk.internal.reflect.DirectMethodHandleAccessor.invoke(DirectMethodHandleAccessor.java:103)
at java.base/java.lang.reflect.Method.invoke(Method.java:580)
at org.openqa.selenium.support.pagefactory.internal.LocatingElementHandler.invoke(LocatingElementHandler.java:51)
at jdk.proxy2/jdk.proxy2.$Proxy27.getText(Unknown Source)
at com.Actions.ReviewAction.blankTextError(ReviewAction.java:86)
at com.Definitions.ReviewStepDefinitions.i_should_see_the_error_message(ReviewStepDefinitions.java:101)
at ✽.I should see the error message "Review text is required."(file:///C:/Users/yuvar/DemoWebShop(Automation)/DemoWebShop-Cucumber/src/test/resources/Features/Review.feature:27)
]]>
    </error>
  </testcase> <!-- runScenario -->
  <testcase classname="com.Runner.runnerTestNG" name="runScenario" time="15.655"/>
  <testcase classname="com.Runner.runnerTestNG" name="runScenario" time="8.362"/>
  <testcase classname="com.Runner.runnerTestNG" name="runScenario" time="14.414"/>
  <testcase classname="com.Runner.runnerTestNG" name="runScenario" time="38.628"/>
  <testcase classname="com.Runner.runnerTestNG" name="runScenario" time="29.274"/>
  <testcase classname="com.Runner.runnerTestNG" name="runScenario" time="22.474"/>
  <testcase classname="com.Runner.runnerTestNG" name="runScenario" time="16.526"/>
  <testcase classname="com.Runner.runnerTestNG" name="runScenario" time="25.095"/>
  <testcase classname="com.Runner.runnerTestNG" name="runScenario" time="26.006"/>
  <testcase classname="com.Runner.runnerTestNG" name="runScenario" time="25.024"/>
  <testcase classname="com.Runner.runnerTestNG" name="runScenario" time="22.930"/>
  <testcase classname="com.Runner.runnerTestNG" name="runScenario" time="11.820"/>
  <testcase classname="com.Runner.runnerTestNG" name="runScenario" time="18.084"/>
  <testcase classname="com.Runner.runnerTestNG" name="runScenario" time="26.952">
    <error message="Failed to search for product: laptop. Error: stale element reference: stale element not found
  (Session info: chrome=135.0.7049.85)
For documentation on this error, please visit: https://www.selenium.dev/documentation/webdriver/troubleshooting/errors#stale-element-reference-exception
Build info: version: &#039;4.31.0&#039;, revision: &#039;1ef9f18787*&#039;
System info: os.name: &#039;Windows 11&#039;, os.arch: &#039;amd64&#039;, os.version: &#039;10.0&#039;, java.version: &#039;21.0.6&#039;
Driver info: org.openqa.selenium.chrome.ChromeDriver
Command: [685d4dadd6f894ff3e73720dc308d922, sendKeysToElement {value=[Ljava.lang.CharSequence;@3c4a79c6, id=f.77A0E81F2C7E772A500932C7276B3BFD.d.483963926A80010FFAEF6201DF014553.e.61}]
Capabilities {acceptInsecureCerts: false, browserName: chrome, browserVersion: 135.0.7049.85, chrome: {chromedriverVersion: 135.0.7049.95 (de2eb485a195..., userDataDir: C:\Users\yuvar\AppData\Loca...}, fedcm:accounts: true, goog:chromeOptions: {debuggerAddress: localhost:62386}, networkConnectionEnabled: false, pageLoadStrategy: normal, platformName: windows, proxy: Proxy(), se:cdp: ws://localhost:62386/devtoo..., se:cdpVersion: 135.0.7049.85, setWindowRect: true, strictFileInteractability: false, timeouts: {implicit: 0, pageLoad: 300000, script: 30000}, unhandledPromptBehavior: dismiss and notify, webauthn:extension:credBlob: true, webauthn:extension:largeBlob: true, webauthn:extension:minPinLength: true, webauthn:extension:prf: true, webauthn:virtualAuthenticators: true}
Element: [[ChromeDriver: chrome on windows (685d4dadd6f894ff3e73720dc308d922)] -&gt; xpath: //input[@id=&quot;small-searchterms&quot;]]
Session ID: 685d4dadd6f894ff3e73720dc308d922" type="com.Actions.CheckoutAction$ProductSearchException">
      <![CDATA[com.Actions.CheckoutAction$ProductSearchException: Failed to search for product: laptop. Error: stale element reference: stale element not found
  (Session info: chrome=135.0.7049.85)
For documentation on this error, please visit: https://www.selenium.dev/documentation/webdriver/troubleshooting/errors#stale-element-reference-exception
Build info: version: '4.31.0', revision: '1ef9f18787*'
System info: os.name: 'Windows 11', os.arch: 'amd64', os.version: '10.0', java.version: '21.0.6'
Driver info: org.openqa.selenium.chrome.ChromeDriver
Command: [685d4dadd6f894ff3e73720dc308d922, sendKeysToElement {value=[Ljava.lang.CharSequence;@3c4a79c6, id=f.77A0E81F2C7E772A500932C7276B3BFD.d.483963926A80010FFAEF6201DF014553.e.61}]
Capabilities {acceptInsecureCerts: false, browserName: chrome, browserVersion: 135.0.7049.85, chrome: {chromedriverVersion: 135.0.7049.95 (de2eb485a195..., userDataDir: C:\Users\yuvar\AppData\Loca...}, fedcm:accounts: true, goog:chromeOptions: {debuggerAddress: localhost:62386}, networkConnectionEnabled: false, pageLoadStrategy: normal, platformName: windows, proxy: Proxy(), se:cdp: ws://localhost:62386/devtoo..., se:cdpVersion: 135.0.7049.85, setWindowRect: true, strictFileInteractability: false, timeouts: {implicit: 0, pageLoad: 300000, script: 30000}, unhandledPromptBehavior: dismiss and notify, webauthn:extension:credBlob: true, webauthn:extension:largeBlob: true, webauthn:extension:minPinLength: true, webauthn:extension:prf: true, webauthn:virtualAuthenticators: true}
Element: [[ChromeDriver: chrome on windows (685d4dadd6f894ff3e73720dc308d922)] -> xpath: //input[@id="small-searchterms"]]
Session ID: 685d4dadd6f894ff3e73720dc308d922
at com.Actions.CheckoutAction.searchAnItem(CheckoutAction.java:45)
at com.Definitions.CheckoutStepDefinition.i_log_in_and_add_an_item_and_add_to_cart(CheckoutStepDefinition.java:27)
at ✽.I log in and add an item and add to cart(file:///C:/Users/yuvar/DemoWebShop(Automation)/DemoWebShop-Cucumber/src/test/resources/Features/CheckOut.feature:5)
]]>
    </error>
  </testcase> <!-- runScenario -->
  <testcase classname="com.Runner.runnerTestNG" name="runScenario" time="25.154"/>
  <testcase classname="com.Runner.runnerTestNG" name="runScenario" time="13.696"/>
  <testcase classname="com.Runner.runnerTestNG" name="runScenario" time="19.621"/>
  <testcase classname="com.Runner.runnerTestNG" name="runScenario" time="14.696">
    <error message="stale element reference: stale element not found
  (Session info: chrome=135.0.7049.85)
For documentation on this error, please visit: https://www.selenium.dev/documentation/webdriver/troubleshooting/errors#stale-element-reference-exception
Build info: version: &#039;4.31.0&#039;, revision: &#039;1ef9f18787*&#039;
System info: os.name: &#039;Windows 11&#039;, os.arch: &#039;amd64&#039;, os.version: &#039;10.0&#039;, java.version: &#039;21.0.6&#039;
Driver info: org.openqa.selenium.chrome.ChromeDriver
Command: [84ad268818fbcb94ac43029c496b004f, clickElement {id=f.0CADC322089215297651ECF3BAF58875.d.4F5EFA1F6F75A234866690EA2CCA6FA1.e.61}]
Capabilities {acceptInsecureCerts: false, browserName: chrome, browserVersion: 135.0.7049.85, chrome: {chromedriverVersion: 135.0.7049.95 (de2eb485a195..., userDataDir: C:\Users\yuvar\AppData\Loca...}, fedcm:accounts: true, goog:chromeOptions: {debuggerAddress: localhost:63558}, networkConnectionEnabled: false, pageLoadStrategy: normal, platformName: windows, proxy: Proxy(), se:cdp: ws://localhost:63558/devtoo..., se:cdpVersion: 135.0.7049.85, setWindowRect: true, strictFileInteractability: false, timeouts: {implicit: 0, pageLoad: 300000, script: 30000}, unhandledPromptBehavior: dismiss and notify, webauthn:extension:credBlob: true, webauthn:extension:largeBlob: true, webauthn:extension:minPinLength: true, webauthn:extension:prf: true, webauthn:virtualAuthenticators: true}
Element: [[ChromeDriver: chrome on windows (84ad268818fbcb94ac43029c496b004f)] -&gt; xpath: (//a[contains(text(),&quot;Gift Cards&quot;)])[3]]
Session ID: 84ad268818fbcb94ac43029c496b004f" type="org.openqa.selenium.StaleElementReferenceException">
      <![CDATA[org.openqa.selenium.StaleElementReferenceException: stale element reference: stale element not found
  (Session info: chrome=135.0.7049.85)
For documentation on this error, please visit: https://www.selenium.dev/documentation/webdriver/troubleshooting/errors#stale-element-reference-exception
Build info: version: '4.31.0', revision: '1ef9f18787*'
System info: os.name: 'Windows 11', os.arch: 'amd64', os.version: '10.0', java.version: '21.0.6'
Driver info: org.openqa.selenium.chrome.ChromeDriver
Command: [84ad268818fbcb94ac43029c496b004f, clickElement {id=f.0CADC322089215297651ECF3BAF58875.d.4F5EFA1F6F75A234866690EA2CCA6FA1.e.61}]
Capabilities {acceptInsecureCerts: false, browserName: chrome, browserVersion: 135.0.7049.85, chrome: {chromedriverVersion: 135.0.7049.95 (de2eb485a195..., userDataDir: C:\Users\yuvar\AppData\Loca...}, fedcm:accounts: true, goog:chromeOptions: {debuggerAddress: localhost:63558}, networkConnectionEnabled: false, pageLoadStrategy: normal, platformName: windows, proxy: Proxy(), se:cdp: ws://localhost:63558/devtoo..., se:cdpVersion: 135.0.7049.85, setWindowRect: true, strictFileInteractability: false, timeouts: {implicit: 0, pageLoad: 300000, script: 30000}, unhandledPromptBehavior: dismiss and notify, webauthn:extension:credBlob: true, webauthn:extension:largeBlob: true, webauthn:extension:minPinLength: true, webauthn:extension:prf: true, webauthn:virtualAuthenticators: true}
Element: [[ChromeDriver: chrome on windows (84ad268818fbcb94ac43029c496b004f)] -> xpath: (//a[contains(text(),"Gift Cards")])[3]]
Session ID: 84ad268818fbcb94ac43029c496b004f
at java.base/jdk.internal.reflect.DirectConstructorHandleAccessor.newInstance(DirectConstructorHandleAccessor.java:62)
at java.base/java.lang.reflect.Constructor.newInstanceWithCaller(Constructor.java:502)
at java.base/java.lang.reflect.Constructor.newInstance(Constructor.java:486)
at org.openqa.selenium.remote.ErrorCodec.decode(ErrorCodec.java:167)
at org.openqa.selenium.remote.codec.w3c.W3CHttpResponseCodec.decode(W3CHttpResponseCodec.java:138)
at org.openqa.selenium.remote.codec.w3c.W3CHttpResponseCodec.decode(W3CHttpResponseCodec.java:50)
at org.openqa.selenium.remote.HttpCommandExecutor.execute(HttpCommandExecutor.java:215)
at org.openqa.selenium.remote.service.DriverCommandExecutor.invokeExecute(DriverCommandExecutor.java:216)
at org.openqa.selenium.remote.service.DriverCommandExecutor.execute(DriverCommandExecutor.java:174)
at org.openqa.selenium.remote.RemoteWebDriver.execute(RemoteWebDriver.java:545)
at org.openqa.selenium.remote.RemoteWebElement.execute(RemoteWebElement.java:223)
at org.openqa.selenium.remote.RemoteWebElement.click(RemoteWebElement.java:76)
at java.base/jdk.internal.reflect.DirectMethodHandleAccessor.invoke(DirectMethodHandleAccessor.java:103)
at java.base/java.lang.reflect.Method.invoke(Method.java:580)
at org.openqa.selenium.support.pagefactory.internal.LocatingElementHandler.invoke(LocatingElementHandler.java:51)
at jdk.proxy2/jdk.proxy2.$Proxy27.click(Unknown Source)
at com.Actions.ReviewAction.ClickGiftCategory(ReviewAction.java:23)
at com.Definitions.ReviewStepDefinitions.i_navigate_to_the_gift_cards_page_and_click_the_product(ReviewStepDefinitions.java:73)
at ✽.I navigate to the gift cards page and click the product(file:///C:/Users/yuvar/DemoWebShop(Automation)/DemoWebShop-Cucumber/src/test/resources/Features/Review.feature:23)
]]>
    </error>
  </testcase> <!-- runScenario -->
  <testcase classname="com.Runner.runnerTestNG" name="runScenario" time="25.413"/>
  <testcase classname="com.Runner.runnerTestNG" name="runScenario" time="24.716"/>
  <testcase classname="com.Runner.runnerTestNG" name="runScenario" time="19.024"/>
  <testcase classname="com.Runner.runnerTestNG" name="runScenario" time="15.112"/>
  <testcase classname="com.Runner.runnerTestNG" name="runScenario" time="29.481"/>
  <testcase classname="com.Runner.runnerTestNG" name="runScenario" time="11.655"/>
  <testcase classname="com.Runner.runnerTestNG" name="runScenario" time="47.321"/>
  <testcase classname="com.Runner.runnerTestNG" name="runScenario" time="14.566"/>
  <testcase classname="com.Runner.runnerTestNG" name="runScenario" time="18.713"/>
  <testcase classname="com.Runner.runnerTestNG" name="runScenario" time="21.925"/>
  <testcase classname="com.Runner.runnerTestNG" name="runScenario" time="18.411"/>
  <testcase classname="com.Runner.runnerTestNG" name="runScenario" time="18.772"/>
  <testcase classname="com.Runner.runnerTestNG" name="runScenario" time="25.427">
    <error message="Failed to search for product: laptop. Error: stale element reference: stale element not found
  (Session info: chrome=135.0.7049.85)
For documentation on this error, please visit: https://www.selenium.dev/documentation/webdriver/troubleshooting/errors#stale-element-reference-exception
Build info: version: &#039;4.31.0&#039;, revision: &#039;1ef9f18787*&#039;
System info: os.name: &#039;Windows 11&#039;, os.arch: &#039;amd64&#039;, os.version: &#039;10.0&#039;, java.version: &#039;21.0.6&#039;
Driver info: org.openqa.selenium.chrome.ChromeDriver
Command: [10605a2bd884591cb52b6eb870f49387, sendKeysToElement {value=[Ljava.lang.CharSequence;@6489cf3d, id=f.58D525C57D18F38BC5E8C1CF2E352E8E.d.2E763A27BCFE1D72DBA59F2D1CC0C642.e.46}]
Capabilities {acceptInsecureCerts: false, browserName: chrome, browserVersion: 135.0.7049.85, chrome: {chromedriverVersion: 135.0.7049.95 (de2eb485a195..., userDataDir: C:\Users\yuvar\AppData\Loca...}, fedcm:accounts: true, goog:chromeOptions: {debuggerAddress: localhost:62071}, networkConnectionEnabled: false, pageLoadStrategy: normal, platformName: windows, proxy: Proxy(), se:cdp: ws://localhost:62071/devtoo..., se:cdpVersion: 135.0.7049.85, setWindowRect: true, strictFileInteractability: false, timeouts: {implicit: 0, pageLoad: 300000, script: 30000}, unhandledPromptBehavior: dismiss and notify, webauthn:extension:credBlob: true, webauthn:extension:largeBlob: true, webauthn:extension:minPinLength: true, webauthn:extension:prf: true, webauthn:virtualAuthenticators: true}
Element: [[ChromeDriver: chrome on windows (10605a2bd884591cb52b6eb870f49387)] -&gt; xpath: //input[@id=&quot;small-searchterms&quot;]]
Session ID: 10605a2bd884591cb52b6eb870f49387" type="com.Actions.CheckoutAction$ProductSearchException">
      <![CDATA[com.Actions.CheckoutAction$ProductSearchException: Failed to search for product: laptop. Error: stale element reference: stale element not found
  (Session info: chrome=135.0.7049.85)
For documentation on this error, please visit: https://www.selenium.dev/documentation/webdriver/troubleshooting/errors#stale-element-reference-exception
Build info: version: '4.31.0', revision: '1ef9f18787*'
System info: os.name: 'Windows 11', os.arch: 'amd64', os.version: '10.0', java.version: '21.0.6'
Driver info: org.openqa.selenium.chrome.ChromeDriver
Command: [10605a2bd884591cb52b6eb870f49387, sendKeysToElement {value=[Ljava.lang.CharSequence;@6489cf3d, id=f.58D525C57D18F38BC5E8C1CF2E352E8E.d.2E763A27BCFE1D72DBA59F2D1CC0C642.e.46}]
Capabilities {acceptInsecureCerts: false, browserName: chrome, browserVersion: 135.0.7049.85, chrome: {chromedriverVersion: 135.0.7049.95 (de2eb485a195..., userDataDir: C:\Users\yuvar\AppData\Loca...}, fedcm:accounts: true, goog:chromeOptions: {debuggerAddress: localhost:62071}, networkConnectionEnabled: false, pageLoadStrategy: normal, platformName: windows, proxy: Proxy(), se:cdp: ws://localhost:62071/devtoo..., se:cdpVersion: 135.0.7049.85, setWindowRect: true, strictFileInteractability: false, timeouts: {implicit: 0, pageLoad: 300000, script: 30000}, unhandledPromptBehavior: dismiss and notify, webauthn:extension:credBlob: true, webauthn:extension:largeBlob: true, webauthn:extension:minPinLength: true, webauthn:extension:prf: true, webauthn:virtualAuthenticators: true}
Element: [[ChromeDriver: chrome on windows (10605a2bd884591cb52b6eb870f49387)] -> xpath: //input[@id="small-searchterms"]]
Session ID: 10605a2bd884591cb52b6eb870f49387
at com.Actions.CheckoutAction.searchAnItem(CheckoutAction.java:45)
at com.Definitions.CheckoutStepDefinition.i_log_in_and_add_an_item_and_add_to_cart(CheckoutStepDefinition.java:27)
at ✽.I log in and add an item and add to cart(file:///C:/Users/yuvar/DemoWebShop(Automation)/DemoWebShop-Cucumber/src/test/resources/Features/CheckOut.feature:5)
]]>
    </error>
  </testcase> <!-- runScenario -->
  <testcase classname="com.Runner.runnerTestNG" name="runScenario" time="36.408"/>
  <testcase classname="com.Runner.runnerTestNG" name="runScenario" time="10.345"/>
  <testcase classname="com.Runner.runnerTestNG" name="runScenario" time="17.199"/>
>>>>>>> branch 'master' of https://github.com/yuvarajry20/DemoWebShop-Cucumber
</testsuite> <!-- com.Runner.runnerTestNG -->
