<?xml version="1.0" encoding="UTF-8"?>
<!-- Generated by org.testng.reporters.JUnitReportReporter -->
<testsuite hostname="YUVARAJ_UV" failures="0" tests="1" name="com.Runner.runnerTestNG" time="8.609" errors="0" timestamp="2025-05-26T14:35:20 IST" skipped="0">
  <testcase classname="com.Runner.runnerTestNG" name="runScenario" time="8.609"/>
</testsuite> <!-- com.Runner.runnerTestNG -->
