<?xml version="1.0" encoding="UTF-8"?>
<!-- Generated by org.testng.reporters.JUnitReportReporter -->
<testsuite hostname="DESKTOP-3CKMDVP" failures="0" tests="22" name="com.Runner.runnerTestNG" time="3529.996" errors="0" timestamp="2025-04-24T22:30:23 IST" skipped="0">
  <testcase classname="com.Runner.runnerTestNG" name="runScenario" time="19.316"/>
  <testcase classname="com.Runner.runnerTestNG" name="runScenario" time="40.374"/>
  <testcase classname="com.Runner.runnerTestNG" name="runScenario" time="69.299"/>
  <testcase classname="com.Runner.runnerTestNG" name="runScenario" time="281.536"/>
  <testcase classname="com.Runner.runnerTestNG" name="runScenario" time="40.597"/>
  <testcase classname="com.Runner.runnerTestNG" name="runScenario" time="18.007"/>
  <testcase classname="com.Runner.runnerTestNG" name="runScenario" time="272.744"/>
  <testcase classname="com.Runner.runnerTestNG" name="runScenario" time="309.132"/>
  <testcase classname="com.Runner.runnerTestNG" name="runScenario" time="65.151"/>
  <testcase classname="com.Runner.runnerTestNG" name="runScenario" time="358.700"/>
  <testcase classname="com.Runner.runnerTestNG" name="runScenario" time="272.283"/>
  <testcase classname="com.Runner.runnerTestNG" name="runScenario" time="70.913"/>
  <testcase classname="com.Runner.runnerTestNG" name="runScenario" time="77.170"/>
  <testcase classname="com.Runner.runnerTestNG" name="runScenario" time="281.550"/>
  <testcase classname="com.Runner.runnerTestNG" name="runScenario" time="67.815"/>
  <testcase classname="com.Runner.runnerTestNG" name="runScenario" time="281.377"/>
  <testcase classname="com.Runner.runnerTestNG" name="runScenario" time="309.189"/>
  <testcase classname="com.Runner.runnerTestNG" name="runScenario" time="273.493"/>
  <testcase classname="com.Runner.runnerTestNG" name="runScenario" time="272.250"/>
  <testcase classname="com.Runner.runnerTestNG" name="runScenario" time="14.188"/>
  <testcase classname="com.Runner.runnerTestNG" name="runScenario" time="66.894"/>
  <testcase classname="com.Runner.runnerTestNG" name="runScenario" time="68.018"/>
</testsuite> <!-- com.Runner.runnerTestNG -->
