<?xml version="1.0" encoding="UTF-8"?>
<!-- Generated by org.testng.reporters.JUnitReportReporter -->
<testsuite hostname="DESKTOP-3CKMDVP" failures="0" tests="5" name="com.Runner.runnerTestNG" time="94.678" errors="0" timestamp="2025-05-07T23:10:58 IST" skipped="0">
  <testcase classname="com.Runner.runnerTestNG" name="runScenario" time="23.979"/>
  <testcase classname="com.Runner.runnerTestNG" name="runScenario" time="17.632"/>
  <testcase classname="com.Runner.runnerTestNG" name="runScenario" time="17.718"/>
  <testcase classname="com.Runner.runnerTestNG" name="runScenario" time="17.631"/>
  <testcase classname="com.Runner.runnerTestNG" name="runScenario" time="17.718"/>
</testsuite> <!-- com.Runner.runnerTestNG -->
