<?xml version="1.0" encoding="UTF-8"?>
<!-- Generated by org.testng.reporters.JUnitReportReporter -->
<<<<<<< HEAD
<testsuite hostname="DIVRAJ-2004" failures="0" tests="70" name="com.Runner.runnerTestNG" time="1157.317" errors="1" timestamp="2025-05-01T19:48:23 IST" skipped="0">
  <testcase classname="com.Runner.runnerTestNG" name="runScenario" time="21.199"/>
  <testcase classname="com.Runner.runnerTestNG" name="runScenario" time="23.037"/>
  <testcase classname="com.Runner.runnerTestNG" name="runScenario" time="14.964"/>
  <testcase classname="com.Runner.runnerTestNG" name="runScenario" time="17.405"/>
  <testcase classname="com.Runner.runnerTestNG" name="runScenario" time="13.667"/>
  <testcase classname="com.Runner.runnerTestNG" name="runScenario" time="9.097"/>
  <testcase classname="com.Runner.runnerTestNG" name="runScenario" time="12.692"/>
  <testcase classname="com.Runner.runnerTestNG" name="runScenario" time="12.989"/>
  <testcase classname="com.Runner.runnerTestNG" name="runScenario" time="21.080"/>
  <testcase classname="com.Runner.runnerTestNG" name="runScenario" time="15.725"/>
  <testcase classname="com.Runner.runnerTestNG" name="runScenario" time="10.091"/>
  <testcase classname="com.Runner.runnerTestNG" name="runScenario" time="12.093"/>
  <testcase classname="com.Runner.runnerTestNG" name="runScenario" time="31.650"/>
  <testcase classname="com.Runner.runnerTestNG" name="runScenario" time="13.835"/>
  <testcase classname="com.Runner.runnerTestNG" name="runScenario" time="9.176"/>
  <testcase classname="com.Runner.runnerTestNG" name="runScenario" time="12.247"/>
  <testcase classname="com.Runner.runnerTestNG" name="runScenario" time="25.787"/>
  <testcase classname="com.Runner.runnerTestNG" name="runScenario" time="9.995"/>
  <testcase classname="com.Runner.runnerTestNG" name="runScenario" time="13.740"/>
  <testcase classname="com.Runner.runnerTestNG" name="runScenario" time="9.804"/>
  <testcase classname="com.Runner.runnerTestNG" name="runScenario" time="14.113"/>
  <testcase classname="com.Runner.runnerTestNG" name="runScenario" time="6.819"/>
  <testcase classname="com.Runner.runnerTestNG" name="runScenario" time="14.428"/>
  <testcase classname="com.Runner.runnerTestNG" name="runScenario" time="32.550">
    <error message="no such element: Unable to locate element: {&quot;method&quot;:&quot;xpath&quot;,&quot;selector&quot;:&quot;//form//table//tbody//tr//td[2]//input&quot;}
  (Session info: chrome=135.0.7049.115)
For documentation on this error, please visit: https://www.selenium.dev/documentation/webdriver/troubleshooting/errors#no-such-element-exception
Build info: version: &#039;4.31.0&#039;, revision: &#039;1ef9f18787*&#039;
System info: os.name: &#039;Windows 11&#039;, os.arch: &#039;amd64&#039;, os.version: &#039;10.0&#039;, java.version: &#039;21.0.6&#039;
Driver info: org.openqa.selenium.chrome.ChromeDriver
Command: [b3c47be02f04d2b8b0137e73fe2241b3, findElement {using=xpath, value=//form//table//tbody//tr//td[2]//input}]
Capabilities {acceptInsecureCerts: false, browserName: chrome, browserVersion: 135.0.7049.115, chrome: {chromedriverVersion: 135.0.7049.114 (63fd8a7d9d0..., userDataDir: C:\Users\Lenovo\AppData\Loc...}, fedcm:accounts: true, goog:chromeOptions: {debuggerAddress: localhost:65395}, networkConnectionEnabled: false, pageLoadStrategy: normal, platformName: windows, proxy: Proxy(), se:cdp: ws://localhost:65395/devtoo..., se:cdpVersion: 135.0.7049.115, setWindowRect: true, strictFileInteractability: false, timeouts: {implicit: 0, pageLoad: 300000, script: 30000}, unhandledPromptBehavior: dismiss and notify, webauthn:extension:credBlob: true, webauthn:extension:largeBlob: true, webauthn:extension:minPinLength: true, webauthn:extension:prf: true, webauthn:virtualAuthenticators: true}
Session ID: b3c47be02f04d2b8b0137e73fe2241b3" type="org.openqa.selenium.NoSuchElementException">
      <![CDATA[org.openqa.selenium.NoSuchElementException: no such element: Unable to locate element: {"method":"xpath","selector":"//form//table//tbody//tr//td[2]//input"}
  (Session info: chrome=135.0.7049.115)
For documentation on this error, please visit: https://www.selenium.dev/documentation/webdriver/troubleshooting/errors#no-such-element-exception
Build info: version: '4.31.0', revision: '1ef9f18787*'
System info: os.name: 'Windows 11', os.arch: 'amd64', os.version: '10.0', java.version: '21.0.6'
Driver info: org.openqa.selenium.chrome.ChromeDriver
Command: [b3c47be02f04d2b8b0137e73fe2241b3, findElement {using=xpath, value=//form//table//tbody//tr//td[2]//input}]
Capabilities {acceptInsecureCerts: false, browserName: chrome, browserVersion: 135.0.7049.115, chrome: {chromedriverVersion: 135.0.7049.114 (63fd8a7d9d0..., userDataDir: C:\Users\Lenovo\AppData\Loc...}, fedcm:accounts: true, goog:chromeOptions: {debuggerAddress: localhost:65395}, networkConnectionEnabled: false, pageLoadStrategy: normal, platformName: windows, proxy: Proxy(), se:cdp: ws://localhost:65395/devtoo..., se:cdpVersion: 135.0.7049.115, setWindowRect: true, strictFileInteractability: false, timeouts: {implicit: 0, pageLoad: 300000, script: 30000}, unhandledPromptBehavior: dismiss and notify, webauthn:extension:credBlob: true, webauthn:extension:largeBlob: true, webauthn:extension:minPinLength: true, webauthn:extension:prf: true, webauthn:virtualAuthenticators: true}
Session ID: b3c47be02f04d2b8b0137e73fe2241b3
at java.base/jdk.internal.reflect.DirectConstructorHandleAccessor.newInstance(DirectConstructorHandleAccessor.java:62)
at java.base/java.lang.reflect.Constructor.newInstanceWithCaller(Constructor.java:502)
at java.base/java.lang.reflect.Constructor.newInstance(Constructor.java:486)
at org.openqa.selenium.remote.ErrorCodec.decode(ErrorCodec.java:167)
at org.openqa.selenium.remote.codec.w3c.W3CHttpResponseCodec.decode(W3CHttpResponseCodec.java:138)
at org.openqa.selenium.remote.codec.w3c.W3CHttpResponseCodec.decode(W3CHttpResponseCodec.java:50)
at org.openqa.selenium.remote.HttpCommandExecutor.execute(HttpCommandExecutor.java:215)
at org.openqa.selenium.remote.service.DriverCommandExecutor.invokeExecute(DriverCommandExecutor.java:216)
at org.openqa.selenium.remote.service.DriverCommandExecutor.execute(DriverCommandExecutor.java:174)
at org.openqa.selenium.remote.RemoteWebDriver.execute(RemoteWebDriver.java:545)
at org.openqa.selenium.remote.ElementLocation$ElementFinder$2.findElement(ElementLocation.java:165)
at org.openqa.selenium.remote.ElementLocation.findElement(ElementLocation.java:59)
at org.openqa.selenium.remote.RemoteWebDriver.findElement(RemoteWebDriver.java:368)
at org.openqa.selenium.remote.RemoteWebDriver.findElement(RemoteWebDriver.java:362)
at org.openqa.selenium.support.pagefactory.DefaultElementLocator.findElement(DefaultElementLocator.java:68)
at org.openqa.selenium.support.pagefactory.internal.LocatingElementHandler.invoke(LocatingElementHandler.java:38)
at jdk.proxy2/jdk.proxy2.$Proxy27.click(Unknown Source)
at com.Actions.ProductAction.addToCartCheckboxes(ProductAction.java:158)
at com.Definitions.ProductStepDefinition.add_to_cart_the_product_in_the_wishlist(ProductStepDefinition.java:221)
at âœ½.add to cart the product in the wishlist(file:///C:/Users/Lenovo/git/DemoWebShop-Cucumber/src/test/resources/Features/Product.feature:60)
]]>
    </error>
  </testcase> <!-- runScenario -->
  <testcase classname="com.Runner.runnerTestNG" name="runScenario" time="18.785"/>
  <testcase classname="com.Runner.runnerTestNG" name="runScenario" time="9.405"/>
  <testcase classname="com.Runner.runnerTestNG" name="runScenario" time="10.044"/>
  <testcase classname="com.Runner.runnerTestNG" name="runScenario" time="9.134"/>
  <testcase classname="com.Runner.runnerTestNG" name="runScenario" time="15.186"/>
  <testcase classname="com.Runner.runnerTestNG" name="runScenario" time="9.307"/>
  <testcase classname="com.Runner.runnerTestNG" name="runScenario" time="12.597"/>
  <testcase classname="com.Runner.runnerTestNG" name="runScenario" time="6.974"/>
  <testcase classname="com.Runner.runnerTestNG" name="runScenario" time="9.999"/>
  <testcase classname="com.Runner.runnerTestNG" name="runScenario" time="7.111"/>
  <testcase classname="com.Runner.runnerTestNG" name="runScenario" time="15.295"/>
  <testcase classname="com.Runner.runnerTestNG" name="runScenario" time="7.519"/>
  <testcase classname="com.Runner.runnerTestNG" name="runScenario" time="13.431"/>
  <testcase classname="com.Runner.runnerTestNG" name="runScenario" time="12.882"/>
  <testcase classname="com.Runner.runnerTestNG" name="runScenario" time="18.678"/>
  <testcase classname="com.Runner.runnerTestNG" name="runScenario" time="12.254"/>
  <testcase classname="com.Runner.runnerTestNG" name="runScenario" time="15.214"/>
  <testcase classname="com.Runner.runnerTestNG" name="runScenario" time="19.865"/>
  <testcase classname="com.Runner.runnerTestNG" name="runScenario" time="11.177"/>
  <testcase classname="com.Runner.runnerTestNG" name="runScenario" time="21.442"/>
  <testcase classname="com.Runner.runnerTestNG" name="runScenario" time="6.786"/>
  <testcase classname="com.Runner.runnerTestNG" name="runScenario" time="16.423"/>
  <testcase classname="com.Runner.runnerTestNG" name="runScenario" time="23.181"/>
  <testcase classname="com.Runner.runnerTestNG" name="runScenario" time="11.901"/>
  <testcase classname="com.Runner.runnerTestNG" name="runScenario" time="6.008"/>
  <testcase classname="com.Runner.runnerTestNG" name="runScenario" time="15.208"/>
  <testcase classname="com.Runner.runnerTestNG" name="runScenario" time="10.949"/>
  <testcase classname="com.Runner.runnerTestNG" name="runScenario" time="21.308"/>
  <testcase classname="com.Runner.runnerTestNG" name="runScenario" time="15.123"/>
  <testcase classname="com.Runner.runnerTestNG" name="runScenario" time="15.795"/>
  <testcase classname="com.Runner.runnerTestNG" name="runScenario" time="80.598"/>
  <testcase classname="com.Runner.runnerTestNG" name="runScenario" time="51.677"/>
  <testcase classname="com.Runner.runnerTestNG" name="runScenario" time="8.625"/>
  <testcase classname="com.Runner.runnerTestNG" name="runScenario" time="9.250"/>
  <testcase classname="com.Runner.runnerTestNG" name="runScenario" time="44.682"/>
  <testcase classname="com.Runner.runnerTestNG" name="runScenario" time="11.718"/>
  <testcase classname="com.Runner.runnerTestNG" name="runScenario" time="20.842"/>
  <testcase classname="com.Runner.runnerTestNG" name="runScenario" time="14.109"/>
  <testcase classname="com.Runner.runnerTestNG" name="runScenario" time="17.717"/>
  <testcase classname="com.Runner.runnerTestNG" name="runScenario" time="6.819"/>
  <testcase classname="com.Runner.runnerTestNG" name="runScenario" time="34.737"/>
  <testcase classname="com.Runner.runnerTestNG" name="runScenario" time="15.660"/>
  <testcase classname="com.Runner.runnerTestNG" name="runScenario" time="27.407"/>
  <testcase classname="com.Runner.runnerTestNG" name="runScenario" time="6.631"/>
  <testcase classname="com.Runner.runnerTestNG" name="runScenario" time="21.434"/>
  <testcase classname="com.Runner.runnerTestNG" name="runScenario" time="8.247"/>
=======
<testsuite hostname="DESKTOP-3CKMDVP" failures="0" tests="2" name="com.Runner.runnerTestNG" time="41.033" errors="0" timestamp="2025-04-29T23:22:52 IST" skipped="0">
  <testcase classname="com.Runner.runnerTestNG" name="runScenario" time="20.497"/>
  <testcase classname="com.Runner.runnerTestNG" name="runScenario" time="20.536"/>
>>>>>>> branch 'master' of https://github.com/yuvarajry20/DemoWebShop-Cucumber
</testsuite> <!-- com.Runner.runnerTestNG -->
