<?xml version="1.0" encoding="UTF-8"?>
<!-- Generated by org.testng.reporters.JUnitReportReporter -->
<testsuite hostname="DIVRAJ-2004" failures="0" tests="32" name="com.Runner.runnerTestNG" time="861.759" errors="0" timestamp="2025-04-16T09:20:41 IST" skipped="0">
  <testcase classname="com.Runner.runnerTestNG" name="runScenario" time="23.931"/>
  <testcase classname="com.Runner.runnerTestNG" name="runScenario" time="18.634"/>
  <testcase classname="com.Runner.runnerTestNG" name="runScenario" time="57.918"/>
  <testcase classname="com.Runner.runnerTestNG" name="runScenario" time="19.187"/>
  <testcase classname="com.Runner.runnerTestNG" name="runScenario" time="43.416"/>
  <testcase classname="com.Runner.runnerTestNG" name="runScenario" time="50.819"/>
  <testcase classname="com.Runner.runnerTestNG" name="runScenario" time="12.319"/>
  <testcase classname="com.Runner.runnerTestNG" name="runScenario" time="53.254"/>
  <testcase classname="com.Runner.runnerTestNG" name="runScenario" time="56.665"/>
  <testcase classname="com.Runner.runnerTestNG" name="runScenario" time="18.194"/>
  <testcase classname="com.Runner.runnerTestNG" name="runScenario" time="14.269"/>
  <testcase classname="com.Runner.runnerTestNG" name="runScenario" time="15.729"/>
  <testcase classname="com.Runner.runnerTestNG" name="runScenario" time="7.548"/>
  <testcase classname="com.Runner.runnerTestNG" name="runScenario" time="27.432"/>
  <testcase classname="com.Runner.runnerTestNG" name="runScenario" time="59.781"/>
  <testcase classname="com.Runner.runnerTestNG" name="runScenario" time="26.370"/>
  <testcase classname="com.Runner.runnerTestNG" name="runScenario" time="12.674"/>
  <testcase classname="com.Runner.runnerTestNG" name="runScenario" time="34.877"/>
  <testcase classname="com.Runner.runnerTestNG" name="runScenario" time="16.141"/>
  <testcase classname="com.Runner.runnerTestNG" name="runScenario" time="11.355"/>
  <testcase classname="com.Runner.runnerTestNG" name="runScenario" time="27.785"/>
  <testcase classname="com.Runner.runnerTestNG" name="runScenario" time="10.666"/>
  <testcase classname="com.Runner.runnerTestNG" name="runScenario" time="15.616"/>
  <testcase classname="com.Runner.runnerTestNG" name="runScenario" time="12.845"/>
  <testcase classname="com.Runner.runnerTestNG" name="runScenario" time="44.481"/>
  <testcase classname="com.Runner.runnerTestNG" name="runScenario" time="12.284"/>
  <testcase classname="com.Runner.runnerTestNG" name="runScenario" time="28.354"/>
  <testcase classname="com.Runner.runnerTestNG" name="runScenario" time="42.120"/>
  <testcase classname="com.Runner.runnerTestNG" name="runScenario" time="13.556"/>
  <testcase classname="com.Runner.runnerTestNG" name="runScenario" time="17.121"/>
  <testcase classname="com.Runner.runnerTestNG" name="runScenario" time="19.027"/>
  <testcase classname="com.Runner.runnerTestNG" name="runScenario" time="37.391"/>
</testsuite> <!-- com.Runner.runnerTestNG -->
