<?xml version="1.0" encoding="UTF-8"?>
<!-- Generated by org.testng.reporters.JUnitReportReporter -->
<<<<<<< HEAD
<<<<<<< HEAD
<<<<<<< HEAD
<<<<<<< HEAD
<testsuite hostname="DESKTOP-3CKMDVP" failures="0" tests="28" name="com.Runner.runnerTestNG" time="341.604" errors="3" timestamp="2025-04-14T19:52:57 IST" skipped="0">
  <testcase classname="com.Runner.runnerTestNG" name="runScenario" time="7.277"/>
  <testcase classname="com.Runner.runnerTestNG" name="runScenario" time="8.201"/>
  <testcase classname="com.Runner.runnerTestNG" name="runScenario" time="6.571"/>
  <testcase classname="com.Runner.runnerTestNG" name="runScenario" time="7.478"/>
  <testcase classname="com.Runner.runnerTestNG" name="runScenario" time="8.996"/>
  <testcase classname="com.Runner.runnerTestNG" name="runScenario" time="7.946"/>
  <testcase classname="com.Runner.runnerTestNG" name="runScenario" time="7.857"/>
  <testcase classname="com.Runner.runnerTestNG" name="runScenario" time="16.129"/>
  <testcase classname="com.Runner.runnerTestNG" name="runScenario" time="7.695"/>
  <testcase classname="com.Runner.runnerTestNG" name="runScenario" time="8.302">
    <error message="element click intercepted: Element &lt;a href=&quot;/cart&quot; class=&quot;ico-cart&quot;&gt;...&lt;/a&gt; is not clickable at point (965, 9). Other element would receive the click: &lt;div id=&quot;bar-notification&quot; class=&quot;bar-notification success&quot; style=&quot;display: block;&quot;&gt;...&lt;/div&gt;
  (Session info: chrome=135.0.7049.84)
Build info: version: &#039;4.31.0&#039;, revision: &#039;1ef9f18787*&#039;
System info: os.name: &#039;Windows 10&#039;, os.arch: &#039;amd64&#039;, os.version: &#039;10.0&#039;, java.version: &#039;17.0.6&#039;
Driver info: org.openqa.selenium.chrome.ChromeDriver
Command: [f55400eddfe96e975a31562a0bb3bbab, clickElement {id=f.CC68EEB3887EC63A3EE45E4711DFC0FA.d.9A1488E82FC0DEFA92CEC87D0A6B11CC.e.74}]
Capabilities {acceptInsecureCerts: false, browserName: chrome, browserVersion: 135.0.7049.84, chrome: {chromedriverVersion: 135.0.7049.84 (6c019e560019..., userDataDir: C:\Users\ADMIN\AppData\Loca...}, fedcm:accounts: true, goog:chromeOptions: {debuggerAddress: localhost:50611}, networkConnectionEnabled: false, pageLoadStrategy: normal, platformName: windows, proxy: Proxy(), se:cdp: ws://localhost:50611/devtoo..., se:cdpVersion: 135.0.7049.84, setWindowRect: true, strictFileInteractability: false, timeouts: {implicit: 0, pageLoad: 300000, script: 30000}, unhandledPromptBehavior: dismiss and notify, webauthn:extension:credBlob: true, webauthn:extension:largeBlob: true, webauthn:extension:minPinLength: true, webauthn:extension:prf: true, webauthn:virtualAuthenticators: true}
Element: [[ChromeDriver: chrome on windows (f55400eddfe96e975a31562a0bb3bbab)] -&gt; xpath: //*[@id=&quot;topcartlink&quot;]/a]
Session ID: f55400eddfe96e975a31562a0bb3bbab" type="org.openqa.selenium.ElementClickInterceptedException">
      <![CDATA[org.openqa.selenium.ElementClickInterceptedException: element click intercepted: Element <a href="/cart" class="ico-cart">...</a> is not clickable at point (965, 9). Other element would receive the click: <div id="bar-notification" class="bar-notification success" style="display: block;">...</div>
  (Session info: chrome=135.0.7049.84)
Build info: version: '4.31.0', revision: '1ef9f18787*'
System info: os.name: 'Windows 10', os.arch: 'amd64', os.version: '10.0', java.version: '17.0.6'
Driver info: org.openqa.selenium.chrome.ChromeDriver
Command: [f55400eddfe96e975a31562a0bb3bbab, clickElement {id=f.CC68EEB3887EC63A3EE45E4711DFC0FA.d.9A1488E82FC0DEFA92CEC87D0A6B11CC.e.74}]
Capabilities {acceptInsecureCerts: false, browserName: chrome, browserVersion: 135.0.7049.84, chrome: {chromedriverVersion: 135.0.7049.84 (6c019e560019..., userDataDir: C:\Users\ADMIN\AppData\Loca...}, fedcm:accounts: true, goog:chromeOptions: {debuggerAddress: localhost:50611}, networkConnectionEnabled: false, pageLoadStrategy: normal, platformName: windows, proxy: Proxy(), se:cdp: ws://localhost:50611/devtoo..., se:cdpVersion: 135.0.7049.84, setWindowRect: true, strictFileInteractability: false, timeouts: {implicit: 0, pageLoad: 300000, script: 30000}, unhandledPromptBehavior: dismiss and notify, webauthn:extension:credBlob: true, webauthn:extension:largeBlob: true, webauthn:extension:minPinLength: true, webauthn:extension:prf: true, webauthn:virtualAuthenticators: true}
Element: [[ChromeDriver: chrome on windows (f55400eddfe96e975a31562a0bb3bbab)] -> xpath: //*[@id="topcartlink"]/a]
Session ID: f55400eddfe96e975a31562a0bb3bbab
at java.base/jdk.internal.reflect.NativeConstructorAccessorImpl.newInstance0(Native Method)
at java.base/jdk.internal.reflect.NativeConstructorAccessorImpl.newInstance(NativeConstructorAccessorImpl.java:77)
at java.base/jdk.internal.reflect.DelegatingConstructorAccessorImpl.newInstance(DelegatingConstructorAccessorImpl.java:45)
at java.base/java.lang.reflect.Constructor.newInstanceWithCaller(Constructor.java:499)
at java.base/java.lang.reflect.Constructor.newInstance(Constructor.java:480)
at org.openqa.selenium.remote.ErrorCodec.decode(ErrorCodec.java:167)
at org.openqa.selenium.remote.codec.w3c.W3CHttpResponseCodec.decode(W3CHttpResponseCodec.java:138)
at org.openqa.selenium.remote.codec.w3c.W3CHttpResponseCodec.decode(W3CHttpResponseCodec.java:50)
at org.openqa.selenium.remote.HttpCommandExecutor.execute(HttpCommandExecutor.java:215)
at org.openqa.selenium.remote.service.DriverCommandExecutor.invokeExecute(DriverCommandExecutor.java:216)
at org.openqa.selenium.remote.service.DriverCommandExecutor.execute(DriverCommandExecutor.java:174)
at org.openqa.selenium.remote.RemoteWebDriver.execute(RemoteWebDriver.java:545)
at org.openqa.selenium.remote.RemoteWebElement.execute(RemoteWebElement.java:223)
at org.openqa.selenium.remote.RemoteWebElement.click(RemoteWebElement.java:76)
at jdk.internal.reflect.GeneratedMethodAccessor106.invoke(Unknown Source)
at java.base/jdk.internal.reflect.DelegatingMethodAccessorImpl.invoke(DelegatingMethodAccessorImpl.java:43)
at java.base/java.lang.reflect.Method.invoke(Method.java:568)
at org.openqa.selenium.support.pagefactory.internal.LocatingElementHandler.invoke(LocatingElementHandler.java:51)
at jdk.proxy2/jdk.proxy2.$Proxy26.click(Unknown Source)
at com.Actions.ProductAction.Shopping_cart(ProductAction.java:60)
at com.Definitions.ProductStepDefinition.go_to_the_shopping_cart(ProductStepDefinition.java:51)
at âœ½.go to the shopping cart(file:///C:/Users/ADMIN/git/DemoWebShop-Cucumber/src/test/resources/Features/Product.feature:11)
]]>
    </error>
  </testcase> <!-- runScenario -->
  <testcase classname="com.Runner.runnerTestNG" name="runScenario" time="7.367"/>
  <testcase classname="com.Runner.runnerTestNG" name="runScenario" time="88.367"/>
  <testcase classname="com.Runner.runnerTestNG" name="runScenario" time="7.722"/>
  <testcase classname="com.Runner.runnerTestNG" name="runScenario" time="6.770"/>
  <testcase classname="com.Runner.runnerTestNG" name="runScenario" time="10.497"/>
  <testcase classname="com.Runner.runnerTestNG" name="runScenario" time="6.675">
    <error message="stale element reference: stale element not found
  (Session info: chrome=135.0.7049.84)
For documentation on this error, please visit: https://www.selenium.dev/documentation/webdriver/troubleshooting/errors#stale-element-reference-exception
Build info: version: &#039;4.31.0&#039;, revision: &#039;1ef9f18787*&#039;
System info: os.name: &#039;Windows 10&#039;, os.arch: &#039;amd64&#039;, os.version: &#039;10.0&#039;, java.version: &#039;17.0.6&#039;
Driver info: org.openqa.selenium.chrome.ChromeDriver
Command: [e3bc6ee33a9551638a51c347c63b2588, clickElement {id=f.A9C35E0559436925702B2D13305DF337.d.4A3A5550B760A761E65B94BAE75E97E1.e.19}]
Capabilities {acceptInsecureCerts: false, browserName: chrome, browserVersion: 135.0.7049.84, chrome: {chromedriverVersion: 135.0.7049.84 (6c019e560019..., userDataDir: C:\Users\ADMIN\AppData\Loca...}, fedcm:accounts: true, goog:chromeOptions: {debuggerAddress: localhost:55994}, networkConnectionEnabled: false, pageLoadStrategy: normal, platformName: windows, proxy: Proxy(), se:cdp: ws://localhost:55994/devtoo..., se:cdpVersion: 135.0.7049.84, setWindowRect: true, strictFileInteractability: false, timeouts: {implicit: 0, pageLoad: 300000, script: 30000}, unhandledPromptBehavior: dismiss and notify, webauthn:extension:credBlob: true, webauthn:extension:largeBlob: true, webauthn:extension:minPinLength: true, webauthn:extension:prf: true, webauthn:virtualAuthenticators: true}
Element: [[ChromeDriver: chrome on windows (e3bc6ee33a9551638a51c347c63b2588)] -&gt; xpath: //li//a[@class=&quot;ico-login&quot;]]
Session ID: e3bc6ee33a9551638a51c347c63b2588" type="org.openqa.selenium.StaleElementReferenceException">
      <![CDATA[org.openqa.selenium.StaleElementReferenceException: stale element reference: stale element not found
  (Session info: chrome=135.0.7049.84)
For documentation on this error, please visit: https://www.selenium.dev/documentation/webdriver/troubleshooting/errors#stale-element-reference-exception
Build info: version: '4.31.0', revision: '1ef9f18787*'
System info: os.name: 'Windows 10', os.arch: 'amd64', os.version: '10.0', java.version: '17.0.6'
Driver info: org.openqa.selenium.chrome.ChromeDriver
Command: [e3bc6ee33a9551638a51c347c63b2588, clickElement {id=f.A9C35E0559436925702B2D13305DF337.d.4A3A5550B760A761E65B94BAE75E97E1.e.19}]
Capabilities {acceptInsecureCerts: false, browserName: chrome, browserVersion: 135.0.7049.84, chrome: {chromedriverVersion: 135.0.7049.84 (6c019e560019..., userDataDir: C:\Users\ADMIN\AppData\Loca...}, fedcm:accounts: true, goog:chromeOptions: {debuggerAddress: localhost:55994}, networkConnectionEnabled: false, pageLoadStrategy: normal, platformName: windows, proxy: Proxy(), se:cdp: ws://localhost:55994/devtoo..., se:cdpVersion: 135.0.7049.84, setWindowRect: true, strictFileInteractability: false, timeouts: {implicit: 0, pageLoad: 300000, script: 30000}, unhandledPromptBehavior: dismiss and notify, webauthn:extension:credBlob: true, webauthn:extension:largeBlob: true, webauthn:extension:minPinLength: true, webauthn:extension:prf: true, webauthn:virtualAuthenticators: true}
Element: [[ChromeDriver: chrome on windows (e3bc6ee33a9551638a51c347c63b2588)] -> xpath: //li//a[@class="ico-login"]]
Session ID: e3bc6ee33a9551638a51c347c63b2588
at java.base/jdk.internal.reflect.NativeConstructorAccessorImpl.newInstance0(Native Method)
at java.base/jdk.internal.reflect.NativeConstructorAccessorImpl.newInstance(NativeConstructorAccessorImpl.java:77)
at java.base/jdk.internal.reflect.DelegatingConstructorAccessorImpl.newInstance(DelegatingConstructorAccessorImpl.java:45)
at java.base/java.lang.reflect.Constructor.newInstanceWithCaller(Constructor.java:499)
at java.base/java.lang.reflect.Constructor.newInstance(Constructor.java:480)
at org.openqa.selenium.remote.ErrorCodec.decode(ErrorCodec.java:167)
at org.openqa.selenium.remote.codec.w3c.W3CHttpResponseCodec.decode(W3CHttpResponseCodec.java:138)
at org.openqa.selenium.remote.codec.w3c.W3CHttpResponseCodec.decode(W3CHttpResponseCodec.java:50)
at org.openqa.selenium.remote.HttpCommandExecutor.execute(HttpCommandExecutor.java:215)
at org.openqa.selenium.remote.service.DriverCommandExecutor.invokeExecute(DriverCommandExecutor.java:216)
at org.openqa.selenium.remote.service.DriverCommandExecutor.execute(DriverCommandExecutor.java:174)
at org.openqa.selenium.remote.RemoteWebDriver.execute(RemoteWebDriver.java:545)
at org.openqa.selenium.remote.RemoteWebElement.execute(RemoteWebElement.java:223)
at org.openqa.selenium.remote.RemoteWebElement.click(RemoteWebElement.java:76)
at jdk.internal.reflect.GeneratedMethodAccessor106.invoke(Unknown Source)
at java.base/jdk.internal.reflect.DelegatingMethodAccessorImpl.invoke(DelegatingMethodAccessorImpl.java:43)
at java.base/java.lang.reflect.Method.invoke(Method.java:568)
at org.openqa.selenium.support.pagefactory.internal.LocatingElementHandler.invoke(LocatingElementHandler.java:51)
at jdk.proxy2/jdk.proxy2.$Proxy26.click(Unknown Source)
at com.Actions.ProductAction.login(ProductAction.java:26)
at com.Definitions.ProductStepDefinition.logged_in_and_click_email_a_friend(ProductStepDefinition.java:93)
at âœ½.logged in and click Email a friend(file:///C:/Users/ADMIN/git/DemoWebShop-Cucumber/src/test/resources/Features/Product.feature:51)
]]>
    </error>
  </testcase> <!-- runScenario -->
  <testcase classname="com.Runner.runnerTestNG" name="runScenario" time="7.731"/>
  <testcase classname="com.Runner.runnerTestNG" name="runScenario" time="11.598"/>
  <testcase classname="com.Runner.runnerTestNG" name="runScenario" time="29.520"/>
  <testcase classname="com.Runner.runnerTestNG" name="runScenario" time="8.752"/>
  <testcase classname="com.Runner.runnerTestNG" name="runScenario" time="12.248"/>
  <testcase classname="com.Runner.runnerTestNG" name="runScenario" time="7.367"/>
  <testcase classname="com.Runner.runnerTestNG" name="runScenario" time="6.674">
    <error message="stale element reference: stale element not found
  (Session info: chrome=135.0.7049.84)
For documentation on this error, please visit: https://www.selenium.dev/documentation/webdriver/troubleshooting/errors#stale-element-reference-exception
Build info: version: &#039;4.31.0&#039;, revision: &#039;1ef9f18787*&#039;
System info: os.name: &#039;Windows 10&#039;, os.arch: &#039;amd64&#039;, os.version: &#039;10.0&#039;, java.version: &#039;17.0.6&#039;
Driver info: org.openqa.selenium.chrome.ChromeDriver
Command: [5fb6f1f604a82e7be1071a866130a943, getElementText {id=f.DCF4B30B2A049E658A30532D8F7F8DA7.d.DF29629E89B51570E70856EF986A0EB9.e.33}]
Capabilities {acceptInsecureCerts: false, browserName: chrome, browserVersion: 135.0.7049.84, chrome: {chromedriverVersion: 135.0.7049.84 (6c019e560019..., userDataDir: C:\Users\ADMIN\AppData\Loca...}, fedcm:accounts: true, goog:chromeOptions: {debuggerAddress: localhost:50197}, networkConnectionEnabled: false, pageLoadStrategy: normal, platformName: windows, proxy: Proxy(), se:cdp: ws://localhost:50197/devtoo..., se:cdpVersion: 135.0.7049.84, setWindowRect: true, strictFileInteractability: false, timeouts: {implicit: 0, pageLoad: 300000, script: 30000}, unhandledPromptBehavior: dismiss and notify, webauthn:extension:credBlob: true, webauthn:extension:largeBlob: true, webauthn:extension:minPinLength: true, webauthn:extension:prf: true, webauthn:virtualAuthenticators: true}
Element: [[ChromeDriver: chrome on windows (5fb6f1f604a82e7be1071a866130a943)] -&gt; xpath: //h2[@class=&quot;product-title&quot;]]
Session ID: 5fb6f1f604a82e7be1071a866130a943" type="org.openqa.selenium.StaleElementReferenceException">
      <![CDATA[org.openqa.selenium.StaleElementReferenceException: stale element reference: stale element not found
  (Session info: chrome=135.0.7049.84)
For documentation on this error, please visit: https://www.selenium.dev/documentation/webdriver/troubleshooting/errors#stale-element-reference-exception
Build info: version: '4.31.0', revision: '1ef9f18787*'
System info: os.name: 'Windows 10', os.arch: 'amd64', os.version: '10.0', java.version: '17.0.6'
Driver info: org.openqa.selenium.chrome.ChromeDriver
Command: [5fb6f1f604a82e7be1071a866130a943, getElementText {id=f.DCF4B30B2A049E658A30532D8F7F8DA7.d.DF29629E89B51570E70856EF986A0EB9.e.33}]
Capabilities {acceptInsecureCerts: false, browserName: chrome, browserVersion: 135.0.7049.84, chrome: {chromedriverVersion: 135.0.7049.84 (6c019e560019..., userDataDir: C:\Users\ADMIN\AppData\Loca...}, fedcm:accounts: true, goog:chromeOptions: {debuggerAddress: localhost:50197}, networkConnectionEnabled: false, pageLoadStrategy: normal, platformName: windows, proxy: Proxy(), se:cdp: ws://localhost:50197/devtoo..., se:cdpVersion: 135.0.7049.84, setWindowRect: true, strictFileInteractability: false, timeouts: {implicit: 0, pageLoad: 300000, script: 30000}, unhandledPromptBehavior: dismiss and notify, webauthn:extension:credBlob: true, webauthn:extension:largeBlob: true, webauthn:extension:minPinLength: true, webauthn:extension:prf: true, webauthn:virtualAuthenticators: true}
Element: [[ChromeDriver: chrome on windows (5fb6f1f604a82e7be1071a866130a943)] -> xpath: //h2[@class="product-title"]]
Session ID: 5fb6f1f604a82e7be1071a866130a943
at java.base/jdk.internal.reflect.NativeConstructorAccessorImpl.newInstance0(Native Method)
at java.base/jdk.internal.reflect.NativeConstructorAccessorImpl.newInstance(NativeConstructorAccessorImpl.java:77)
at java.base/jdk.internal.reflect.DelegatingConstructorAccessorImpl.newInstance(DelegatingConstructorAccessorImpl.java:45)
at java.base/java.lang.reflect.Constructor.newInstanceWithCaller(Constructor.java:499)
at java.base/java.lang.reflect.Constructor.newInstance(Constructor.java:480)
at org.openqa.selenium.remote.ErrorCodec.decode(ErrorCodec.java:167)
at org.openqa.selenium.remote.codec.w3c.W3CHttpResponseCodec.decode(W3CHttpResponseCodec.java:138)
at org.openqa.selenium.remote.codec.w3c.W3CHttpResponseCodec.decode(W3CHttpResponseCodec.java:50)
at org.openqa.selenium.remote.HttpCommandExecutor.execute(HttpCommandExecutor.java:215)
at org.openqa.selenium.remote.service.DriverCommandExecutor.invokeExecute(DriverCommandExecutor.java:216)
at org.openqa.selenium.remote.service.DriverCommandExecutor.execute(DriverCommandExecutor.java:174)
at org.openqa.selenium.remote.RemoteWebDriver.execute(RemoteWebDriver.java:545)
at org.openqa.selenium.remote.RemoteWebElement.execute(RemoteWebElement.java:223)
at org.openqa.selenium.remote.RemoteWebElement.getText(RemoteWebElement.java:191)
at java.base/jdk.internal.reflect.NativeMethodAccessorImpl.invoke0(Native Method)
at java.base/jdk.internal.reflect.NativeMethodAccessorImpl.invoke(NativeMethodAccessorImpl.java:77)
at java.base/jdk.internal.reflect.DelegatingMethodAccessorImpl.invoke(DelegatingMethodAccessorImpl.java:43)
at java.base/java.lang.reflect.Method.invoke(Method.java:568)
at org.openqa.selenium.support.pagefactory.internal.LocatingElementHandler.invoke(LocatingElementHandler.java:51)
at jdk.proxy2/jdk.proxy2.$Proxy26.getText(Unknown Source)
at com.Actions.ProductAction.GetTitleOfProduct(ProductAction.java:38)
at com.Definitions.ProductStepDefinition.see_the_product_title_and_the_product_description(ProductStepDefinition.java:34)
at âœ½.see the product title and the product description(file:///C:/Users/ADMIN/git/DemoWebShop-Cucumber/src/test/resources/Features/Product.feature:18)
]]>
    </error>
  </testcase> <!-- runScenario -->
  <testcase classname="com.Runner.runnerTestNG" name="runScenario" time="8.147"/>
  <testcase classname="com.Runner.runnerTestNG" name="runScenario" time="9.310"/>
  <testcase classname="com.Runner.runnerTestNG" name="runScenario" time="12.587"/>
  <testcase classname="com.Runner.runnerTestNG" name="runScenario" time="7.004"/>
  <testcase classname="com.Runner.runnerTestNG" name="runScenario" time="6.816"/>
=======
<testsuite hostname="DIVRAJ-2004" failures="0" tests="8" name="com.Runner.runnerTestNG" time="569.780" errors="0" timestamp="2025-04-15T11:08:15 IST" skipped="0">
  <testcase classname="com.Runner.runnerTestNG" name="runScenario" time="72.511"/>
  <testcase classname="com.Runner.runnerTestNG" name="runScenario" time="70.914"/>
  <testcase classname="com.Runner.runnerTestNG" name="runScenario" time="71.684"/>
  <testcase classname="com.Runner.runnerTestNG" name="runScenario" time="70.673"/>
  <testcase classname="com.Runner.runnerTestNG" name="runScenario" time="70.962"/>
  <testcase classname="com.Runner.runnerTestNG" name="runScenario" time="70.990"/>
  <testcase classname="com.Runner.runnerTestNG" name="runScenario" time="71.396"/>
  <testcase classname="com.Runner.runnerTestNG" name="runScenario" time="70.650"/>
>>>>>>> branch 'master' of https://github.com/yuvarajry20/DemoWebShop-Cucumber.git
=======
<testsuite hostname="DIVRAJ-2004" failures="0" tests="25" name="com.Runner.runnerTestNG" time="1199.794" errors="0" timestamp="2025-04-15T12:40:40 IST" skipped="0">
  <testcase classname="com.Runner.runnerTestNG" name="runScenario" time="40.979"/>
  <testcase classname="com.Runner.runnerTestNG" name="runScenario" time="68.819"/>
  <testcase classname="com.Runner.runnerTestNG" name="runScenario" time="37.625"/>
  <testcase classname="com.Runner.runnerTestNG" name="runScenario" time="34.155"/>
  <testcase classname="com.Runner.runnerTestNG" name="runScenario" time="33.589"/>
  <testcase classname="com.Runner.runnerTestNG" name="runScenario" time="36.429"/>
  <testcase classname="com.Runner.runnerTestNG" name="runScenario" time="51.474"/>
  <testcase classname="com.Runner.runnerTestNG" name="runScenario" time="64.302"/>
  <testcase classname="com.Runner.runnerTestNG" name="runScenario" time="39.293"/>
  <testcase classname="com.Runner.runnerTestNG" name="runScenario" time="37.052"/>
  <testcase classname="com.Runner.runnerTestNG" name="runScenario" time="43.158"/>
  <testcase classname="com.Runner.runnerTestNG" name="runScenario" time="32.708"/>
  <testcase classname="com.Runner.runnerTestNG" name="runScenario" time="35.388"/>
  <testcase classname="com.Runner.runnerTestNG" name="runScenario" time="44.828"/>
  <testcase classname="com.Runner.runnerTestNG" name="runScenario" time="44.917"/>
  <testcase classname="com.Runner.runnerTestNG" name="runScenario" time="42.524"/>
  <testcase classname="com.Runner.runnerTestNG" name="runScenario" time="43.406"/>
  <testcase classname="com.Runner.runnerTestNG" name="runScenario" time="41.206"/>
  <testcase classname="com.Runner.runnerTestNG" name="runScenario" time="50.257"/>
  <testcase classname="com.Runner.runnerTestNG" name="runScenario" time="68.628"/>
  <testcase classname="com.Runner.runnerTestNG" name="runScenario" time="19.789"/>
  <testcase classname="com.Runner.runnerTestNG" name="runScenario" time="117.998"/>
  <testcase classname="com.Runner.runnerTestNG" name="runScenario" time="43.859"/>
  <testcase classname="com.Runner.runnerTestNG" name="runScenario" time="44.291"/>
  <testcase classname="com.Runner.runnerTestNG" name="runScenario" time="83.120"/>
>>>>>>> branch 'master' of https://github.com/yuvarajry20/DemoWebShop-Cucumber.git
=======
<testsuite hostname="YUVARAJ_UV" failures="0" tests="25" name="com.Runner.runnerTestNG" time="1920.558" errors="4" timestamp="2025-04-15T14:10:18 IST" skipped="0">
  <testcase classname="com.Runner.runnerTestNG" name="runScenario" time="33.612"/>
  <testcase classname="com.Runner.runnerTestNG" name="runScenario" time="35.516"/>
  <testcase classname="com.Runner.runnerTestNG" name="runScenario" time="106.337"/>
  <testcase classname="com.Runner.runnerTestNG" name="runScenario" time="27.872"/>
  <testcase classname="com.Runner.runnerTestNG" name="runScenario" time="31.593"/>
  <testcase classname="com.Runner.runnerTestNG" name="runScenario" time="30.831"/>
  <testcase classname="com.Runner.runnerTestNG" name="runScenario" time="169.027"/>
  <testcase classname="com.Runner.runnerTestNG" name="runScenario" time="125.441"/>
  <testcase classname="com.Runner.runnerTestNG" name="runScenario" time="153.108"/>
  <testcase classname="com.Runner.runnerTestNG" name="runScenario" time="32.545"/>
  <testcase classname="com.Runner.runnerTestNG" name="runScenario" time="23.721"/>
  <testcase classname="com.Runner.runnerTestNG" name="runScenario" time="42.027">
    <error message="no such element: Unable to locate element: {&quot;method&quot;:&quot;xpath&quot;,&quot;selector&quot;:&quot;//a[@class=&quot;product-name&quot;]&quot;}
  (Session info: chrome=135.0.7049.84)
For documentation on this error, please visit: https://www.selenium.dev/documentation/webdriver/troubleshooting/errors#no-such-element-exception
Build info: version: &#039;4.31.0&#039;, revision: &#039;1ef9f18787*&#039;
System info: os.name: &#039;Windows 11&#039;, os.arch: &#039;amd64&#039;, os.version: &#039;10.0&#039;, java.version: &#039;21.0.6&#039;
Driver info: org.openqa.selenium.chrome.ChromeDriver
Command: [4d36060372d12c375a17d9ac6c03a5ce, findElement {using=xpath, value=//a[@class=&quot;product-name&quot;]}]
Capabilities {acceptInsecureCerts: false, browserName: chrome, browserVersion: 135.0.7049.84, chrome: {chromedriverVersion: 135.0.7049.84 (6c019e560019..., userDataDir: C:\Users\yuvar\AppData\Loca...}, fedcm:accounts: true, goog:chromeOptions: {debuggerAddress: localhost:65212}, networkConnectionEnabled: false, pageLoadStrategy: normal, platformName: windows, proxy: Proxy(), se:cdp: ws://localhost:65212/devtoo..., se:cdpVersion: 135.0.7049.84, setWindowRect: true, strictFileInteractability: false, timeouts: {implicit: 0, pageLoad: 300000, script: 30000}, unhandledPromptBehavior: dismiss and notify, webauthn:extension:credBlob: true, webauthn:extension:largeBlob: true, webauthn:extension:minPinLength: true, webauthn:extension:prf: true, webauthn:virtualAuthenticators: true}
Session ID: 4d36060372d12c375a17d9ac6c03a5ce" type="org.openqa.selenium.NoSuchElementException">
      <![CDATA[org.openqa.selenium.NoSuchElementException: no such element: Unable to locate element: {"method":"xpath","selector":"//a[@class="product-name"]"}
  (Session info: chrome=135.0.7049.84)
For documentation on this error, please visit: https://www.selenium.dev/documentation/webdriver/troubleshooting/errors#no-such-element-exception
Build info: version: '4.31.0', revision: '1ef9f18787*'
System info: os.name: 'Windows 11', os.arch: 'amd64', os.version: '10.0', java.version: '21.0.6'
Driver info: org.openqa.selenium.chrome.ChromeDriver
Command: [4d36060372d12c375a17d9ac6c03a5ce, findElement {using=xpath, value=//a[@class="product-name"]}]
Capabilities {acceptInsecureCerts: false, browserName: chrome, browserVersion: 135.0.7049.84, chrome: {chromedriverVersion: 135.0.7049.84 (6c019e560019..., userDataDir: C:\Users\yuvar\AppData\Loca...}, fedcm:accounts: true, goog:chromeOptions: {debuggerAddress: localhost:65212}, networkConnectionEnabled: false, pageLoadStrategy: normal, platformName: windows, proxy: Proxy(), se:cdp: ws://localhost:65212/devtoo..., se:cdpVersion: 135.0.7049.84, setWindowRect: true, strictFileInteractability: false, timeouts: {implicit: 0, pageLoad: 300000, script: 30000}, unhandledPromptBehavior: dismiss and notify, webauthn:extension:credBlob: true, webauthn:extension:largeBlob: true, webauthn:extension:minPinLength: true, webauthn:extension:prf: true, webauthn:virtualAuthenticators: true}
Session ID: 4d36060372d12c375a17d9ac6c03a5ce
at java.base/jdk.internal.reflect.DirectConstructorHandleAccessor.newInstance(DirectConstructorHandleAccessor.java:62)
at java.base/java.lang.reflect.Constructor.newInstanceWithCaller(Constructor.java:502)
at java.base/java.lang.reflect.Constructor.newInstance(Constructor.java:486)
at org.openqa.selenium.remote.ErrorCodec.decode(ErrorCodec.java:167)
at org.openqa.selenium.remote.codec.w3c.W3CHttpResponseCodec.decode(W3CHttpResponseCodec.java:138)
at org.openqa.selenium.remote.codec.w3c.W3CHttpResponseCodec.decode(W3CHttpResponseCodec.java:50)
at org.openqa.selenium.remote.HttpCommandExecutor.execute(HttpCommandExecutor.java:215)
at org.openqa.selenium.remote.service.DriverCommandExecutor.invokeExecute(DriverCommandExecutor.java:216)
at org.openqa.selenium.remote.service.DriverCommandExecutor.execute(DriverCommandExecutor.java:174)
at org.openqa.selenium.remote.RemoteWebDriver.execute(RemoteWebDriver.java:545)
at org.openqa.selenium.remote.ElementLocation$ElementFinder$2.findElement(ElementLocation.java:165)
at org.openqa.selenium.remote.ElementLocation.findElement(ElementLocation.java:59)
at org.openqa.selenium.remote.RemoteWebDriver.findElement(RemoteWebDriver.java:368)
at org.openqa.selenium.remote.RemoteWebDriver.findElement(RemoteWebDriver.java:362)
at org.openqa.selenium.support.pagefactory.DefaultElementLocator.findElement(DefaultElementLocator.java:68)
at org.openqa.selenium.support.pagefactory.internal.LocatingElementHandler.invoke(LocatingElementHandler.java:38)
at jdk.proxy2/jdk.proxy2.$Proxy27.getText(Unknown Source)
at com.Actions.ProductAction.Shopping_cart(ProductAction.java:66)
at com.Definitions.ProductStepDefinition.go_to_the_shopping_cart(ProductStepDefinition.java:51)
at âœ½.go to the shopping cart(file:///C:/Users/yuvar/DemoWebShop(Automation)/DemoWebShop-Cucumber/src/test/resources/Features/Product.feature:11)
]]>
    </error>
  </testcase> <!-- runScenario -->
  <testcase classname="com.Runner.runnerTestNG" name="runScenario" time="174.648"/>
  <testcase classname="com.Runner.runnerTestNG" name="runScenario" time="152.379"/>
  <testcase classname="com.Runner.runnerTestNG" name="runScenario" time="28.312"/>
  <testcase classname="com.Runner.runnerTestNG" name="runScenario" time="112.681"/>
  <testcase classname="com.Runner.runnerTestNG" name="runScenario" time="95.966"/>
  <testcase classname="com.Runner.runnerTestNG" name="runScenario" time="180.370"/>
  <testcase classname="com.Runner.runnerTestNG" name="runScenario" time="35.837"/>
  <testcase classname="com.Runner.runnerTestNG" name="runScenario" time="28.987"/>
  <testcase classname="com.Runner.runnerTestNG" name="runScenario" time="53.903">
    <error message="no such element: Unable to locate element: {&quot;method&quot;:&quot;xpath&quot;,&quot;selector&quot;:&quot;/html/body/div[4]/div[1]/div[4]/div/div/div[2]/div[2]/p[2]/a&quot;}
  (Session info: chrome=135.0.7049.84)
For documentation on this error, please visit: https://www.selenium.dev/documentation/webdriver/troubleshooting/errors#no-such-element-exception
Build info: version: &#039;4.31.0&#039;, revision: &#039;1ef9f18787*&#039;
System info: os.name: &#039;Windows 11&#039;, os.arch: &#039;amd64&#039;, os.version: &#039;10.0&#039;, java.version: &#039;21.0.6&#039;
Driver info: org.openqa.selenium.chrome.ChromeDriver
Command: [2afd4e97b190d8d87b2b5221b23ff8a6, findElement {using=xpath, value=/html/body/div[4]/div[1]/div[4]/div/div/div[2]/div[2]/p[2]/a}]
Capabilities {acceptInsecureCerts: false, browserName: chrome, browserVersion: 135.0.7049.84, chrome: {chromedriverVersion: 135.0.7049.84 (6c019e560019..., userDataDir: C:\Users\yuvar\AppData\Loca...}, fedcm:accounts: true, goog:chromeOptions: {debuggerAddress: localhost:57897}, networkConnectionEnabled: false, pageLoadStrategy: normal, platformName: windows, proxy: Proxy(), se:cdp: ws://localhost:57897/devtoo..., se:cdpVersion: 135.0.7049.84, setWindowRect: true, strictFileInteractability: false, timeouts: {implicit: 0, pageLoad: 300000, script: 30000}, unhandledPromptBehavior: dismiss and notify, webauthn:extension:credBlob: true, webauthn:extension:largeBlob: true, webauthn:extension:minPinLength: true, webauthn:extension:prf: true, webauthn:virtualAuthenticators: true}
Session ID: 2afd4e97b190d8d87b2b5221b23ff8a6" type="org.openqa.selenium.NoSuchElementException">
      <![CDATA[org.openqa.selenium.NoSuchElementException: no such element: Unable to locate element: {"method":"xpath","selector":"/html/body/div[4]/div[1]/div[4]/div/div/div[2]/div[2]/p[2]/a"}
  (Session info: chrome=135.0.7049.84)
For documentation on this error, please visit: https://www.selenium.dev/documentation/webdriver/troubleshooting/errors#no-such-element-exception
Build info: version: '4.31.0', revision: '1ef9f18787*'
System info: os.name: 'Windows 11', os.arch: 'amd64', os.version: '10.0', java.version: '21.0.6'
Driver info: org.openqa.selenium.chrome.ChromeDriver
Command: [2afd4e97b190d8d87b2b5221b23ff8a6, findElement {using=xpath, value=/html/body/div[4]/div[1]/div[4]/div/div/div[2]/div[2]/p[2]/a}]
Capabilities {acceptInsecureCerts: false, browserName: chrome, browserVersion: 135.0.7049.84, chrome: {chromedriverVersion: 135.0.7049.84 (6c019e560019..., userDataDir: C:\Users\yuvar\AppData\Loca...}, fedcm:accounts: true, goog:chromeOptions: {debuggerAddress: localhost:57897}, networkConnectionEnabled: false, pageLoadStrategy: normal, platformName: windows, proxy: Proxy(), se:cdp: ws://localhost:57897/devtoo..., se:cdpVersion: 135.0.7049.84, setWindowRect: true, strictFileInteractability: false, timeouts: {implicit: 0, pageLoad: 300000, script: 30000}, unhandledPromptBehavior: dismiss and notify, webauthn:extension:credBlob: true, webauthn:extension:largeBlob: true, webauthn:extension:minPinLength: true, webauthn:extension:prf: true, webauthn:virtualAuthenticators: true}
Session ID: 2afd4e97b190d8d87b2b5221b23ff8a6
at java.base/jdk.internal.reflect.DirectConstructorHandleAccessor.newInstance(DirectConstructorHandleAccessor.java:62)
at java.base/java.lang.reflect.Constructor.newInstanceWithCaller(Constructor.java:502)
at java.base/java.lang.reflect.Constructor.newInstance(Constructor.java:486)
at org.openqa.selenium.remote.ErrorCodec.decode(ErrorCodec.java:167)
at org.openqa.selenium.remote.codec.w3c.W3CHttpResponseCodec.decode(W3CHttpResponseCodec.java:138)
at org.openqa.selenium.remote.codec.w3c.W3CHttpResponseCodec.decode(W3CHttpResponseCodec.java:50)
at org.openqa.selenium.remote.HttpCommandExecutor.execute(HttpCommandExecutor.java:215)
at org.openqa.selenium.remote.service.DriverCommandExecutor.invokeExecute(DriverCommandExecutor.java:216)
at org.openqa.selenium.remote.service.DriverCommandExecutor.execute(DriverCommandExecutor.java:174)
at org.openqa.selenium.remote.RemoteWebDriver.execute(RemoteWebDriver.java:545)
at org.openqa.selenium.remote.ElementLocation$ElementFinder$2.findElement(ElementLocation.java:165)
at org.openqa.selenium.remote.ElementLocation.findElement(ElementLocation.java:59)
at org.openqa.selenium.remote.RemoteWebDriver.findElement(RemoteWebDriver.java:368)
at org.openqa.selenium.remote.RemoteWebDriver.findElement(RemoteWebDriver.java:362)
at org.openqa.selenium.support.pagefactory.DefaultElementLocator.findElement(DefaultElementLocator.java:68)
at org.openqa.selenium.support.pagefactory.internal.LocatingElementHandler.invoke(LocatingElementHandler.java:38)
at jdk.proxy2/jdk.proxy2.$Proxy27.getText(Unknown Source)
at com.Actions.ProductAction.urlwishlist(ProductAction.java:92)
at com.Definitions.ProductStepDefinition.click_the_auto_generated_url_for_the_specific_product(ProductStepDefinition.java:72)
at âœ½.click the auto-generated url for the specific product(file:///C:/Users/yuvar/DemoWebShop(Automation)/DemoWebShop-Cucumber/src/test/resources/Features/Product.feature:26)
]]>
    </error>
  </testcase> <!-- runScenario -->
  <testcase classname="com.Runner.runnerTestNG" name="runScenario" time="28.646">
=======
<testsuite hostname="YUVARAJ_UV" failures="0" tests="25" name="com.Runner.runnerTestNG" time="780.195" errors="2" timestamp="2025-04-15T14:36:55 IST" skipped="0">
  <testcase classname="com.Runner.runnerTestNG" name="runScenario" time="16.315"/>
  <testcase classname="com.Runner.runnerTestNG" name="runScenario" time="43.536"/>
  <testcase classname="com.Runner.runnerTestNG" name="runScenario" time="36.404"/>
  <testcase classname="com.Runner.runnerTestNG" name="runScenario" time="65.450"/>
  <testcase classname="com.Runner.runnerTestNG" name="runScenario" time="43.676"/>
  <testcase classname="com.Runner.runnerTestNG" name="runScenario" time="43.166"/>
  <testcase classname="com.Runner.runnerTestNG" name="runScenario" time="31.196"/>
  <testcase classname="com.Runner.runnerTestNG" name="runScenario" time="43.417">
>>>>>>> branch 'master' of https://github.com/yuvarajry20/DemoWebShop-Cucumber.git
    <error message="stale element reference: stale element not found
  (Session info: chrome=135.0.7049.84)
For documentation on this error, please visit: https://www.selenium.dev/documentation/webdriver/troubleshooting/errors#stale-element-reference-exception
Build info: version: &#039;4.31.0&#039;, revision: &#039;1ef9f18787*&#039;
System info: os.name: &#039;Windows 11&#039;, os.arch: &#039;amd64&#039;, os.version: &#039;10.0&#039;, java.version: &#039;21.0.6&#039;
Driver info: org.openqa.selenium.chrome.ChromeDriver
Command: [f2003a198f9789eb04e4e07a52d08e5a, clickElement {id=f.736815927D07653619B49F215455C4CE.d.E21E99A8B4CEFA7B26383CCACCFEF375.e.99}]
Capabilities {acceptInsecureCerts: false, browserName: chrome, browserVersion: 135.0.7049.84, chrome: {chromedriverVersion: 135.0.7049.84 (6c019e560019..., userDataDir: C:\Users\yuvar\AppData\Loca...}, fedcm:accounts: true, goog:chromeOptions: {debuggerAddress: localhost:55945}, networkConnectionEnabled: false, pageLoadStrategy: normal, platformName: windows, proxy: Proxy(), se:cdp: ws://localhost:55945/devtoo..., se:cdpVersion: 135.0.7049.84, setWindowRect: true, strictFileInteractability: false, timeouts: {implicit: 0, pageLoad: 300000, script: 30000}, unhandledPromptBehavior: dismiss and notify, webauthn:extension:credBlob: true, webauthn:extension:largeBlob: true, webauthn:extension:minPinLength: true, webauthn:extension:prf: true, webauthn:virtualAuthenticators: true}
Element: [[ChromeDriver: chrome on windows (f2003a198f9789eb04e4e07a52d08e5a)] -&gt; xpath: //input[@class=&quot;button-2 product-box-add-to-cart-button&quot;]]
Session ID: f2003a198f9789eb04e4e07a52d08e5a" type="org.openqa.selenium.StaleElementReferenceException">
      <![CDATA[org.openqa.selenium.StaleElementReferenceException: stale element reference: stale element not found
  (Session info: chrome=135.0.7049.84)
For documentation on this error, please visit: https://www.selenium.dev/documentation/webdriver/troubleshooting/errors#stale-element-reference-exception
Build info: version: '4.31.0', revision: '1ef9f18787*'
System info: os.name: 'Windows 11', os.arch: 'amd64', os.version: '10.0', java.version: '21.0.6'
Driver info: org.openqa.selenium.chrome.ChromeDriver
Command: [f2003a198f9789eb04e4e07a52d08e5a, clickElement {id=f.736815927D07653619B49F215455C4CE.d.E21E99A8B4CEFA7B26383CCACCFEF375.e.99}]
Capabilities {acceptInsecureCerts: false, browserName: chrome, browserVersion: 135.0.7049.84, chrome: {chromedriverVersion: 135.0.7049.84 (6c019e560019..., userDataDir: C:\Users\yuvar\AppData\Loca...}, fedcm:accounts: true, goog:chromeOptions: {debuggerAddress: localhost:55945}, networkConnectionEnabled: false, pageLoadStrategy: normal, platformName: windows, proxy: Proxy(), se:cdp: ws://localhost:55945/devtoo..., se:cdpVersion: 135.0.7049.84, setWindowRect: true, strictFileInteractability: false, timeouts: {implicit: 0, pageLoad: 300000, script: 30000}, unhandledPromptBehavior: dismiss and notify, webauthn:extension:credBlob: true, webauthn:extension:largeBlob: true, webauthn:extension:minPinLength: true, webauthn:extension:prf: true, webauthn:virtualAuthenticators: true}
Element: [[ChromeDriver: chrome on windows (f2003a198f9789eb04e4e07a52d08e5a)] -> xpath: //input[@class="button-2 product-box-add-to-cart-button"]]
Session ID: f2003a198f9789eb04e4e07a52d08e5a
at java.base/jdk.internal.reflect.DirectConstructorHandleAccessor.newInstance(DirectConstructorHandleAccessor.java:62)
at java.base/java.lang.reflect.Constructor.newInstanceWithCaller(Constructor.java:502)
at java.base/java.lang.reflect.Constructor.newInstance(Constructor.java:486)
at org.openqa.selenium.remote.ErrorCodec.decode(ErrorCodec.java:167)
at org.openqa.selenium.remote.codec.w3c.W3CHttpResponseCodec.decode(W3CHttpResponseCodec.java:138)
at org.openqa.selenium.remote.codec.w3c.W3CHttpResponseCodec.decode(W3CHttpResponseCodec.java:50)
at org.openqa.selenium.remote.HttpCommandExecutor.execute(HttpCommandExecutor.java:215)
at org.openqa.selenium.remote.service.DriverCommandExecutor.invokeExecute(DriverCommandExecutor.java:216)
at org.openqa.selenium.remote.service.DriverCommandExecutor.execute(DriverCommandExecutor.java:174)
at org.openqa.selenium.remote.RemoteWebDriver.execute(RemoteWebDriver.java:545)
at org.openqa.selenium.remote.RemoteWebElement.execute(RemoteWebElement.java:223)
at org.openqa.selenium.remote.RemoteWebElement.click(RemoteWebElement.java:76)
at java.base/jdk.internal.reflect.DirectMethodHandleAccessor.invoke(DirectMethodHandleAccessor.java:103)
at java.base/java.lang.reflect.Method.invoke(Method.java:580)
at org.openqa.selenium.support.pagefactory.internal.LocatingElementHandler.invoke(LocatingElementHandler.java:51)
at jdk.proxy2/jdk.proxy2.$Proxy27.click(Unknown Source)
at com.Actions.CheckoutAction.addtocartanitem(CheckoutAction.java:35)
at com.Definitions.CheckoutStepDefinition.i_log_in_and_add_an_item_and_add_to_cart(CheckoutStepDefinition.java:27)
at âœ½.I log in and add an item and add to cart(file:///C:/Users/yuvar/DemoWebShop(Automation)/DemoWebShop-Cucumber/src/test/resources/Features/CheckOut.feature:5)
]]>
    </error>
  </testcase> <!-- runScenario -->
  <testcase classname="com.Runner.runnerTestNG" name="runScenario" time="17.574"/>
  <testcase classname="com.Runner.runnerTestNG" name="runScenario" time="12.444"/>
  <testcase classname="com.Runner.runnerTestNG" name="runScenario" time="26.056"/>
  <testcase classname="com.Runner.runnerTestNG" name="runScenario" time="31.091"/>
  <testcase classname="com.Runner.runnerTestNG" name="runScenario" time="21.751"/>
  <testcase classname="com.Runner.runnerTestNG" name="runScenario" time="21.321"/>
  <testcase classname="com.Runner.runnerTestNG" name="runScenario" time="22.246"/>
  <testcase classname="com.Runner.runnerTestNG" name="runScenario" time="87.291"/>
  <testcase classname="com.Runner.runnerTestNG" name="runScenario" time="15.680">
    <error message="stale element reference: stale element not found
  (Session info: chrome=135.0.7049.84)
For documentation on this error, please visit: https://www.selenium.dev/documentation/webdriver/troubleshooting/errors#stale-element-reference-exception
Build info: version: &#039;4.31.0&#039;, revision: &#039;1ef9f18787*&#039;
System info: os.name: &#039;Windows 11&#039;, os.arch: &#039;amd64&#039;, os.version: &#039;10.0&#039;, java.version: &#039;21.0.6&#039;
Driver info: org.openqa.selenium.chrome.ChromeDriver
Command: [a53745066330cb884d525b2bba07026b, getElementText {id=f.DD7238F753BDDE2859A5D894C5D2E532.d.B71DA5456DC137A7103D990EBAA88862.e.45}]
Capabilities {acceptInsecureCerts: false, browserName: chrome, browserVersion: 135.0.7049.84, chrome: {chromedriverVersion: 135.0.7049.84 (6c019e560019..., userDataDir: C:\Users\yuvar\AppData\Loca...}, fedcm:accounts: true, goog:chromeOptions: {debuggerAddress: localhost:60216}, networkConnectionEnabled: false, pageLoadStrategy: normal, platformName: windows, proxy: Proxy(), se:cdp: ws://localhost:60216/devtoo..., se:cdpVersion: 135.0.7049.84, setWindowRect: true, strictFileInteractability: false, timeouts: {implicit: 0, pageLoad: 300000, script: 30000}, unhandledPromptBehavior: dismiss and notify, webauthn:extension:credBlob: true, webauthn:extension:largeBlob: true, webauthn:extension:minPinLength: true, webauthn:extension:prf: true, webauthn:virtualAuthenticators: true}
Element: [[ChromeDriver: chrome on windows (a53745066330cb884d525b2bba07026b)] -&gt; xpath: //h2[@class=&quot;product-title&quot;]]
Session ID: a53745066330cb884d525b2bba07026b" type="org.openqa.selenium.StaleElementReferenceException">
      <![CDATA[org.openqa.selenium.StaleElementReferenceException: stale element reference: stale element not found
  (Session info: chrome=135.0.7049.84)
For documentation on this error, please visit: https://www.selenium.dev/documentation/webdriver/troubleshooting/errors#stale-element-reference-exception
Build info: version: '4.31.0', revision: '1ef9f18787*'
System info: os.name: 'Windows 11', os.arch: 'amd64', os.version: '10.0', java.version: '21.0.6'
Driver info: org.openqa.selenium.chrome.ChromeDriver
Command: [a53745066330cb884d525b2bba07026b, getElementText {id=f.DD7238F753BDDE2859A5D894C5D2E532.d.B71DA5456DC137A7103D990EBAA88862.e.45}]
Capabilities {acceptInsecureCerts: false, browserName: chrome, browserVersion: 135.0.7049.84, chrome: {chromedriverVersion: 135.0.7049.84 (6c019e560019..., userDataDir: C:\Users\yuvar\AppData\Loca...}, fedcm:accounts: true, goog:chromeOptions: {debuggerAddress: localhost:60216}, networkConnectionEnabled: false, pageLoadStrategy: normal, platformName: windows, proxy: Proxy(), se:cdp: ws://localhost:60216/devtoo..., se:cdpVersion: 135.0.7049.84, setWindowRect: true, strictFileInteractability: false, timeouts: {implicit: 0, pageLoad: 300000, script: 30000}, unhandledPromptBehavior: dismiss and notify, webauthn:extension:credBlob: true, webauthn:extension:largeBlob: true, webauthn:extension:minPinLength: true, webauthn:extension:prf: true, webauthn:virtualAuthenticators: true}
Element: [[ChromeDriver: chrome on windows (a53745066330cb884d525b2bba07026b)] -> xpath: //h2[@class="product-title"]]
Session ID: a53745066330cb884d525b2bba07026b
at java.base/jdk.internal.reflect.DirectConstructorHandleAccessor.newInstance(DirectConstructorHandleAccessor.java:62)
at java.base/java.lang.reflect.Constructor.newInstanceWithCaller(Constructor.java:502)
at java.base/java.lang.reflect.Constructor.newInstance(Constructor.java:486)
at org.openqa.selenium.remote.ErrorCodec.decode(ErrorCodec.java:167)
at org.openqa.selenium.remote.codec.w3c.W3CHttpResponseCodec.decode(W3CHttpResponseCodec.java:138)
at org.openqa.selenium.remote.codec.w3c.W3CHttpResponseCodec.decode(W3CHttpResponseCodec.java:50)
at org.openqa.selenium.remote.HttpCommandExecutor.execute(HttpCommandExecutor.java:215)
at org.openqa.selenium.remote.service.DriverCommandExecutor.invokeExecute(DriverCommandExecutor.java:216)
at org.openqa.selenium.remote.service.DriverCommandExecutor.execute(DriverCommandExecutor.java:174)
at org.openqa.selenium.remote.RemoteWebDriver.execute(RemoteWebDriver.java:545)
at org.openqa.selenium.remote.RemoteWebElement.execute(RemoteWebElement.java:223)
at org.openqa.selenium.remote.RemoteWebElement.getText(RemoteWebElement.java:191)
at java.base/jdk.internal.reflect.DirectMethodHandleAccessor.invoke(DirectMethodHandleAccessor.java:103)
at java.base/java.lang.reflect.Method.invoke(Method.java:580)
at org.openqa.selenium.support.pagefactory.internal.LocatingElementHandler.invoke(LocatingElementHandler.java:51)
at jdk.proxy2/jdk.proxy2.$Proxy27.getText(Unknown Source)
at com.Actions.ProductAction.GetTitleOfProduct(ProductAction.java:40)
at com.Definitions.ProductStepDefinition.see_the_product_title_and_the_product_description(ProductStepDefinition.java:34)
at âœ½.see the product title and the product description(file:///C:/Users/yuvar/DemoWebShop(Automation)/DemoWebShop-Cucumber/src/test/resources/Features/Product.feature:18)
]]>
    </error>
  </testcase> <!-- runScenario -->
<<<<<<< HEAD
  <testcase classname="com.Runner.runnerTestNG" name="runScenario" time="161.644"/>
  <testcase classname="com.Runner.runnerTestNG" name="runScenario" time="36.199"/>
  <testcase classname="com.Runner.runnerTestNG" name="runScenario" time="19.356">
    <error message="stale element reference: stale element not found
  (Session info: chrome=135.0.7049.84)
For documentation on this error, please visit: https://www.selenium.dev/documentation/webdriver/troubleshooting/errors#stale-element-reference-exception
Build info: version: &#039;4.31.0&#039;, revision: &#039;1ef9f18787*&#039;
System info: os.name: &#039;Windows 11&#039;, os.arch: &#039;amd64&#039;, os.version: &#039;10.0&#039;, java.version: &#039;21.0.6&#039;
Driver info: org.openqa.selenium.chrome.ChromeDriver
Command: [a712b0fe662c72936424cfc0627588d1, sendKeysToElement {id=f.D6D70025C91CEA1AE7B7E2AA5FCA2473.d.B018D3433A2F08D53A2C2F19088DA572.e.4, value=[Ljava.lang.CharSequence;@60c3f7f}]
Capabilities {acceptInsecureCerts: false, browserName: chrome, browserVersion: 135.0.7049.84, chrome: {chromedriverVersion: 135.0.7049.84 (6c019e560019..., userDataDir: C:\Users\yuvar\AppData\Loca...}, fedcm:accounts: true, goog:chromeOptions: {debuggerAddress: localhost:64376}, networkConnectionEnabled: false, pageLoadStrategy: normal, platformName: windows, proxy: Proxy(), se:cdp: ws://localhost:64376/devtoo..., se:cdpVersion: 135.0.7049.84, setWindowRect: true, strictFileInteractability: false, timeouts: {implicit: 0, pageLoad: 300000, script: 30000}, unhandledPromptBehavior: dismiss and notify, webauthn:extension:credBlob: true, webauthn:extension:largeBlob: true, webauthn:extension:minPinLength: true, webauthn:extension:prf: true, webauthn:virtualAuthenticators: true}
Element: [[ChromeDriver: chrome on windows (a712b0fe662c72936424cfc0627588d1)] -&gt; xpath: //input[@id=&quot;small-searchterms&quot;]]
Session ID: a712b0fe662c72936424cfc0627588d1" type="org.openqa.selenium.StaleElementReferenceException">
      <![CDATA[org.openqa.selenium.StaleElementReferenceException: stale element reference: stale element not found
  (Session info: chrome=135.0.7049.84)
For documentation on this error, please visit: https://www.selenium.dev/documentation/webdriver/troubleshooting/errors#stale-element-reference-exception
Build info: version: '4.31.0', revision: '1ef9f18787*'
System info: os.name: 'Windows 11', os.arch: 'amd64', os.version: '10.0', java.version: '21.0.6'
Driver info: org.openqa.selenium.chrome.ChromeDriver
Command: [a712b0fe662c72936424cfc0627588d1, sendKeysToElement {id=f.D6D70025C91CEA1AE7B7E2AA5FCA2473.d.B018D3433A2F08D53A2C2F19088DA572.e.4, value=[Ljava.lang.CharSequence;@60c3f7f}]
Capabilities {acceptInsecureCerts: false, browserName: chrome, browserVersion: 135.0.7049.84, chrome: {chromedriverVersion: 135.0.7049.84 (6c019e560019..., userDataDir: C:\Users\yuvar\AppData\Loca...}, fedcm:accounts: true, goog:chromeOptions: {debuggerAddress: localhost:64376}, networkConnectionEnabled: false, pageLoadStrategy: normal, platformName: windows, proxy: Proxy(), se:cdp: ws://localhost:64376/devtoo..., se:cdpVersion: 135.0.7049.84, setWindowRect: true, strictFileInteractability: false, timeouts: {implicit: 0, pageLoad: 300000, script: 30000}, unhandledPromptBehavior: dismiss and notify, webauthn:extension:credBlob: true, webauthn:extension:largeBlob: true, webauthn:extension:minPinLength: true, webauthn:extension:prf: true, webauthn:virtualAuthenticators: true}
Element: [[ChromeDriver: chrome on windows (a712b0fe662c72936424cfc0627588d1)] -> xpath: //input[@id="small-searchterms"]]
Session ID: a712b0fe662c72936424cfc0627588d1
at java.base/jdk.internal.reflect.DirectConstructorHandleAccessor.newInstance(DirectConstructorHandleAccessor.java:62)
at java.base/java.lang.reflect.Constructor.newInstanceWithCaller(Constructor.java:502)
at java.base/java.lang.reflect.Constructor.newInstance(Constructor.java:486)
at org.openqa.selenium.remote.ErrorCodec.decode(ErrorCodec.java:167)
at org.openqa.selenium.remote.codec.w3c.W3CHttpResponseCodec.decode(W3CHttpResponseCodec.java:138)
at org.openqa.selenium.remote.codec.w3c.W3CHttpResponseCodec.decode(W3CHttpResponseCodec.java:50)
at org.openqa.selenium.remote.HttpCommandExecutor.execute(HttpCommandExecutor.java:215)
at org.openqa.selenium.remote.service.DriverCommandExecutor.invokeExecute(DriverCommandExecutor.java:216)
at org.openqa.selenium.remote.service.DriverCommandExecutor.execute(DriverCommandExecutor.java:174)
at org.openqa.selenium.remote.RemoteWebDriver.execute(RemoteWebDriver.java:545)
at org.openqa.selenium.remote.RemoteWebElement.execute(RemoteWebElement.java:223)
at org.openqa.selenium.remote.RemoteWebElement.sendKeys(RemoteWebElement.java:110)
at java.base/jdk.internal.reflect.DirectMethodHandleAccessor.invoke(DirectMethodHandleAccessor.java:103)
at java.base/java.lang.reflect.Method.invoke(Method.java:580)
at org.openqa.selenium.support.pagefactory.internal.LocatingElementHandler.invoke(LocatingElementHandler.java:51)
at jdk.proxy2/jdk.proxy2.$Proxy27.sendKeys(Unknown Source)
at com.Actions.ProductAction.addlaptopcart(ProductAction.java:172)
at com.Definitions.ProductStepDefinition.i_add_to_cart_the_laptop(ProductStepDefinition.java:149)
at âœ½.I add to cart the laptop(file:///C:/Users/yuvar/DemoWebShop(Automation)/DemoWebShop-Cucumber/src/test/resources/Features/Product.feature:65)
]]>
    </error>
  </testcase> <!-- runScenario -->
>>>>>>> branch 'master' of https://github.com/yuvarajry20/DemoWebShop-Cucumber.git
=======
  <testcase classname="com.Runner.runnerTestNG" name="runScenario" time="21.728"/>
  <testcase classname="com.Runner.runnerTestNG" name="runScenario" time="15.215"/>
  <testcase classname="com.Runner.runnerTestNG" name="runScenario" time="43.799"/>
  <testcase classname="com.Runner.runnerTestNG" name="runScenario" time="24.780"/>
  <testcase classname="com.Runner.runnerTestNG" name="runScenario" time="28.672"/>
  <testcase classname="com.Runner.runnerTestNG" name="runScenario" time="18.132"/>
  <testcase classname="com.Runner.runnerTestNG" name="runScenario" time="25.660"/>
  <testcase classname="com.Runner.runnerTestNG" name="runScenario" time="23.595"/>
>>>>>>> branch 'master' of https://github.com/yuvarajry20/DemoWebShop-Cucumber.git
</testsuite> <!-- com.Runner.runnerTestNG -->
