<?xml version="1.0" encoding="UTF-8"?>
<!-- Generated by org.testng.reporters.JUnitReportReporter -->
<testsuite hostname="YUVARAJ_UV" failures="0" tests="10" name="com.Runner.runnerTestNG" time="395.945" errors="0" timestamp="2025-04-11T16:13:58 IST" skipped="0">
  <testcase classname="com.Runner.runnerTestNG" name="runScenario" time="39.434"/>
  <testcase classname="com.Runner.runnerTestNG" name="runScenario" time="39.656"/>
  <testcase classname="com.Runner.runnerTestNG" name="runScenario" time="39.527"/>
  <testcase classname="com.Runner.runnerTestNG" name="runScenario" time="39.782"/>
  <testcase classname="com.Runner.runnerTestNG" name="runScenario" time="38.723"/>
  <testcase classname="com.Runner.runnerTestNG" name="runScenario" time="39.212"/>
  <testcase classname="com.Runner.runnerTestNG" name="runScenario" time="39.353"/>
  <testcase classname="com.Runner.runnerTestNG" name="runScenario" time="41.229"/>
  <testcase classname="com.Runner.runnerTestNG" name="runScenario" time="39.828"/>
  <testcase classname="com.Runner.runnerTestNG" name="runScenario" time="39.201"/>
</testsuite> <!-- com.Runner.runnerTestNG -->
