<?xml version="1.0" encoding="UTF-8"?>
<!-- Generated by org.testng.reporters.JUnitReportReporter -->
<testsuite hostname="DIVRAJ-2004" failures="0" tests="1" name="com.Runner.runnerTestNG" time="5.986" errors="0" timestamp="2025-07-02T17:00:44 IST" skipped="0">
  <testcase classname="com.Runner.runnerTestNG" name="runScenario" time="5.986"/>
</testsuite> <!-- com.Runner.runnerTestNG -->
