<?xml version="1.0" encoding="UTF-8"?>
<!-- Generated by org.testng.reporters.JUnitReportReporter -->
<testsuite hostname="YUVARAJ_UV" failures="0" tests="22" name="com.Runner.runnerTestNG" time="197.216" errors="0" timestamp="2025-04-16T14:44:01 IST" skipped="0">
  <testcase classname="com.Runner.runnerTestNG" name="runScenario" time="31.711"/>
  <testcase classname="com.Runner.runnerTestNG" name="runScenario" time="10.415"/>
  <testcase classname="com.Runner.runnerTestNG" name="runScenario" time="5.199"/>
  <testcase classname="com.Runner.runnerTestNG" name="runScenario" time="6.036"/>
  <testcase classname="com.Runner.runnerTestNG" name="runScenario" time="7.152"/>
  <testcase classname="com.Runner.runnerTestNG" name="runScenario" time="8.647"/>
  <testcase classname="com.Runner.runnerTestNG" name="runScenario" time="6.723"/>
  <testcase classname="com.Runner.runnerTestNG" name="runScenario" time="6.265"/>
  <testcase classname="com.Runner.runnerTestNG" name="runScenario" time="5.661"/>
  <testcase classname="com.Runner.runnerTestNG" name="runScenario" time="10.213"/>
  <testcase classname="com.Runner.runnerTestNG" name="runScenario" time="5.681"/>
  <testcase classname="com.Runner.runnerTestNG" name="runScenario" time="16.589"/>
  <testcase classname="com.Runner.runnerTestNG" name="runScenario" time="5.725"/>
  <testcase classname="com.Runner.runnerTestNG" name="runScenario" time="6.213"/>
  <testcase classname="com.Runner.runnerTestNG" name="runScenario" time="5.690"/>
  <testcase classname="com.Runner.runnerTestNG" name="runScenario" time="9.751"/>
  <testcase classname="com.Runner.runnerTestNG" name="runScenario" time="8.708"/>
  <testcase classname="com.Runner.runnerTestNG" name="runScenario" time="9.644"/>
  <testcase classname="com.Runner.runnerTestNG" name="runScenario" time="8.317"/>
  <testcase classname="com.Runner.runnerTestNG" name="runScenario" time="8.782"/>
  <testcase classname="com.Runner.runnerTestNG" name="runScenario" time="9.198"/>
  <testcase classname="com.Runner.runnerTestNG" name="runScenario" time="4.896"/>
</testsuite> <!-- com.Runner.runnerTestNG -->
