<?xml version="1.0" encoding="UTF-8"?>
<!-- Generated by org.testng.reporters.JUnitReportReporter -->
<testsuite hostname="YUVARAJ_UV" failures="0" tests="17" name="com.Runner.runnerTestNG" time="164.468" errors="0" timestamp="2025-04-13T17:13:27 IST" skipped="0">
  <testcase classname="com.Runner.runnerTestNG" name="runScenario" time="7.413"/>
  <testcase classname="com.Runner.runnerTestNG" name="runScenario" time="19.022"/>
  <testcase classname="com.Runner.runnerTestNG" name="runScenario" time="6.787"/>
  <testcase classname="com.Runner.runnerTestNG" name="runScenario" time="7.061"/>
  <testcase classname="com.Runner.runnerTestNG" name="runScenario" time="6.954"/>
  <testcase classname="com.Runner.runnerTestNG" name="runScenario" time="13.634"/>
  <testcase classname="com.Runner.runnerTestNG" name="runScenario" time="7.690"/>
  <testcase classname="com.Runner.runnerTestNG" name="runScenario" time="28.318"/>
  <testcase classname="com.Runner.runnerTestNG" name="runScenario" time="7.129"/>
  <testcase classname="com.Runner.runnerTestNG" name="runScenario" time="7.639"/>
  <testcase classname="com.Runner.runnerTestNG" name="runScenario" time="10.158"/>
  <testcase classname="com.Runner.runnerTestNG" name="runScenario" time="7.250"/>
  <testcase classname="com.Runner.runnerTestNG" name="runScenario" time="6.668"/>
  <testcase classname="com.Runner.runnerTestNG" name="runScenario" time="6.477"/>
  <testcase classname="com.Runner.runnerTestNG" name="runScenario" time="6.770"/>
  <testcase classname="com.Runner.runnerTestNG" name="runScenario" time="7.931"/>
  <testcase classname="com.Runner.runnerTestNG" name="runScenario" time="7.567"/>
</testsuite> <!-- com.Runner.runnerTestNG -->
