<?xml version="1.0" encoding="UTF-8"?>
<!-- Generated by org.testng.reporters.JUnitReportReporter -->
<<<<<<< HEAD
<testsuite hostname="DESKTOP-3CKMDVP" failures="0" tests="22" name="com.Runner.runnerTestNG" time="3529.996" errors="0" timestamp="2025-04-24T22:30:23 IST" skipped="0">
  <testcase classname="com.Runner.runnerTestNG" name="runScenario" time="19.316"/>
  <testcase classname="com.Runner.runnerTestNG" name="runScenario" time="40.374"/>
  <testcase classname="com.Runner.runnerTestNG" name="runScenario" time="69.299"/>
  <testcase classname="com.Runner.runnerTestNG" name="runScenario" time="281.536"/>
  <testcase classname="com.Runner.runnerTestNG" name="runScenario" time="40.597"/>
  <testcase classname="com.Runner.runnerTestNG" name="runScenario" time="18.007"/>
  <testcase classname="com.Runner.runnerTestNG" name="runScenario" time="272.744"/>
  <testcase classname="com.Runner.runnerTestNG" name="runScenario" time="309.132"/>
  <testcase classname="com.Runner.runnerTestNG" name="runScenario" time="65.151"/>
  <testcase classname="com.Runner.runnerTestNG" name="runScenario" time="358.700"/>
  <testcase classname="com.Runner.runnerTestNG" name="runScenario" time="272.283"/>
  <testcase classname="com.Runner.runnerTestNG" name="runScenario" time="70.913"/>
  <testcase classname="com.Runner.runnerTestNG" name="runScenario" time="77.170"/>
  <testcase classname="com.Runner.runnerTestNG" name="runScenario" time="281.550"/>
  <testcase classname="com.Runner.runnerTestNG" name="runScenario" time="67.815"/>
  <testcase classname="com.Runner.runnerTestNG" name="runScenario" time="281.377"/>
  <testcase classname="com.Runner.runnerTestNG" name="runScenario" time="309.189"/>
  <testcase classname="com.Runner.runnerTestNG" name="runScenario" time="273.493"/>
  <testcase classname="com.Runner.runnerTestNG" name="runScenario" time="272.250"/>
  <testcase classname="com.Runner.runnerTestNG" name="runScenario" time="14.188"/>
  <testcase classname="com.Runner.runnerTestNG" name="runScenario" time="66.894"/>
  <testcase classname="com.Runner.runnerTestNG" name="runScenario" time="68.018"/>
=======
<testsuite hostname="DIVRAJ-2004" failures="0" tests="60" name="com.Runner.runnerTestNG" time="1399.680" errors="2" timestamp="2025-04-24T23:00:00 IST" skipped="0">
  <testcase classname="com.Runner.runnerTestNG" name="runScenario" time="10.778"/>
  <testcase classname="com.Runner.runnerTestNG" name="runScenario" time="30.589"/>
  <testcase classname="com.Runner.runnerTestNG" name="runScenario" time="19.017"/>
  <testcase classname="com.Runner.runnerTestNG" name="runScenario" time="21.046"/>
  <testcase classname="com.Runner.runnerTestNG" name="runScenario" time="11.058"/>
  <testcase classname="com.Runner.runnerTestNG" name="runScenario" time="12.421"/>
  <testcase classname="com.Runner.runnerTestNG" name="runScenario" time="41.899"/>
  <testcase classname="com.Runner.runnerTestNG" name="runScenario" time="22.169"/>
  <testcase classname="com.Runner.runnerTestNG" name="runScenario" time="18.367"/>
  <testcase classname="com.Runner.runnerTestNG" name="runScenario" time="18.599"/>
  <testcase classname="com.Runner.runnerTestNG" name="runScenario" time="64.176">
    <error message="no such element: Unable to locate element: {&quot;method&quot;:&quot;xpath&quot;,&quot;selector&quot;:&quot;//div[@class=&quot;master-wrapper-main&quot;]//div//div//div[2]//div//ul//li[2]//a&quot;}
  (Session info: chrome=135.0.7049.86)
For documentation on this error, please visit: https://www.selenium.dev/documentation/webdriver/troubleshooting/errors#no-such-element-exception
Build info: version: &#039;4.31.0&#039;, revision: &#039;1ef9f18787*&#039;
System info: os.name: &#039;Windows 11&#039;, os.arch: &#039;amd64&#039;, os.version: &#039;10.0&#039;, java.version: &#039;21.0.6&#039;
Driver info: org.openqa.selenium.chrome.ChromeDriver
Command: [2b78df9b72e410d59e458612a4fb5b0f, findElement {using=xpath, value=//div[@class=&quot;master-wrapper-main&quot;]//div//div//div[2]//div//ul//li[2]//a}]
Capabilities {acceptInsecureCerts: false, browserName: chrome, browserVersion: 135.0.7049.86, chrome: {chromedriverVersion: 135.0.7049.114 (63fd8a7d9d0..., userDataDir: C:\Users\Lenovo\AppData\Loc...}, fedcm:accounts: true, goog:chromeOptions: {debuggerAddress: localhost:65316}, networkConnectionEnabled: false, pageLoadStrategy: normal, platformName: windows, proxy: Proxy(), se:cdp: ws://localhost:65316/devtoo..., se:cdpVersion: 135.0.7049.86, setWindowRect: true, strictFileInteractability: false, timeouts: {implicit: 0, pageLoad: 300000, script: 30000}, unhandledPromptBehavior: dismiss and notify, webauthn:extension:credBlob: true, webauthn:extension:largeBlob: true, webauthn:extension:minPinLength: true, webauthn:extension:prf: true, webauthn:virtualAuthenticators: true}
Session ID: 2b78df9b72e410d59e458612a4fb5b0f" type="org.openqa.selenium.NoSuchElementException">
      <![CDATA[org.openqa.selenium.NoSuchElementException: no such element: Unable to locate element: {"method":"xpath","selector":"//div[@class="master-wrapper-main"]//div//div//div[2]//div//ul//li[2]//a"}
  (Session info: chrome=135.0.7049.86)
For documentation on this error, please visit: https://www.selenium.dev/documentation/webdriver/troubleshooting/errors#no-such-element-exception
Build info: version: '4.31.0', revision: '1ef9f18787*'
System info: os.name: 'Windows 11', os.arch: 'amd64', os.version: '10.0', java.version: '21.0.6'
Driver info: org.openqa.selenium.chrome.ChromeDriver
Command: [2b78df9b72e410d59e458612a4fb5b0f, findElement {using=xpath, value=//div[@class="master-wrapper-main"]//div//div//div[2]//div//ul//li[2]//a}]
Capabilities {acceptInsecureCerts: false, browserName: chrome, browserVersion: 135.0.7049.86, chrome: {chromedriverVersion: 135.0.7049.114 (63fd8a7d9d0..., userDataDir: C:\Users\Lenovo\AppData\Loc...}, fedcm:accounts: true, goog:chromeOptions: {debuggerAddress: localhost:65316}, networkConnectionEnabled: false, pageLoadStrategy: normal, platformName: windows, proxy: Proxy(), se:cdp: ws://localhost:65316/devtoo..., se:cdpVersion: 135.0.7049.86, setWindowRect: true, strictFileInteractability: false, timeouts: {implicit: 0, pageLoad: 300000, script: 30000}, unhandledPromptBehavior: dismiss and notify, webauthn:extension:credBlob: true, webauthn:extension:largeBlob: true, webauthn:extension:minPinLength: true, webauthn:extension:prf: true, webauthn:virtualAuthenticators: true}
Session ID: 2b78df9b72e410d59e458612a4fb5b0f
at java.base/jdk.internal.reflect.DirectConstructorHandleAccessor.newInstance(DirectConstructorHandleAccessor.java:62)
at java.base/java.lang.reflect.Constructor.newInstanceWithCaller(Constructor.java:502)
at java.base/java.lang.reflect.Constructor.newInstance(Constructor.java:486)
at org.openqa.selenium.remote.ErrorCodec.decode(ErrorCodec.java:167)
at org.openqa.selenium.remote.codec.w3c.W3CHttpResponseCodec.decode(W3CHttpResponseCodec.java:138)
at org.openqa.selenium.remote.codec.w3c.W3CHttpResponseCodec.decode(W3CHttpResponseCodec.java:50)
at org.openqa.selenium.remote.HttpCommandExecutor.execute(HttpCommandExecutor.java:215)
at org.openqa.selenium.remote.service.DriverCommandExecutor.invokeExecute(DriverCommandExecutor.java:216)
at org.openqa.selenium.remote.service.DriverCommandExecutor.execute(DriverCommandExecutor.java:174)
at org.openqa.selenium.remote.RemoteWebDriver.execute(RemoteWebDriver.java:545)
at org.openqa.selenium.remote.ElementLocation$ElementFinder$2.findElement(ElementLocation.java:165)
at org.openqa.selenium.remote.ElementLocation.findElement(ElementLocation.java:59)
at org.openqa.selenium.remote.RemoteWebDriver.findElement(RemoteWebDriver.java:368)
at org.openqa.selenium.remote.RemoteWebDriver.findElement(RemoteWebDriver.java:362)
at org.openqa.selenium.support.pagefactory.DefaultElementLocator.findElement(DefaultElementLocator.java:68)
at org.openqa.selenium.support.pagefactory.internal.LocatingElementHandler.invoke(LocatingElementHandler.java:38)
at jdk.proxy2/jdk.proxy2.$Proxy27.click(Unknown Source)
at com.Actions.CheckoutAction.pdfinvoiceclik(CheckoutAction.java:150)
at com.Definitions.CheckoutStepDefinition.the_user_should_see_the_order_number_and_able_to_download_the_invoice_as_pdf(CheckoutStepDefinition.java:111)
at âœ½.the user should see the order number and able to download the invoice as pdf(file:///C:/Users/Lenovo/git/DemoWebShop-Cucumber/src/test/resources/Features/CheckOut.feature:22)
]]>
    </error>
  </testcase> <!-- runScenario -->
  <testcase classname="com.Runner.runnerTestNG" name="runScenario" time="13.311"/>
  <testcase classname="com.Runner.runnerTestNG" name="runScenario" time="19.367"/>
  <testcase classname="com.Runner.runnerTestNG" name="runScenario" time="16.530"/>
  <testcase classname="com.Runner.runnerTestNG" name="runScenario" time="18.698"/>
  <testcase classname="com.Runner.runnerTestNG" name="runScenario" time="12.368"/>
  <testcase classname="com.Runner.runnerTestNG" name="runScenario" time="18.771"/>
  <testcase classname="com.Runner.runnerTestNG" name="runScenario" time="24.815"/>
  <testcase classname="com.Runner.runnerTestNG" name="runScenario" time="41.447"/>
  <testcase classname="com.Runner.runnerTestNG" name="runScenario" time="42.798"/>
  <testcase classname="com.Runner.runnerTestNG" name="runScenario" time="12.985"/>
  <testcase classname="com.Runner.runnerTestNG" name="runScenario" time="41.294"/>
  <testcase classname="com.Runner.runnerTestNG" name="runScenario" time="18.497"/>
  <testcase classname="com.Runner.runnerTestNG" name="runScenario" time="13.602"/>
  <testcase classname="com.Runner.runnerTestNG" name="runScenario" time="12.822"/>
  <testcase classname="com.Runner.runnerTestNG" name="runScenario" time="10.509"/>
  <testcase classname="com.Runner.runnerTestNG" name="runScenario" time="12.786"/>
  <testcase classname="com.Runner.runnerTestNG" name="runScenario" time="27.296"/>
  <testcase classname="com.Runner.runnerTestNG" name="runScenario" time="12.300"/>
  <testcase classname="com.Runner.runnerTestNG" name="runScenario" time="31.641"/>
  <testcase classname="com.Runner.runnerTestNG" name="runScenario" time="18.779"/>
  <testcase classname="com.Runner.runnerTestNG" name="runScenario" time="19.665"/>
  <testcase classname="com.Runner.runnerTestNG" name="runScenario" time="36.108">
    <error message="unexpected alert open: {Alert text : Your cart is empty}
  (Session info: chrome=135.0.7049.86): Your cart is empty
Build info: version: &#039;4.31.0&#039;, revision: &#039;1ef9f18787*&#039;
System info: os.name: &#039;Windows 11&#039;, os.arch: &#039;amd64&#039;, os.version: &#039;10.0&#039;, java.version: &#039;21.0.6&#039;
Driver info: org.openqa.selenium.chrome.ChromeDriver
Command: [fdbaef9ff1173995d573fce8e2e68403, findElement {using=xpath, value=//div[@id=&quot;confirm-order-buttons-container&quot;]//input[@class=&quot;button-1 confirm-order-next-step-button&quot;]}]
Capabilities {acceptInsecureCerts: false, browserName: chrome, browserVersion: 135.0.7049.86, chrome: {chromedriverVersion: 135.0.7049.114 (63fd8a7d9d0..., userDataDir: C:\Users\Lenovo\AppData\Loc...}, fedcm:accounts: true, goog:chromeOptions: {debuggerAddress: localhost:49194}, networkConnectionEnabled: false, pageLoadStrategy: normal, platformName: windows, proxy: Proxy(), se:cdp: ws://localhost:49194/devtoo..., se:cdpVersion: 135.0.7049.86, setWindowRect: true, strictFileInteractability: false, timeouts: {implicit: 0, pageLoad: 300000, script: 30000}, unhandledPromptBehavior: dismiss and notify, webauthn:extension:credBlob: true, webauthn:extension:largeBlob: true, webauthn:extension:minPinLength: true, webauthn:extension:prf: true, webauthn:virtualAuthenticators: true}
Session ID: fdbaef9ff1173995d573fce8e2e68403" type="org.openqa.selenium.UnhandledAlertException">
      <![CDATA[org.openqa.selenium.UnhandledAlertException: unexpected alert open: {Alert text : Your cart is empty}
  (Session info: chrome=135.0.7049.86): Your cart is empty
Build info: version: '4.31.0', revision: '1ef9f18787*'
System info: os.name: 'Windows 11', os.arch: 'amd64', os.version: '10.0', java.version: '21.0.6'
Driver info: org.openqa.selenium.chrome.ChromeDriver
Command: [fdbaef9ff1173995d573fce8e2e68403, findElement {using=xpath, value=//div[@id="confirm-order-buttons-container"]//input[@class="button-1 confirm-order-next-step-button"]}]
Capabilities {acceptInsecureCerts: false, browserName: chrome, browserVersion: 135.0.7049.86, chrome: {chromedriverVersion: 135.0.7049.114 (63fd8a7d9d0..., userDataDir: C:\Users\Lenovo\AppData\Loc...}, fedcm:accounts: true, goog:chromeOptions: {debuggerAddress: localhost:49194}, networkConnectionEnabled: false, pageLoadStrategy: normal, platformName: windows, proxy: Proxy(), se:cdp: ws://localhost:49194/devtoo..., se:cdpVersion: 135.0.7049.86, setWindowRect: true, strictFileInteractability: false, timeouts: {implicit: 0, pageLoad: 300000, script: 30000}, unhandledPromptBehavior: dismiss and notify, webauthn:extension:credBlob: true, webauthn:extension:largeBlob: true, webauthn:extension:minPinLength: true, webauthn:extension:prf: true, webauthn:virtualAuthenticators: true}
Session ID: fdbaef9ff1173995d573fce8e2e68403
at org.openqa.selenium.remote.codec.w3c.W3CHttpResponseCodec.decode(W3CHttpResponseCodec.java:136)
at org.openqa.selenium.remote.codec.w3c.W3CHttpResponseCodec.decode(W3CHttpResponseCodec.java:50)
at org.openqa.selenium.remote.HttpCommandExecutor.execute(HttpCommandExecutor.java:215)
at org.openqa.selenium.remote.service.DriverCommandExecutor.invokeExecute(DriverCommandExecutor.java:216)
at org.openqa.selenium.remote.service.DriverCommandExecutor.execute(DriverCommandExecutor.java:174)
at org.openqa.selenium.remote.RemoteWebDriver.execute(RemoteWebDriver.java:545)
at org.openqa.selenium.remote.ElementLocation$ElementFinder$2.findElement(ElementLocation.java:165)
at org.openqa.selenium.remote.ElementLocation.findElement(ElementLocation.java:59)
at org.openqa.selenium.remote.RemoteWebDriver.findElement(RemoteWebDriver.java:368)
at org.openqa.selenium.remote.RemoteWebDriver.findElement(RemoteWebDriver.java:362)
at org.openqa.selenium.support.pagefactory.DefaultElementLocator.findElement(DefaultElementLocator.java:68)
at org.openqa.selenium.support.pagefactory.internal.LocatingElementHandler.invoke(LocatingElementHandler.java:38)
at jdk.proxy2/jdk.proxy2.$Proxy27.click(Unknown Source)
at com.Actions.CheckoutAction.confirmcheckout(CheckoutAction.java:121)
at com.Definitions.CheckoutStepDefinition.proceed_the_remaining_steps_and_confirm(CheckoutStepDefinition.java:336)
at âœ½.proceed the remaining steps and confirm(file:///C:/Users/Lenovo/git/DemoWebShop-Cucumber/src/test/resources/Features/CheckOut.feature:75)
]]>
    </error>
  </testcase> <!-- runScenario -->
  <testcase classname="com.Runner.runnerTestNG" name="runScenario" time="17.352"/>
  <testcase classname="com.Runner.runnerTestNG" name="runScenario" time="28.266"/>
  <testcase classname="com.Runner.runnerTestNG" name="runScenario" time="16.488"/>
  <testcase classname="com.Runner.runnerTestNG" name="runScenario" time="52.892"/>
  <testcase classname="com.Runner.runnerTestNG" name="runScenario" time="27.623"/>
  <testcase classname="com.Runner.runnerTestNG" name="runScenario" time="14.006"/>
  <testcase classname="com.Runner.runnerTestNG" name="runScenario" time="26.228"/>
  <testcase classname="com.Runner.runnerTestNG" name="runScenario" time="24.273"/>
  <testcase classname="com.Runner.runnerTestNG" name="runScenario" time="28.209"/>
  <testcase classname="com.Runner.runnerTestNG" name="runScenario" time="12.143"/>
  <testcase classname="com.Runner.runnerTestNG" name="runScenario" time="13.999"/>
  <testcase classname="com.Runner.runnerTestNG" name="runScenario" time="11.627"/>
  <testcase classname="com.Runner.runnerTestNG" name="runScenario" time="28.067"/>
  <testcase classname="com.Runner.runnerTestNG" name="runScenario" time="11.039"/>
  <testcase classname="com.Runner.runnerTestNG" name="runScenario" time="43.123"/>
  <testcase classname="com.Runner.runnerTestNG" name="runScenario" time="27.576"/>
  <testcase classname="com.Runner.runnerTestNG" name="runScenario" time="12.129"/>
  <testcase classname="com.Runner.runnerTestNG" name="runScenario" time="11.998"/>
  <testcase classname="com.Runner.runnerTestNG" name="runScenario" time="17.132"/>
  <testcase classname="com.Runner.runnerTestNG" name="runScenario" time="13.074"/>
  <testcase classname="com.Runner.runnerTestNG" name="runScenario" time="80.746"/>
  <testcase classname="com.Runner.runnerTestNG" name="runScenario" time="14.518"/>
  <testcase classname="com.Runner.runnerTestNG" name="runScenario" time="26.597"/>
  <testcase classname="com.Runner.runnerTestNG" name="runScenario" time="26.724"/>
  <testcase classname="com.Runner.runnerTestNG" name="runScenario" time="20.738"/>
  <testcase classname="com.Runner.runnerTestNG" name="runScenario" time="18.894"/>
  <testcase classname="com.Runner.runnerTestNG" name="runScenario" time="27.711"/>
>>>>>>> branch 'master' of https://github.com/yuvarajry20/DemoWebShop-Cucumber.git
</testsuite> <!-- com.Runner.runnerTestNG -->
