<?xml version="1.0" encoding="UTF-8"?>
<!-- Generated by org.testng.reporters.JUnitReportReporter -->
<testsuite hostname="DIVRAJ-2004" failures="0" tests="1" name="com.Runner.runnerTestNG" time="9.650" errors="0" timestamp="2025-05-27T09:32:21 IST" skipped="0">
  <testcase classname="com.Runner.runnerTestNG" name="runScenario" time="9.650"/>
</testsuite> <!-- com.Runner.runnerTestNG -->
