<?xml version="1.0" encoding="UTF-8"?>
<!-- Generated by org.testng.reporters.JUnitReportReporter -->
<<<<<<< HEAD
<testsuite hostname="DESKTOP-3CKMDVP" failures="0" tests="2" name="com.Runner.runnerTestNG" time="67.504" errors="2" timestamp="2025-05-05T16:41:04 IST" skipped="0">
  <testcase classname="com.Runner.runnerTestNG" name="runScenario" time="33.752">
    <error message="no such element: Unable to locate element: {&quot;method&quot;:&quot;xpath&quot;,&quot;selector&quot;:&quot;//ul[@class=&quot;product-tags-list&quot;]//child::li[5]&quot;}
  (Session info: chrome=136.0.7103.49)
For documentation on this error, please visit: https://www.selenium.dev/documentation/webdriver/troubleshooting/errors#no-such-element-exception
Build info: version: &#039;4.31.0&#039;, revision: &#039;1ef9f18787*&#039;
System info: os.name: &#039;Windows 10&#039;, os.arch: &#039;amd64&#039;, os.version: &#039;10.0&#039;, java.version: &#039;17.0.6&#039;
Driver info: org.openqa.selenium.chrome.ChromeDriver
Command: [1f23052af4aafd670a073e23ad73fc39, findElement {value=//ul[@class=&quot;product-tags-list&quot;]//child::li[5], using=xpath}]
Capabilities {acceptInsecureCerts: false, browserName: chrome, browserVersion: 136.0.7103.49, chrome: {chromedriverVersion: 136.0.7103.49 (031848bc6ad0..., userDataDir: C:\Users\ADMIN\AppData\Loca...}, fedcm:accounts: true, goog:chromeOptions: {debuggerAddress: localhost:62400}, networkConnectionEnabled: false, pageLoadStrategy: normal, platformName: windows, proxy: Proxy(), se:cdp: ws://localhost:62400/devtoo..., se:cdpVersion: 136.0.7103.49, setWindowRect: true, strictFileInteractability: false, timeouts: {implicit: 0, pageLoad: 300000, script: 30000}, unhandledPromptBehavior: dismiss and notify, webauthn:extension:credBlob: true, webauthn:extension:largeBlob: true, webauthn:extension:minPinLength: true, webauthn:extension:prf: true, webauthn:virtualAuthenticators: true}
Session ID: 1f23052af4aafd670a073e23ad73fc39" type="org.openqa.selenium.NoSuchElementException">
      <![CDATA[org.openqa.selenium.NoSuchElementException: no such element: Unable to locate element: {"method":"xpath","selector":"//ul[@class="product-tags-list"]//child::li[5]"}
  (Session info: chrome=136.0.7103.49)
For documentation on this error, please visit: https://www.selenium.dev/documentation/webdriver/troubleshooting/errors#no-such-element-exception
Build info: version: '4.31.0', revision: '1ef9f18787*'
System info: os.name: 'Windows 10', os.arch: 'amd64', os.version: '10.0', java.version: '17.0.6'
Driver info: org.openqa.selenium.chrome.ChromeDriver
Command: [1f23052af4aafd670a073e23ad73fc39, findElement {value=//ul[@class="product-tags-list"]//child::li[5], using=xpath}]
Capabilities {acceptInsecureCerts: false, browserName: chrome, browserVersion: 136.0.7103.49, chrome: {chromedriverVersion: 136.0.7103.49 (031848bc6ad0..., userDataDir: C:\Users\ADMIN\AppData\Loca...}, fedcm:accounts: true, goog:chromeOptions: {debuggerAddress: localhost:62400}, networkConnectionEnabled: false, pageLoadStrategy: normal, platformName: windows, proxy: Proxy(), se:cdp: ws://localhost:62400/devtoo..., se:cdpVersion: 136.0.7103.49, setWindowRect: true, strictFileInteractability: false, timeouts: {implicit: 0, pageLoad: 300000, script: 30000}, unhandledPromptBehavior: dismiss and notify, webauthn:extension:credBlob: true, webauthn:extension:largeBlob: true, webauthn:extension:minPinLength: true, webauthn:extension:prf: true, webauthn:virtualAuthenticators: true}
Session ID: 1f23052af4aafd670a073e23ad73fc39
at java.base/jdk.internal.reflect.NativeConstructorAccessorImpl.newInstance0(Native Method)
at java.base/jdk.internal.reflect.NativeConstructorAccessorImpl.newInstance(NativeConstructorAccessorImpl.java:77)
at java.base/jdk.internal.reflect.DelegatingConstructorAccessorImpl.newInstance(DelegatingConstructorAccessorImpl.java:45)
at java.base/java.lang.reflect.Constructor.newInstanceWithCaller(Constructor.java:499)
at java.base/java.lang.reflect.Constructor.newInstance(Constructor.java:480)
at org.openqa.selenium.remote.ErrorCodec.decode(ErrorCodec.java:167)
at org.openqa.selenium.remote.codec.w3c.W3CHttpResponseCodec.decode(W3CHttpResponseCodec.java:138)
at org.openqa.selenium.remote.codec.w3c.W3CHttpResponseCodec.decode(W3CHttpResponseCodec.java:50)
at org.openqa.selenium.remote.HttpCommandExecutor.execute(HttpCommandExecutor.java:215)
at org.openqa.selenium.remote.service.DriverCommandExecutor.invokeExecute(DriverCommandExecutor.java:216)
at org.openqa.selenium.remote.service.DriverCommandExecutor.execute(DriverCommandExecutor.java:174)
at org.openqa.selenium.remote.RemoteWebDriver.execute(RemoteWebDriver.java:545)
at org.openqa.selenium.remote.ElementLocation$ElementFinder$2.findElement(ElementLocation.java:165)
at org.openqa.selenium.remote.ElementLocation.findElement(ElementLocation.java:59)
at org.openqa.selenium.remote.RemoteWebDriver.findElement(RemoteWebDriver.java:368)
at org.openqa.selenium.remote.RemoteWebDriver.findElement(RemoteWebDriver.java:362)
at org.openqa.selenium.support.pagefactory.DefaultElementLocator.findElement(DefaultElementLocator.java:68)
at org.openqa.selenium.support.pagefactory.internal.LocatingElementHandler.invoke(LocatingElementHandler.java:38)
at jdk.proxy2/jdk.proxy2.$Proxy27.click(Unknown Source)
at com.Actions.TagAction.clickCellLinks(TagAction.java:34)
at com.Definitions.TagStepDefinitions.i_click_on_tag_link(TagStepDefinitions.java:43)
at âœ½.I click on "cell" tag link(file:///C:/Users/ADMIN/git/DemoWebShop-Cucumber/src/test/resources/Features/Tags.feature:8)
]]>
    </error>
  </testcase> <!-- runScenario -->
  <testcase classname="com.Runner.runnerTestNG" name="runScenario" time="33.752">
    <error message="no such element: Unable to locate element: {&quot;method&quot;:&quot;xpath&quot;,&quot;selector&quot;:&quot;//ul[@class=&quot;product-tags-list&quot;]//li[10]&quot;}
  (Session info: chrome=136.0.7103.49)
For documentation on this error, please visit: https://www.selenium.dev/documentation/webdriver/troubleshooting/errors#no-such-element-exception
Build info: version: &#039;4.31.0&#039;, revision: &#039;1ef9f18787*&#039;
System info: os.name: &#039;Windows 10&#039;, os.arch: &#039;amd64&#039;, os.version: &#039;10.0&#039;, java.version: &#039;17.0.6&#039;
Driver info: org.openqa.selenium.chrome.ChromeDriver
Command: [4f56503b8a4857b3cfb49197559f102d, findElement {value=//ul[@class=&quot;product-tags-list&quot;]//li[10], using=xpath}]
Capabilities {acceptInsecureCerts: false, browserName: chrome, browserVersion: 136.0.7103.49, chrome: {chromedriverVersion: 136.0.7103.49 (031848bc6ad0..., userDataDir: C:\Users\ADMIN\AppData\Loca...}, fedcm:accounts: true, goog:chromeOptions: {debuggerAddress: localhost:62401}, networkConnectionEnabled: false, pageLoadStrategy: normal, platformName: windows, proxy: Proxy(), se:cdp: ws://localhost:62401/devtoo..., se:cdpVersion: 136.0.7103.49, setWindowRect: true, strictFileInteractability: false, timeouts: {implicit: 0, pageLoad: 300000, script: 30000}, unhandledPromptBehavior: dismiss and notify, webauthn:extension:credBlob: true, webauthn:extension:largeBlob: true, webauthn:extension:minPinLength: true, webauthn:extension:prf: true, webauthn:virtualAuthenticators: true}
Session ID: 4f56503b8a4857b3cfb49197559f102d" type="org.openqa.selenium.NoSuchElementException">
      <![CDATA[org.openqa.selenium.NoSuchElementException: no such element: Unable to locate element: {"method":"xpath","selector":"//ul[@class="product-tags-list"]//li[10]"}
  (Session info: chrome=136.0.7103.49)
For documentation on this error, please visit: https://www.selenium.dev/documentation/webdriver/troubleshooting/errors#no-such-element-exception
Build info: version: '4.31.0', revision: '1ef9f18787*'
System info: os.name: 'Windows 10', os.arch: 'amd64', os.version: '10.0', java.version: '17.0.6'
Driver info: org.openqa.selenium.chrome.ChromeDriver
Command: [4f56503b8a4857b3cfb49197559f102d, findElement {value=//ul[@class="product-tags-list"]//li[10], using=xpath}]
Capabilities {acceptInsecureCerts: false, browserName: chrome, browserVersion: 136.0.7103.49, chrome: {chromedriverVersion: 136.0.7103.49 (031848bc6ad0..., userDataDir: C:\Users\ADMIN\AppData\Loca...}, fedcm:accounts: true, goog:chromeOptions: {debuggerAddress: localhost:62401}, networkConnectionEnabled: false, pageLoadStrategy: normal, platformName: windows, proxy: Proxy(), se:cdp: ws://localhost:62401/devtoo..., se:cdpVersion: 136.0.7103.49, setWindowRect: true, strictFileInteractability: false, timeouts: {implicit: 0, pageLoad: 300000, script: 30000}, unhandledPromptBehavior: dismiss and notify, webauthn:extension:credBlob: true, webauthn:extension:largeBlob: true, webauthn:extension:minPinLength: true, webauthn:extension:prf: true, webauthn:virtualAuthenticators: true}
Session ID: 4f56503b8a4857b3cfb49197559f102d
at java.base/jdk.internal.reflect.NativeConstructorAccessorImpl.newInstance0(Native Method)
at java.base/jdk.internal.reflect.NativeConstructorAccessorImpl.newInstance(NativeConstructorAccessorImpl.java:77)
at java.base/jdk.internal.reflect.DelegatingConstructorAccessorImpl.newInstance(DelegatingConstructorAccessorImpl.java:45)
at java.base/java.lang.reflect.Constructor.newInstanceWithCaller(Constructor.java:499)
at java.base/java.lang.reflect.Constructor.newInstance(Constructor.java:480)
at org.openqa.selenium.remote.ErrorCodec.decode(ErrorCodec.java:167)
at org.openqa.selenium.remote.codec.w3c.W3CHttpResponseCodec.decode(W3CHttpResponseCodec.java:138)
at org.openqa.selenium.remote.codec.w3c.W3CHttpResponseCodec.decode(W3CHttpResponseCodec.java:50)
at org.openqa.selenium.remote.HttpCommandExecutor.execute(HttpCommandExecutor.java:215)
at org.openqa.selenium.remote.service.DriverCommandExecutor.invokeExecute(DriverCommandExecutor.java:216)
at org.openqa.selenium.remote.service.DriverCommandExecutor.execute(DriverCommandExecutor.java:174)
at org.openqa.selenium.remote.RemoteWebDriver.execute(RemoteWebDriver.java:545)
at org.openqa.selenium.remote.ElementLocation$ElementFinder$2.findElement(ElementLocation.java:165)
at org.openqa.selenium.remote.ElementLocation.findElement(ElementLocation.java:59)
at org.openqa.selenium.remote.RemoteWebDriver.findElement(RemoteWebDriver.java:368)
at org.openqa.selenium.remote.RemoteWebDriver.findElement(RemoteWebDriver.java:362)
at org.openqa.selenium.support.pagefactory.DefaultElementLocator.findElement(DefaultElementLocator.java:68)
at org.openqa.selenium.support.pagefactory.internal.LocatingElementHandler.invoke(LocatingElementHandler.java:38)
at jdk.proxy2/jdk.proxy2.$Proxy27.click(Unknown Source)
at com.Actions.TagAction.clickDigitalLinks(TagAction.java:29)
at com.Definitions.TagStepDefinitions.i_click_on_tag_link(TagStepDefinitions.java:41)
at âœ½.I click on "Digital" tag link(file:///C:/Users/ADMIN/git/DemoWebShop-Cucumber/src/test/resources/Features/Tags.feature:8)
]]>
    </error>
  </testcase> <!-- runScenario -->
=======
<<<<<<< HEAD
<testsuite hostname="DIVRAJ-2004" failures="0" tests="70" name="com.Runner.runnerTestNG" time="1122.792" errors="0" timestamp="2025-05-05T16:41:33 IST" skipped="0">
  <testcase classname="com.Runner.runnerTestNG" name="runScenario" time="12.495"/>
  <testcase classname="com.Runner.runnerTestNG" name="runScenario" time="22.375"/>
  <testcase classname="com.Runner.runnerTestNG" name="runScenario" time="6.256"/>
  <testcase classname="com.Runner.runnerTestNG" name="runScenario" time="23.026"/>
  <testcase classname="com.Runner.runnerTestNG" name="runScenario" time="16.190"/>
  <testcase classname="com.Runner.runnerTestNG" name="runScenario" time="7.774"/>
  <testcase classname="com.Runner.runnerTestNG" name="runScenario" time="16.067"/>
  <testcase classname="com.Runner.runnerTestNG" name="runScenario" time="16.299"/>
  <testcase classname="com.Runner.runnerTestNG" name="runScenario" time="7.945"/>
  <testcase classname="com.Runner.runnerTestNG" name="runScenario" time="18.924"/>
  <testcase classname="com.Runner.runnerTestNG" name="runScenario" time="10.671"/>
  <testcase classname="com.Runner.runnerTestNG" name="runScenario" time="6.753"/>
  <testcase classname="com.Runner.runnerTestNG" name="runScenario" time="11.566"/>
  <testcase classname="com.Runner.runnerTestNG" name="runScenario" time="12.043"/>
  <testcase classname="com.Runner.runnerTestNG" name="runScenario" time="11.851"/>
  <testcase classname="com.Runner.runnerTestNG" name="runScenario" time="12.137"/>
  <testcase classname="com.Runner.runnerTestNG" name="runScenario" time="10.999"/>
  <testcase classname="com.Runner.runnerTestNG" name="runScenario" time="11.203"/>
  <testcase classname="com.Runner.runnerTestNG" name="runScenario" time="14.494"/>
  <testcase classname="com.Runner.runnerTestNG" name="runScenario" time="16.312"/>
  <testcase classname="com.Runner.runnerTestNG" name="runScenario" time="14.560"/>
  <testcase classname="com.Runner.runnerTestNG" name="runScenario" time="6.724"/>
  <testcase classname="com.Runner.runnerTestNG" name="runScenario" time="7.493"/>
  <testcase classname="com.Runner.runnerTestNG" name="runScenario" time="7.649"/>
  <testcase classname="com.Runner.runnerTestNG" name="runScenario" time="9.184"/>
  <testcase classname="com.Runner.runnerTestNG" name="runScenario" time="10.754"/>
  <testcase classname="com.Runner.runnerTestNG" name="runScenario" time="19.351"/>
  <testcase classname="com.Runner.runnerTestNG" name="runScenario" time="14.924"/>
  <testcase classname="com.Runner.runnerTestNG" name="runScenario" time="7.884"/>
  <testcase classname="com.Runner.runnerTestNG" name="runScenario" time="13.993"/>
  <testcase classname="com.Runner.runnerTestNG" name="runScenario" time="5.830"/>
  <testcase classname="com.Runner.runnerTestNG" name="runScenario" time="8.954"/>
  <testcase classname="com.Runner.runnerTestNG" name="runScenario" time="9.660"/>
  <testcase classname="com.Runner.runnerTestNG" name="runScenario" time="23.799"/>
  <testcase classname="com.Runner.runnerTestNG" name="runScenario" time="21.623"/>
  <testcase classname="com.Runner.runnerTestNG" name="runScenario" time="16.123"/>
  <testcase classname="com.Runner.runnerTestNG" name="runScenario" time="19.384"/>
  <testcase classname="com.Runner.runnerTestNG" name="runScenario" time="15.650"/>
  <testcase classname="com.Runner.runnerTestNG" name="runScenario" time="8.828"/>
  <testcase classname="com.Runner.runnerTestNG" name="runScenario" time="8.341"/>
  <testcase classname="com.Runner.runnerTestNG" name="runScenario" time="29.664"/>
  <testcase classname="com.Runner.runnerTestNG" name="runScenario" time="89.055"/>
  <testcase classname="com.Runner.runnerTestNG" name="runScenario" time="23.260"/>
  <testcase classname="com.Runner.runnerTestNG" name="runScenario" time="33.253"/>
  <testcase classname="com.Runner.runnerTestNG" name="runScenario" time="32.666"/>
  <testcase classname="com.Runner.runnerTestNG" name="runScenario" time="7.593"/>
  <testcase classname="com.Runner.runnerTestNG" name="runScenario" time="14.192"/>
  <testcase classname="com.Runner.runnerTestNG" name="runScenario" time="13.904"/>
  <testcase classname="com.Runner.runnerTestNG" name="runScenario" time="12.811"/>
  <testcase classname="com.Runner.runnerTestNG" name="runScenario" time="11.456"/>
  <testcase classname="com.Runner.runnerTestNG" name="runScenario" time="16.066"/>
  <testcase classname="com.Runner.runnerTestNG" name="runScenario" time="6.158"/>
  <testcase classname="com.Runner.runnerTestNG" name="runScenario" time="14.303"/>
  <testcase classname="com.Runner.runnerTestNG" name="runScenario" time="20.695"/>
  <testcase classname="com.Runner.runnerTestNG" name="runScenario" time="9.041"/>
  <testcase classname="com.Runner.runnerTestNG" name="runScenario" time="14.386"/>
  <testcase classname="com.Runner.runnerTestNG" name="runScenario" time="20.200"/>
  <testcase classname="com.Runner.runnerTestNG" name="runScenario" time="10.499"/>
  <testcase classname="com.Runner.runnerTestNG" name="runScenario" time="12.085"/>
  <testcase classname="com.Runner.runnerTestNG" name="runScenario" time="13.238"/>
  <testcase classname="com.Runner.runnerTestNG" name="runScenario" time="22.239"/>
  <testcase classname="com.Runner.runnerTestNG" name="runScenario" time="11.386"/>
  <testcase classname="com.Runner.runnerTestNG" name="runScenario" time="41.823"/>
  <testcase classname="com.Runner.runnerTestNG" name="runScenario" time="10.513"/>
  <testcase classname="com.Runner.runnerTestNG" name="runScenario" time="9.100"/>
  <testcase classname="com.Runner.runnerTestNG" name="runScenario" time="9.187"/>
  <testcase classname="com.Runner.runnerTestNG" name="runScenario" time="8.253"/>
  <testcase classname="com.Runner.runnerTestNG" name="runScenario" time="22.136"/>
  <testcase classname="com.Runner.runnerTestNG" name="runScenario" time="55.264"/>
  <testcase classname="com.Runner.runnerTestNG" name="runScenario" time="12.278"/>
=======
<testsuite hostname="YUVARAJ_UV" failures="0" tests="24" name="com.Runner.runnerTestNG" time="787.401" errors="0" timestamp="2025-05-05T16:17:12 IST" skipped="0">
  <testcase classname="com.Runner.runnerTestNG" name="runScenario" time="51.163"/>
  <testcase classname="com.Runner.runnerTestNG" name="runScenario" time="36.609"/>
  <testcase classname="com.Runner.runnerTestNG" name="runScenario" time="29.202"/>
  <testcase classname="com.Runner.runnerTestNG" name="runScenario" time="26.221"/>
  <testcase classname="com.Runner.runnerTestNG" name="runScenario" time="25.089"/>
  <testcase classname="com.Runner.runnerTestNG" name="runScenario" time="25.544"/>
  <testcase classname="com.Runner.runnerTestNG" name="runScenario" time="35.414"/>
  <testcase classname="com.Runner.runnerTestNG" name="runScenario" time="98.681"/>
  <testcase classname="com.Runner.runnerTestNG" name="runScenario" time="40.389"/>
  <testcase classname="com.Runner.runnerTestNG" name="runScenario" time="11.313"/>
  <testcase classname="com.Runner.runnerTestNG" name="runScenario" time="26.179"/>
  <testcase classname="com.Runner.runnerTestNG" name="runScenario" time="21.246"/>
  <testcase classname="com.Runner.runnerTestNG" name="runScenario" time="25.436"/>
  <testcase classname="com.Runner.runnerTestNG" name="runScenario" time="37.345"/>
  <testcase classname="com.Runner.runnerTestNG" name="runScenario" time="60.641"/>
  <testcase classname="com.Runner.runnerTestNG" name="runScenario" time="16.244"/>
  <testcase classname="com.Runner.runnerTestNG" name="runScenario" time="16.467"/>
  <testcase classname="com.Runner.runnerTestNG" name="runScenario" time="22.529"/>
  <testcase classname="com.Runner.runnerTestNG" name="runScenario" time="35.207"/>
  <testcase classname="com.Runner.runnerTestNG" name="runScenario" time="25.786"/>
  <testcase classname="com.Runner.runnerTestNG" name="runScenario" time="29.016"/>
  <testcase classname="com.Runner.runnerTestNG" name="runScenario" time="25.892"/>
  <testcase classname="com.Runner.runnerTestNG" name="runScenario" time="14.856"/>
  <testcase classname="com.Runner.runnerTestNG" name="runScenario" time="50.932"/>
>>>>>>> branch 'master' of https://github.com/yuvarajry20/DemoWebShop-Cucumber
>>>>>>> branch 'master' of https://github.com/yuvarajry20/DemoWebShop-Cucumber.git
</testsuite> <!-- com.Runner.runnerTestNG -->
