<?xml version="1.0" encoding="UTF-8"?>
<!-- Generated by org.testng.reporters.JUnitReportReporter -->
<testsuite hostname="YUVARAJ_UV" failures="0" tests="17" name="com.Runner.runnerTestNG" time="1271.064" errors="0" timestamp="2025-04-13T16:49:22 IST" skipped="0">
  <testcase classname="com.Runner.runnerTestNG" name="runScenario" time="84.024"/>
  <testcase classname="com.Runner.runnerTestNG" name="runScenario" time="99.265"/>
  <testcase classname="com.Runner.runnerTestNG" name="runScenario" time="98.622"/>
  <testcase classname="com.Runner.runnerTestNG" name="runScenario" time="43.478"/>
  <testcase classname="com.Runner.runnerTestNG" name="runScenario" time="115.300"/>
  <testcase classname="com.Runner.runnerTestNG" name="runScenario" time="126.472"/>
  <testcase classname="com.Runner.runnerTestNG" name="runScenario" time="127.574"/>
  <testcase classname="com.Runner.runnerTestNG" name="runScenario" time="126.944"/>
  <testcase classname="com.Runner.runnerTestNG" name="runScenario" time="40.851"/>
  <testcase classname="com.Runner.runnerTestNG" name="runScenario" time="98.126"/>
  <testcase classname="com.Runner.runnerTestNG" name="runScenario" time="83.548"/>
  <testcase classname="com.Runner.runnerTestNG" name="runScenario" time="29.418"/>
  <testcase classname="com.Runner.runnerTestNG" name="runScenario" time="28.720"/>
  <testcase classname="com.Runner.runnerTestNG" name="runScenario" time="29.215"/>
  <testcase classname="com.Runner.runnerTestNG" name="runScenario" time="12.603"/>
  <testcase classname="com.Runner.runnerTestNG" name="runScenario" time="28.355"/>
  <testcase classname="com.Runner.runnerTestNG" name="runScenario" time="98.549"/>
</testsuite> <!-- com.Runner.runnerTestNG -->
