<?xml version="1.0" encoding="UTF-8"?>
<!-- Generated by org.testng.reporters.JUnitReportReporter -->
<testsuite hostname="YUVARAJ_UV" failures="0" tests="7" name="com.Runner.runnerTestNG" time="51.886" errors="0" timestamp="2025-04-10T23:08:57 IST" skipped="0">
  <testcase classname="com.Runner.runnerTestNG" name="runScenario" time="6.429"/>
  <testcase classname="com.Runner.runnerTestNG" name="runScenario" time="7.332"/>
  <testcase classname="com.Runner.runnerTestNG" name="runScenario" time="6.153"/>
  <testcase classname="com.Runner.runnerTestNG" name="runScenario" time="11.646"/>
  <testcase classname="com.Runner.runnerTestNG" name="runScenario" time="7.471"/>
  <testcase classname="com.Runner.runnerTestNG" name="runScenario" time="6.633"/>
  <testcase classname="com.Runner.runnerTestNG" name="runScenario" time="6.222"/>
</testsuite> <!-- com.Runner.runnerTestNG -->
