<?xml version="1.0" encoding="UTF-8"?>
<!-- Generated by org.testng.reporters.JUnitReportReporter -->
<testsuite hostname="DESKTOP-3CKMDVP" failures="0" tests="17" name="com.Runner.runnerTestNG" time="174.328" errors="0" timestamp="2025-04-14T13:13:30 IST" skipped="0">
  <testcase classname="com.Runner.runnerTestNG" name="runScenario" time="6.684"/>
  <testcase classname="com.Runner.runnerTestNG" name="runScenario" time="7.633"/>
  <testcase classname="com.Runner.runnerTestNG" name="runScenario" time="7.257"/>
  <testcase classname="com.Runner.runnerTestNG" name="runScenario" time="12.605"/>
  <testcase classname="com.Runner.runnerTestNG" name="runScenario" time="6.877"/>
  <testcase classname="com.Runner.runnerTestNG" name="runScenario" time="6.414"/>
  <testcase classname="com.Runner.runnerTestNG" name="runScenario" time="7.669"/>
  <testcase classname="com.Runner.runnerTestNG" name="runScenario" time="8.225"/>
  <testcase classname="com.Runner.runnerTestNG" name="runScenario" time="6.981"/>
  <testcase classname="com.Runner.runnerTestNG" name="runScenario" time="28.352"/>
  <testcase classname="com.Runner.runnerTestNG" name="runScenario" time="8.167"/>
  <testcase classname="com.Runner.runnerTestNG" name="runScenario" time="15.596"/>
  <testcase classname="com.Runner.runnerTestNG" name="runScenario" time="7.010"/>
  <testcase classname="com.Runner.runnerTestNG" name="runScenario" time="7.082"/>
  <testcase classname="com.Runner.runnerTestNG" name="runScenario" time="22.832"/>
  <testcase classname="com.Runner.runnerTestNG" name="runScenario" time="8.310"/>
  <testcase classname="com.Runner.runnerTestNG" name="runScenario" time="6.634"/>
</testsuite> <!-- com.Runner.runnerTestNG -->
