<?xml version="1.0" encoding="UTF-8"?>
<!-- Generated by org.testng.reporters.JUnitReportReporter -->
<testsuite hostname="DIVRAJ-2004" failures="0" tests="64" name="com.Runner.runnerTestNG" time="1007.626" errors="4" timestamp="2025-04-16T20:53:12 IST" skipped="0">
  <testcase classname="com.Runner.runnerTestNG" name="runScenario" time="11.493"/>
  <testcase classname="com.Runner.runnerTestNG" name="runScenario" time="10.699"/>
  <testcase classname="com.Runner.runnerTestNG" name="runScenario" time="15.151"/>
  <testcase classname="com.Runner.runnerTestNG" name="runScenario" time="18.948"/>
  <testcase classname="com.Runner.runnerTestNG" name="runScenario" time="7.781"/>
  <testcase classname="com.Runner.runnerTestNG" name="runScenario" time="24.909"/>
  <testcase classname="com.Runner.runnerTestNG" name="runScenario" time="16.469"/>
  <testcase classname="com.Runner.runnerTestNG" name="runScenario" time="17.442"/>
  <testcase classname="com.Runner.runnerTestNG" name="runScenario" time="15.189"/>
  <testcase classname="com.Runner.runnerTestNG" name="runScenario" time="18.414"/>
  <testcase classname="com.Runner.runnerTestNG" name="runScenario" time="10.875"/>
  <testcase classname="com.Runner.runnerTestNG" name="runScenario" time="13.276"/>
  <testcase classname="com.Runner.runnerTestNG" name="runScenario" time="12.549"/>
  <testcase classname="com.Runner.runnerTestNG" name="runScenario" time="18.669"/>
  <testcase classname="com.Runner.runnerTestNG" name="runScenario" time="13.524"/>
  <testcase classname="com.Runner.runnerTestNG" name="runScenario" time="16.056"/>
  <testcase classname="com.Runner.runnerTestNG" name="runScenario" time="14.943"/>
  <testcase classname="com.Runner.runnerTestNG" name="runScenario" time="20.211">
    <error message="javascript error: Cannot read properties of null (reading &#039;click&#039;)
  (Session info: chrome=135.0.7049.86)
Build info: version: &#039;4.31.0&#039;, revision: &#039;1ef9f18787*&#039;
System info: os.name: &#039;Windows 11&#039;, os.arch: &#039;amd64&#039;, os.version: &#039;10.0&#039;, java.version: &#039;21.0.6&#039;
Driver info: org.openqa.selenium.chrome.ChromeDriver
Command: [15229b407f1d4b438e856f9ba14d7d6c, executeScript {args=[], script=document.querySelector(&#039;div.section.payment-method &gt; ul &gt; li:nth-child(3) &gt; div &gt; div:nth-child(2) &gt; input&#039;).click();}]
Capabilities {acceptInsecureCerts: false, browserName: chrome, browserVersion: 135.0.7049.86, chrome: {chromedriverVersion: 135.0.7049.95 (de2eb485a195..., userDataDir: C:\Users\Lenovo\AppData\Loc...}, fedcm:accounts: true, goog:chromeOptions: {debuggerAddress: localhost:52374}, networkConnectionEnabled: false, pageLoadStrategy: normal, platformName: windows, proxy: Proxy(), se:cdp: ws://localhost:52374/devtoo..., se:cdpVersion: 135.0.7049.86, setWindowRect: true, strictFileInteractability: false, timeouts: {implicit: 0, pageLoad: 300000, script: 30000}, unhandledPromptBehavior: dismiss and notify, webauthn:extension:credBlob: true, webauthn:extension:largeBlob: true, webauthn:extension:minPinLength: true, webauthn:extension:prf: true, webauthn:virtualAuthenticators: true}
Session ID: 15229b407f1d4b438e856f9ba14d7d6c" type="org.openqa.selenium.JavascriptException">
      <![CDATA[org.openqa.selenium.JavascriptException: javascript error: Cannot read properties of null (reading 'click')
  (Session info: chrome=135.0.7049.86)
Build info: version: '4.31.0', revision: '1ef9f18787*'
System info: os.name: 'Windows 11', os.arch: 'amd64', os.version: '10.0', java.version: '21.0.6'
Driver info: org.openqa.selenium.chrome.ChromeDriver
Command: [15229b407f1d4b438e856f9ba14d7d6c, executeScript {args=[], script=document.querySelector('div.section.payment-method > ul > li:nth-child(3) > div > div:nth-child(2) > input').click();}]
Capabilities {acceptInsecureCerts: false, browserName: chrome, browserVersion: 135.0.7049.86, chrome: {chromedriverVersion: 135.0.7049.95 (de2eb485a195..., userDataDir: C:\Users\Lenovo\AppData\Loc...}, fedcm:accounts: true, goog:chromeOptions: {debuggerAddress: localhost:52374}, networkConnectionEnabled: false, pageLoadStrategy: normal, platformName: windows, proxy: Proxy(), se:cdp: ws://localhost:52374/devtoo..., se:cdpVersion: 135.0.7049.86, setWindowRect: true, strictFileInteractability: false, timeouts: {implicit: 0, pageLoad: 300000, script: 30000}, unhandledPromptBehavior: dismiss and notify, webauthn:extension:credBlob: true, webauthn:extension:largeBlob: true, webauthn:extension:minPinLength: true, webauthn:extension:prf: true, webauthn:virtualAuthenticators: true}
Session ID: 15229b407f1d4b438e856f9ba14d7d6c
at java.base/jdk.internal.reflect.DirectConstructorHandleAccessor.newInstance(DirectConstructorHandleAccessor.java:62)
at java.base/java.lang.reflect.Constructor.newInstanceWithCaller(Constructor.java:502)
at java.base/java.lang.reflect.Constructor.newInstance(Constructor.java:486)
at org.openqa.selenium.remote.ErrorCodec.decode(ErrorCodec.java:167)
at org.openqa.selenium.remote.codec.w3c.W3CHttpResponseCodec.decode(W3CHttpResponseCodec.java:138)
at org.openqa.selenium.remote.codec.w3c.W3CHttpResponseCodec.decode(W3CHttpResponseCodec.java:50)
at org.openqa.selenium.remote.HttpCommandExecutor.execute(HttpCommandExecutor.java:215)
at org.openqa.selenium.remote.service.DriverCommandExecutor.invokeExecute(DriverCommandExecutor.java:216)
at org.openqa.selenium.remote.service.DriverCommandExecutor.execute(DriverCommandExecutor.java:174)
at org.openqa.selenium.remote.RemoteWebDriver.execute(RemoteWebDriver.java:545)
at org.openqa.selenium.remote.RemoteWebDriver.executeScript(RemoteWebDriver.java:476)
at com.Actions.CheckoutAction.creditcardcheckbox(CheckoutAction.java:157)
at com.Definitions.CheckoutStepDefinition.select_the_credit_card_method_and_enter_the_required_fields(CheckoutStepDefinition.java:164)
at ✽.select the credit card method and enter the required fields(file:///C:/Users/Lenovo/git/DemoWebShop-Cucumber/src/test/resources/Features/CheckOut.feature:53)
]]>
    </error>
  </testcase> <!-- runScenario -->
  <testcase classname="com.Runner.runnerTestNG" name="runScenario" time="16.522"/>
  <testcase classname="com.Runner.runnerTestNG" name="runScenario" time="18.597"/>
  <testcase classname="com.Runner.runnerTestNG" name="runScenario" time="9.606"/>
  <testcase classname="com.Runner.runnerTestNG" name="runScenario" time="11.732"/>
  <testcase classname="com.Runner.runnerTestNG" name="runScenario" time="12.216"/>
  <testcase classname="com.Runner.runnerTestNG" name="runScenario" time="12.660"/>
  <testcase classname="com.Runner.runnerTestNG" name="runScenario" time="11.046"/>
  <testcase classname="com.Runner.runnerTestNG" name="runScenario" time="17.120">
    <error message="Unable to find element with locator By.xpath: //ul[@class=&quot;method-list&quot;]//li[3]//div//input[@id=&quot;shippingoption_2&quot;]
For documentation on this error, please visit: https://www.selenium.dev/documentation/webdriver/troubleshooting/errors#no-such-element-exception
Build info: version: &#039;4.31.0&#039;, revision: &#039;1ef9f18787*&#039;
System info: os.name: &#039;Windows 11&#039;, os.arch: &#039;amd64&#039;, os.version: &#039;10.0&#039;, java.version: &#039;21.0.6&#039;
Driver info: driver.version: RemoteWebDriver" type="org.openqa.selenium.NoSuchElementException">
      <![CDATA[org.openqa.selenium.NoSuchElementException: Unable to find element with locator By.xpath: //ul[@class="method-list"]//li[3]//div//input[@id="shippingoption_2"]
For documentation on this error, please visit: https://www.selenium.dev/documentation/webdriver/troubleshooting/errors#no-such-element-exception
Build info: version: '4.31.0', revision: '1ef9f18787*'
System info: os.name: 'Windows 11', os.arch: 'amd64', os.version: '10.0', java.version: '21.0.6'
Driver info: driver.version: RemoteWebDriver
at org.openqa.selenium.remote.ElementLocation$ElementFinder$2.findElement(ElementLocation.java:168)
at org.openqa.selenium.remote.ElementLocation.findElement(ElementLocation.java:59)
at org.openqa.selenium.remote.RemoteWebDriver.findElement(RemoteWebDriver.java:368)
at org.openqa.selenium.remote.RemoteWebDriver.findElement(RemoteWebDriver.java:362)
at org.openqa.selenium.support.pagefactory.DefaultElementLocator.findElement(DefaultElementLocator.java:68)
at org.openqa.selenium.support.pagefactory.internal.LocatingElementHandler.invoke(LocatingElementHandler.java:38)
at jdk.proxy2/jdk.proxy2.$Proxy27.click(Unknown Source)
at com.Actions.CheckoutAction.paymentcontinuestepintwoday(CheckoutAction.java:181)
at com.Definitions.CheckoutStepDefinition.select_the_two_day_shipping_as_two_day_air(CheckoutStepDefinition.java:211)
at ✽.select the two day shipping as two Day Air(file:///C:/Users/Lenovo/git/DemoWebShop-Cucumber/src/test/resources/Features/CheckOut.feature:75)
]]>
    </error>
  </testcase> <!-- runScenario -->
  <testcase classname="com.Runner.runnerTestNG" name="runScenario" time="12.503"/>
  <testcase classname="com.Runner.runnerTestNG" name="runScenario" time="10.673"/>
  <testcase classname="com.Runner.runnerTestNG" name="runScenario" time="16.134"/>
  <testcase classname="com.Runner.runnerTestNG" name="runScenario" time="11.971"/>
  <testcase classname="com.Runner.runnerTestNG" name="runScenario" time="15.541"/>
  <testcase classname="com.Runner.runnerTestNG" name="runScenario" time="8.579"/>
  <testcase classname="com.Runner.runnerTestNG" name="runScenario" time="44.180"/>
  <testcase classname="com.Runner.runnerTestNG" name="runScenario" time="8.808"/>
  <testcase classname="com.Runner.runnerTestNG" name="runScenario" time="11.740"/>
  <testcase classname="com.Runner.runnerTestNG" name="runScenario" time="12.551"/>
  <testcase classname="com.Runner.runnerTestNG" name="runScenario" time="13.091"/>
  <testcase classname="com.Runner.runnerTestNG" name="runScenario" time="17.885"/>
  <testcase classname="com.Runner.runnerTestNG" name="runScenario" time="15.839"/>
  <testcase classname="com.Runner.runnerTestNG" name="runScenario" time="17.454"/>
  <testcase classname="com.Runner.runnerTestNG" name="runScenario" time="7.391"/>
  <testcase classname="com.Runner.runnerTestNG" name="runScenario" time="35.736"/>
  <testcase classname="com.Runner.runnerTestNG" name="runScenario" time="9.156"/>
  <testcase classname="com.Runner.runnerTestNG" name="runScenario" time="9.427"/>
  <testcase classname="com.Runner.runnerTestNG" name="runScenario" time="28.291"/>
  <testcase classname="com.Runner.runnerTestNG" name="runScenario" time="20.552">
    <error message="unexpected alert open: {Alert text : Your cart is empty}
  (Session info: chrome=135.0.7049.86): Your cart is empty
Build info: version: &#039;4.31.0&#039;, revision: &#039;1ef9f18787*&#039;
System info: os.name: &#039;Windows 11&#039;, os.arch: &#039;amd64&#039;, os.version: &#039;10.0&#039;, java.version: &#039;21.0.6&#039;
Driver info: org.openqa.selenium.chrome.ChromeDriver
Command: [77f776ea208d7b18a6667f2bcabd5e93, findElement {value=//div[@class=&#039;section order-completed&#039;]//div[@class=&#039;title&#039;]//strong, using=xpath}]
Capabilities {acceptInsecureCerts: false, browserName: chrome, browserVersion: 135.0.7049.86, chrome: {chromedriverVersion: 135.0.7049.95 (de2eb485a195..., userDataDir: C:\Users\Lenovo\AppData\Loc...}, fedcm:accounts: true, goog:chromeOptions: {debuggerAddress: localhost:52372}, networkConnectionEnabled: false, pageLoadStrategy: normal, platformName: windows, proxy: Proxy(), se:cdp: ws://localhost:52372/devtoo..., se:cdpVersion: 135.0.7049.86, setWindowRect: true, strictFileInteractability: false, timeouts: {implicit: 0, pageLoad: 300000, script: 30000}, unhandledPromptBehavior: dismiss and notify, webauthn:extension:credBlob: true, webauthn:extension:largeBlob: true, webauthn:extension:minPinLength: true, webauthn:extension:prf: true, webauthn:virtualAuthenticators: true}
Session ID: 77f776ea208d7b18a6667f2bcabd5e93" type="org.openqa.selenium.UnhandledAlertException">
      <![CDATA[org.openqa.selenium.UnhandledAlertException: unexpected alert open: {Alert text : Your cart is empty}
  (Session info: chrome=135.0.7049.86): Your cart is empty
Build info: version: '4.31.0', revision: '1ef9f18787*'
System info: os.name: 'Windows 11', os.arch: 'amd64', os.version: '10.0', java.version: '21.0.6'
Driver info: org.openqa.selenium.chrome.ChromeDriver
Command: [77f776ea208d7b18a6667f2bcabd5e93, findElement {value=//div[@class='section order-completed']//div[@class='title']//strong, using=xpath}]
Capabilities {acceptInsecureCerts: false, browserName: chrome, browserVersion: 135.0.7049.86, chrome: {chromedriverVersion: 135.0.7049.95 (de2eb485a195..., userDataDir: C:\Users\Lenovo\AppData\Loc...}, fedcm:accounts: true, goog:chromeOptions: {debuggerAddress: localhost:52372}, networkConnectionEnabled: false, pageLoadStrategy: normal, platformName: windows, proxy: Proxy(), se:cdp: ws://localhost:52372/devtoo..., se:cdpVersion: 135.0.7049.86, setWindowRect: true, strictFileInteractability: false, timeouts: {implicit: 0, pageLoad: 300000, script: 30000}, unhandledPromptBehavior: dismiss and notify, webauthn:extension:credBlob: true, webauthn:extension:largeBlob: true, webauthn:extension:minPinLength: true, webauthn:extension:prf: true, webauthn:virtualAuthenticators: true}
Session ID: 77f776ea208d7b18a6667f2bcabd5e93
at org.openqa.selenium.remote.codec.w3c.W3CHttpResponseCodec.decode(W3CHttpResponseCodec.java:136)
at org.openqa.selenium.remote.codec.w3c.W3CHttpResponseCodec.decode(W3CHttpResponseCodec.java:50)
at org.openqa.selenium.remote.HttpCommandExecutor.execute(HttpCommandExecutor.java:215)
at org.openqa.selenium.remote.service.DriverCommandExecutor.invokeExecute(DriverCommandExecutor.java:216)
at org.openqa.selenium.remote.service.DriverCommandExecutor.execute(DriverCommandExecutor.java:174)
at org.openqa.selenium.remote.RemoteWebDriver.execute(RemoteWebDriver.java:545)
at org.openqa.selenium.remote.ElementLocation$ElementFinder$2.findElement(ElementLocation.java:165)
at org.openqa.selenium.remote.ElementLocation.findElement(ElementLocation.java:59)
at org.openqa.selenium.remote.RemoteWebDriver.findElement(RemoteWebDriver.java:368)
at org.openqa.selenium.remote.RemoteWebDriver.findElement(RemoteWebDriver.java:362)
at org.openqa.selenium.support.ui.ExpectedConditions$7.apply(ExpectedConditions.java:194)
at org.openqa.selenium.support.ui.ExpectedConditions$7.apply(ExpectedConditions.java:190)
at org.openqa.selenium.support.ui.FluentWait.until(FluentWait.java:203)
at com.Actions.CheckoutAction.getplacedorder(CheckoutAction.java:116)
at com.Definitions.CheckoutStepDefinition.the_user_should_see_the_order_code_successfully(CheckoutStepDefinition.java:146)
at ✽.the user should see the order code successfully(file:///C:/Users/Lenovo/git/DemoWebShop-Cucumber/src/test/resources/Features/CheckOut.feature:47)
]]>
    </error>
  </testcase> <!-- runScenario -->
  <testcase classname="com.Runner.runnerTestNG" name="runScenario" time="30.654"/>
  <testcase classname="com.Runner.runnerTestNG" name="runScenario" time="16.042"/>
  <testcase classname="com.Runner.runnerTestNG" name="runScenario" time="15.353"/>
  <testcase classname="com.Runner.runnerTestNG" name="runScenario" time="10.695"/>
  <testcase classname="com.Runner.runnerTestNG" name="runScenario" time="8.250"/>
  <testcase classname="com.Runner.runnerTestNG" name="runScenario" time="8.929"/>
  <testcase classname="com.Runner.runnerTestNG" name="runScenario" time="17.930"/>
  <testcase classname="com.Runner.runnerTestNG" name="runScenario" time="8.904"/>
  <testcase classname="com.Runner.runnerTestNG" name="runScenario" time="13.694"/>
  <testcase classname="com.Runner.runnerTestNG" name="runScenario" time="18.108"/>
  <testcase classname="com.Runner.runnerTestNG" name="runScenario" time="14.673"/>
  <testcase classname="com.Runner.runnerTestNG" name="runScenario" time="27.754"/>
  <testcase classname="com.Runner.runnerTestNG" name="runScenario" time="9.566"/>
  <testcase classname="com.Runner.runnerTestNG" name="runScenario" time="15.131"/>
  <testcase classname="com.Runner.runnerTestNG" name="runScenario" time="17.940"/>
  <testcase classname="com.Runner.runnerTestNG" name="runScenario" time="24.984"/>
  <testcase classname="com.Runner.runnerTestNG" name="runScenario" time="17.831"/>
  <testcase classname="com.Runner.runnerTestNG" name="runScenario" time="17.589">
    <error message="unexpected alert open: {Alert text : Your cart is empty}
  (Session info: chrome=135.0.7049.86): Your cart is empty
Build info: version: &#039;4.31.0&#039;, revision: &#039;1ef9f18787*&#039;
System info: os.name: &#039;Windows 11&#039;, os.arch: &#039;amd64&#039;, os.version: &#039;10.0&#039;, java.version: &#039;21.0.6&#039;
Driver info: org.openqa.selenium.chrome.ChromeDriver
Command: [af4dcdcf99e7056a2ddfd06e1ad65023, findElement {value=//div[@id=&quot;payment-info-buttons-container&quot;]//input, using=xpath}]
Capabilities {acceptInsecureCerts: false, browserName: chrome, browserVersion: 135.0.7049.86, chrome: {chromedriverVersion: 135.0.7049.95 (de2eb485a195..., userDataDir: C:\Users\Lenovo\AppData\Loc...}, fedcm:accounts: true, goog:chromeOptions: {debuggerAddress: localhost:52419}, networkConnectionEnabled: false, pageLoadStrategy: normal, platformName: windows, proxy: Proxy(), se:cdp: ws://localhost:52419/devtoo..., se:cdpVersion: 135.0.7049.86, setWindowRect: true, strictFileInteractability: false, timeouts: {implicit: 0, pageLoad: 300000, script: 30000}, unhandledPromptBehavior: dismiss and notify, webauthn:extension:credBlob: true, webauthn:extension:largeBlob: true, webauthn:extension:minPinLength: true, webauthn:extension:prf: true, webauthn:virtualAuthenticators: true}
Session ID: af4dcdcf99e7056a2ddfd06e1ad65023" type="org.openqa.selenium.UnhandledAlertException">
      <![CDATA[org.openqa.selenium.UnhandledAlertException: unexpected alert open: {Alert text : Your cart is empty}
  (Session info: chrome=135.0.7049.86): Your cart is empty
Build info: version: '4.31.0', revision: '1ef9f18787*'
System info: os.name: 'Windows 11', os.arch: 'amd64', os.version: '10.0', java.version: '21.0.6'
Driver info: org.openqa.selenium.chrome.ChromeDriver
Command: [af4dcdcf99e7056a2ddfd06e1ad65023, findElement {value=//div[@id="payment-info-buttons-container"]//input, using=xpath}]
Capabilities {acceptInsecureCerts: false, browserName: chrome, browserVersion: 135.0.7049.86, chrome: {chromedriverVersion: 135.0.7049.95 (de2eb485a195..., userDataDir: C:\Users\Lenovo\AppData\Loc...}, fedcm:accounts: true, goog:chromeOptions: {debuggerAddress: localhost:52419}, networkConnectionEnabled: false, pageLoadStrategy: normal, platformName: windows, proxy: Proxy(), se:cdp: ws://localhost:52419/devtoo..., se:cdpVersion: 135.0.7049.86, setWindowRect: true, strictFileInteractability: false, timeouts: {implicit: 0, pageLoad: 300000, script: 30000}, unhandledPromptBehavior: dismiss and notify, webauthn:extension:credBlob: true, webauthn:extension:largeBlob: true, webauthn:extension:minPinLength: true, webauthn:extension:prf: true, webauthn:virtualAuthenticators: true}
Session ID: af4dcdcf99e7056a2ddfd06e1ad65023
at org.openqa.selenium.remote.codec.w3c.W3CHttpResponseCodec.decode(W3CHttpResponseCodec.java:136)
at org.openqa.selenium.remote.codec.w3c.W3CHttpResponseCodec.decode(W3CHttpResponseCodec.java:50)
at org.openqa.selenium.remote.HttpCommandExecutor.execute(HttpCommandExecutor.java:215)
at org.openqa.selenium.remote.service.DriverCommandExecutor.invokeExecute(DriverCommandExecutor.java:216)
at org.openqa.selenium.remote.service.DriverCommandExecutor.execute(DriverCommandExecutor.java:174)
at org.openqa.selenium.remote.RemoteWebDriver.execute(RemoteWebDriver.java:545)
at org.openqa.selenium.remote.ElementLocation$ElementFinder$2.findElement(ElementLocation.java:165)
at org.openqa.selenium.remote.ElementLocation.findElement(ElementLocation.java:59)
at org.openqa.selenium.remote.RemoteWebDriver.findElement(RemoteWebDriver.java:368)
at org.openqa.selenium.remote.RemoteWebDriver.findElement(RemoteWebDriver.java:362)
at org.openqa.selenium.support.pagefactory.DefaultElementLocator.findElement(DefaultElementLocator.java:68)
at org.openqa.selenium.support.pagefactory.internal.LocatingElementHandler.invoke(LocatingElementHandler.java:38)
at jdk.proxy2/jdk.proxy2.$Proxy27.click(Unknown Source)
at com.Actions.CheckoutAction.paymentinfocontinue(CheckoutAction.java:105)
at com.Definitions.CheckoutStepDefinition.proceed_the_further_details(CheckoutStepDefinition.java:203)
at ✽.proceed the further details(file:///C:/Users/Lenovo/git/DemoWebShop-Cucumber/src/test/resources/Features/CheckOut.feature:68)
]]>
    </error>
  </testcase> <!-- runScenario -->
</testsuite> <!-- com.Runner.runnerTestNG -->
