<?xml version="1.0" encoding="UTF-8"?>
<!-- Generated by org.testng.reporters.JUnitReportReporter -->
<testsuite hostname="DESKTOP-3CKMDVP" failures="0" tests="2" name="com.Runner.runnerTestNG" time="26.728" errors="0" timestamp="2025-05-05T23:02:55 IST" skipped="0">
  <testcase classname="com.Runner.runnerTestNG" name="runScenario" time="13.386"/>
  <testcase classname="com.Runner.runnerTestNG" name="runScenario" time="13.342"/>
</testsuite> <!-- com.Runner.runnerTestNG -->
