<?xml version="1.0" encoding="UTF-8"?>
<!-- Generated by org.testng.reporters.JUnitReportReporter -->
<<<<<<< HEAD
<testsuite hostname="DESKTOP-3CKMDVP" failures="0" tests="1" name="com.Runner.runnerTestNG" time="13.623" errors="0" timestamp="2025-04-29T09:43:56 IST" skipped="0">
  <testcase classname="com.Runner.runnerTestNG" name="runScenario" time="13.623"/>
=======
<testsuite hostname="DIVRAJ-2004" failures="0" tests="69" name="com.Runner.runnerTestNG" time="1105.786" errors="0" timestamp="2025-04-29T21:09:57 IST" skipped="0">
  <testcase classname="com.Runner.runnerTestNG" name="runScenario" time="17.697"/>
  <testcase classname="com.Runner.runnerTestNG" name="runScenario" time="23.299"/>
  <testcase classname="com.Runner.runnerTestNG" name="runScenario" time="13.383"/>
  <testcase classname="com.Runner.runnerTestNG" name="runScenario" time="7.937"/>
  <testcase classname="com.Runner.runnerTestNG" name="runScenario" time="15.487"/>
  <testcase classname="com.Runner.runnerTestNG" name="runScenario" time="33.758"/>
  <testcase classname="com.Runner.runnerTestNG" name="runScenario" time="6.457"/>
  <testcase classname="com.Runner.runnerTestNG" name="runScenario" time="10.791"/>
  <testcase classname="com.Runner.runnerTestNG" name="runScenario" time="15.101"/>
  <testcase classname="com.Runner.runnerTestNG" name="runScenario" time="5.575"/>
  <testcase classname="com.Runner.runnerTestNG" name="runScenario" time="9.464"/>
  <testcase classname="com.Runner.runnerTestNG" name="runScenario" time="8.078"/>
  <testcase classname="com.Runner.runnerTestNG" name="runScenario" time="14.631"/>
  <testcase classname="com.Runner.runnerTestNG" name="runScenario" time="23.063"/>
  <testcase classname="com.Runner.runnerTestNG" name="runScenario" time="17.070"/>
  <testcase classname="com.Runner.runnerTestNG" name="runScenario" time="46.146"/>
  <testcase classname="com.Runner.runnerTestNG" name="runScenario" time="26.356"/>
  <testcase classname="com.Runner.runnerTestNG" name="runScenario" time="20.619"/>
  <testcase classname="com.Runner.runnerTestNG" name="runScenario" time="14.611"/>
  <testcase classname="com.Runner.runnerTestNG" name="runScenario" time="12.635"/>
  <testcase classname="com.Runner.runnerTestNG" name="runScenario" time="12.422"/>
  <testcase classname="com.Runner.runnerTestNG" name="runScenario" time="11.984"/>
  <testcase classname="com.Runner.runnerTestNG" name="runScenario" time="11.157"/>
  <testcase classname="com.Runner.runnerTestNG" name="runScenario" time="5.713"/>
  <testcase classname="com.Runner.runnerTestNG" name="runScenario" time="13.632"/>
  <testcase classname="com.Runner.runnerTestNG" name="runScenario" time="19.817"/>
  <testcase classname="com.Runner.runnerTestNG" name="runScenario" time="14.688"/>
  <testcase classname="com.Runner.runnerTestNG" name="runScenario" time="12.914"/>
  <testcase classname="com.Runner.runnerTestNG" name="runScenario" time="24.388"/>
  <testcase classname="com.Runner.runnerTestNG" name="runScenario" time="19.816"/>
  <testcase classname="com.Runner.runnerTestNG" name="runScenario" time="11.745"/>
  <testcase classname="com.Runner.runnerTestNG" name="runScenario" time="14.401"/>
  <testcase classname="com.Runner.runnerTestNG" name="runScenario" time="79.351"/>
  <testcase classname="com.Runner.runnerTestNG" name="runScenario" time="13.403"/>
  <testcase classname="com.Runner.runnerTestNG" name="runScenario" time="15.987"/>
  <testcase classname="com.Runner.runnerTestNG" name="runScenario" time="15.230"/>
  <testcase classname="com.Runner.runnerTestNG" name="runScenario" time="22.083"/>
  <testcase classname="com.Runner.runnerTestNG" name="runScenario" time="13.916"/>
  <testcase classname="com.Runner.runnerTestNG" name="runScenario" time="13.606"/>
  <testcase classname="com.Runner.runnerTestNG" name="runScenario" time="6.720"/>
  <testcase classname="com.Runner.runnerTestNG" name="runScenario" time="11.501"/>
  <testcase classname="com.Runner.runnerTestNG" name="runScenario" time="16.914"/>
  <testcase classname="com.Runner.runnerTestNG" name="runScenario" time="12.790"/>
  <testcase classname="com.Runner.runnerTestNG" name="runScenario" time="12.282"/>
  <testcase classname="com.Runner.runnerTestNG" name="runScenario" time="13.198"/>
  <testcase classname="com.Runner.runnerTestNG" name="runScenario" time="14.327"/>
  <testcase classname="com.Runner.runnerTestNG" name="runScenario" time="13.529"/>
  <testcase classname="com.Runner.runnerTestNG" name="runScenario" time="6.117"/>
  <testcase classname="com.Runner.runnerTestNG" name="runScenario" time="14.134"/>
  <testcase classname="com.Runner.runnerTestNG" name="runScenario" time="14.212"/>
  <testcase classname="com.Runner.runnerTestNG" name="runScenario" time="8.121"/>
  <testcase classname="com.Runner.runnerTestNG" name="runScenario" time="21.116"/>
  <testcase classname="com.Runner.runnerTestNG" name="runScenario" time="20.405"/>
  <testcase classname="com.Runner.runnerTestNG" name="runScenario" time="18.444"/>
  <testcase classname="com.Runner.runnerTestNG" name="runScenario" time="13.950"/>
  <testcase classname="com.Runner.runnerTestNG" name="runScenario" time="18.246"/>
  <testcase classname="com.Runner.runnerTestNG" name="runScenario" time="9.843"/>
  <testcase classname="com.Runner.runnerTestNG" name="runScenario" time="8.897"/>
  <testcase classname="com.Runner.runnerTestNG" name="runScenario" time="17.274"/>
  <testcase classname="com.Runner.runnerTestNG" name="runScenario" time="6.576"/>
  <testcase classname="com.Runner.runnerTestNG" name="runScenario" time="12.442"/>
  <testcase classname="com.Runner.runnerTestNG" name="runScenario" time="34.555"/>
  <testcase classname="com.Runner.runnerTestNG" name="runScenario" time="11.363"/>
  <testcase classname="com.Runner.runnerTestNG" name="runScenario" time="9.834"/>
  <testcase classname="com.Runner.runnerTestNG" name="runScenario" time="10.393"/>
  <testcase classname="com.Runner.runnerTestNG" name="runScenario" time="6.425"/>
  <testcase classname="com.Runner.runnerTestNG" name="runScenario" time="17.036"/>
  <testcase classname="com.Runner.runnerTestNG" name="runScenario" time="18.718"/>
  <testcase classname="com.Runner.runnerTestNG" name="runScenario" time="18.013"/>
>>>>>>> branch 'master' of https://github.com/yuvarajry20/DemoWebShop-Cucumber.git
</testsuite> <!-- com.Runner.runnerTestNG -->
