<?xml version="1.0" encoding="UTF-8"?>
<!-- Generated by org.testng.reporters.JUnitReportReporter -->
<testsuite hostname="YUVARAJ_UV" failures="0" tests="8" name="com.Runner.runnerTestNG" time="50.146" errors="0" timestamp="2025-04-10T23:45:44 IST" skipped="0">
  <testcase classname="com.Runner.runnerTestNG" name="runScenario" time="9.902"/>
  <testcase classname="com.Runner.runnerTestNG" name="runScenario" time="6.181"/>
  <testcase classname="com.Runner.runnerTestNG" name="runScenario" time="5.755"/>
  <testcase classname="com.Runner.runnerTestNG" name="runScenario" time="5.769"/>
  <testcase classname="com.Runner.runnerTestNG" name="runScenario" time="5.553"/>
  <testcase classname="com.Runner.runnerTestNG" name="runScenario" time="6.197"/>
  <testcase classname="com.Runner.runnerTestNG" name="runScenario" time="5.456"/>
  <testcase classname="com.Runner.runnerTestNG" name="runScenario" time="5.333"/>
</testsuite> <!-- com.Runner.runnerTestNG -->
