<?xml version="1.0" encoding="UTF-8"?>
<!-- Generated by org.testng.reporters.JUnitReportReporter -->
<testsuite hostname="DIVRAJ-2004" failures="1" tests="72" name="com.Runner.runnerTestNG" time="1198.197" errors="2" timestamp="2025-05-07T22:04:42 IST" skipped="0">
  <testcase classname="com.Runner.runnerTestNG" name="runScenario" time="13.016"/>
  <testcase classname="com.Runner.runnerTestNG" name="runScenario" time="8.252"/>
  <testcase classname="com.Runner.runnerTestNG" name="runScenario" time="20.818"/>
  <testcase classname="com.Runner.runnerTestNG" name="runScenario" time="48.950"/>
  <testcase classname="com.Runner.runnerTestNG" name="runScenario" time="12.364"/>
  <testcase classname="com.Runner.runnerTestNG" name="runScenario" time="12.824"/>
  <testcase classname="com.Runner.runnerTestNG" name="runScenario" time="14.864"/>
  <testcase classname="com.Runner.runnerTestNG" name="runScenario" time="16.229"/>
  <testcase classname="com.Runner.runnerTestNG" name="runScenario" time="12.728"/>
  <testcase classname="com.Runner.runnerTestNG" name="runScenario" time="12.850"/>
  <testcase classname="com.Runner.runnerTestNG" name="runScenario" time="9.517"/>
  <testcase classname="com.Runner.runnerTestNG" name="runScenario" time="15.495"/>
  <testcase classname="com.Runner.runnerTestNG" name="runScenario" time="13.437"/>
  <testcase classname="com.Runner.runnerTestNG" name="runScenario" time="24.560"/>
  <testcase classname="com.Runner.runnerTestNG" name="runScenario" time="7.588"/>
  <testcase classname="com.Runner.runnerTestNG" name="runScenario" time="7.508">
    <failure message="expected [Thank you for signing up! A verification email has been sent. We appreciate your interest.] but found []" type="java.lang.AssertionError">
      <![CDATA[java.lang.AssertionError: expected [Thank you for signing up! A verification email has been sent. We appreciate your interest.] but found []
at org.testng.Assert.fail(Assert.java:111)
at org.testng.Assert.failNotEquals(Assert.java:1590)
at org.testng.Assert.assertEqualsImpl(Assert.java:150)
at org.testng.Assert.assertEquals(Assert.java:132)
at org.testng.Assert.assertEquals(Assert.java:656)
at org.testng.Assert.assertEquals(Assert.java:666)
at com.Actions.HomePageAction.SuccessfulSubscription(HomePageAction.java:43)
at com.Definitions.HomeStepDefinition.i_should_see_the_subscription_confirmation_message(HomeStepDefinition.java:61)
at ✽.I should see the subscription confirmation message(file:///C:/Users/Lenovo/git/DemoWebShop-Cucumber/src/test/resources/Features/HomePage.feature:16)
]]>
    </failure>
  </testcase> <!-- runScenario -->
  <testcase classname="com.Runner.runnerTestNG" name="runScenario" time="6.951"/>
  <testcase classname="com.Runner.runnerTestNG" name="runScenario" time="9.566"/>
  <testcase classname="com.Runner.runnerTestNG" name="runScenario" time="10.075"/>
  <testcase classname="com.Runner.runnerTestNG" name="runScenario" time="13.421"/>
  <testcase classname="com.Runner.runnerTestNG" name="runScenario" time="8.853"/>
  <testcase classname="com.Runner.runnerTestNG" name="runScenario" time="15.147"/>
  <testcase classname="com.Runner.runnerTestNG" name="runScenario" time="9.690"/>
  <testcase classname="com.Runner.runnerTestNG" name="runScenario" time="12.466"/>
  <testcase classname="com.Runner.runnerTestNG" name="runScenario" time="8.299"/>
  <testcase classname="com.Runner.runnerTestNG" name="runScenario" time="13.661"/>
  <testcase classname="com.Runner.runnerTestNG" name="runScenario" time="9.210"/>
  <testcase classname="com.Runner.runnerTestNG" name="runScenario" time="38.783"/>
  <testcase classname="com.Runner.runnerTestNG" name="runScenario" time="16.196"/>
  <testcase classname="com.Runner.runnerTestNG" name="runScenario" time="7.121"/>
  <testcase classname="com.Runner.runnerTestNG" name="runScenario" time="25.725"/>
  <testcase classname="com.Runner.runnerTestNG" name="runScenario" time="8.373"/>
  <testcase classname="com.Runner.runnerTestNG" name="runScenario" time="47.347"/>
  <testcase classname="com.Runner.runnerTestNG" name="runScenario" time="91.234">
    <error message="Expected condition failed: waiting for visibility of element located by By.xpath: //div[@class=&quot;share-info&quot;]//child::p//span (tried for 30 second(s) with 500 milliseconds interval)
Build info: version: &#039;4.31.0&#039;, revision: &#039;1ef9f18787*&#039;
System info: os.name: &#039;Windows 11&#039;, os.arch: &#039;amd64&#039;, os.version: &#039;10.0&#039;, java.version: &#039;21.0.6&#039;
Driver info: org.openqa.selenium.chrome.ChromeDriver
Capabilities {acceptInsecureCerts: false, browserName: chrome, browserVersion: 136.0.7103.49, chrome: {chromedriverVersion: 136.0.7103.92 (cb81a4cc5087..., userDataDir: C:\Users\Lenovo\AppData\Loc...}, fedcm:accounts: true, goog:chromeOptions: {debuggerAddress: localhost:64886}, networkConnectionEnabled: false, pageLoadStrategy: normal, platformName: windows, proxy: Proxy(), se:cdp: ws://localhost:64886/devtoo..., se:cdpVersion: 136.0.7103.49, setWindowRect: true, strictFileInteractability: false, timeouts: {implicit: 0, pageLoad: 300000, script: 30000}, unhandledPromptBehavior: dismiss and notify, webauthn:extension:credBlob: true, webauthn:extension:largeBlob: true, webauthn:extension:minPinLength: true, webauthn:extension:prf: true, webauthn:virtualAuthenticators: true}
Session ID: b1f9814e1596136932daddcab070de3e" type="org.openqa.selenium.TimeoutException">
      <![CDATA[org.openqa.selenium.TimeoutException: Expected condition failed: waiting for visibility of element located by By.xpath: //div[@class="share-info"]//child::p//span (tried for 30 second(s) with 500 milliseconds interval)
Build info: version: '4.31.0', revision: '1ef9f18787*'
System info: os.name: 'Windows 11', os.arch: 'amd64', os.version: '10.0', java.version: '21.0.6'
Driver info: org.openqa.selenium.chrome.ChromeDriver
Capabilities {acceptInsecureCerts: false, browserName: chrome, browserVersion: 136.0.7103.49, chrome: {chromedriverVersion: 136.0.7103.92 (cb81a4cc5087..., userDataDir: C:\Users\Lenovo\AppData\Loc...}, fedcm:accounts: true, goog:chromeOptions: {debuggerAddress: localhost:64886}, networkConnectionEnabled: false, pageLoadStrategy: normal, platformName: windows, proxy: Proxy(), se:cdp: ws://localhost:64886/devtoo..., se:cdpVersion: 136.0.7103.49, setWindowRect: true, strictFileInteractability: false, timeouts: {implicit: 0, pageLoad: 300000, script: 30000}, unhandledPromptBehavior: dismiss and notify, webauthn:extension:credBlob: true, webauthn:extension:largeBlob: true, webauthn:extension:minPinLength: true, webauthn:extension:prf: true, webauthn:virtualAuthenticators: true}
Session ID: b1f9814e1596136932daddcab070de3e
at org.openqa.selenium.support.ui.WebDriverWait.timeoutException(WebDriverWait.java:84)
at org.openqa.selenium.support.ui.FluentWait.until(FluentWait.java:228)
at com.Actions.ProductAction.urlAutoList(ProductAction.java:135)
at com.Definitions.ProductStepDefinition.the_user_should_see_the_product_which_is_same_as_in_the_wishlist(ProductStepDefinition.java:114)
at ✽.the user should see the product which is same as in the wishlist(file:///C:/Users/Lenovo/git/DemoWebShop-Cucumber/src/test/resources/Features/Product.feature:28)
]]>
    </error>
  </testcase> <!-- runScenario -->
  <testcase classname="com.Runner.runnerTestNG" name="runScenario" time="9.795"/>
  <testcase classname="com.Runner.runnerTestNG" name="runScenario" time="16.109"/>
  <testcase classname="com.Runner.runnerTestNG" name="runScenario" time="12.817"/>
  <testcase classname="com.Runner.runnerTestNG" name="runScenario" time="17.134"/>
  <testcase classname="com.Runner.runnerTestNG" name="runScenario" time="79.492"/>
  <testcase classname="com.Runner.runnerTestNG" name="runScenario" time="23.125"/>
  <testcase classname="com.Runner.runnerTestNG" name="runScenario" time="6.507"/>
  <testcase classname="com.Runner.runnerTestNG" name="runScenario" time="7.460"/>
  <testcase classname="com.Runner.runnerTestNG" name="runScenario" time="8.644"/>
  <testcase classname="com.Runner.runnerTestNG" name="runScenario" time="12.976"/>
  <testcase classname="com.Runner.runnerTestNG" name="runScenario" time="12.172"/>
  <testcase classname="com.Runner.runnerTestNG" name="runScenario" time="12.700"/>
  <testcase classname="com.Runner.runnerTestNG" name="runScenario" time="8.160"/>
  <testcase classname="com.Runner.runnerTestNG" name="runScenario" time="6.963"/>
  <testcase classname="com.Runner.runnerTestNG" name="runScenario" time="9.873"/>
  <testcase classname="com.Runner.runnerTestNG" name="runScenario" time="14.711"/>
  <testcase classname="com.Runner.runnerTestNG" name="runScenario" time="10.075">
    <error message="Book not supported: Health Book" type="java.lang.IllegalArgumentException">
      <![CDATA[java.lang.IllegalArgumentException: Book not supported: Health Book
at com.Definitions.BookDefinitions.i_select_the_book_titled(BookDefinitions.java:52)
at ✽.I select the book titled(file:///C:/Users/Lenovo/git/DemoWebShop-Cucumber/src/test/resources/Features/Books.feature:14)
]]>
    </error>
  </testcase> <!-- runScenario -->
  <testcase classname="com.Runner.runnerTestNG" name="runScenario" time="12.070"/>
  <testcase classname="com.Runner.runnerTestNG" name="runScenario" time="23.115"/>
  <testcase classname="com.Runner.runnerTestNG" name="runScenario" time="10.058"/>
  <testcase classname="com.Runner.runnerTestNG" name="runScenario" time="23.783"/>
  <testcase classname="com.Runner.runnerTestNG" name="runScenario" time="13.463"/>
  <testcase classname="com.Runner.runnerTestNG" name="runScenario" time="8.342"/>
  <testcase classname="com.Runner.runnerTestNG" name="runScenario" time="18.760"/>
  <testcase classname="com.Runner.runnerTestNG" name="runScenario" time="17.348"/>
  <testcase classname="com.Runner.runnerTestNG" name="runScenario" time="33.559"/>
  <testcase classname="com.Runner.runnerTestNG" name="runScenario" time="15.428"/>
  <testcase classname="com.Runner.runnerTestNG" name="runScenario" time="6.811"/>
  <testcase classname="com.Runner.runnerTestNG" name="runScenario" time="12.303"/>
  <testcase classname="com.Runner.runnerTestNG" name="runScenario" time="13.560"/>
  <testcase classname="com.Runner.runnerTestNG" name="runScenario" time="9.259"/>
  <testcase classname="com.Runner.runnerTestNG" name="runScenario" time="23.309"/>
  <testcase classname="com.Runner.runnerTestNG" name="runScenario" time="11.381"/>
  <testcase classname="com.Runner.runnerTestNG" name="runScenario" time="23.704"/>
  <testcase classname="com.Runner.runnerTestNG" name="runScenario" time="6.863"/>
  <testcase classname="com.Runner.runnerTestNG" name="runScenario" time="8.785"/>
  <testcase classname="com.Runner.runnerTestNG" name="runScenario" time="24.575"/>
  <testcase classname="com.Runner.runnerTestNG" name="runScenario" time="9.890"/>
</testsuite> <!-- com.Runner.runnerTestNG -->
