<?xml version="1.0" encoding="UTF-8"?>
<!-- Generated by org.testng.reporters.JUnitReportReporter -->
<testsuite hostname="DESKTOP-3CKMDVP" failures="0" tests="2" name="com.Runner.runnerTestNG" time="41.033" errors="0" timestamp="2025-04-29T23:22:52 IST" skipped="0">
  <testcase classname="com.Runner.runnerTestNG" name="runScenario" time="20.497"/>
  <testcase classname="com.Runner.runnerTestNG" name="runScenario" time="20.536"/>
</testsuite> <!-- com.Runner.runnerTestNG -->
