<?xml version="1.0" encoding="UTF-8"?>
<!-- Generated by org.testng.reporters.JUnitReportReporter -->
<testsuite hostname="DESKTOP-3CKMDVP" failures="0" tests="2" name="com.Runner.runnerTestNG" time="30.663" errors="0" timestamp="2025-04-16T16:55:31 IST" skipped="0">
  <testcase classname="com.Runner.runnerTestNG" name="runScenario" time="15.356"/>
  <testcase classname="com.Runner.runnerTestNG" name="runScenario" time="15.307"/>
</testsuite> <!-- com.Runner.runnerTestNG -->
