<?xml version="1.0" encoding="UTF-8"?>
<!-- Generated by org.testng.reporters.JUnitReportReporter -->
<testsuite hostname="YUVARAJ_UV" failures="0" tests="7" name="com.Runner.runnerTestNG" time="109.545" errors="0" timestamp="2025-04-16T16:40:17 IST" skipped="0">
  <testcase classname="com.Runner.runnerTestNG" name="runScenario" time="15.484"/>
  <testcase classname="com.Runner.runnerTestNG" name="runScenario" time="15.438"/>
  <testcase classname="com.Runner.runnerTestNG" name="runScenario" time="16.769"/>
  <testcase classname="com.Runner.runnerTestNG" name="runScenario" time="15.515"/>
  <testcase classname="com.Runner.runnerTestNG" name="runScenario" time="15.329"/>
  <testcase classname="com.Runner.runnerTestNG" name="runScenario" time="15.558"/>
  <testcase classname="com.Runner.runnerTestNG" name="runScenario" time="15.452"/>
</testsuite> <!-- com.Runner.runnerTestNG -->
