<?xml version="1.0" encoding="UTF-8"?>
<!-- Generated by org.testng.reporters.JUnitReportReporter -->
<testsuite hostname="DESKTOP-3CKMDVP" failures="0" tests="14" name="com.Runner.runnerTestNG" time="2150.116" errors="0" timestamp="2025-04-17T11:29:09 IST" skipped="0">
  <testcase classname="com.Runner.runnerTestNG" name="runScenario" time="209.844"/>
  <testcase classname="com.Runner.runnerTestNG" name="runScenario" time="209.749"/>
  <testcase classname="com.Runner.runnerTestNG" name="runScenario" time="21.949"/>
  <testcase classname="com.Runner.runnerTestNG" name="runScenario" time="25.005"/>
  <testcase classname="com.Runner.runnerTestNG" name="runScenario" time="208.737"/>
  <testcase classname="com.Runner.runnerTestNG" name="runScenario" time="21.743"/>
  <testcase classname="com.Runner.runnerTestNG" name="runScenario" time="210.373"/>
  <testcase classname="com.Runner.runnerTestNG" name="runScenario" time="203.931"/>
  <testcase classname="com.Runner.runnerTestNG" name="runScenario" time="216.386"/>
  <testcase classname="com.Runner.runnerTestNG" name="runScenario" time="209.860"/>
  <testcase classname="com.Runner.runnerTestNG" name="runScenario" time="147.512"/>
  <testcase classname="com.Runner.runnerTestNG" name="runScenario" time="199.097"/>
  <testcase classname="com.Runner.runnerTestNG" name="runScenario" time="203.739"/>
  <testcase classname="com.Runner.runnerTestNG" name="runScenario" time="62.191"/>
</testsuite> <!-- com.Runner.runnerTestNG -->
