<?xml version="1.0" encoding="UTF-8"?>
<!-- Generated by org.testng.reporters.JUnitReportReporter -->
<testsuite hostname="DIVRAJ-2004" failures="0" tests="20" name="com.Runner.runnerTestNG" time="415.797" errors="0" timestamp="2025-04-29T16:45:56 IST" skipped="0">
  <testcase classname="com.Runner.runnerTestNG" name="runScenario" time="10.285"/>
  <testcase classname="com.Runner.runnerTestNG" name="runScenario" time="34.042"/>
  <testcase classname="com.Runner.runnerTestNG" name="runScenario" time="19.406"/>
  <testcase classname="com.Runner.runnerTestNG" name="runScenario" time="12.316"/>
  <testcase classname="com.Runner.runnerTestNG" name="runScenario" time="34.146"/>
  <testcase classname="com.Runner.runnerTestNG" name="runScenario" time="22.606"/>
  <testcase classname="com.Runner.runnerTestNG" name="runScenario" time="34.304"/>
  <testcase classname="com.Runner.runnerTestNG" name="runScenario" time="11.840"/>
  <testcase classname="com.Runner.runnerTestNG" name="runScenario" time="10.443"/>
  <testcase classname="com.Runner.runnerTestNG" name="runScenario" time="11.801"/>
  <testcase classname="com.Runner.runnerTestNG" name="runScenario" time="34.423"/>
  <testcase classname="com.Runner.runnerTestNG" name="runScenario" time="28.410"/>
  <testcase classname="com.Runner.runnerTestNG" name="runScenario" time="11.732"/>
  <testcase classname="com.Runner.runnerTestNG" name="runScenario" time="34.381"/>
  <testcase classname="com.Runner.runnerTestNG" name="runScenario" time="13.300"/>
  <testcase classname="com.Runner.runnerTestNG" name="runScenario" time="11.678"/>
  <testcase classname="com.Runner.runnerTestNG" name="runScenario" time="34.292"/>
  <testcase classname="com.Runner.runnerTestNG" name="runScenario" time="14.015"/>
  <testcase classname="com.Runner.runnerTestNG" name="runScenario" time="23.180"/>
  <testcase classname="com.Runner.runnerTestNG" name="runScenario" time="9.197"/>
</testsuite> <!-- com.Runner.runnerTestNG -->
