<?xml version="1.0" encoding="UTF-8"?>
<!-- Generated by org.testng.reporters.JUnitReportReporter -->
<testsuite hostname="DIVRAJ-2004" failures="0" tests="8" name="com.Runner.runnerTestNG" time="569.780" errors="0" timestamp="2025-04-15T11:08:15 IST" skipped="0">
  <testcase classname="com.Runner.runnerTestNG" name="runScenario" time="72.511"/>
  <testcase classname="com.Runner.runnerTestNG" name="runScenario" time="70.914"/>
  <testcase classname="com.Runner.runnerTestNG" name="runScenario" time="71.684"/>
  <testcase classname="com.Runner.runnerTestNG" name="runScenario" time="70.673"/>
  <testcase classname="com.Runner.runnerTestNG" name="runScenario" time="70.962"/>
  <testcase classname="com.Runner.runnerTestNG" name="runScenario" time="70.990"/>
  <testcase classname="com.Runner.runnerTestNG" name="runScenario" time="71.396"/>
  <testcase classname="com.Runner.runnerTestNG" name="runScenario" time="70.650"/>
</testsuite> <!-- com.Runner.runnerTestNG -->
