<?xml version="1.0" encoding="UTF-8"?>
<!-- Generated by org.testng.reporters.JUnitReportReporter -->
<testsuite hostname="DESKTOP-3CKMDVP" failures="0" tests="22" name="com.Runner.runnerTestNG" time="3577.277" errors="1" timestamp="2025-04-24T11:02:55 IST" skipped="0">
  <testcase classname="com.Runner.runnerTestNG" name="runScenario" time="167.805"/>
  <testcase classname="com.Runner.runnerTestNG" name="runScenario" time="156.026"/>
  <testcase classname="com.Runner.runnerTestNG" name="runScenario" time="156.357"/>
  <testcase classname="com.Runner.runnerTestNG" name="runScenario" time="200.659"/>
  <testcase classname="com.Runner.runnerTestNG" name="runScenario" time="156.025"/>
  <testcase classname="com.Runner.runnerTestNG" name="runScenario" time="198.487"/>
  <testcase classname="com.Runner.runnerTestNG" name="runScenario" time="200.745"/>
  <testcase classname="com.Runner.runnerTestNG" name="runScenario" time="167.320"/>
  <testcase classname="com.Runner.runnerTestNG" name="runScenario" time="156.026"/>
  <testcase classname="com.Runner.runnerTestNG" name="runScenario" time="29.681"/>
  <testcase classname="com.Runner.runnerTestNG" name="runScenario" time="9.280"/>
  <testcase classname="com.Runner.runnerTestNG" name="runScenario" time="195.747"/>
  <testcase classname="com.Runner.runnerTestNG" name="runScenario" time="188.880"/>
  <testcase classname="com.Runner.runnerTestNG" name="runScenario" time="139.622">
    <error message="Could not start a new session. Response code 500. Message: session not created: DevToolsActivePort file doesn&#039;t exist 
Host info: host: &#039;DESKTOP-3CKMDVP&#039;, ip: &#039;192.168.1.108&#039;
Build info: version: &#039;4.31.0&#039;, revision: &#039;1ef9f18787*&#039;
System info: os.name: &#039;Windows 10&#039;, os.arch: &#039;amd64&#039;, os.version: &#039;10.0&#039;, java.version: &#039;17.0.6&#039;
Driver info: org.openqa.selenium.chrome.ChromeDriver
Command: [null, newSession {capabilities=[Capabilities {browserName: chrome, goog:chromeOptions: {args: [--headless], binary: C:\Users\ADMIN\.cache\selen..., extensions: [], prefs: {credentials_enable_service: false, profile.password_manager_enabled: false}}}]}]" type="org.openqa.selenium.SessionNotCreatedException">
      <![CDATA[org.openqa.selenium.SessionNotCreatedException: Could not start a new session. Response code 500. Message: session not created: DevToolsActivePort file doesn't exist 
Host info: host: 'DESKTOP-3CKMDVP', ip: '192.168.1.108'
Build info: version: '4.31.0', revision: '1ef9f18787*'
System info: os.name: 'Windows 10', os.arch: 'amd64', os.version: '10.0', java.version: '17.0.6'
Driver info: org.openqa.selenium.chrome.ChromeDriver
Command: [null, newSession {capabilities=[Capabilities {browserName: chrome, goog:chromeOptions: {args: [--headless], binary: C:\Users\ADMIN\.cache\selen..., extensions: [], prefs: {credentials_enable_service: false, profile.password_manager_enabled: false}}}]}]
at org.openqa.selenium.remote.ProtocolHandshake.createSession(ProtocolHandshake.java:114)
at org.openqa.selenium.remote.ProtocolHandshake.createSession(ProtocolHandshake.java:75)
at org.openqa.selenium.remote.ProtocolHandshake.createSession(ProtocolHandshake.java:61)
at org.openqa.selenium.remote.HttpCommandExecutor.execute(HttpCommandExecutor.java:187)
at org.openqa.selenium.remote.service.DriverCommandExecutor.invokeExecute(DriverCommandExecutor.java:216)
at org.openqa.selenium.remote.service.DriverCommandExecutor.execute(DriverCommandExecutor.java:174)
at org.openqa.selenium.remote.RemoteWebDriver.execute(RemoteWebDriver.java:545)
at org.openqa.selenium.remote.RemoteWebDriver.startSession(RemoteWebDriver.java:245)
at org.openqa.selenium.remote.RemoteWebDriver.<init>(RemoteWebDriver.java:174)
at org.openqa.selenium.chromium.ChromiumDriver.<init>(ChromiumDriver.java:110)
at org.openqa.selenium.chrome.ChromeDriver.<init>(ChromeDriver.java:88)
at org.openqa.selenium.chrome.ChromeDriver.<init>(ChromeDriver.java:83)
at org.openqa.selenium.chrome.ChromeDriver.<init>(ChromeDriver.java:72)
at com.Utilities.HelperClass.<init>(HelperClass.java:120)
at com.Utilities.HelperClass.setupDriver(HelperClass.java:144)
at com.Definitions.Hooks.setUp(Hooks.java:18)
]]>
    </error>
  </testcase> <!-- runScenario -->
  <testcase classname="com.Runner.runnerTestNG" name="runScenario" time="200.352"/>
  <testcase classname="com.Runner.runnerTestNG" name="runScenario" time="175.479"/>
  <testcase classname="com.Runner.runnerTestNG" name="runScenario" time="171.315"/>
  <testcase classname="com.Runner.runnerTestNG" name="runScenario" time="158.191"/>
  <testcase classname="com.Runner.runnerTestNG" name="runScenario" time="185.654"/>
  <testcase classname="com.Runner.runnerTestNG" name="runScenario" time="193.106"/>
  <testcase classname="com.Runner.runnerTestNG" name="runScenario" time="189.332"/>
  <testcase classname="com.Runner.runnerTestNG" name="runScenario" time="181.188"/>
</testsuite> <!-- com.Runner.runnerTestNG -->
