<?xml version="1.0" encoding="UTF-8"?>
<!-- Generated by org.testng.reporters.JUnitReportReporter -->
<testsuite hostname="DIVRAJ-2004" failures="0" tests="19" name="com.Runner.runnerTestNG" time="381.222" errors="0" timestamp="2025-04-28T19:29:38 IST" skipped="0">
  <testcase classname="com.Runner.runnerTestNG" name="runScenario" time="35.551"/>
  <testcase classname="com.Runner.runnerTestNG" name="runScenario" time="11.595"/>
  <testcase classname="com.Runner.runnerTestNG" name="runScenario" time="33.283"/>
  <testcase classname="com.Runner.runnerTestNG" name="runScenario" time="16.851"/>
  <testcase classname="com.Runner.runnerTestNG" name="runScenario" time="13.005"/>
  <testcase classname="com.Runner.runnerTestNG" name="runScenario" time="14.513"/>
  <testcase classname="com.Runner.runnerTestNG" name="runScenario" time="12.921"/>
  <testcase classname="com.Runner.runnerTestNG" name="runScenario" time="7.997"/>
  <testcase classname="com.Runner.runnerTestNG" name="runScenario" time="14.073"/>
  <testcase classname="com.Runner.runnerTestNG" name="runScenario" time="33.109"/>
  <testcase classname="com.Runner.runnerTestNG" name="runScenario" time="35.581"/>
  <testcase classname="com.Runner.runnerTestNG" name="runScenario" time="33.268"/>
  <testcase classname="com.Runner.runnerTestNG" name="runScenario" time="12.983"/>
  <testcase classname="com.Runner.runnerTestNG" name="runScenario" time="28.890"/>
  <testcase classname="com.Runner.runnerTestNG" name="runScenario" time="23.002"/>
  <testcase classname="com.Runner.runnerTestNG" name="runScenario" time="14.429"/>
  <testcase classname="com.Runner.runnerTestNG" name="runScenario" time="11.641"/>
  <testcase classname="com.Runner.runnerTestNG" name="runScenario" time="12.086"/>
  <testcase classname="com.Runner.runnerTestNG" name="runScenario" time="16.444"/>
</testsuite> <!-- com.Runner.runnerTestNG -->
