<?xml version="1.0" encoding="UTF-8"?>
<!-- Generated by org.testng.reporters.JUnitReportReporter -->
<testsuite hostname="DIVRAJ-2004" failures="0" tests="23" name="com.Runner.runnerTestNG" time="345.878" errors="0" timestamp="2025-04-13T17:26:15 IST" skipped="0">
  <testcase classname="com.Runner.runnerTestNG" name="runScenario" time="9.282"/>
  <testcase classname="com.Runner.runnerTestNG" name="runScenario" time="7.426"/>
  <testcase classname="com.Runner.runnerTestNG" name="runScenario" time="23.093"/>
  <testcase classname="com.Runner.runnerTestNG" name="runScenario" time="8.823"/>
  <testcase classname="com.Runner.runnerTestNG" name="runScenario" time="11.727"/>
  <testcase classname="com.Runner.runnerTestNG" name="runScenario" time="72.343"/>
  <testcase classname="com.Runner.runnerTestNG" name="runScenario" time="12.007"/>
  <testcase classname="com.Runner.runnerTestNG" name="runScenario" time="14.186"/>
  <testcase classname="com.Runner.runnerTestNG" name="runScenario" time="14.113"/>
  <testcase classname="com.Runner.runnerTestNG" name="runScenario" time="12.145"/>
  <testcase classname="com.Runner.runnerTestNG" name="runScenario" time="11.243"/>
  <testcase classname="com.Runner.runnerTestNG" name="runScenario" time="15.546"/>
  <testcase classname="com.Runner.runnerTestNG" name="runScenario" time="8.285"/>
  <testcase classname="com.Runner.runnerTestNG" name="runScenario" time="10.488"/>
  <testcase classname="com.Runner.runnerTestNG" name="runScenario" time="8.528"/>
  <testcase classname="com.Runner.runnerTestNG" name="runScenario" time="8.509"/>
  <testcase classname="com.Runner.runnerTestNG" name="runScenario" time="15.529"/>
  <testcase classname="com.Runner.runnerTestNG" name="runScenario" time="31.148"/>
  <testcase classname="com.Runner.runnerTestNG" name="runScenario" time="9.810"/>
  <testcase classname="com.Runner.runnerTestNG" name="runScenario" time="9.559"/>
  <testcase classname="com.Runner.runnerTestNG" name="runScenario" time="9.908"/>
  <testcase classname="com.Runner.runnerTestNG" name="runScenario" time="10.406"/>
  <testcase classname="com.Runner.runnerTestNG" name="runScenario" time="11.774"/>
</testsuite> <!-- com.Runner.runnerTestNG -->
