<?xml version="1.0" encoding="UTF-8"?>
<!-- Generated by org.testng.reporters.JUnitReportReporter -->
<testsuite hostname="DIVRAJ-2004" failures="0" tests="1" name="com.Runner.runnerTestNG" time="8.785" errors="0" timestamp="2025-04-28T20:55:31 IST" skipped="0">
  <testcase classname="com.Runner.runnerTestNG" name="runScenario" time="8.785"/>
</testsuite> <!-- com.Runner.runnerTestNG -->
