<?xml version="1.0" encoding="UTF-8"?>
<!-- Generated by org.testng.reporters.JUnitReportReporter -->
<testsuite hostname="YUVARAJ_UV" failures="0" tests="1" name="com.Runner.runnerTestNG" time="17.340" errors="0" timestamp="2025-04-21T13:17:59 IST" skipped="0">
  <testcase classname="com.Runner.runnerTestNG" name="runScenario" time="17.340"/>
</testsuite> <!-- com.Runner.runnerTestNG -->
